/Users/danielshih/anaconda3/lib/python3.7/site-packages/allennlp/data/token_indexers/token_characters_indexer.py:55: UserWarning: You are using the default value (0) of `min_padding_length`, which can cause some subtle bugs (more info see https://github.com/allenai/allennlp/issues/1954). Strongly recommend to set a value, usually the maximum size of the convolutional layer size when using CnnEncoder.
  UserWarning)
0it [00:00, ?it/s]
379it [00:00, 13213.87it/s]

0it [00:00, ?it/s]
112it [00:00, 10777.57it/s]

0it [00:00, ?it/s]
112it [00:00, 15613.97it/s]

0it [00:00, ?it/s]
603it [00:00, 8312.54it/s]

  0%|          | 0/12 [00:00<?, ?it/s]
accuracy: 0.0706, accuracy3: 0.1731, loss: 2.5001 ||:   8%|8         | 1/12 [00:00<00:02,  3.74it/s]
accuracy: 0.0726, accuracy3: 0.1874, loss: 2.4979 ||:  17%|#6        | 2/12 [00:00<00:02,  3.56it/s]
accuracy: 0.0746, accuracy3: 0.2123, loss: 2.4940 ||:  25%|##5       | 3/12 [00:00<00:02,  4.07it/s]
accuracy: 0.0798, accuracy3: 0.2312, loss: 2.4895 ||:  33%|###3      | 4/12 [00:00<00:01,  4.48it/s]
accuracy: 0.0843, accuracy3: 0.2471, loss: 2.4852 ||:  42%|####1     | 5/12 [00:01<00:01,  4.51it/s]
accuracy: 0.0849, accuracy3: 0.2594, loss: 2.4813 ||:  50%|#####     | 6/12 [00:01<00:01,  4.90it/s]
accuracy: 0.0890, accuracy3: 0.2768, loss: 2.4784 ||:  58%|#####8    | 7/12 [00:01<00:01,  4.72it/s]
accuracy: 0.0873, accuracy3: 0.2899, loss: 2.4757 ||:  67%|######6   | 8/12 [00:01<00:00,  5.10it/s]
accuracy: 0.0878, accuracy3: 0.3082, loss: 2.4723 ||:  75%|#######5  | 9/12 [00:01<00:00,  5.23it/s]
accuracy: 0.0905, accuracy3: 0.3212, loss: 2.4695 ||:  83%|########3 | 10/12 [00:02<00:00,  5.57it/s]
accuracy: 0.0922, accuracy3: 0.3332, loss: 2.4670 ||:  92%|#########1| 11/12 [00:02<00:00,  5.76it/s]
accuracy: 0.0902, accuracy3: 0.3453, loss: 2.4649 ||: 100%|##########| 12/12 [00:02<00:00,  5.05it/s]

  0%|          | 0/4 [00:00<?, ?it/s]
accuracy: 0.0866, accuracy3: 0.5350, loss: 2.4335 ||: 100%|##########| 4/4 [00:00<00:00, 41.96it/s]

  0%|          | 0/12 [00:00<?, ?it/s]
accuracy: 0.1008, accuracy3: 0.5707, loss: 2.4245 ||:   8%|8         | 1/12 [00:00<00:01,  6.58it/s]
accuracy: 0.1101, accuracy3: 0.5636, loss: 2.4197 ||:  17%|#6        | 2/12 [00:00<00:01,  6.56it/s]
accuracy: 0.1093, accuracy3: 0.5461, loss: 2.4204 ||:  25%|##5       | 3/12 [00:00<00:01,  6.60it/s]
accuracy: 0.1086, accuracy3: 0.5613, loss: 2.4160 ||:  33%|###3      | 4/12 [00:00<00:01,  5.59it/s]
accuracy: 0.1057, accuracy3: 0.5585, loss: 2.4142 ||:  42%|####1     | 5/12 [00:00<00:01,  4.81it/s]
accuracy: 0.1086, accuracy3: 0.5639, loss: 2.4111 ||:  50%|#####     | 6/12 [00:01<00:01,  4.92it/s]
accuracy: 0.1061, accuracy3: 0.5639, loss: 2.4091 ||:  58%|#####8    | 7/12 [00:01<00:00,  5.24it/s]
accuracy: 0.1065, accuracy3: 0.5584, loss: 2.4084 ||:  67%|######6   | 8/12 [00:01<00:00,  5.33it/s]
accuracy: 0.1109, accuracy3: 0.5610, loss: 2.4053 ||:  75%|#######5  | 9/12 [00:01<00:00,  5.93it/s]
accuracy: 0.1157, accuracy3: 0.5626, loss: 2.4026 ||:  83%|########3 | 10/12 [00:01<00:00,  5.40it/s]
accuracy: 0.1182, accuracy3: 0.5650, loss: 2.3999 ||:  92%|#########1| 11/12 [00:02<00:00,  4.71it/s]
accuracy: 0.1219, accuracy3: 0.5670, loss: 2.3959 ||: 100%|##########| 12/12 [00:02<00:00,  5.28it/s]

  0%|          | 0/4 [00:00<?, ?it/s]
accuracy: 0.1490, accuracy3: 0.5989, loss: 2.3650 ||: 100%|##########| 4/4 [00:00<00:00, 67.35it/s]

  0%|          | 0/12 [00:00<?, ?it/s]
accuracy: 0.1851, accuracy3: 0.5925, loss: 2.3607 ||:   8%|8         | 1/12 [00:00<00:02,  3.71it/s]
accuracy: 0.1817, accuracy3: 0.5858, loss: 2.3599 ||:  17%|#6        | 2/12 [00:00<00:02,  4.21it/s]
accuracy: 0.1836, accuracy3: 0.6051, loss: 2.3540 ||:  25%|##5       | 3/12 [00:00<00:01,  4.72it/s]
accuracy: 0.1963, accuracy3: 0.6087, loss: 2.3463 ||:  33%|###3      | 4/12 [00:00<00:01,  5.24it/s]
accuracy: 0.2051, accuracy3: 0.6085, loss: 2.3428 ||:  42%|####1     | 5/12 [00:00<00:01,  5.53it/s]
accuracy: 0.2115, accuracy3: 0.6040, loss: 2.3405 ||:  50%|#####     | 6/12 [00:01<00:01,  4.67it/s]
accuracy: 0.2196, accuracy3: 0.5990, loss: 2.3367 ||:  58%|#####8    | 7/12 [00:01<00:01,  4.92it/s]
accuracy: 0.2281, accuracy3: 0.6006, loss: 2.3325 ||:  67%|######6   | 8/12 [00:01<00:00,  4.57it/s]
accuracy: 0.2339, accuracy3: 0.6048, loss: 2.3274 ||:  75%|#######5  | 9/12 [00:01<00:00,  4.48it/s]
accuracy: 0.2406, accuracy3: 0.6049, loss: 2.3238 ||:  83%|########3 | 10/12 [00:02<00:00,  4.52it/s]
accuracy: 0.2439, accuracy3: 0.6060, loss: 2.3201 ||:  92%|#########1| 11/12 [00:02<00:00,  4.73it/s]
accuracy: 0.2487, accuracy3: 0.6037, loss: 2.3167 ||: 100%|##########| 12/12 [00:02<00:00,  5.48it/s]

  0%|          | 0/4 [00:00<?, ?it/s]
accuracy: 0.3070, accuracy3: 0.6008, loss: 2.2831 ||: 100%|##########| 4/4 [00:00<00:00, 66.57it/s]

  0%|          | 0/12 [00:00<?, ?it/s]
accuracy: 0.3381, accuracy3: 0.5991, loss: 2.2697 ||:   8%|8         | 1/12 [00:00<00:01,  6.18it/s]
accuracy: 0.3422, accuracy3: 0.6014, loss: 2.2630 ||:  17%|#6        | 2/12 [00:00<00:01,  5.02it/s]
accuracy: 0.3478, accuracy3: 0.5958, loss: 2.2611 ||:  25%|##5       | 3/12 [00:00<00:01,  4.67it/s]
accuracy: 0.3454, accuracy3: 0.5952, loss: 2.2559 ||:  33%|###3      | 4/12 [00:00<00:01,  4.81it/s]
accuracy: 0.3385, accuracy3: 0.5989, loss: 2.2512 ||:  42%|####1     | 5/12 [00:01<00:01,  5.01it/s]
accuracy: 0.3471, accuracy3: 0.5973, loss: 2.2479 ||:  50%|#####     | 6/12 [00:01<00:01,  5.57it/s]
accuracy: 0.3496, accuracy3: 0.6010, loss: 2.2407 ||:  58%|#####8    | 7/12 [00:01<00:00,  5.96it/s]
accuracy: 0.3524, accuracy3: 0.6021, loss: 2.2379 ||:  67%|######6   | 8/12 [00:01<00:00,  6.53it/s]
accuracy: 0.3568, accuracy3: 0.6049, loss: 2.2331 ||:  75%|#######5  | 9/12 [00:01<00:00,  4.63it/s]
accuracy: 0.3604, accuracy3: 0.6079, loss: 2.2277 ||:  83%|########3 | 10/12 [00:02<00:00,  4.18it/s]
accuracy: 0.3618, accuracy3: 0.6066, loss: 2.2248 ||:  92%|#########1| 11/12 [00:02<00:00,  4.70it/s]
accuracy: 0.3643, accuracy3: 0.6052, loss: 2.2212 ||: 100%|##########| 12/12 [00:02<00:00,  5.07it/s]

  0%|          | 0/4 [00:00<?, ?it/s]
accuracy: 0.3434, accuracy3: 0.5965, loss: 2.1835 ||: 100%|##########| 4/4 [00:00<00:00, 59.09it/s]

  0%|          | 0/12 [00:00<?, ?it/s]
accuracy: 0.4196, accuracy3: 0.6071, loss: 2.1623 ||:   8%|8         | 1/12 [00:00<00:01,  6.81it/s]
accuracy: 0.4053, accuracy3: 0.6015, loss: 2.1580 ||:  17%|#6        | 2/12 [00:00<00:01,  6.61it/s]
accuracy: 0.3984, accuracy3: 0.6028, loss: 2.1553 ||:  25%|##5       | 3/12 [00:00<00:01,  6.02it/s]
accuracy: 0.4010, accuracy3: 0.6100, loss: 2.1495 ||:  33%|###3      | 4/12 [00:00<00:01,  6.58it/s]
accuracy: 0.4001, accuracy3: 0.6081, loss: 2.1468 ||:  42%|####1     | 5/12 [00:00<00:01,  5.73it/s]
accuracy: 0.4120, accuracy3: 0.6120, loss: 2.1388 ||:  50%|#####     | 6/12 [00:01<00:01,  5.71it/s]
accuracy: 0.4138, accuracy3: 0.6132, loss: 2.1306 ||:  58%|#####8    | 7/12 [00:01<00:00,  6.07it/s]
accuracy: 0.4177, accuracy3: 0.6175, loss: 2.1253 ||:  67%|######6   | 8/12 [00:01<00:00,  4.50it/s]
accuracy: 0.4225, accuracy3: 0.6163, loss: 2.1198 ||:  75%|#######5  | 9/12 [00:01<00:00,  4.16it/s]
accuracy: 0.4288, accuracy3: 0.6188, loss: 2.1134 ||:  83%|########3 | 10/12 [00:02<00:00,  4.36it/s]
accuracy: 0.4288, accuracy3: 0.6173, loss: 2.1103 ||:  92%|#########1| 11/12 [00:02<00:00,  4.59it/s]
accuracy: 0.4295, accuracy3: 0.6166, loss: 2.1076 ||: 100%|##########| 12/12 [00:02<00:00,  5.22it/s]

  0%|          | 0/4 [00:00<?, ?it/s]
accuracy: 0.3661, accuracy3: 0.6301, loss: 2.0690 ||: 100%|##########| 4/4 [00:00<00:00, 66.29it/s]

  0%|          | 0/4 [00:00<?, ?it/s]
accuracy: 0.37, accuracy3: 0.63, loss: 2.07 ||: 100%|##########| 4/4 [00:00<00:00, 46.21it/s]

