/anaconda2/envs/allennlp/lib/python3.6/site-packages/allennlp/data/token_indexers/token_characters_indexer.py:55: UserWarning: You are using the default value (0) of `min_padding_length`, which can cause some subtle bugs (more info see https://github.com/allenai/allennlp/issues/1954). Strongly recommend to set a value, usually the maximum size of the convolutional layer size when using CnnEncoder.
  UserWarning)
0it [00:00, ?it/s]
379it [00:00, 18045.03it/s]

0it [00:00, ?it/s]
112it [00:00, 19468.77it/s]

0it [00:00, ?it/s]
112it [00:00, 20664.32it/s]

0it [00:00, ?it/s]
603it [00:00, 11546.38it/s]

  0%|          | 0/12 [00:00<?, ?it/s]
accuracy: 0.0807, accuracy3: 0.2336, loss: 1535.0396 ||:   8%|8         | 1/12 [00:00<00:03,  3.51it/s]
accuracy: 0.0805, accuracy3: 0.2305, loss: 1617.1459 ||:  17%|#6        | 2/12 [00:00<00:03,  3.17it/s]
accuracy: 0.0911, accuracy3: 0.2457, loss: 1560.0276 ||:  25%|##5       | 3/12 [00:00<00:02,  3.29it/s]
accuracy: 0.1049, accuracy3: 0.2723, loss: 1552.1045 ||:  33%|###3      | 4/12 [00:01<00:02,  2.92it/s]
accuracy: 0.1130, accuracy3: 0.2862, loss: 1522.1689 ||:  42%|####1     | 5/12 [00:01<00:02,  3.01it/s]
accuracy: 0.1215, accuracy3: 0.3057, loss: 1519.2093 ||:  50%|#####     | 6/12 [00:01<00:01,  3.16it/s]
accuracy: 0.1327, accuracy3: 0.3222, loss: 1519.4170 ||:  58%|#####8    | 7/12 [00:02<00:01,  3.10it/s]
accuracy: 0.1419, accuracy3: 0.3387, loss: 1539.7914 ||:  67%|######6   | 8/12 [00:02<00:01,  3.16it/s]
accuracy: 0.1497, accuracy3: 0.3536, loss: 1525.0136 ||:  75%|#######5  | 9/12 [00:02<00:00,  3.26it/s]
accuracy: 0.1611, accuracy3: 0.3701, loss: 1527.6484 ||:  83%|########3 | 10/12 [00:03<00:00,  3.34it/s]
accuracy: 0.1693, accuracy3: 0.3795, loss: 1515.5208 ||:  92%|#########1| 11/12 [00:03<00:00,  3.14it/s]
accuracy: 0.1752, accuracy3: 0.3873, loss: 1490.0594 ||: 100%|##########| 12/12 [00:03<00:00,  3.42it/s]

  0%|          | 0/4 [00:00<?, ?it/s]
accuracy: 0.2458, accuracy3: 0.5050, loss: 1314.3971 ||:  25%|##5       | 1/4 [00:00<00:00,  6.48it/s]
accuracy: 0.2493, accuracy3: 0.5048, loss: 1267.9283 ||:  50%|#####     | 2/4 [00:00<00:00,  6.62it/s]
accuracy: 0.2461, accuracy3: 0.5139, loss: 1323.5367 ||:  75%|#######5  | 3/4 [00:00<00:00,  6.38it/s]
accuracy: 0.2469, accuracy3: 0.5099, loss: 1169.5634 ||: 100%|##########| 4/4 [00:00<00:00,  7.18it/s]

  0%|          | 0/12 [00:00<?, ?it/s]
accuracy: 0.2293, accuracy3: 0.4959, loss: 1367.1553 ||:   8%|8         | 1/12 [00:00<00:02,  3.68it/s]
accuracy: 0.2421, accuracy3: 0.5085, loss: 1364.7218 ||:  17%|#6        | 2/12 [00:00<00:02,  3.68it/s]
accuracy: 0.2549, accuracy3: 0.5072, loss: 1379.6759 ||:  25%|##5       | 3/12 [00:00<00:02,  3.66it/s]
accuracy: 0.2578, accuracy3: 0.5115, loss: 1377.0205 ||:  33%|###3      | 4/12 [00:01<00:02,  3.16it/s]
accuracy: 0.2565, accuracy3: 0.5135, loss: 1383.4565 ||:  42%|####1     | 5/12 [00:01<00:02,  2.94it/s]
accuracy: 0.2555, accuracy3: 0.5121, loss: 1358.6085 ||:  50%|#####     | 6/12 [00:01<00:01,  3.05it/s]
accuracy: 0.2554, accuracy3: 0.5110, loss: 1363.2216 ||:  58%|#####8    | 7/12 [00:02<00:01,  3.18it/s]
accuracy: 0.2541, accuracy3: 0.5071, loss: 1361.8337 ||:  67%|######6   | 8/12 [00:02<00:01,  3.26it/s]
accuracy: 0.2538, accuracy3: 0.5086, loss: 1369.8897 ||:  75%|#######5  | 9/12 [00:02<00:00,  3.40it/s]
accuracy: 0.2508, accuracy3: 0.5085, loss: 1357.9702 ||:  83%|########3 | 10/12 [00:03<00:00,  3.34it/s]
accuracy: 0.2523, accuracy3: 0.5076, loss: 1346.1924 ||:  92%|#########1| 11/12 [00:03<00:00,  3.07it/s]
accuracy: 0.2538, accuracy3: 0.5074, loss: 1330.3786 ||: 100%|##########| 12/12 [00:03<00:00,  3.32it/s]

  0%|          | 0/4 [00:00<?, ?it/s]
accuracy: 0.3043, accuracy3: 0.5134, loss: 1241.9270 ||:  25%|##5       | 1/4 [00:00<00:00,  6.69it/s]
accuracy: 0.2973, accuracy3: 0.5065, loss: 1196.5928 ||:  50%|#####     | 2/4 [00:00<00:00,  6.83it/s]
accuracy: 0.2929, accuracy3: 0.5117, loss: 1253.5536 ||:  75%|#######5  | 3/4 [00:00<00:00,  6.59it/s]
accuracy: 0.2914, accuracy3: 0.5057, loss: 1107.4328 ||: 100%|##########| 4/4 [00:00<00:00,  7.42it/s]

  0%|          | 0/12 [00:00<?, ?it/s]
accuracy: 0.2662, accuracy3: 0.4789, loss: 1315.5619 ||:   8%|8         | 1/12 [00:00<00:03,  2.80it/s]
accuracy: 0.2850, accuracy3: 0.4908, loss: 1274.3842 ||:  17%|#6        | 2/12 [00:00<00:03,  3.03it/s]
accuracy: 0.2958, accuracy3: 0.4918, loss: 1288.5255 ||:  25%|##5       | 3/12 [00:00<00:02,  3.18it/s]
accuracy: 0.3068, accuracy3: 0.5123, loss: 1288.5059 ||:  33%|###3      | 4/12 [00:01<00:02,  3.33it/s]
accuracy: 0.3054, accuracy3: 0.5167, loss: 1286.4836 ||:  42%|####1     | 5/12 [00:01<00:02,  3.03it/s]
accuracy: 0.3053, accuracy3: 0.5184, loss: 1293.2805 ||:  50%|#####     | 6/12 [00:01<00:02,  2.95it/s]
accuracy: 0.3050, accuracy3: 0.5212, loss: 1294.1418 ||:  58%|#####8    | 7/12 [00:02<00:01,  3.07it/s]
accuracy: 0.3074, accuracy3: 0.5257, loss: 1295.0751 ||:  67%|######6   | 8/12 [00:02<00:01,  3.00it/s]
accuracy: 0.3153, accuracy3: 0.5336, loss: 1286.9490 ||:  75%|#######5  | 9/12 [00:02<00:00,  3.18it/s]
accuracy: 0.3192, accuracy3: 0.5370, loss: 1279.1639 ||:  83%|########3 | 10/12 [00:03<00:00,  3.32it/s]
accuracy: 0.3269, accuracy3: 0.5432, loss: 1275.7236 ||:  92%|#########1| 11/12 [00:03<00:00,  2.99it/s]
accuracy: 0.3300, accuracy3: 0.5467, loss: 1248.5484 ||: 100%|##########| 12/12 [00:03<00:00,  3.31it/s]

  0%|          | 0/4 [00:00<?, ?it/s]
accuracy: 0.4130, accuracy3: 0.6405, loss: 1154.8429 ||:  25%|##5       | 1/4 [00:00<00:00,  6.74it/s]
accuracy: 0.4089, accuracy3: 0.6225, loss: 1112.9155 ||:  50%|#####     | 2/4 [00:00<00:00,  6.85it/s]
accuracy: 0.3920, accuracy3: 0.6203, loss: 1167.9869 ||:  75%|#######5  | 3/4 [00:00<00:00,  6.61it/s]
accuracy: 0.3907, accuracy3: 0.6173, loss: 1030.4436 ||: 100%|##########| 4/4 [00:00<00:00,  7.40it/s]

  0%|          | 0/12 [00:00<?, ?it/s]
accuracy: 0.3789, accuracy3: 0.5943, loss: 1265.6627 ||:   8%|8         | 1/12 [00:00<00:03,  3.38it/s]
accuracy: 0.3880, accuracy3: 0.6098, loss: 1282.9157 ||:  17%|#6        | 2/12 [00:00<00:03,  3.23it/s]
accuracy: 0.3826, accuracy3: 0.6090, loss: 1238.8360 ||:  25%|##5       | 3/12 [00:00<00:02,  3.40it/s]
accuracy: 0.3977, accuracy3: 0.6149, loss: 1229.9044 ||:  33%|###3      | 4/12 [00:01<00:02,  3.41it/s]
accuracy: 0.4004, accuracy3: 0.6189, loss: 1230.4541 ||:  42%|####1     | 5/12 [00:01<00:02,  3.21it/s]
accuracy: 0.4048, accuracy3: 0.6248, loss: 1195.8523 ||:  50%|#####     | 6/12 [00:01<00:01,  3.46it/s]
accuracy: 0.4120, accuracy3: 0.6326, loss: 1196.9095 ||:  58%|#####8    | 7/12 [00:02<00:01,  3.51it/s]
accuracy: 0.4156, accuracy3: 0.6329, loss: 1179.7690 ||:  67%|######6   | 8/12 [00:02<00:01,  3.70it/s]
accuracy: 0.4152, accuracy3: 0.6323, loss: 1163.7203 ||:  75%|#######5  | 9/12 [00:02<00:00,  3.69it/s]
accuracy: 0.4201, accuracy3: 0.6359, loss: 1165.6203 ||:  83%|########3 | 10/12 [00:02<00:00,  3.26it/s]
accuracy: 0.4266, accuracy3: 0.6349, loss: 1170.1102 ||:  92%|#########1| 11/12 [00:03<00:00,  3.30it/s]
accuracy: 0.4280, accuracy3: 0.6347, loss: 1146.9196 ||: 100%|##########| 12/12 [00:03<00:00,  3.06it/s]

  0%|          | 0/4 [00:00<?, ?it/s]
accuracy: 0.4816, accuracy3: 0.6622, loss: 1052.0895 ||:  25%|##5       | 1/4 [00:00<00:00,  6.66it/s]
accuracy: 0.4699, accuracy3: 0.6434, loss: 1012.2614 ||:  50%|#####     | 2/4 [00:00<00:00,  6.78it/s]
accuracy: 0.4660, accuracy3: 0.6514, loss: 1062.6956 ||:  75%|#######5  | 3/4 [00:00<00:00,  6.56it/s]
accuracy: 0.4650, accuracy3: 0.6490, loss: 936.7033 ||: 100%|##########| 4/4 [00:00<00:00,  7.38it/s] 

  0%|          | 0/12 [00:00<?, ?it/s]
accuracy: 0.4500, accuracy3: 0.6321, loss: 989.0829 ||:   8%|8         | 1/12 [00:00<00:02,  3.98it/s]
accuracy: 0.4492, accuracy3: 0.6360, loss: 1026.8268 ||:  17%|#6        | 2/12 [00:00<00:02,  3.91it/s]
accuracy: 0.4483, accuracy3: 0.6418, loss: 1031.1426 ||:  25%|##5       | 3/12 [00:00<00:02,  3.72it/s]
accuracy: 0.4589, accuracy3: 0.6543, loss: 1039.6642 ||:  33%|###3      | 4/12 [00:01<00:02,  3.82it/s]
accuracy: 0.4630, accuracy3: 0.6531, loss: 1059.5905 ||:  42%|####1     | 5/12 [00:01<00:01,  3.65it/s]
accuracy: 0.4720, accuracy3: 0.6607, loss: 1050.4073 ||:  50%|#####     | 6/12 [00:01<00:01,  3.39it/s]
accuracy: 0.4741, accuracy3: 0.6622, loss: 1033.9840 ||:  58%|#####8    | 7/12 [00:01<00:01,  3.55it/s]
accuracy: 0.4776, accuracy3: 0.6656, loss: 1030.3477 ||:  67%|######6   | 8/12 [00:02<00:01,  3.58it/s]
accuracy: 0.4832, accuracy3: 0.6670, loss: 1038.6148 ||:  75%|#######5  | 9/12 [00:02<00:00,  3.22it/s]
accuracy: 0.4882, accuracy3: 0.6691, loss: 1041.0246 ||:  83%|########3 | 10/12 [00:02<00:00,  3.25it/s]
accuracy: 0.4895, accuracy3: 0.6707, loss: 1040.6077 ||:  92%|#########1| 11/12 [00:03<00:00,  3.25it/s]
accuracy: 0.4900, accuracy3: 0.6728, loss: 1035.9616 ||: 100%|##########| 12/12 [00:03<00:00,  3.43it/s]

  0%|          | 0/4 [00:00<?, ?it/s]
accuracy: 0.5100, accuracy3: 0.6923, loss: 958.9043 ||:  25%|##5       | 1/4 [00:00<00:00,  5.39it/s]
accuracy: 0.5100, accuracy3: 0.6861, loss: 916.1015 ||:  50%|#####     | 2/4 [00:00<00:00,  5.58it/s]
accuracy: 0.4989, accuracy3: 0.6854, loss: 964.7274 ||:  75%|#######5  | 3/4 [00:00<00:00,  5.72it/s]
accuracy: 0.5009, accuracy3: 0.6868, loss: 847.9539 ||: 100%|##########| 4/4 [00:00<00:00,  6.64it/s]

  0%|          | 0/12 [00:00<?, ?it/s]
accuracy: 0.5081, accuracy3: 0.7152, loss: 976.1401 ||:   8%|8         | 1/12 [00:00<00:03,  3.38it/s]
accuracy: 0.5048, accuracy3: 0.7039, loss: 997.2165 ||:  17%|#6        | 2/12 [00:00<00:02,  3.41it/s]
accuracy: 0.5079, accuracy3: 0.6986, loss: 937.6153 ||:  25%|##5       | 3/12 [00:00<00:02,  3.50it/s]
accuracy: 0.4986, accuracy3: 0.6881, loss: 982.7928 ||:  33%|###3      | 4/12 [00:01<00:02,  3.45it/s]
accuracy: 0.5082, accuracy3: 0.6956, loss: 998.9033 ||:  42%|####1     | 5/12 [00:01<00:02,  3.21it/s]
accuracy: 0.5155, accuracy3: 0.7002, loss: 991.6348 ||:  50%|#####     | 6/12 [00:01<00:02,  2.83it/s]
accuracy: 0.5239, accuracy3: 0.7065, loss: 979.7224 ||:  58%|#####8    | 7/12 [00:02<00:01,  3.03it/s]
accuracy: 0.5288, accuracy3: 0.7115, loss: 968.0738 ||:  67%|######6   | 8/12 [00:02<00:01,  3.23it/s]
accuracy: 0.5263, accuracy3: 0.7095, loss: 963.7516 ||:  75%|#######5  | 9/12 [00:02<00:00,  3.36it/s]
accuracy: 0.5259, accuracy3: 0.7140, loss: 960.8729 ||:  83%|########3 | 10/12 [00:03<00:00,  3.42it/s]
accuracy: 0.5268, accuracy3: 0.7154, loss: 955.8113 ||:  92%|#########1| 11/12 [00:03<00:00,  3.15it/s]
accuracy: 0.5284, accuracy3: 0.7156, loss: 936.8664 ||: 100%|##########| 12/12 [00:03<00:00,  3.33it/s]

  0%|          | 0/4 [00:00<?, ?it/s]
accuracy: 0.5452, accuracy3: 0.7157, loss: 882.0397 ||:  25%|##5       | 1/4 [00:00<00:00,  6.30it/s]
accuracy: 0.5501, accuracy3: 0.7175, loss: 838.6837 ||:  50%|#####     | 2/4 [00:00<00:00,  6.39it/s]
accuracy: 0.5423, accuracy3: 0.7194, loss: 883.6725 ||:  75%|#######5  | 3/4 [00:00<00:00,  6.15it/s]
accuracy: 0.5454, accuracy3: 0.7204, loss: 774.7011 ||: 100%|##########| 4/4 [00:00<00:00,  6.93it/s]

  0%|          | 0/12 [00:00<?, ?it/s]
accuracy: 0.5545, accuracy3: 0.7320, loss: 756.8303 ||:   8%|8         | 1/12 [00:00<00:03,  3.61it/s]
accuracy: 0.5589, accuracy3: 0.7363, loss: 851.7429 ||:  17%|#6        | 2/12 [00:00<00:02,  3.50it/s]
accuracy: 0.5586, accuracy3: 0.7325, loss: 869.9706 ||:  25%|##5       | 3/12 [00:00<00:02,  3.54it/s]
accuracy: 0.5670, accuracy3: 0.7363, loss: 886.5118 ||:  33%|###3      | 4/12 [00:01<00:02,  3.49it/s]
accuracy: 0.5654, accuracy3: 0.7359, loss: 881.3969 ||:  42%|####1     | 5/12 [00:01<00:01,  3.52it/s]
accuracy: 0.5730, accuracy3: 0.7382, loss: 874.8370 ||:  50%|#####     | 6/12 [00:01<00:01,  3.07it/s]
accuracy: 0.5811, accuracy3: 0.7449, loss: 867.2883 ||:  58%|#####8    | 7/12 [00:02<00:01,  3.04it/s]
accuracy: 0.5922, accuracy3: 0.7504, loss: 856.5758 ||:  67%|######6   | 8/12 [00:02<00:01,  3.09it/s]
accuracy: 0.5901, accuracy3: 0.7495, loss: 854.8149 ||:  75%|#######5  | 9/12 [00:02<00:00,  3.09it/s]
accuracy: 0.5920, accuracy3: 0.7499, loss: 847.9419 ||:  83%|########3 | 10/12 [00:03<00:00,  3.09it/s]
accuracy: 0.5938, accuracy3: 0.7496, loss: 856.7017 ||:  92%|#########1| 11/12 [00:03<00:00,  3.13it/s]
accuracy: 0.5950, accuracy3: 0.7506, loss: 846.2096 ||: 100%|##########| 12/12 [00:03<00:00,  3.31it/s]

  0%|          | 0/4 [00:00<?, ?it/s]
accuracy: 0.6054, accuracy3: 0.7542, loss: 803.0388 ||:  25%|##5       | 1/4 [00:00<00:00,  6.57it/s]
accuracy: 0.6068, accuracy3: 0.7498, loss: 760.8728 ||:  50%|#####     | 2/4 [00:00<00:00,  6.68it/s]
accuracy: 0.6069, accuracy3: 0.7578, loss: 799.8694 ||:  75%|#######5  | 3/4 [00:00<00:00,  6.34it/s]
accuracy: 0.6102, accuracy3: 0.7588, loss: 700.5662 ||: 100%|##########| 4/4 [00:00<00:00,  7.13it/s]

  0%|          | 0/12 [00:00<?, ?it/s]
accuracy: 0.6557, accuracy3: 0.7918, loss: 782.3124 ||:   8%|8         | 1/12 [00:00<00:03,  3.42it/s]
accuracy: 0.6510, accuracy3: 0.7942, loss: 778.4069 ||:  17%|#6        | 2/12 [00:00<00:02,  3.53it/s]
accuracy: 0.6495, accuracy3: 0.7901, loss: 795.8479 ||:  25%|##5       | 3/12 [00:00<00:02,  3.54it/s]
accuracy: 0.6428, accuracy3: 0.7845, loss: 790.1857 ||:  33%|###3      | 4/12 [00:01<00:02,  3.55it/s]
accuracy: 0.6456, accuracy3: 0.7861, loss: 793.8717 ||:  42%|####1     | 5/12 [00:01<00:01,  3.55it/s]
accuracy: 0.6436, accuracy3: 0.7847, loss: 785.3236 ||:  50%|#####     | 6/12 [00:01<00:01,  3.57it/s]
accuracy: 0.6446, accuracy3: 0.7832, loss: 780.9579 ||:  58%|#####8    | 7/12 [00:02<00:01,  2.94it/s]
accuracy: 0.6447, accuracy3: 0.7838, loss: 767.1188 ||:  67%|######6   | 8/12 [00:02<00:01,  3.10it/s]
accuracy: 0.6502, accuracy3: 0.7839, loss: 763.3811 ||:  75%|#######5  | 9/12 [00:02<00:00,  3.11it/s]
accuracy: 0.6524, accuracy3: 0.7846, loss: 760.2500 ||:  83%|########3 | 10/12 [00:03<00:00,  3.21it/s]
accuracy: 0.6538, accuracy3: 0.7866, loss: 765.9016 ||:  92%|#########1| 11/12 [00:03<00:00,  3.05it/s]
accuracy: 0.6566, accuracy3: 0.7873, loss: 751.7604 ||: 100%|##########| 12/12 [00:03<00:00,  3.32it/s]

  0%|          | 0/4 [00:00<?, ?it/s]
accuracy: 0.6806, accuracy3: 0.7960, loss: 719.8297 ||:  25%|##5       | 1/4 [00:00<00:00,  6.47it/s]
accuracy: 0.6731, accuracy3: 0.7908, loss: 679.7726 ||:  50%|#####     | 2/4 [00:00<00:00,  6.60it/s]
accuracy: 0.6643, accuracy3: 0.7906, loss: 714.4982 ||:  75%|#######5  | 3/4 [00:00<00:00,  6.34it/s]
accuracy: 0.6651, accuracy3: 0.7933, loss: 625.0218 ||: 100%|##########| 4/4 [00:00<00:00,  7.14it/s]

  0%|          | 0/12 [00:00<?, ?it/s]
accuracy: 0.6993, accuracy3: 0.8229, loss: 588.3049 ||:   8%|8         | 1/12 [00:00<00:03,  2.91it/s]
accuracy: 0.6800, accuracy3: 0.8067, loss: 625.0173 ||:  17%|#6        | 2/12 [00:00<00:03,  2.85it/s]
accuracy: 0.6880, accuracy3: 0.8101, loss: 658.9250 ||:  25%|##5       | 3/12 [00:01<00:03,  2.94it/s]
accuracy: 0.6871, accuracy3: 0.8061, loss: 679.1246 ||:  33%|###3      | 4/12 [00:01<00:02,  3.10it/s]
accuracy: 0.6841, accuracy3: 0.7994, loss: 712.5333 ||:  42%|####1     | 5/12 [00:01<00:02,  3.08it/s]
accuracy: 0.6901, accuracy3: 0.8028, loss: 694.9002 ||:  50%|#####     | 6/12 [00:01<00:01,  3.25it/s]
accuracy: 0.6914, accuracy3: 0.8061, loss: 690.9934 ||:  58%|#####8    | 7/12 [00:02<00:01,  2.89it/s]
accuracy: 0.6965, accuracy3: 0.8072, loss: 680.8295 ||:  67%|######6   | 8/12 [00:02<00:01,  3.09it/s]
accuracy: 0.6978, accuracy3: 0.8096, loss: 674.9286 ||:  75%|#######5  | 9/12 [00:02<00:00,  3.05it/s]
accuracy: 0.7017, accuracy3: 0.8113, loss: 677.2230 ||:  83%|########3 | 10/12 [00:03<00:00,  3.01it/s]
accuracy: 0.7015, accuracy3: 0.8127, loss: 672.0772 ||:  92%|#########1| 11/12 [00:03<00:00,  3.19it/s]
accuracy: 0.7029, accuracy3: 0.8144, loss: 658.7303 ||: 100%|##########| 12/12 [00:03<00:00,  3.42it/s]

  0%|          | 0/4 [00:00<?, ?it/s]
accuracy: 0.6957, accuracy3: 0.8027, loss: 648.0563 ||:  25%|##5       | 1/4 [00:00<00:00,  6.30it/s]
accuracy: 0.6983, accuracy3: 0.8108, loss: 605.3492 ||:  50%|#####     | 2/4 [00:00<00:00,  6.33it/s]
accuracy: 0.6876, accuracy3: 0.8085, loss: 636.3773 ||:  75%|#######5  | 3/4 [00:00<00:00,  6.11it/s]
accuracy: 0.6887, accuracy3: 0.8113, loss: 555.7018 ||: 100%|##########| 4/4 [00:00<00:00,  6.85it/s]

  0%|          | 0/12 [00:00<?, ?it/s]
accuracy: 0.7006, accuracy3: 0.8025, loss: 652.3878 ||:   8%|8         | 1/12 [00:00<00:03,  3.14it/s]
accuracy: 0.7164, accuracy3: 0.8107, loss: 650.6349 ||:  17%|#6        | 2/12 [00:00<00:03,  3.26it/s]
accuracy: 0.7264, accuracy3: 0.8202, loss: 628.2975 ||:  25%|##5       | 3/12 [00:00<00:02,  3.33it/s]
accuracy: 0.7274, accuracy3: 0.8189, loss: 633.2182 ||:  33%|###3      | 4/12 [00:01<00:02,  3.26it/s]
accuracy: 0.7251, accuracy3: 0.8171, loss: 627.1698 ||:  42%|####1     | 5/12 [00:01<00:02,  3.39it/s]
accuracy: 0.7300, accuracy3: 0.8226, loss: 616.6857 ||:  50%|#####     | 6/12 [00:01<00:01,  3.39it/s]
accuracy: 0.7339, accuracy3: 0.8277, loss: 615.7131 ||:  58%|#####8    | 7/12 [00:02<00:01,  2.99it/s]
accuracy: 0.7394, accuracy3: 0.8331, loss: 598.3800 ||:  67%|######6   | 8/12 [00:02<00:01,  3.15it/s]
accuracy: 0.7413, accuracy3: 0.8340, loss: 587.0810 ||:  75%|#######5  | 9/12 [00:02<00:00,  3.00it/s]
accuracy: 0.7422, accuracy3: 0.8330, loss: 590.6929 ||:  83%|########3 | 10/12 [00:03<00:00,  2.87it/s]
accuracy: 0.7445, accuracy3: 0.8327, loss: 584.8086 ||:  92%|#########1| 11/12 [00:03<00:00,  3.08it/s]
accuracy: 0.7460, accuracy3: 0.8325, loss: 574.1975 ||: 100%|##########| 12/12 [00:03<00:00,  3.24it/s]

  0%|          | 0/4 [00:00<?, ?it/s]
accuracy: 0.7308, accuracy3: 0.8278, loss: 581.1340 ||:  25%|##5       | 1/4 [00:00<00:00,  6.38it/s]
accuracy: 0.7393, accuracy3: 0.8291, loss: 539.3318 ||:  50%|#####     | 2/4 [00:00<00:00,  6.51it/s]
accuracy: 0.7316, accuracy3: 0.8252, loss: 568.3943 ||:  75%|#######5  | 3/4 [00:00<00:00,  6.34it/s]
accuracy: 0.7351, accuracy3: 0.8283, loss: 495.3333 ||: 100%|##########| 4/4 [00:00<00:00,  7.12it/s]

  0%|          | 0/12 [00:00<?, ?it/s]
accuracy: 0.7673, accuracy3: 0.8579, loss: 514.6036 ||:   8%|8         | 1/12 [00:00<00:03,  3.27it/s]
accuracy: 0.7972, accuracy3: 0.8720, loss: 493.8788 ||:  17%|#6        | 2/12 [00:00<00:03,  3.05it/s]
accuracy: 0.7844, accuracy3: 0.8613, loss: 500.2297 ||:  25%|##5       | 3/12 [00:00<00:02,  3.14it/s]
accuracy: 0.7858, accuracy3: 0.8530, loss: 503.7188 ||:  33%|###3      | 4/12 [00:01<00:02,  3.28it/s]
accuracy: 0.7838, accuracy3: 0.8472, loss: 520.1456 ||:  42%|####1     | 5/12 [00:01<00:02,  3.07it/s]
accuracy: 0.7828, accuracy3: 0.8467, loss: 509.3541 ||:  50%|#####     | 6/12 [00:02<00:02,  2.86it/s]
accuracy: 0.7816, accuracy3: 0.8472, loss: 505.1368 ||:  58%|#####8    | 7/12 [00:02<00:01,  2.98it/s]
accuracy: 0.7795, accuracy3: 0.8448, loss: 511.8216 ||:  67%|######6   | 8/12 [00:02<00:01,  3.11it/s]
accuracy: 0.7827, accuracy3: 0.8480, loss: 505.3454 ||:  75%|#######5  | 9/12 [00:02<00:00,  3.19it/s]
accuracy: 0.7829, accuracy3: 0.8478, loss: 503.6511 ||:  83%|########3 | 10/12 [00:03<00:00,  3.02it/s]
accuracy: 0.7833, accuracy3: 0.8495, loss: 506.4819 ||:  92%|#########1| 11/12 [00:03<00:00,  2.97it/s]
accuracy: 0.7846, accuracy3: 0.8510, loss: 502.5626 ||: 100%|##########| 12/12 [00:03<00:00,  3.17it/s]

  0%|          | 0/4 [00:00<?, ?it/s]
accuracy: 0.7408, accuracy3: 0.8311, loss: 533.4857 ||:  25%|##5       | 1/4 [00:00<00:00,  6.38it/s]
accuracy: 0.7576, accuracy3: 0.8387, loss: 494.2933 ||:  50%|#####     | 2/4 [00:00<00:00,  6.44it/s]
accuracy: 0.7556, accuracy3: 0.8391, loss: 521.2483 ||:  75%|#######5  | 3/4 [00:00<00:00,  6.12it/s]
accuracy: 0.7578, accuracy3: 0.8415, loss: 453.9766 ||: 100%|##########| 4/4 [00:00<00:00,  6.85it/s]

  0%|          | 0/12 [00:00<?, ?it/s]
accuracy: 0.8107, accuracy3: 0.8675, loss: 481.9397 ||:   8%|8         | 1/12 [00:00<00:04,  2.64it/s]
accuracy: 0.7994, accuracy3: 0.8607, loss: 480.4684 ||:  17%|#6        | 2/12 [00:00<00:03,  2.77it/s]
accuracy: 0.7965, accuracy3: 0.8565, loss: 463.6532 ||:  25%|##5       | 3/12 [00:00<00:03,  2.98it/s]
accuracy: 0.7983, accuracy3: 0.8619, loss: 455.2311 ||:  33%|###3      | 4/12 [00:01<00:02,  2.90it/s]
accuracy: 0.7984, accuracy3: 0.8591, loss: 452.0736 ||:  42%|####1     | 5/12 [00:01<00:02,  3.03it/s]
accuracy: 0.8039, accuracy3: 0.8610, loss: 444.0524 ||:  50%|#####     | 6/12 [00:02<00:02,  2.93it/s]
accuracy: 0.8072, accuracy3: 0.8627, loss: 445.4670 ||:  58%|#####8    | 7/12 [00:02<00:01,  3.07it/s]
accuracy: 0.8114, accuracy3: 0.8629, loss: 451.6547 ||:  67%|######6   | 8/12 [00:02<00:01,  3.12it/s]
accuracy: 0.8142, accuracy3: 0.8643, loss: 455.3990 ||:  75%|#######5  | 9/12 [00:02<00:00,  3.13it/s]
accuracy: 0.8188, accuracy3: 0.8692, loss: 451.5704 ||:  83%|########3 | 10/12 [00:03<00:00,  3.19it/s]
accuracy: 0.8192, accuracy3: 0.8683, loss: 449.5011 ||:  92%|#########1| 11/12 [00:03<00:00,  3.20it/s]
accuracy: 0.8205, accuracy3: 0.8697, loss: 442.4098 ||: 100%|##########| 12/12 [00:03<00:00,  3.19it/s]

  0%|          | 0/4 [00:00<?, ?it/s]
accuracy: 0.7692, accuracy3: 0.8411, loss: 487.6334 ||:  25%|##5       | 1/4 [00:00<00:00,  4.74it/s]
accuracy: 0.7829, accuracy3: 0.8500, loss: 451.3356 ||:  50%|#####     | 2/4 [00:00<00:00,  5.01it/s]
accuracy: 0.7784, accuracy3: 0.8502, loss: 476.4183 ||:  75%|#######5  | 3/4 [00:00<00:00,  5.16it/s]
accuracy: 0.7829, accuracy3: 0.8543, loss: 414.2191 ||: 100%|##########| 4/4 [00:00<00:00,  6.05it/s]

  0%|          | 0/12 [00:00<?, ?it/s]
accuracy: 0.8458, accuracy3: 0.8799, loss: 387.5816 ||:   8%|8         | 1/12 [00:00<00:03,  3.06it/s]
accuracy: 0.8403, accuracy3: 0.8783, loss: 425.4929 ||:  17%|#6        | 2/12 [00:00<00:03,  2.92it/s]
accuracy: 0.8385, accuracy3: 0.8777, loss: 433.3441 ||:  25%|##5       | 3/12 [00:01<00:02,  3.01it/s]
accuracy: 0.8349, accuracy3: 0.8758, loss: 435.3659 ||:  33%|###3      | 4/12 [00:01<00:02,  3.05it/s]
accuracy: 0.8367, accuracy3: 0.8786, loss: 423.0545 ||:  42%|####1     | 5/12 [00:01<00:02,  2.83it/s]
accuracy: 0.8384, accuracy3: 0.8786, loss: 418.7938 ||:  50%|#####     | 6/12 [00:02<00:02,  2.91it/s]
accuracy: 0.8413, accuracy3: 0.8808, loss: 407.5818 ||:  58%|#####8    | 7/12 [00:02<00:01,  2.83it/s]
accuracy: 0.8414, accuracy3: 0.8808, loss: 404.9238 ||:  67%|######6   | 8/12 [00:02<00:01,  2.99it/s]
accuracy: 0.8424, accuracy3: 0.8813, loss: 404.5272 ||:  75%|#######5  | 9/12 [00:03<00:00,  3.06it/s]
accuracy: 0.8436, accuracy3: 0.8819, loss: 400.4119 ||:  83%|########3 | 10/12 [00:03<00:00,  3.15it/s]
accuracy: 0.8455, accuracy3: 0.8834, loss: 395.9723 ||:  92%|#########1| 11/12 [00:03<00:00,  3.05it/s]
accuracy: 0.8464, accuracy3: 0.8840, loss: 389.1627 ||: 100%|##########| 12/12 [00:03<00:00,  3.13it/s]

  0%|          | 0/4 [00:00<?, ?it/s]
accuracy: 0.7893, accuracy3: 0.8579, loss: 455.6480 ||:  25%|##5       | 1/4 [00:00<00:00,  6.08it/s]
accuracy: 0.7960, accuracy3: 0.8570, loss: 419.8229 ||:  50%|#####     | 2/4 [00:00<00:00,  6.20it/s]
accuracy: 0.7940, accuracy3: 0.8580, loss: 440.1897 ||:  75%|#######5  | 3/4 [00:00<00:00,  6.02it/s]
accuracy: 0.7961, accuracy3: 0.8609, loss: 382.7003 ||: 100%|##########| 4/4 [00:00<00:00,  6.77it/s]

  0%|          | 0/12 [00:00<?, ?it/s]
accuracy: 0.8652, accuracy3: 0.8952, loss: 348.6481 ||:   8%|8         | 1/12 [00:00<00:03,  3.54it/s]
accuracy: 0.8485, accuracy3: 0.8926, loss: 353.3959 ||:  17%|#6        | 2/12 [00:00<00:02,  3.47it/s]
accuracy: 0.8540, accuracy3: 0.8950, loss: 355.6223 ||:  25%|##5       | 3/12 [00:00<00:02,  3.46it/s]
accuracy: 0.8571, accuracy3: 0.8931, loss: 353.2486 ||:  33%|###3      | 4/12 [00:01<00:02,  3.46it/s]
accuracy: 0.8589, accuracy3: 0.8914, loss: 351.6562 ||:  42%|####1     | 5/12 [00:01<00:02,  3.04it/s]
accuracy: 0.8603, accuracy3: 0.8908, loss: 347.3871 ||:  50%|#####     | 6/12 [00:01<00:01,  3.23it/s]
accuracy: 0.8633, accuracy3: 0.8955, loss: 345.3949 ||:  58%|#####8    | 7/12 [00:02<00:01,  3.28it/s]
accuracy: 0.8635, accuracy3: 0.8955, loss: 347.9294 ||:  67%|######6   | 8/12 [00:02<00:01,  3.26it/s]
accuracy: 0.8653, accuracy3: 0.8966, loss: 351.6047 ||:  75%|#######5  | 9/12 [00:02<00:00,  3.03it/s]
accuracy: 0.8657, accuracy3: 0.8959, loss: 353.8142 ||:  83%|########3 | 10/12 [00:03<00:00,  2.77it/s]
accuracy: 0.8675, accuracy3: 0.8971, loss: 351.0109 ||:  92%|#########1| 11/12 [00:03<00:00,  2.63it/s]
accuracy: 0.8671, accuracy3: 0.8974, loss: 345.6913 ||: 100%|##########| 12/12 [00:03<00:00,  2.93it/s]

  0%|          | 0/4 [00:00<?, ?it/s]
accuracy: 0.8077, accuracy3: 0.8679, loss: 431.9572 ||:  25%|##5       | 1/4 [00:00<00:00,  6.32it/s]
accuracy: 0.8073, accuracy3: 0.8649, loss: 396.0100 ||:  50%|#####     | 2/4 [00:00<00:00,  6.41it/s]
accuracy: 0.8096, accuracy3: 0.8708, loss: 413.1049 ||:  75%|#######5  | 3/4 [00:00<00:00,  6.15it/s]
accuracy: 0.8113, accuracy3: 0.8746, loss: 359.2116 ||: 100%|##########| 4/4 [00:00<00:00,  6.88it/s]

  0%|          | 0/12 [00:00<?, ?it/s]
accuracy: 0.8904, accuracy3: 0.9106, loss: 291.1442 ||:   8%|8         | 1/12 [00:00<00:03,  3.33it/s]
accuracy: 0.8864, accuracy3: 0.9085, loss: 305.6291 ||:  17%|#6        | 2/12 [00:00<00:02,  3.35it/s]
accuracy: 0.8920, accuracy3: 0.9128, loss: 311.8252 ||:  25%|##5       | 3/12 [00:00<00:02,  3.36it/s]
accuracy: 0.8919, accuracy3: 0.9118, loss: 311.5033 ||:  33%|###3      | 4/12 [00:01<00:02,  2.98it/s]
accuracy: 0.8863, accuracy3: 0.9094, loss: 321.4652 ||:  42%|####1     | 5/12 [00:01<00:02,  2.99it/s]
accuracy: 0.8822, accuracy3: 0.9074, loss: 321.7200 ||:  50%|#####     | 6/12 [00:01<00:01,  3.22it/s]
accuracy: 0.8807, accuracy3: 0.9069, loss: 321.5678 ||:  58%|#####8    | 7/12 [00:02<00:01,  3.13it/s]
accuracy: 0.8811, accuracy3: 0.9070, loss: 318.2524 ||:  67%|######6   | 8/12 [00:02<00:01,  3.25it/s]
accuracy: 0.8808, accuracy3: 0.9050, loss: 317.1358 ||:  75%|#######5  | 9/12 [00:02<00:00,  3.29it/s]
accuracy: 0.8832, accuracy3: 0.9067, loss: 317.6665 ||:  83%|########3 | 10/12 [00:03<00:00,  3.24it/s]
accuracy: 0.8860, accuracy3: 0.9093, loss: 316.2394 ||:  92%|#########1| 11/12 [00:03<00:00,  2.69it/s]
accuracy: 0.8863, accuracy3: 0.9098, loss: 310.9345 ||: 100%|##########| 12/12 [00:03<00:00,  2.82it/s]

  0%|          | 0/4 [00:00<?, ?it/s]
accuracy: 0.8227, accuracy3: 0.8796, loss: 410.9736 ||:  25%|##5       | 1/4 [00:00<00:00,  6.18it/s]
accuracy: 0.8256, accuracy3: 0.8788, loss: 375.7031 ||:  50%|#####     | 2/4 [00:00<00:00,  6.29it/s]
accuracy: 0.8224, accuracy3: 0.8792, loss: 392.3041 ||:  75%|#######5  | 3/4 [00:00<00:00,  6.07it/s]
accuracy: 0.8221, accuracy3: 0.8803, loss: 340.9449 ||: 100%|##########| 4/4 [00:00<00:00,  6.81it/s]

  0%|          | 0/12 [00:00<?, ?it/s]
accuracy: 0.8921, accuracy3: 0.9111, loss: 317.1531 ||:   8%|8         | 1/12 [00:00<00:03,  2.91it/s]
accuracy: 0.8939, accuracy3: 0.9113, loss: 304.8851 ||:  17%|#6        | 2/12 [00:00<00:03,  2.74it/s]
accuracy: 0.8978, accuracy3: 0.9152, loss: 288.2939 ||:  25%|##5       | 3/12 [00:01<00:03,  2.55it/s]
accuracy: 0.8935, accuracy3: 0.9164, loss: 299.5154 ||:  33%|###3      | 4/12 [00:01<00:02,  2.77it/s]
accuracy: 0.8981, accuracy3: 0.9219, loss: 295.3697 ||:  42%|####1     | 5/12 [00:01<00:02,  2.92it/s]
accuracy: 0.8995, accuracy3: 0.9233, loss: 292.1364 ||:  50%|#####     | 6/12 [00:02<00:01,  3.05it/s]
accuracy: 0.8967, accuracy3: 0.9194, loss: 291.6645 ||:  58%|#####8    | 7/12 [00:02<00:01,  3.16it/s]
accuracy: 0.8962, accuracy3: 0.9189, loss: 295.4909 ||:  67%|######6   | 8/12 [00:02<00:01,  3.19it/s]
accuracy: 0.8971, accuracy3: 0.9196, loss: 294.9632 ||:  75%|#######5  | 9/12 [00:02<00:00,  3.24it/s]
accuracy: 0.8970, accuracy3: 0.9196, loss: 291.8734 ||:  83%|########3 | 10/12 [00:03<00:00,  3.02it/s]
accuracy: 0.8968, accuracy3: 0.9189, loss: 287.2838 ||:  92%|#########1| 11/12 [00:03<00:00,  3.16it/s]
accuracy: 0.8991, accuracy3: 0.9205, loss: 281.2152 ||: 100%|##########| 12/12 [00:03<00:00,  3.17it/s]

  0%|          | 0/4 [00:00<?, ?it/s]
accuracy: 0.8261, accuracy3: 0.8829, loss: 395.0345 ||:  25%|##5       | 1/4 [00:00<00:00,  5.61it/s]
accuracy: 0.8265, accuracy3: 0.8806, loss: 357.9472 ||:  50%|#####     | 2/4 [00:00<00:00,  5.77it/s]
accuracy: 0.8252, accuracy3: 0.8820, loss: 374.1440 ||:  75%|#######5  | 3/4 [00:00<00:00,  5.64it/s]
accuracy: 0.8264, accuracy3: 0.8846, loss: 324.9077 ||: 100%|##########| 4/4 [00:00<00:00,  6.41it/s]

  0%|          | 0/12 [00:00<?, ?it/s]
accuracy: 0.9212, accuracy3: 0.9452, loss: 221.8614 ||:   8%|8         | 1/12 [00:00<00:03,  3.02it/s]
accuracy: 0.9144, accuracy3: 0.9346, loss: 246.7868 ||:  17%|#6        | 2/12 [00:00<00:03,  3.07it/s]
accuracy: 0.9114, accuracy3: 0.9349, loss: 246.1160 ||:  25%|##5       | 3/12 [00:01<00:03,  2.79it/s]
accuracy: 0.9095, accuracy3: 0.9315, loss: 255.7875 ||:  33%|###3      | 4/12 [00:01<00:02,  2.80it/s]
accuracy: 0.9105, accuracy3: 0.9307, loss: 256.2595 ||:  42%|####1     | 5/12 [00:01<00:02,  2.97it/s]
accuracy: 0.9115, accuracy3: 0.9310, loss: 255.5901 ||:  50%|#####     | 6/12 [00:02<00:01,  3.08it/s]
accuracy: 0.9108, accuracy3: 0.9303, loss: 259.8091 ||:  58%|#####8    | 7/12 [00:02<00:01,  3.20it/s]
accuracy: 0.9110, accuracy3: 0.9295, loss: 257.9623 ||:  67%|######6   | 8/12 [00:02<00:01,  3.28it/s]
accuracy: 0.9122, accuracy3: 0.9304, loss: 253.6285 ||:  75%|#######5  | 9/12 [00:03<00:01,  2.97it/s]
accuracy: 0.9119, accuracy3: 0.9297, loss: 253.6534 ||:  83%|########3 | 10/12 [00:03<00:00,  3.00it/s]
accuracy: 0.9117, accuracy3: 0.9293, loss: 254.0241 ||:  92%|#########1| 11/12 [00:03<00:00,  2.84it/s]
accuracy: 0.9118, accuracy3: 0.9301, loss: 254.0245 ||: 100%|##########| 12/12 [00:04<00:00,  2.85it/s]

  0%|          | 0/4 [00:00<?, ?it/s]
accuracy: 0.8244, accuracy3: 0.8829, loss: 381.7019 ||:  25%|##5       | 1/4 [00:00<00:00,  6.07it/s]
accuracy: 0.8309, accuracy3: 0.8858, loss: 344.5236 ||:  50%|#####     | 2/4 [00:00<00:00,  6.19it/s]
accuracy: 0.8296, accuracy3: 0.8864, loss: 360.7634 ||:  75%|#######5  | 3/4 [00:00<00:00,  5.99it/s]
accuracy: 0.8316, accuracy3: 0.8898, loss: 313.0481 ||: 100%|##########| 4/4 [00:00<00:00,  6.73it/s]

  0%|          | 0/12 [00:00<?, ?it/s]
accuracy: 0.9129, accuracy3: 0.9290, loss: 271.2448 ||:   8%|8         | 1/12 [00:00<00:03,  3.26it/s]
accuracy: 0.9163, accuracy3: 0.9358, loss: 248.9260 ||:  17%|#6        | 2/12 [00:00<00:03,  2.71it/s]
accuracy: 0.9155, accuracy3: 0.9342, loss: 250.3795 ||:  25%|##5       | 3/12 [00:01<00:03,  2.85it/s]
accuracy: 0.9192, accuracy3: 0.9351, loss: 241.4989 ||:  33%|###3      | 4/12 [00:01<00:02,  2.96it/s]
accuracy: 0.9191, accuracy3: 0.9345, loss: 243.4371 ||:  42%|####1     | 5/12 [00:01<00:02,  2.79it/s]
accuracy: 0.9228, accuracy3: 0.9374, loss: 236.0506 ||:  50%|#####     | 6/12 [00:02<00:02,  2.77it/s]
accuracy: 0.9200, accuracy3: 0.9361, loss: 242.4584 ||:  58%|#####8    | 7/12 [00:02<00:01,  2.61it/s]
accuracy: 0.9194, accuracy3: 0.9364, loss: 240.5078 ||:  67%|######6   | 8/12 [00:02<00:01,  2.79it/s]
accuracy: 0.9199, accuracy3: 0.9367, loss: 240.3160 ||:  75%|#######5  | 9/12 [00:03<00:01,  2.90it/s]
accuracy: 0.9207, accuracy3: 0.9378, loss: 237.7419 ||:  83%|########3 | 10/12 [00:03<00:00,  3.05it/s]
accuracy: 0.9200, accuracy3: 0.9366, loss: 239.7813 ||:  92%|#########1| 11/12 [00:03<00:00,  3.15it/s]
accuracy: 0.9211, accuracy3: 0.9382, loss: 231.7450 ||: 100%|##########| 12/12 [00:04<00:00,  3.45it/s]

  0%|          | 0/4 [00:00<?, ?it/s]
accuracy: 0.8311, accuracy3: 0.8846, loss: 370.0175 ||:  25%|##5       | 1/4 [00:00<00:00,  6.21it/s]
accuracy: 0.8396, accuracy3: 0.8893, loss: 332.8802 ||:  50%|#####     | 2/4 [00:00<00:00,  6.30it/s]
accuracy: 0.8357, accuracy3: 0.8898, loss: 349.7568 ||:  75%|#######5  | 3/4 [00:00<00:00,  6.06it/s]
accuracy: 0.8396, accuracy3: 0.8940, loss: 303.5911 ||: 100%|##########| 4/4 [00:00<00:00,  6.80it/s]

  0%|          | 0/12 [00:00<?, ?it/s]
accuracy: 0.9217, accuracy3: 0.9383, loss: 225.1235 ||:   8%|8         | 1/12 [00:00<00:04,  2.37it/s]
accuracy: 0.9296, accuracy3: 0.9431, loss: 212.3690 ||:  17%|#6        | 2/12 [00:00<00:03,  2.54it/s]
accuracy: 0.9333, accuracy3: 0.9485, loss: 212.6370 ||:  25%|##5       | 3/12 [00:01<00:03,  2.78it/s]
accuracy: 0.9279, accuracy3: 0.9433, loss: 219.5780 ||:  33%|###3      | 4/12 [00:01<00:02,  2.90it/s]
accuracy: 0.9276, accuracy3: 0.9435, loss: 215.0419 ||:  42%|####1     | 5/12 [00:01<00:02,  2.89it/s]
accuracy: 0.9287, accuracy3: 0.9431, loss: 215.3757 ||:  50%|#####     | 6/12 [00:01<00:02,  3.00it/s]
accuracy: 0.9316, accuracy3: 0.9453, loss: 211.8795 ||:  58%|#####8    | 7/12 [00:02<00:01,  2.87it/s]
accuracy: 0.9316, accuracy3: 0.9457, loss: 214.9845 ||:  67%|######6   | 8/12 [00:02<00:01,  2.96it/s]
accuracy: 0.9321, accuracy3: 0.9466, loss: 211.2925 ||:  75%|#######5  | 9/12 [00:03<00:01,  2.93it/s]
accuracy: 0.9310, accuracy3: 0.9455, loss: 213.8914 ||:  83%|########3 | 10/12 [00:03<00:00,  3.00it/s]
accuracy: 0.9319, accuracy3: 0.9471, loss: 214.2925 ||:  92%|#########1| 11/12 [00:03<00:00,  3.02it/s]
accuracy: 0.9313, accuracy3: 0.9472, loss: 211.9936 ||: 100%|##########| 12/12 [00:03<00:00,  3.27it/s]

  0%|          | 0/4 [00:00<?, ?it/s]
accuracy: 0.8328, accuracy3: 0.8880, loss: 357.3369 ||:  25%|##5       | 1/4 [00:00<00:00,  6.29it/s]
accuracy: 0.8405, accuracy3: 0.8919, loss: 320.6351 ||:  50%|#####     | 2/4 [00:00<00:00,  6.36it/s]
accuracy: 0.8385, accuracy3: 0.8931, loss: 337.4386 ||:  75%|#######5  | 3/4 [00:00<00:00,  6.11it/s]
accuracy: 0.8420, accuracy3: 0.8969, loss: 292.2683 ||: 100%|##########| 4/4 [00:00<00:00,  6.90it/s]

  0%|          | 0/12 [00:00<?, ?it/s]
accuracy: 0.9316, accuracy3: 0.9523, loss: 206.5577 ||:   8%|8         | 1/12 [00:00<00:04,  2.72it/s]
accuracy: 0.9333, accuracy3: 0.9521, loss: 228.7651 ||:  17%|#6        | 2/12 [00:00<00:03,  2.79it/s]
accuracy: 0.9370, accuracy3: 0.9526, loss: 208.9276 ||:  25%|##5       | 3/12 [00:00<00:03,  2.96it/s]
accuracy: 0.9369, accuracy3: 0.9511, loss: 211.4877 ||:  33%|###3      | 4/12 [00:01<00:02,  2.99it/s]
accuracy: 0.9343, accuracy3: 0.9495, loss: 214.2252 ||:  42%|####1     | 5/12 [00:01<00:02,  2.80it/s]
accuracy: 0.9356, accuracy3: 0.9499, loss: 205.9792 ||:  50%|#####     | 6/12 [00:01<00:01,  3.06it/s]
accuracy: 0.9347, accuracy3: 0.9491, loss: 202.2264 ||:  58%|#####8    | 7/12 [00:02<00:01,  2.89it/s]
accuracy: 0.9355, accuracy3: 0.9500, loss: 198.0238 ||:  67%|######6   | 8/12 [00:02<00:01,  3.08it/s]
accuracy: 0.9342, accuracy3: 0.9487, loss: 201.6612 ||:  75%|#######5  | 9/12 [00:03<00:01,  2.99it/s]
accuracy: 0.9357, accuracy3: 0.9503, loss: 198.0661 ||:  83%|########3 | 10/12 [00:03<00:00,  2.91it/s]
accuracy: 0.9366, accuracy3: 0.9511, loss: 196.7534 ||:  92%|#########1| 11/12 [00:03<00:00,  3.07it/s]
accuracy: 0.9354, accuracy3: 0.9503, loss: 194.8610 ||: 100%|##########| 12/12 [00:03<00:00,  3.35it/s]

  0%|          | 0/4 [00:00<?, ?it/s]
accuracy: 0.8344, accuracy3: 0.8880, loss: 350.5503 ||:  25%|##5       | 1/4 [00:00<00:00,  6.25it/s]
accuracy: 0.8413, accuracy3: 0.8919, loss: 314.0654 ||:  50%|#####     | 2/4 [00:00<00:00,  6.28it/s]
accuracy: 0.8385, accuracy3: 0.8920, loss: 331.1801 ||:  75%|#######5  | 3/4 [00:00<00:00,  6.01it/s]
accuracy: 0.8425, accuracy3: 0.8964, loss: 287.8326 ||: 100%|##########| 4/4 [00:00<00:00,  6.75it/s]

  0%|          | 0/12 [00:00<?, ?it/s]
accuracy: 0.9610, accuracy3: 0.9670, loss: 160.0783 ||:   8%|8         | 1/12 [00:00<00:04,  2.26it/s]
accuracy: 0.9534, accuracy3: 0.9589, loss: 168.7110 ||:  17%|#6        | 2/12 [00:00<00:03,  2.54it/s]
accuracy: 0.9504, accuracy3: 0.9568, loss: 165.7417 ||:  25%|##5       | 3/12 [00:01<00:03,  2.79it/s]
accuracy: 0.9509, accuracy3: 0.9597, loss: 165.8313 ||:  33%|###3      | 4/12 [00:01<00:02,  2.98it/s]
accuracy: 0.9467, accuracy3: 0.9562, loss: 176.1829 ||:  42%|####1     | 5/12 [00:01<00:02,  3.00it/s]
accuracy: 0.9438, accuracy3: 0.9545, loss: 175.6271 ||:  50%|#####     | 6/12 [00:02<00:02,  2.78it/s]
accuracy: 0.9409, accuracy3: 0.9527, loss: 179.4566 ||:  58%|#####8    | 7/12 [00:02<00:01,  2.93it/s]
accuracy: 0.9421, accuracy3: 0.9542, loss: 177.5710 ||:  67%|######6   | 8/12 [00:02<00:01,  3.03it/s]
accuracy: 0.9427, accuracy3: 0.9547, loss: 178.2361 ||:  75%|#######5  | 9/12 [00:02<00:00,  3.08it/s]
accuracy: 0.9435, accuracy3: 0.9558, loss: 177.2673 ||:  83%|########3 | 10/12 [00:03<00:00,  3.18it/s]
accuracy: 0.9418, accuracy3: 0.9548, loss: 180.3467 ||:  92%|#########1| 11/12 [00:03<00:00,  3.12it/s]
accuracy: 0.9405, accuracy3: 0.9542, loss: 179.5297 ||: 100%|##########| 12/12 [00:03<00:00,  3.34it/s]

  0%|          | 0/4 [00:00<?, ?it/s]
accuracy: 0.8361, accuracy3: 0.8880, loss: 343.1795 ||:  25%|##5       | 1/4 [00:00<00:00,  6.32it/s]
accuracy: 0.8474, accuracy3: 0.8954, loss: 305.7543 ||:  50%|#####     | 2/4 [00:00<00:00,  6.47it/s]
accuracy: 0.8447, accuracy3: 0.8970, loss: 321.7488 ||:  75%|#######5  | 3/4 [00:00<00:00,  6.09it/s]
accuracy: 0.8482, accuracy3: 0.9007, loss: 278.6183 ||: 100%|##########| 4/4 [00:00<00:00,  6.86it/s]

  0%|          | 0/12 [00:00<?, ?it/s]
accuracy: 0.9513, accuracy3: 0.9630, loss: 145.2071 ||:   8%|8         | 1/12 [00:00<00:03,  3.35it/s]
accuracy: 0.9449, accuracy3: 0.9604, loss: 159.7895 ||:  17%|#6        | 2/12 [00:00<00:02,  3.37it/s]
accuracy: 0.9439, accuracy3: 0.9602, loss: 162.4503 ||:  25%|##5       | 3/12 [00:00<00:02,  3.40it/s]
accuracy: 0.9478, accuracy3: 0.9614, loss: 158.9139 ||:  33%|###3      | 4/12 [00:01<00:02,  3.33it/s]
accuracy: 0.9433, accuracy3: 0.9586, loss: 165.3542 ||:  42%|####1     | 5/12 [00:01<00:02,  3.08it/s]
accuracy: 0.9469, accuracy3: 0.9601, loss: 165.3647 ||:  50%|#####     | 6/12 [00:01<00:02,  2.84it/s]
accuracy: 0.9470, accuracy3: 0.9590, loss: 165.9262 ||:  58%|#####8    | 7/12 [00:02<00:01,  2.93it/s]
accuracy: 0.9491, accuracy3: 0.9612, loss: 166.4818 ||:  67%|######6   | 8/12 [00:02<00:01,  3.12it/s]
accuracy: 0.9497, accuracy3: 0.9615, loss: 166.2923 ||:  75%|#######5  | 9/12 [00:02<00:00,  3.06it/s]
accuracy: 0.9500, accuracy3: 0.9620, loss: 165.6049 ||:  83%|########3 | 10/12 [00:03<00:00,  3.12it/s]
accuracy: 0.9487, accuracy3: 0.9608, loss: 168.1855 ||:  92%|#########1| 11/12 [00:03<00:00,  3.09it/s]
accuracy: 0.9482, accuracy3: 0.9610, loss: 166.5372 ||: 100%|##########| 12/12 [00:03<00:00,  3.32it/s]

  0%|          | 0/4 [00:00<?, ?it/s]
accuracy: 0.8428, accuracy3: 0.8913, loss: 334.8096 ||:  25%|##5       | 1/4 [00:00<00:00,  6.35it/s]
accuracy: 0.8527, accuracy3: 0.8989, loss: 299.0830 ||:  50%|#####     | 2/4 [00:00<00:00,  6.32it/s]
accuracy: 0.8508, accuracy3: 0.8998, loss: 315.0044 ||:  75%|#######5  | 3/4 [00:00<00:00,  6.16it/s]
accuracy: 0.8538, accuracy3: 0.9030, loss: 273.1032 ||: 100%|##########| 4/4 [00:00<00:00,  6.88it/s]

  0%|          | 0/12 [00:00<?, ?it/s]
accuracy: 0.9367, accuracy3: 0.9513, loss: 177.6932 ||:   8%|8         | 1/12 [00:00<00:03,  3.12it/s]
accuracy: 0.9412, accuracy3: 0.9571, loss: 161.9229 ||:  17%|#6        | 2/12 [00:00<00:03,  3.26it/s]
accuracy: 0.9492, accuracy3: 0.9633, loss: 152.9454 ||:  25%|##5       | 3/12 [00:00<00:02,  3.07it/s]
accuracy: 0.9491, accuracy3: 0.9615, loss: 152.5495 ||:  33%|###3      | 4/12 [00:01<00:02,  3.20it/s]
accuracy: 0.9490, accuracy3: 0.9604, loss: 157.0124 ||:  42%|####1     | 5/12 [00:01<00:02,  3.27it/s]
accuracy: 0.9490, accuracy3: 0.9605, loss: 162.1084 ||:  50%|#####     | 6/12 [00:01<00:02,  2.84it/s]
accuracy: 0.9502, accuracy3: 0.9610, loss: 157.7708 ||:  58%|#####8    | 7/12 [00:02<00:01,  2.82it/s]
accuracy: 0.9499, accuracy3: 0.9609, loss: 159.2330 ||:  67%|######6   | 8/12 [00:02<00:01,  2.90it/s]
accuracy: 0.9497, accuracy3: 0.9611, loss: 159.0195 ||:  75%|#######5  | 9/12 [00:02<00:00,  3.11it/s]
accuracy: 0.9505, accuracy3: 0.9621, loss: 156.8183 ||:  83%|########3 | 10/12 [00:03<00:00,  3.20it/s]
accuracy: 0.9501, accuracy3: 0.9613, loss: 155.5867 ||:  92%|#########1| 11/12 [00:03<00:00,  3.31it/s]
accuracy: 0.9493, accuracy3: 0.9608, loss: 155.3765 ||: 100%|##########| 12/12 [00:03<00:00,  3.47it/s]

  0%|          | 0/4 [00:00<?, ?it/s]
accuracy: 0.8428, accuracy3: 0.8946, loss: 330.5281 ||:  25%|##5       | 1/4 [00:00<00:00,  6.41it/s]
accuracy: 0.8535, accuracy3: 0.9015, loss: 293.9851 ||:  50%|#####     | 2/4 [00:00<00:00,  6.43it/s]
accuracy: 0.8513, accuracy3: 0.9020, loss: 309.6960 ||:  75%|#######5  | 3/4 [00:00<00:00,  6.21it/s]
accuracy: 0.8548, accuracy3: 0.9054, loss: 268.2177 ||: 100%|##########| 4/4 [00:00<00:00,  6.92it/s]

  0%|          | 0/12 [00:00<?, ?it/s]
accuracy: 0.9420, accuracy3: 0.9594, loss: 180.2556 ||:   8%|8         | 1/12 [00:00<00:04,  2.39it/s]
accuracy: 0.9419, accuracy3: 0.9554, loss: 158.3904 ||:  17%|#6        | 2/12 [00:00<00:03,  2.63it/s]
accuracy: 0.9505, accuracy3: 0.9635, loss: 145.8105 ||:  25%|##5       | 3/12 [00:01<00:03,  2.80it/s]
accuracy: 0.9511, accuracy3: 0.9629, loss: 137.7516 ||:  33%|###3      | 4/12 [00:01<00:02,  3.03it/s]
accuracy: 0.9501, accuracy3: 0.9616, loss: 138.5489 ||:  42%|####1     | 5/12 [00:01<00:02,  3.01it/s]
accuracy: 0.9490, accuracy3: 0.9607, loss: 145.7038 ||:  50%|#####     | 6/12 [00:02<00:02,  2.87it/s]
accuracy: 0.9496, accuracy3: 0.9608, loss: 144.2071 ||:  58%|#####8    | 7/12 [00:02<00:01,  3.08it/s]
accuracy: 0.9507, accuracy3: 0.9615, loss: 144.3622 ||:  67%|######6   | 8/12 [00:02<00:01,  3.17it/s]
accuracy: 0.9507, accuracy3: 0.9620, loss: 145.7098 ||:  75%|#######5  | 9/12 [00:02<00:00,  3.22it/s]
accuracy: 0.9509, accuracy3: 0.9621, loss: 146.1953 ||:  83%|########3 | 10/12 [00:03<00:00,  3.37it/s]
accuracy: 0.9508, accuracy3: 0.9623, loss: 148.5427 ||:  92%|#########1| 11/12 [00:03<00:00,  3.15it/s]
accuracy: 0.9512, accuracy3: 0.9625, loss: 145.9079 ||: 100%|##########| 12/12 [00:03<00:00,  3.37it/s]

  0%|          | 0/4 [00:00<?, ?it/s]
accuracy: 0.8428, accuracy3: 0.8946, loss: 326.2318 ||:  25%|##5       | 1/4 [00:00<00:00,  6.39it/s]
accuracy: 0.8553, accuracy3: 0.9024, loss: 289.8321 ||:  50%|#####     | 2/4 [00:00<00:00,  6.28it/s]
accuracy: 0.8530, accuracy3: 0.9020, loss: 306.4816 ||:  75%|#######5  | 3/4 [00:00<00:00,  6.08it/s]
accuracy: 0.8553, accuracy3: 0.9049, loss: 265.9460 ||: 100%|##########| 4/4 [00:00<00:00,  6.78it/s]

  0%|          | 0/12 [00:00<?, ?it/s]
accuracy: 0.9639, accuracy3: 0.9704, loss: 117.2843 ||:   8%|8         | 1/12 [00:00<00:03,  3.40it/s]
accuracy: 0.9614, accuracy3: 0.9709, loss: 133.3579 ||:  17%|#6        | 2/12 [00:00<00:02,  3.40it/s]
accuracy: 0.9590, accuracy3: 0.9694, loss: 133.5782 ||:  25%|##5       | 3/12 [00:00<00:02,  3.25it/s]
accuracy: 0.9610, accuracy3: 0.9703, loss: 130.4855 ||:  33%|###3      | 4/12 [00:01<00:02,  3.09it/s]
accuracy: 0.9595, accuracy3: 0.9689, loss: 134.7694 ||:  42%|####1     | 5/12 [00:01<00:02,  3.14it/s]
accuracy: 0.9587, accuracy3: 0.9684, loss: 133.4477 ||:  50%|#####     | 6/12 [00:01<00:01,  3.06it/s]
accuracy: 0.9588, accuracy3: 0.9687, loss: 138.2397 ||:  58%|#####8    | 7/12 [00:02<00:01,  2.95it/s]
accuracy: 0.9585, accuracy3: 0.9702, loss: 139.0365 ||:  67%|######6   | 8/12 [00:02<00:01,  2.99it/s]
accuracy: 0.9578, accuracy3: 0.9692, loss: 138.9067 ||:  75%|#######5  | 9/12 [00:02<00:00,  3.13it/s]
accuracy: 0.9570, accuracy3: 0.9683, loss: 138.6447 ||:  83%|########3 | 10/12 [00:03<00:00,  3.31it/s]
accuracy: 0.9553, accuracy3: 0.9668, loss: 139.4938 ||:  92%|#########1| 11/12 [00:03<00:00,  3.43it/s]
accuracy: 0.9546, accuracy3: 0.9664, loss: 137.2505 ||: 100%|##########| 12/12 [00:03<00:00,  3.48it/s]

  0%|          | 0/4 [00:00<?, ?it/s]
accuracy: 0.8445, accuracy3: 0.8946, loss: 321.4976 ||:  25%|##5       | 1/4 [00:00<00:00,  6.38it/s]
accuracy: 0.8553, accuracy3: 0.9024, loss: 284.3074 ||:  50%|#####     | 2/4 [00:00<00:00,  6.51it/s]
accuracy: 0.8541, accuracy3: 0.9048, loss: 299.8108 ||:  75%|#######5  | 3/4 [00:00<00:00,  6.31it/s]
accuracy: 0.8567, accuracy3: 0.9078, loss: 259.4044 ||: 100%|##########| 4/4 [00:00<00:00,  7.08it/s]

  0%|          | 0/12 [00:00<?, ?it/s]
accuracy: 0.9505, accuracy3: 0.9580, loss: 144.3732 ||:   8%|8         | 1/12 [00:00<00:03,  3.02it/s]
accuracy: 0.9562, accuracy3: 0.9632, loss: 132.1858 ||:  17%|#6        | 2/12 [00:00<00:03,  2.97it/s]
accuracy: 0.9587, accuracy3: 0.9655, loss: 128.4341 ||:  25%|##5       | 3/12 [00:00<00:02,  3.08it/s]
accuracy: 0.9569, accuracy3: 0.9652, loss: 128.6814 ||:  33%|###3      | 4/12 [00:01<00:02,  3.23it/s]
accuracy: 0.9560, accuracy3: 0.9651, loss: 131.6356 ||:  42%|####1     | 5/12 [00:01<00:02,  3.25it/s]
accuracy: 0.9554, accuracy3: 0.9641, loss: 131.2832 ||:  50%|#####     | 6/12 [00:01<00:02,  2.96it/s]
accuracy: 0.9558, accuracy3: 0.9649, loss: 129.8511 ||:  58%|#####8    | 7/12 [00:02<00:01,  3.03it/s]
accuracy: 0.9536, accuracy3: 0.9636, loss: 132.9788 ||:  67%|######6   | 8/12 [00:02<00:01,  3.16it/s]
accuracy: 0.9549, accuracy3: 0.9647, loss: 132.2910 ||:  75%|#######5  | 9/12 [00:02<00:00,  3.06it/s]
accuracy: 0.9546, accuracy3: 0.9648, loss: 132.3049 ||:  83%|########3 | 10/12 [00:03<00:00,  3.20it/s]
accuracy: 0.9554, accuracy3: 0.9657, loss: 131.1738 ||:  92%|#########1| 11/12 [00:03<00:00,  3.01it/s]
accuracy: 0.9553, accuracy3: 0.9656, loss: 128.4233 ||: 100%|##########| 12/12 [00:03<00:00,  3.32it/s]

  0%|          | 0/4 [00:00<?, ?it/s]
accuracy: 0.8428, accuracy3: 0.8913, loss: 319.9452 ||:  25%|##5       | 1/4 [00:00<00:00,  6.37it/s]
accuracy: 0.8527, accuracy3: 0.8980, loss: 283.3782 ||:  50%|#####     | 2/4 [00:00<00:00,  6.53it/s]
accuracy: 0.8530, accuracy3: 0.8998, loss: 299.6609 ||:  75%|#######5  | 3/4 [00:00<00:00,  6.28it/s]
accuracy: 0.8571, accuracy3: 0.9044, loss: 259.4860 ||: 100%|##########| 4/4 [00:00<00:00,  7.07it/s]

  0%|          | 0/12 [00:00<?, ?it/s]
accuracy: 0.9509, accuracy3: 0.9617, loss: 138.4165 ||:   8%|8         | 1/12 [00:00<00:04,  2.48it/s]
accuracy: 0.9432, accuracy3: 0.9580, loss: 149.6631 ||:  17%|#6        | 2/12 [00:00<00:03,  2.69it/s]
accuracy: 0.9460, accuracy3: 0.9588, loss: 145.3494 ||:  25%|##5       | 3/12 [00:01<00:03,  2.85it/s]
accuracy: 0.9509, accuracy3: 0.9617, loss: 137.3438 ||:  33%|###3      | 4/12 [00:01<00:02,  2.96it/s]
accuracy: 0.9530, accuracy3: 0.9640, loss: 132.3792 ||:  42%|####1     | 5/12 [00:01<00:02,  3.21it/s]
accuracy: 0.9544, accuracy3: 0.9645, loss: 131.3975 ||:  50%|#####     | 6/12 [00:01<00:02,  2.91it/s]
accuracy: 0.9561, accuracy3: 0.9653, loss: 126.5296 ||:  58%|#####8    | 7/12 [00:02<00:01,  2.97it/s]
accuracy: 0.9555, accuracy3: 0.9652, loss: 125.7138 ||:  67%|######6   | 8/12 [00:02<00:01,  3.09it/s]
accuracy: 0.9585, accuracy3: 0.9675, loss: 123.4255 ||:  75%|#######5  | 9/12 [00:02<00:01,  2.99it/s]
accuracy: 0.9593, accuracy3: 0.9684, loss: 121.9109 ||:  83%|########3 | 10/12 [00:03<00:00,  3.12it/s]
accuracy: 0.9582, accuracy3: 0.9686, loss: 124.5359 ||:  92%|#########1| 11/12 [00:03<00:00,  3.26it/s]
accuracy: 0.9583, accuracy3: 0.9686, loss: 122.1040 ||: 100%|##########| 12/12 [00:03<00:00,  3.41it/s]

  0%|          | 0/4 [00:00<?, ?it/s]
accuracy: 0.8445, accuracy3: 0.8913, loss: 315.9503 ||:  25%|##5       | 1/4 [00:00<00:00,  6.41it/s]
accuracy: 0.8535, accuracy3: 0.8989, loss: 279.7487 ||:  50%|#####     | 2/4 [00:00<00:00,  6.41it/s]
accuracy: 0.8552, accuracy3: 0.9026, loss: 295.8244 ||:  75%|#######5  | 3/4 [00:00<00:00,  6.21it/s]
accuracy: 0.8590, accuracy3: 0.9068, loss: 256.0570 ||: 100%|##########| 4/4 [00:00<00:00,  6.93it/s]

  0%|          | 0/12 [00:00<?, ?it/s]
accuracy: 0.9502, accuracy3: 0.9605, loss: 116.1757 ||:   8%|8         | 1/12 [00:00<00:03,  2.79it/s]
accuracy: 0.9479, accuracy3: 0.9603, loss: 138.4479 ||:  17%|#6        | 2/12 [00:00<00:03,  2.87it/s]
accuracy: 0.9513, accuracy3: 0.9661, loss: 126.9583 ||:  25%|##5       | 3/12 [00:00<00:02,  3.15it/s]
accuracy: 0.9537, accuracy3: 0.9660, loss: 125.4520 ||:  33%|###3      | 4/12 [00:01<00:02,  3.22it/s]
accuracy: 0.9550, accuracy3: 0.9681, loss: 123.5204 ||:  42%|####1     | 5/12 [00:01<00:02,  3.32it/s]
accuracy: 0.9559, accuracy3: 0.9689, loss: 123.8233 ||:  50%|#####     | 6/12 [00:01<00:02,  2.99it/s]
accuracy: 0.9570, accuracy3: 0.9691, loss: 120.1771 ||:  58%|#####8    | 7/12 [00:02<00:01,  3.02it/s]
accuracy: 0.9570, accuracy3: 0.9687, loss: 120.7569 ||:  67%|######6   | 8/12 [00:02<00:01,  2.88it/s]
accuracy: 0.9571, accuracy3: 0.9685, loss: 119.9986 ||:  75%|#######5  | 9/12 [00:02<00:01,  2.94it/s]
accuracy: 0.9568, accuracy3: 0.9684, loss: 119.4853 ||:  83%|########3 | 10/12 [00:03<00:00,  2.96it/s]
accuracy: 0.9581, accuracy3: 0.9688, loss: 118.6704 ||:  92%|#########1| 11/12 [00:03<00:00,  3.02it/s]
accuracy: 0.9589, accuracy3: 0.9691, loss: 115.3289 ||: 100%|##########| 12/12 [00:03<00:00,  3.27it/s]

  0%|          | 0/4 [00:00<?, ?it/s]
accuracy: 0.8445, accuracy3: 0.8913, loss: 312.1222 ||:  25%|##5       | 1/4 [00:00<00:00,  4.91it/s]
accuracy: 0.8553, accuracy3: 0.9006, loss: 276.5567 ||:  50%|#####     | 2/4 [00:00<00:00,  5.38it/s]
accuracy: 0.8552, accuracy3: 0.9037, loss: 292.4251 ||:  75%|#######5  | 3/4 [00:00<00:00,  5.50it/s]
accuracy: 0.8590, accuracy3: 0.9082, loss: 252.8784 ||: 100%|##########| 4/4 [00:00<00:00,  6.54it/s]

  0%|          | 0/12 [00:00<?, ?it/s]
accuracy: 0.9560, accuracy3: 0.9625, loss: 125.5977 ||:   8%|8         | 1/12 [00:00<00:03,  3.18it/s]
accuracy: 0.9534, accuracy3: 0.9643, loss: 116.7458 ||:  17%|#6        | 2/12 [00:00<00:03,  3.06it/s]
accuracy: 0.9531, accuracy3: 0.9629, loss: 124.4381 ||:  25%|##5       | 3/12 [00:01<00:03,  2.89it/s]
accuracy: 0.9573, accuracy3: 0.9656, loss: 117.7969 ||:  33%|###3      | 4/12 [00:01<00:02,  2.96it/s]
accuracy: 0.9573, accuracy3: 0.9656, loss: 117.2522 ||:  42%|####1     | 5/12 [00:01<00:02,  2.80it/s]
accuracy: 0.9586, accuracy3: 0.9675, loss: 112.8367 ||:  50%|#####     | 6/12 [00:02<00:02,  2.89it/s]
accuracy: 0.9591, accuracy3: 0.9685, loss: 110.8631 ||:  58%|#####8    | 7/12 [00:02<00:01,  3.14it/s]
accuracy: 0.9585, accuracy3: 0.9681, loss: 113.7143 ||:  67%|######6   | 8/12 [00:02<00:01,  3.17it/s]
accuracy: 0.9587, accuracy3: 0.9688, loss: 113.5729 ||:  75%|#######5  | 9/12 [00:02<00:00,  3.25it/s]
accuracy: 0.9602, accuracy3: 0.9699, loss: 111.4891 ||:  83%|########3 | 10/12 [00:03<00:00,  3.14it/s]
accuracy: 0.9610, accuracy3: 0.9703, loss: 111.3256 ||:  92%|#########1| 11/12 [00:03<00:00,  3.18it/s]
accuracy: 0.9610, accuracy3: 0.9707, loss: 109.7588 ||: 100%|##########| 12/12 [00:03<00:00,  2.97it/s]

  0%|          | 0/4 [00:00<?, ?it/s]
accuracy: 0.8428, accuracy3: 0.8913, loss: 311.2337 ||:  25%|##5       | 1/4 [00:00<00:00,  5.81it/s]
accuracy: 0.8535, accuracy3: 0.8997, loss: 275.7681 ||:  50%|#####     | 2/4 [00:00<00:00,  6.05it/s]
accuracy: 0.8552, accuracy3: 0.9031, loss: 291.2247 ||:  75%|#######5  | 3/4 [00:00<00:00,  5.97it/s]
accuracy: 0.8590, accuracy3: 0.9078, loss: 251.6974 ||: 100%|##########| 4/4 [00:00<00:00,  6.84it/s]

  0%|          | 0/12 [00:00<?, ?it/s]
accuracy: 0.9589, accuracy3: 0.9699, loss: 101.7660 ||:   8%|8         | 1/12 [00:00<00:03,  3.44it/s]
accuracy: 0.9599, accuracy3: 0.9717, loss: 114.9389 ||:  17%|#6        | 2/12 [00:00<00:02,  3.35it/s]
accuracy: 0.9656, accuracy3: 0.9752, loss: 109.1883 ||:  25%|##5       | 3/12 [00:00<00:02,  3.39it/s]
accuracy: 0.9612, accuracy3: 0.9714, loss: 111.0055 ||:  33%|###3      | 4/12 [00:01<00:02,  3.51it/s]
accuracy: 0.9623, accuracy3: 0.9731, loss: 109.1741 ||:  42%|####1     | 5/12 [00:01<00:02,  3.07it/s]
accuracy: 0.9613, accuracy3: 0.9716, loss: 107.9704 ||:  50%|#####     | 6/12 [00:01<00:01,  3.16it/s]
accuracy: 0.9611, accuracy3: 0.9707, loss: 106.5802 ||:  58%|#####8    | 7/12 [00:02<00:01,  3.05it/s]
accuracy: 0.9601, accuracy3: 0.9698, loss: 107.2551 ||:  67%|######6   | 8/12 [00:02<00:01,  3.09it/s]
accuracy: 0.9605, accuracy3: 0.9695, loss: 108.0762 ||:  75%|#######5  | 9/12 [00:02<00:01,  2.87it/s]
accuracy: 0.9607, accuracy3: 0.9700, loss: 106.7873 ||:  83%|########3 | 10/12 [00:03<00:00,  3.04it/s]
accuracy: 0.9615, accuracy3: 0.9709, loss: 105.2816 ||:  92%|#########1| 11/12 [00:03<00:00,  3.24it/s]
accuracy: 0.9621, accuracy3: 0.9714, loss: 104.6824 ||: 100%|##########| 12/12 [00:03<00:00,  3.15it/s]

  0%|          | 0/4 [00:00<?, ?it/s]
accuracy: 0.8478, accuracy3: 0.8946, loss: 307.9203 ||:  25%|##5       | 1/4 [00:00<00:00,  6.38it/s]
accuracy: 0.8561, accuracy3: 0.9006, loss: 273.1877 ||:  50%|#####     | 2/4 [00:00<00:00,  6.49it/s]
accuracy: 0.8575, accuracy3: 0.9037, loss: 289.3759 ||:  75%|#######5  | 3/4 [00:00<00:00,  6.25it/s]
accuracy: 0.8605, accuracy3: 0.9073, loss: 250.4063 ||: 100%|##########| 4/4 [00:00<00:00,  7.02it/s]

  0%|          | 0/12 [00:00<?, ?it/s]
accuracy: 0.9588, accuracy3: 0.9624, loss: 93.6681 ||:   8%|8         | 1/12 [00:00<00:03,  3.22it/s]
accuracy: 0.9556, accuracy3: 0.9605, loss: 111.8771 ||:  17%|#6        | 2/12 [00:00<00:03,  3.01it/s]
accuracy: 0.9612, accuracy3: 0.9647, loss: 109.7329 ||:  25%|##5       | 3/12 [00:01<00:02,  3.04it/s]
accuracy: 0.9604, accuracy3: 0.9655, loss: 109.1906 ||:  33%|###3      | 4/12 [00:01<00:02,  2.82it/s]
accuracy: 0.9628, accuracy3: 0.9689, loss: 102.6557 ||:  42%|####1     | 5/12 [00:01<00:02,  2.69it/s]
accuracy: 0.9607, accuracy3: 0.9688, loss: 105.0573 ||:  50%|#####     | 6/12 [00:02<00:02,  2.88it/s]
accuracy: 0.9607, accuracy3: 0.9689, loss: 104.9447 ||:  58%|#####8    | 7/12 [00:02<00:01,  3.07it/s]
accuracy: 0.9604, accuracy3: 0.9689, loss: 105.7806 ||:  67%|######6   | 8/12 [00:02<00:01,  3.11it/s]
accuracy: 0.9613, accuracy3: 0.9699, loss: 103.3464 ||:  75%|#######5  | 9/12 [00:02<00:00,  3.27it/s]
accuracy: 0.9622, accuracy3: 0.9713, loss: 101.4361 ||:  83%|########3 | 10/12 [00:03<00:00,  3.37it/s]
accuracy: 0.9621, accuracy3: 0.9714, loss: 103.2099 ||:  92%|#########1| 11/12 [00:03<00:00,  2.98it/s]
accuracy: 0.9627, accuracy3: 0.9718, loss: 100.5788 ||: 100%|##########| 12/12 [00:03<00:00,  3.21it/s]

  0%|          | 0/4 [00:00<?, ?it/s]
accuracy: 0.8495, accuracy3: 0.8963, loss: 307.3803 ||:  25%|##5       | 1/4 [00:00<00:00,  6.45it/s]
accuracy: 0.8553, accuracy3: 0.9006, loss: 272.5409 ||:  50%|#####     | 2/4 [00:00<00:00,  6.52it/s]
accuracy: 0.8569, accuracy3: 0.9037, loss: 288.6419 ||:  75%|#######5  | 3/4 [00:00<00:00,  6.24it/s]
accuracy: 0.8605, accuracy3: 0.9082, loss: 249.4279 ||: 100%|##########| 4/4 [00:00<00:00,  7.00it/s]

  0%|          | 0/12 [00:00<?, ?it/s]
accuracy: 0.9653, accuracy3: 0.9716, loss: 94.1091 ||:   8%|8         | 1/12 [00:00<00:04,  2.63it/s]
accuracy: 0.9658, accuracy3: 0.9713, loss: 96.7911 ||:  17%|#6        | 2/12 [00:00<00:03,  2.78it/s]
accuracy: 0.9674, accuracy3: 0.9742, loss: 95.9764 ||:  25%|##5       | 3/12 [00:00<00:03,  2.96it/s]
accuracy: 0.9679, accuracy3: 0.9733, loss: 98.9612 ||:  33%|###3      | 4/12 [00:01<00:02,  2.76it/s]
accuracy: 0.9678, accuracy3: 0.9734, loss: 97.6561 ||:  42%|####1     | 5/12 [00:01<00:02,  2.95it/s]
accuracy: 0.9676, accuracy3: 0.9733, loss: 97.0584 ||:  50%|#####     | 6/12 [00:01<00:01,  3.07it/s]
accuracy: 0.9677, accuracy3: 0.9741, loss: 94.4406 ||:  58%|#####8    | 7/12 [00:02<00:01,  3.27it/s]
accuracy: 0.9671, accuracy3: 0.9736, loss: 95.3528 ||:  67%|######6   | 8/12 [00:02<00:01,  3.24it/s]
accuracy: 0.9658, accuracy3: 0.9734, loss: 97.5959 ||:  75%|#######5  | 9/12 [00:02<00:00,  3.32it/s]
accuracy: 0.9663, accuracy3: 0.9735, loss: 96.9077 ||:  83%|########3 | 10/12 [00:03<00:00,  3.03it/s]
accuracy: 0.9638, accuracy3: 0.9725, loss: 98.3265 ||:  92%|#########1| 11/12 [00:03<00:00,  2.92it/s]
accuracy: 0.9631, accuracy3: 0.9724, loss: 96.9251 ||: 100%|##########| 12/12 [00:03<00:00,  3.20it/s]

  0%|          | 0/4 [00:00<?, ?it/s]
accuracy: 0.8512, accuracy3: 0.8980, loss: 305.3770 ||:  25%|##5       | 1/4 [00:00<00:00,  6.37it/s]
accuracy: 0.8588, accuracy3: 0.9041, loss: 271.0191 ||:  50%|#####     | 2/4 [00:00<00:00,  6.46it/s]
accuracy: 0.8591, accuracy3: 0.9059, loss: 287.8203 ||:  75%|#######5  | 3/4 [00:00<00:00,  6.15it/s]
accuracy: 0.8619, accuracy3: 0.9101, loss: 248.4975 ||: 100%|##########| 4/4 [00:00<00:00,  6.84it/s]

  0%|          | 0/12 [00:00<?, ?it/s]
accuracy: 0.9591, accuracy3: 0.9640, loss: 106.6934 ||:   8%|8         | 1/12 [00:00<00:03,  3.23it/s]
accuracy: 0.9584, accuracy3: 0.9663, loss: 105.7921 ||:  17%|#6        | 2/12 [00:00<00:03,  3.25it/s]
accuracy: 0.9594, accuracy3: 0.9673, loss: 105.1482 ||:  25%|##5       | 3/12 [00:00<00:02,  3.32it/s]
accuracy: 0.9631, accuracy3: 0.9710, loss: 98.3445 ||:  33%|###3      | 4/12 [00:01<00:02,  2.88it/s] 
accuracy: 0.9642, accuracy3: 0.9715, loss: 94.9674 ||:  42%|####1     | 5/12 [00:01<00:02,  2.87it/s]
accuracy: 0.9614, accuracy3: 0.9710, loss: 96.6817 ||:  50%|#####     | 6/12 [00:02<00:02,  2.98it/s]
accuracy: 0.9619, accuracy3: 0.9709, loss: 95.5755 ||:  58%|#####8    | 7/12 [00:02<00:01,  2.89it/s]
accuracy: 0.9635, accuracy3: 0.9726, loss: 92.9265 ||:  67%|######6   | 8/12 [00:02<00:01,  2.97it/s]
accuracy: 0.9632, accuracy3: 0.9724, loss: 94.0045 ||:  75%|#######5  | 9/12 [00:02<00:00,  3.14it/s]
accuracy: 0.9631, accuracy3: 0.9721, loss: 94.3807 ||:  83%|########3 | 10/12 [00:03<00:00,  2.83it/s]
accuracy: 0.9638, accuracy3: 0.9723, loss: 94.8604 ||:  92%|#########1| 11/12 [00:03<00:00,  2.86it/s]
accuracy: 0.9644, accuracy3: 0.9724, loss: 92.6509 ||: 100%|##########| 12/12 [00:03<00:00,  3.17it/s]

  0%|          | 0/4 [00:00<?, ?it/s]
accuracy: 0.8512, accuracy3: 0.8980, loss: 305.7955 ||:  25%|##5       | 1/4 [00:00<00:00,  6.33it/s]
accuracy: 0.8596, accuracy3: 0.9024, loss: 271.4023 ||:  50%|#####     | 2/4 [00:00<00:00,  6.39it/s]
accuracy: 0.8580, accuracy3: 0.9031, loss: 287.3391 ||:  75%|#######5  | 3/4 [00:00<00:00,  6.10it/s]
accuracy: 0.8614, accuracy3: 0.9078, loss: 248.6929 ||: 100%|##########| 4/4 [00:00<00:00,  6.81it/s]

  0%|          | 0/12 [00:00<?, ?it/s]
accuracy: 0.9602, accuracy3: 0.9709, loss: 91.3081 ||:   8%|8         | 1/12 [00:00<00:03,  3.26it/s]
accuracy: 0.9652, accuracy3: 0.9760, loss: 85.6888 ||:  17%|#6        | 2/12 [00:00<00:03,  3.20it/s]
accuracy: 0.9655, accuracy3: 0.9759, loss: 83.9579 ||:  25%|##5       | 3/12 [00:01<00:03,  2.97it/s]
accuracy: 0.9634, accuracy3: 0.9741, loss: 90.0542 ||:  33%|###3      | 4/12 [00:01<00:02,  3.10it/s]
accuracy: 0.9634, accuracy3: 0.9736, loss: 92.6863 ||:  42%|####1     | 5/12 [00:01<00:02,  3.18it/s]
accuracy: 0.9642, accuracy3: 0.9744, loss: 92.2206 ||:  50%|#####     | 6/12 [00:01<00:01,  3.25it/s]
accuracy: 0.9631, accuracy3: 0.9728, loss: 93.7237 ||:  58%|#####8    | 7/12 [00:02<00:01,  3.10it/s]
accuracy: 0.9644, accuracy3: 0.9733, loss: 92.2680 ||:  67%|######6   | 8/12 [00:02<00:01,  3.01it/s]
accuracy: 0.9640, accuracy3: 0.9727, loss: 91.1235 ||:  75%|#######5  | 9/12 [00:02<00:00,  3.16it/s]
accuracy: 0.9645, accuracy3: 0.9735, loss: 91.1197 ||:  83%|########3 | 10/12 [00:03<00:00,  2.97it/s]
accuracy: 0.9641, accuracy3: 0.9730, loss: 91.8041 ||:  92%|#########1| 11/12 [00:03<00:00,  3.13it/s]
accuracy: 0.9642, accuracy3: 0.9730, loss: 90.5057 ||: 100%|##########| 12/12 [00:03<00:00,  3.36it/s]

  0%|          | 0/4 [00:00<?, ?it/s]
accuracy: 0.8528, accuracy3: 0.8997, loss: 302.9755 ||:  25%|##5       | 1/4 [00:00<00:00,  6.32it/s]
accuracy: 0.8588, accuracy3: 0.9032, loss: 269.4423 ||:  50%|#####     | 2/4 [00:00<00:00,  6.44it/s]
accuracy: 0.8586, accuracy3: 0.9048, loss: 285.9422 ||:  75%|#######5  | 3/4 [00:00<00:00,  6.18it/s]
accuracy: 0.8614, accuracy3: 0.9087, loss: 246.6958 ||: 100%|##########| 4/4 [00:00<00:00,  6.91it/s]

  0%|          | 0/12 [00:00<?, ?it/s]
accuracy: 0.9617, accuracy3: 0.9652, loss: 98.8866 ||:   8%|8         | 1/12 [00:00<00:03,  3.35it/s]
accuracy: 0.9634, accuracy3: 0.9677, loss: 89.3753 ||:  17%|#6        | 2/12 [00:00<00:02,  3.43it/s]
accuracy: 0.9653, accuracy3: 0.9702, loss: 88.0953 ||:  25%|##5       | 3/12 [00:00<00:02,  3.09it/s]
accuracy: 0.9647, accuracy3: 0.9704, loss: 92.4804 ||:  33%|###3      | 4/12 [00:01<00:02,  3.14it/s]
accuracy: 0.9648, accuracy3: 0.9716, loss: 91.3983 ||:  42%|####1     | 5/12 [00:01<00:02,  3.32it/s]
accuracy: 0.9642, accuracy3: 0.9705, loss: 93.6600 ||:  50%|#####     | 6/12 [00:01<00:01,  3.06it/s]
accuracy: 0.9638, accuracy3: 0.9702, loss: 93.9812 ||:  58%|#####8    | 7/12 [00:02<00:01,  2.96it/s]
accuracy: 0.9650, accuracy3: 0.9716, loss: 91.4639 ||:  67%|######6   | 8/12 [00:02<00:01,  3.10it/s]
accuracy: 0.9655, accuracy3: 0.9716, loss: 88.8403 ||:  75%|#######5  | 9/12 [00:02<00:00,  3.03it/s]
accuracy: 0.9643, accuracy3: 0.9719, loss: 90.4603 ||:  83%|########3 | 10/12 [00:03<00:00,  2.99it/s]
accuracy: 0.9642, accuracy3: 0.9726, loss: 89.5997 ||:  92%|#########1| 11/12 [13:26<04:01, 241.31s/it]
accuracy: 0.9646, accuracy3: 0.9730, loss: 87.1826 ||: 100%|##########| 12/12 [13:27<00:00, 168.98s/it]

  0%|          | 0/4 [00:00<?, ?it/s]
accuracy: 0.8512, accuracy3: 0.8980, loss: 299.5434 ||:  25%|##5       | 1/4 [00:00<00:00,  6.21it/s]
accuracy: 0.8631, accuracy3: 0.9085, loss: 266.1459 ||:  50%|#####     | 2/4 [00:00<00:00,  6.34it/s]
accuracy: 0.8619, accuracy3: 0.9098, loss: 283.0618 ||:  75%|#######5  | 3/4 [00:00<00:00,  6.16it/s]
accuracy: 0.8642, accuracy3: 0.9125, loss: 244.7537 ||: 100%|##########| 4/4 [00:00<00:00,  6.95it/s]

  0%|          | 0/12 [00:00<?, ?it/s]
accuracy: 0.9610, accuracy3: 0.9740, loss: 82.2549 ||:   8%|8         | 1/12 [00:00<00:05,  2.20it/s]
accuracy: 0.9691, accuracy3: 0.9766, loss: 77.5798 ||:  17%|#6        | 2/12 [00:00<00:04,  2.48it/s]
accuracy: 0.9660, accuracy3: 0.9730, loss: 86.2736 ||:  25%|##5       | 3/12 [00:01<00:03,  2.49it/s]
accuracy: 0.9665, accuracy3: 0.9738, loss: 86.4441 ||:  33%|###3      | 4/12 [00:01<00:02,  2.70it/s]
accuracy: 0.9667, accuracy3: 0.9745, loss: 85.2055 ||:  42%|####1     | 5/12 [00:01<00:02,  2.88it/s]
accuracy: 0.9664, accuracy3: 0.9752, loss: 84.6622 ||:  50%|#####     | 6/12 [00:02<00:02,  2.89it/s]
accuracy: 0.9668, accuracy3: 0.9747, loss: 83.6184 ||:  58%|#####8    | 7/12 [00:02<00:01,  2.69it/s]
accuracy: 0.9670, accuracy3: 0.9745, loss: 85.2963 ||:  67%|######6   | 8/12 [00:02<00:01,  2.80it/s]
accuracy: 0.9657, accuracy3: 0.9735, loss: 87.4402 ||:  75%|#######5  | 9/12 [00:03<00:00,  3.05it/s]
accuracy: 0.9656, accuracy3: 0.9736, loss: 87.2531 ||:  83%|########3 | 10/12 [00:03<00:00,  3.27it/s]
accuracy: 0.9654, accuracy3: 0.9731, loss: 86.6866 ||:  92%|#########1| 11/12 [00:03<00:00,  3.34it/s]
accuracy: 0.9663, accuracy3: 0.9740, loss: 84.3565 ||: 100%|##########| 12/12 [00:03<00:00,  3.55it/s]

  0%|          | 0/4 [00:00<?, ?it/s]
accuracy: 0.8528, accuracy3: 0.8980, loss: 301.6133 ||:  25%|##5       | 1/4 [00:00<00:00,  6.72it/s]
accuracy: 0.8588, accuracy3: 0.9006, loss: 268.5203 ||:  50%|#####     | 2/4 [00:00<00:00,  6.82it/s]
accuracy: 0.8580, accuracy3: 0.9026, loss: 285.5656 ||:  75%|#######5  | 3/4 [00:00<00:00,  6.56it/s]
accuracy: 0.8619, accuracy3: 0.9078, loss: 246.4418 ||: 100%|##########| 4/4 [00:00<00:00,  7.36it/s]

  0%|          | 0/12 [00:00<?, ?it/s]
accuracy: 0.9624, accuracy3: 0.9778, loss: 82.3404 ||:   8%|8         | 1/12 [00:00<00:04,  2.47it/s]
accuracy: 0.9563, accuracy3: 0.9698, loss: 98.7987 ||:  17%|#6        | 2/12 [00:00<00:03,  2.70it/s]
accuracy: 0.9543, accuracy3: 0.9655, loss: 102.9769 ||:  25%|##5       | 3/12 [00:00<00:03,  2.95it/s]
accuracy: 0.9604, accuracy3: 0.9700, loss: 92.3036 ||:  33%|###3      | 4/12 [00:01<00:02,  3.13it/s] 
accuracy: 0.9600, accuracy3: 0.9691, loss: 91.9526 ||:  42%|####1     | 5/12 [00:01<00:02,  3.17it/s]
accuracy: 0.9623, accuracy3: 0.9701, loss: 89.5686 ||:  50%|#####     | 6/12 [00:01<00:01,  3.30it/s]
accuracy: 0.9629, accuracy3: 0.9707, loss: 87.2070 ||:  58%|#####8    | 7/12 [00:02<00:01,  3.39it/s]
accuracy: 0.9644, accuracy3: 0.9720, loss: 86.0035 ||:  67%|######6   | 8/12 [00:02<00:01,  3.13it/s]
accuracy: 0.9643, accuracy3: 0.9724, loss: 87.0262 ||:  75%|#######5  | 9/12 [00:02<00:00,  3.17it/s]
accuracy: 0.9655, accuracy3: 0.9734, loss: 82.7221 ||:  83%|########3 | 10/12 [00:03<00:00,  3.44it/s]
accuracy: 0.9651, accuracy3: 0.9729, loss: 83.8380 ||:  92%|#########1| 11/12 [00:03<00:00,  3.18it/s]
accuracy: 0.9660, accuracy3: 0.9734, loss: 82.3346 ||: 100%|##########| 12/12 [00:03<00:00,  3.41it/s]

  0%|          | 0/4 [00:00<?, ?it/s]
accuracy: 0.8512, accuracy3: 0.8963, loss: 298.9688 ||:  25%|##5       | 1/4 [00:00<00:00,  6.72it/s]
accuracy: 0.8579, accuracy3: 0.8997, loss: 266.7012 ||:  50%|#####     | 2/4 [00:00<00:00,  6.65it/s]
accuracy: 0.8569, accuracy3: 0.9020, loss: 283.3151 ||:  75%|#######5  | 3/4 [00:00<00:00,  6.37it/s]
accuracy: 0.8609, accuracy3: 0.9068, loss: 244.5028 ||: 100%|##########| 4/4 [00:00<00:00,  6.97it/s]

  0%|          | 0/12 [00:00<?, ?it/s]
accuracy: 0.9507, accuracy3: 0.9637, loss: 114.8973 ||:   8%|8         | 1/12 [00:00<00:05,  2.07it/s]
accuracy: 0.9585, accuracy3: 0.9691, loss: 94.9054 ||:  17%|#6        | 2/12 [00:00<00:04,  2.34it/s] 
accuracy: 0.9614, accuracy3: 0.9713, loss: 84.2740 ||:  25%|##5       | 3/12 [00:01<00:03,  2.59it/s]
accuracy: 0.9606, accuracy3: 0.9686, loss: 82.1636 ||:  33%|###3      | 4/12 [00:01<00:02,  2.91it/s]
accuracy: 0.9619, accuracy3: 0.9695, loss: 79.8064 ||:  42%|####1     | 5/12 [00:01<00:02,  2.90it/s]
accuracy: 0.9633, accuracy3: 0.9702, loss: 77.9582 ||:  50%|#####     | 6/12 [00:01<00:01,  3.10it/s]
accuracy: 0.9623, accuracy3: 0.9692, loss: 82.8255 ||:  58%|#####8    | 7/12 [00:02<00:01,  3.11it/s]
accuracy: 0.9630, accuracy3: 0.9708, loss: 81.3712 ||:  67%|######6   | 8/12 [00:02<00:01,  3.03it/s]
accuracy: 0.9647, accuracy3: 0.9724, loss: 80.8164 ||:  75%|#######5  | 9/12 [00:02<00:00,  3.10it/s]
accuracy: 0.9654, accuracy3: 0.9731, loss: 80.1178 ||:  83%|########3 | 10/12 [00:03<00:00,  3.22it/s]
accuracy: 0.9658, accuracy3: 0.9739, loss: 79.6747 ||:  92%|#########1| 11/12 [00:03<00:00,  3.31it/s]
accuracy: 0.9648, accuracy3: 0.9729, loss: 79.9597 ||: 100%|##########| 12/12 [00:03<00:00,  3.31it/s]

  0%|          | 0/4 [00:00<?, ?it/s]
accuracy: 0.8528, accuracy3: 0.8997, loss: 299.1764 ||:  25%|##5       | 1/4 [00:00<00:00,  6.58it/s]
accuracy: 0.8596, accuracy3: 0.9050, loss: 266.4332 ||:  50%|#####     | 2/4 [00:00<00:00,  6.68it/s]
accuracy: 0.8591, accuracy3: 0.9070, loss: 283.7136 ||:  75%|#######5  | 3/4 [00:00<00:00,  6.45it/s]
accuracy: 0.8623, accuracy3: 0.9106, loss: 244.2840 ||: 100%|##########| 4/4 [00:00<00:00,  7.22it/s]

  0%|          | 0/12 [00:00<?, ?it/s]
accuracy: 0.9706, accuracy3: 0.9739, loss: 73.5274 ||:   8%|8         | 1/12 [00:00<00:04,  2.37it/s]
accuracy: 0.9665, accuracy3: 0.9714, loss: 78.2845 ||:  17%|#6        | 2/12 [00:00<00:03,  2.61it/s]
accuracy: 0.9661, accuracy3: 0.9732, loss: 79.4729 ||:  25%|##5       | 3/12 [00:00<00:03,  2.91it/s]
accuracy: 0.9674, accuracy3: 0.9740, loss: 76.2961 ||:  33%|###3      | 4/12 [00:01<00:02,  3.09it/s]
accuracy: 0.9647, accuracy3: 0.9725, loss: 81.2907 ||:  42%|####1     | 5/12 [00:01<00:02,  3.23it/s]
accuracy: 0.9624, accuracy3: 0.9712, loss: 81.9076 ||:  50%|#####     | 6/12 [00:01<00:01,  3.05it/s]
accuracy: 0.9633, accuracy3: 0.9721, loss: 81.9194 ||:  58%|#####8    | 7/12 [00:02<00:01,  3.01it/s]
accuracy: 0.9634, accuracy3: 0.9722, loss: 80.7446 ||:  67%|######6   | 8/12 [00:02<00:01,  2.76it/s]
accuracy: 0.9644, accuracy3: 0.9732, loss: 80.4011 ||:  75%|#######5  | 9/12 [00:02<00:01,  2.84it/s]
accuracy: 0.9637, accuracy3: 0.9718, loss: 81.5978 ||:  83%|########3 | 10/12 [00:03<00:00,  3.09it/s]
accuracy: 0.9644, accuracy3: 0.9721, loss: 80.2873 ||:  92%|#########1| 11/12 [00:03<00:00,  3.28it/s]
accuracy: 0.9653, accuracy3: 0.9726, loss: 78.2720 ||: 100%|##########| 12/12 [00:03<00:00,  3.50it/s]

  0%|          | 0/4 [00:00<?, ?it/s]
accuracy: 0.8512, accuracy3: 0.8980, loss: 299.4261 ||:  25%|##5       | 1/4 [00:00<00:00,  6.56it/s]
accuracy: 0.8596, accuracy3: 0.9006, loss: 267.1405 ||:  50%|#####     | 2/4 [00:00<00:00,  6.66it/s]
accuracy: 0.8591, accuracy3: 0.9031, loss: 284.6117 ||:  75%|#######5  | 3/4 [00:00<00:00,  6.43it/s]
accuracy: 0.8628, accuracy3: 0.9073, loss: 246.2625 ||: 100%|##########| 4/4 [00:00<00:00,  7.22it/s]

  0%|          | 0/12 [00:00<?, ?it/s]
accuracy: 0.9668, accuracy3: 0.9747, loss: 77.4804 ||:   8%|8         | 1/12 [00:00<00:04,  2.33it/s]
accuracy: 0.9677, accuracy3: 0.9770, loss: 65.6113 ||:  17%|#6        | 2/12 [00:00<00:03,  2.65it/s]
accuracy: 0.9679, accuracy3: 0.9762, loss: 69.8142 ||:  25%|##5       | 3/12 [00:01<00:03,  2.75it/s]
accuracy: 0.9648, accuracy3: 0.9740, loss: 71.4302 ||:  33%|###3      | 4/12 [00:01<00:02,  3.00it/s]
accuracy: 0.9658, accuracy3: 0.9746, loss: 72.0350 ||:  42%|####1     | 5/12 [00:01<00:02,  3.15it/s]
accuracy: 0.9630, accuracy3: 0.9727, loss: 77.5456 ||:  50%|#####     | 6/12 [00:01<00:01,  3.22it/s]
accuracy: 0.9636, accuracy3: 0.9730, loss: 76.5223 ||:  58%|#####8    | 7/12 [00:02<00:01,  3.27it/s]
accuracy: 0.9647, accuracy3: 0.9735, loss: 77.2130 ||:  67%|######6   | 8/12 [00:02<00:01,  2.95it/s]
accuracy: 0.9651, accuracy3: 0.9741, loss: 76.0681 ||:  75%|#######5  | 9/12 [00:02<00:01,  2.99it/s]
accuracy: 0.9657, accuracy3: 0.9738, loss: 74.7652 ||:  83%|########3 | 10/12 [00:03<00:00,  3.10it/s]
accuracy: 0.9665, accuracy3: 0.9744, loss: 73.8264 ||:  92%|#########1| 11/12 [00:03<00:00,  2.96it/s]
accuracy: 0.9653, accuracy3: 0.9732, loss: 76.1091 ||: 100%|##########| 12/12 [00:03<00:00,  3.27it/s]

  0%|          | 0/4 [00:00<?, ?it/s]
accuracy: 0.8528, accuracy3: 0.8997, loss: 297.7837 ||:  25%|##5       | 1/4 [00:00<00:00,  6.43it/s]
accuracy: 0.8579, accuracy3: 0.9024, loss: 266.1342 ||:  50%|#####     | 2/4 [00:00<00:00,  6.57it/s]
accuracy: 0.8575, accuracy3: 0.9042, loss: 283.4031 ||:  75%|#######5  | 3/4 [00:00<00:00,  6.37it/s]
accuracy: 0.8614, accuracy3: 0.9087, loss: 244.1652 ||: 100%|##########| 4/4 [00:00<00:00,  7.19it/s]

  0%|          | 0/12 [00:00<?, ?it/s]
accuracy: 0.9595, accuracy3: 0.9667, loss: 95.7631 ||:   8%|8         | 1/12 [00:00<00:05,  2.13it/s]
accuracy: 0.9660, accuracy3: 0.9722, loss: 73.6167 ||:  17%|#6        | 2/12 [00:00<00:04,  2.42it/s]
accuracy: 0.9672, accuracy3: 0.9744, loss: 75.8386 ||:  25%|##5       | 3/12 [00:01<00:03,  2.68it/s]
accuracy: 0.9661, accuracy3: 0.9738, loss: 76.6412 ||:  33%|###3      | 4/12 [00:01<00:02,  2.93it/s]
accuracy: 0.9668, accuracy3: 0.9747, loss: 73.7322 ||:  42%|####1     | 5/12 [00:01<00:02,  3.11it/s]
accuracy: 0.9679, accuracy3: 0.9754, loss: 74.2044 ||:  50%|#####     | 6/12 [00:01<00:01,  3.21it/s]
accuracy: 0.9685, accuracy3: 0.9754, loss: 72.5786 ||:  58%|#####8    | 7/12 [00:02<00:01,  3.40it/s]
accuracy: 0.9676, accuracy3: 0.9744, loss: 73.5051 ||:  67%|######6   | 8/12 [00:02<00:01,  3.48it/s]
accuracy: 0.9671, accuracy3: 0.9745, loss: 72.9601 ||:  75%|#######5  | 9/12 [00:02<00:00,  3.34it/s]
accuracy: 0.9665, accuracy3: 0.9738, loss: 73.2356 ||:  83%|########3 | 10/12 [00:03<00:00,  3.07it/s]
accuracy: 0.9667, accuracy3: 0.9737, loss: 74.3807 ||:  92%|#########1| 11/12 [00:03<00:00,  3.01it/s]
accuracy: 0.9657, accuracy3: 0.9729, loss: 74.5821 ||: 100%|##########| 12/12 [00:03<00:00,  3.26it/s]

  0%|          | 0/4 [00:00<?, ?it/s]
accuracy: 0.8528, accuracy3: 0.9013, loss: 298.6033 ||:  25%|##5       | 1/4 [00:00<00:00,  6.37it/s]
accuracy: 0.8631, accuracy3: 0.9067, loss: 266.4996 ||:  50%|#####     | 2/4 [00:00<00:00,  6.45it/s]
accuracy: 0.8614, accuracy3: 0.9070, loss: 283.7435 ||:  75%|#######5  | 3/4 [00:00<00:00,  6.22it/s]
accuracy: 0.8638, accuracy3: 0.9111, loss: 245.2104 ||: 100%|##########| 4/4 [00:00<00:00,  6.97it/s]

  0%|          | 0/12 [00:00<?, ?it/s]
accuracy: 0.9661, accuracy3: 0.9735, loss: 95.4107 ||:   8%|8         | 1/12 [00:00<00:04,  2.21it/s]
accuracy: 0.9677, accuracy3: 0.9767, loss: 84.5104 ||:  17%|#6        | 2/12 [00:00<00:04,  2.39it/s]
accuracy: 0.9671, accuracy3: 0.9768, loss: 73.4233 ||:  25%|##5       | 3/12 [00:01<00:03,  2.70it/s]
accuracy: 0.9682, accuracy3: 0.9765, loss: 73.5711 ||:  33%|###3      | 4/12 [00:01<00:02,  2.67it/s]
accuracy: 0.9654, accuracy3: 0.9724, loss: 80.3227 ||:  42%|####1     | 5/12 [00:01<00:02,  2.66it/s]
accuracy: 0.9669, accuracy3: 0.9736, loss: 74.6067 ||:  50%|#####     | 6/12 [00:02<00:02,  2.92it/s]
accuracy: 0.9654, accuracy3: 0.9728, loss: 76.5842 ||:  58%|#####8    | 7/12 [00:02<00:01,  3.06it/s]
accuracy: 0.9664, accuracy3: 0.9733, loss: 74.5777 ||:  67%|######6   | 8/12 [00:02<00:01,  2.84it/s]
accuracy: 0.9682, accuracy3: 0.9748, loss: 72.1868 ||:  75%|#######5  | 9/12 [00:03<00:01,  3.00it/s]
accuracy: 0.9669, accuracy3: 0.9743, loss: 73.0258 ||:  83%|########3 | 10/12 [00:03<00:00,  3.09it/s]
accuracy: 0.9659, accuracy3: 0.9731, loss: 73.8014 ||:  92%|#########1| 11/12 [00:03<00:00,  3.24it/s]
accuracy: 0.9653, accuracy3: 0.9729, loss: 73.5136 ||: 100%|##########| 12/12 [00:03<00:00,  3.28it/s]

  0%|          | 0/4 [00:00<?, ?it/s]
accuracy: 0.8528, accuracy3: 0.8997, loss: 296.6210 ||:  25%|##5       | 1/4 [00:00<00:00,  6.64it/s]
accuracy: 0.8579, accuracy3: 0.9015, loss: 265.2633 ||:  50%|#####     | 2/4 [00:00<00:00,  6.72it/s]
accuracy: 0.8575, accuracy3: 0.9042, loss: 282.3242 ||:  75%|#######5  | 3/4 [00:00<00:00,  6.41it/s]
accuracy: 0.8609, accuracy3: 0.9082, loss: 243.1265 ||: 100%|##########| 4/4 [00:00<00:00,  7.11it/s]

  0%|          | 0/12 [00:00<?, ?it/s]
accuracy: 0.9540, accuracy3: 0.9608, loss: 87.5475 ||:   8%|8         | 1/12 [00:00<00:05,  2.18it/s]
accuracy: 0.9663, accuracy3: 0.9702, loss: 79.9170 ||:  17%|#6        | 2/12 [00:00<00:04,  2.41it/s]
accuracy: 0.9650, accuracy3: 0.9696, loss: 82.3138 ||:  25%|##5       | 3/12 [00:01<00:03,  2.60it/s]
accuracy: 0.9658, accuracy3: 0.9712, loss: 84.2558 ||:  33%|###3      | 4/12 [00:01<00:02,  2.80it/s]
accuracy: 0.9652, accuracy3: 0.9715, loss: 81.4008 ||:  42%|####1     | 5/12 [00:01<00:02,  3.08it/s]
accuracy: 0.9651, accuracy3: 0.9719, loss: 81.0724 ||:  50%|#####     | 6/12 [00:01<00:01,  3.02it/s]
accuracy: 0.9651, accuracy3: 0.9713, loss: 80.2760 ||:  58%|#####8    | 7/12 [00:02<00:01,  3.10it/s]
accuracy: 0.9661, accuracy3: 0.9723, loss: 77.6997 ||:  67%|######6   | 8/12 [00:02<00:01,  3.00it/s]
accuracy: 0.9660, accuracy3: 0.9723, loss: 77.0234 ||:  75%|#######5  | 9/12 [00:02<00:00,  3.22it/s]
accuracy: 0.9662, accuracy3: 0.9728, loss: 76.0153 ||:  83%|########3 | 10/12 [00:03<00:00,  3.32it/s]
accuracy: 0.9657, accuracy3: 0.9731, loss: 74.9164 ||:  92%|#########1| 11/12 [00:03<00:00,  3.43it/s]
accuracy: 0.9665, accuracy3: 0.9739, loss: 72.2470 ||: 100%|##########| 12/12 [00:03<00:00,  3.64it/s]

  0%|          | 0/4 [00:00<?, ?it/s]
accuracy: 0.8512, accuracy3: 0.8980, loss: 296.1297 ||:  25%|##5       | 1/4 [00:00<00:00,  6.43it/s]
accuracy: 0.8588, accuracy3: 0.9015, loss: 264.9086 ||:  50%|#####     | 2/4 [00:00<00:00,  6.52it/s]
accuracy: 0.8580, accuracy3: 0.9031, loss: 282.6987 ||:  75%|#######5  | 3/4 [00:00<00:00,  6.29it/s]
accuracy: 0.8614, accuracy3: 0.9073, loss: 243.8756 ||: 100%|##########| 4/4 [00:00<00:00,  6.99it/s]

  0%|          | 0/12 [00:00<?, ?it/s]
accuracy: 0.9746, accuracy3: 0.9819, loss: 53.9218 ||:   8%|8         | 1/12 [00:00<00:04,  2.41it/s]
accuracy: 0.9771, accuracy3: 0.9822, loss: 55.9741 ||:  17%|#6        | 2/12 [00:00<00:03,  2.61it/s]
accuracy: 0.9706, accuracy3: 0.9744, loss: 72.1025 ||:  25%|##5       | 3/12 [00:01<00:03,  2.58it/s]
accuracy: 0.9686, accuracy3: 0.9733, loss: 77.3115 ||:  33%|###3      | 4/12 [00:01<00:03,  2.65it/s]
accuracy: 0.9695, accuracy3: 0.9756, loss: 73.1741 ||:  42%|####1     | 5/12 [00:01<00:02,  2.83it/s]
accuracy: 0.9708, accuracy3: 0.9764, loss: 71.4045 ||:  50%|#####     | 6/12 [00:02<00:02,  2.89it/s]
accuracy: 0.9702, accuracy3: 0.9758, loss: 73.2092 ||:  58%|#####8    | 7/12 [00:02<00:01,  3.02it/s]
accuracy: 0.9705, accuracy3: 0.9770, loss: 72.1859 ||:  67%|######6   | 8/12 [00:02<00:01,  2.78it/s]
accuracy: 0.9684, accuracy3: 0.9754, loss: 73.0281 ||:  75%|#######5  | 9/12 [00:03<00:01,  2.92it/s]
accuracy: 0.9675, accuracy3: 0.9746, loss: 72.5320 ||:  83%|########3 | 10/12 [00:03<00:00,  3.12it/s]
accuracy: 0.9679, accuracy3: 0.9751, loss: 70.0712 ||:  92%|#########1| 11/12 [00:03<00:00,  3.25it/s]
accuracy: 0.9671, accuracy3: 0.9740, loss: 70.3541 ||: 100%|##########| 12/12 [00:03<00:00,  3.48it/s]

  0%|          | 0/4 [00:00<?, ?it/s]
accuracy: 0.8545, accuracy3: 0.8997, loss: 296.0966 ||:  25%|##5       | 1/4 [00:00<00:00,  6.25it/s]
accuracy: 0.8605, accuracy3: 0.9024, loss: 265.1186 ||:  50%|#####     | 2/4 [00:00<00:00,  6.30it/s]
accuracy: 0.8597, accuracy3: 0.9042, loss: 282.4148 ||:  75%|#######5  | 3/4 [00:00<00:00,  6.09it/s]
accuracy: 0.8633, accuracy3: 0.9087, loss: 243.3174 ||: 100%|##########| 4/4 [00:00<00:00,  6.83it/s]

  0%|          | 0/12 [00:00<?, ?it/s]
accuracy: 0.9755, accuracy3: 0.9770, loss: 58.2888 ||:   8%|8         | 1/12 [00:00<00:05,  2.20it/s]
accuracy: 0.9710, accuracy3: 0.9749, loss: 62.4837 ||:  17%|#6        | 2/12 [00:00<00:04,  2.42it/s]
accuracy: 0.9703, accuracy3: 0.9756, loss: 62.5784 ||:  25%|##5       | 3/12 [00:01<00:03,  2.62it/s]
accuracy: 0.9682, accuracy3: 0.9725, loss: 67.1673 ||:  33%|###3      | 4/12 [00:01<00:02,  2.80it/s]
accuracy: 0.9660, accuracy3: 0.9707, loss: 69.9921 ||:  42%|####1     | 5/12 [00:01<00:02,  2.95it/s]
accuracy: 0.9678, accuracy3: 0.9724, loss: 67.5715 ||:  50%|#####     | 6/12 [00:01<00:01,  3.05it/s]
accuracy: 0.9666, accuracy3: 0.9722, loss: 68.9622 ||:  58%|#####8    | 7/12 [00:02<00:01,  3.19it/s]
accuracy: 0.9650, accuracy3: 0.9716, loss: 71.0614 ||:  67%|######6   | 8/12 [00:02<00:01,  2.88it/s]
accuracy: 0.9659, accuracy3: 0.9727, loss: 71.3416 ||:  75%|#######5  | 9/12 [00:02<00:00,  3.03it/s]
accuracy: 0.9666, accuracy3: 0.9734, loss: 70.3467 ||:  83%|########3 | 10/12 [00:03<00:00,  3.14it/s]
accuracy: 0.9658, accuracy3: 0.9730, loss: 71.4692 ||:  92%|#########1| 11/12 [00:03<00:00,  2.95it/s]
accuracy: 0.9663, accuracy3: 0.9736, loss: 68.8424 ||: 100%|##########| 12/12 [00:03<00:00,  3.15it/s]

  0%|          | 0/4 [00:00<?, ?it/s]
accuracy: 0.8545, accuracy3: 0.8997, loss: 297.4546 ||:  25%|##5       | 1/4 [00:00<00:00,  6.30it/s]
accuracy: 0.8605, accuracy3: 0.9024, loss: 266.3316 ||:  50%|#####     | 2/4 [00:00<00:00,  6.41it/s]
accuracy: 0.8591, accuracy3: 0.9037, loss: 283.9039 ||:  75%|#######5  | 3/4 [00:00<00:00,  6.18it/s]
accuracy: 0.8623, accuracy3: 0.9082, loss: 244.8967 ||: 100%|##########| 4/4 [00:00<00:00,  6.97it/s]

  0%|          | 0/12 [00:00<?, ?it/s]
accuracy: 0.9642, accuracy3: 0.9744, loss: 74.6378 ||:   8%|8         | 1/12 [00:00<00:04,  2.61it/s]
accuracy: 0.9667, accuracy3: 0.9744, loss: 63.7484 ||:  17%|#6        | 2/12 [00:00<00:03,  2.87it/s]
accuracy: 0.9699, accuracy3: 0.9776, loss: 63.5839 ||:  25%|##5       | 3/12 [00:01<00:03,  2.84it/s]
accuracy: 0.9683, accuracy3: 0.9759, loss: 67.3377 ||:  33%|###3      | 4/12 [00:01<00:02,  2.91it/s]
accuracy: 0.9668, accuracy3: 0.9745, loss: 69.9951 ||:  42%|####1     | 5/12 [00:01<00:02,  3.03it/s]
accuracy: 0.9675, accuracy3: 0.9755, loss: 68.9933 ||:  50%|#####     | 6/12 [00:01<00:01,  3.12it/s]
accuracy: 0.9668, accuracy3: 0.9742, loss: 68.9238 ||:  58%|#####8    | 7/12 [00:02<00:01,  2.72it/s]
accuracy: 0.9654, accuracy3: 0.9727, loss: 71.9929 ||:  67%|######6   | 8/12 [00:02<00:01,  2.91it/s]
accuracy: 0.9646, accuracy3: 0.9718, loss: 71.6270 ||:  75%|#######5  | 9/12 [00:03<00:01,  2.78it/s]
accuracy: 0.9661, accuracy3: 0.9731, loss: 69.8512 ||:  83%|########3 | 10/12 [00:03<00:00,  2.85it/s]
accuracy: 0.9666, accuracy3: 0.9737, loss: 68.3933 ||:  92%|#########1| 11/12 [00:03<00:00,  3.01it/s]
accuracy: 0.9665, accuracy3: 0.9737, loss: 68.4368 ||: 100%|##########| 12/12 [00:03<00:00,  3.21it/s]

  0%|          | 0/4 [00:00<?, ?it/s]
accuracy: 0.8545, accuracy3: 0.9013, loss: 297.1744 ||:  25%|##5       | 1/4 [00:00<00:00,  6.16it/s]
accuracy: 0.8605, accuracy3: 0.9032, loss: 266.2269 ||:  50%|#####     | 2/4 [00:00<00:00,  6.25it/s]
accuracy: 0.8586, accuracy3: 0.9042, loss: 283.9276 ||:  75%|#######5  | 3/4 [00:00<00:00,  6.07it/s]
accuracy: 0.8623, accuracy3: 0.9082, loss: 244.2094 ||: 100%|##########| 4/4 [00:00<00:00,  6.76it/s]

  0%|          | 0/12 [00:00<?, ?it/s]
accuracy: 0.9651, accuracy3: 0.9667, loss: 63.9088 ||:   8%|8         | 1/12 [00:00<00:03,  3.28it/s]
accuracy: 0.9666, accuracy3: 0.9750, loss: 63.8478 ||:  17%|#6        | 2/12 [00:00<00:02,  3.40it/s]
accuracy: 0.9668, accuracy3: 0.9755, loss: 63.1274 ||:  25%|##5       | 3/12 [00:00<00:02,  3.41it/s]
accuracy: 0.9653, accuracy3: 0.9738, loss: 68.2651 ||:  33%|###3      | 4/12 [00:01<00:02,  3.39it/s]
accuracy: 0.9648, accuracy3: 0.9729, loss: 68.2769 ||:  42%|####1     | 5/12 [00:01<00:02,  3.14it/s]
accuracy: 0.9653, accuracy3: 0.9729, loss: 67.2048 ||:  50%|#####     | 6/12 [00:01<00:02,  2.82it/s]
accuracy: 0.9637, accuracy3: 0.9717, loss: 70.4712 ||:  58%|#####8    | 7/12 [00:02<00:01,  2.89it/s]
accuracy: 0.9650, accuracy3: 0.9724, loss: 68.5331 ||:  67%|######6   | 8/12 [00:02<00:01,  2.96it/s]
accuracy: 0.9665, accuracy3: 0.9736, loss: 67.0585 ||:  75%|#######5  | 9/12 [00:02<00:00,  3.05it/s]
accuracy: 0.9671, accuracy3: 0.9742, loss: 66.3883 ||:  83%|########3 | 10/12 [00:03<00:00,  3.08it/s]
accuracy: 0.9668, accuracy3: 0.9737, loss: 66.5801 ||:  92%|#########1| 11/12 [00:03<00:00,  2.96it/s]
accuracy: 0.9661, accuracy3: 0.9734, loss: 66.8101 ||: 100%|##########| 12/12 [00:03<00:00,  3.18it/s]

  0%|          | 0/4 [00:00<?, ?it/s]
accuracy: 0.8528, accuracy3: 0.8997, loss: 296.1962 ||:  25%|##5       | 1/4 [00:00<00:00,  6.19it/s]
accuracy: 0.8631, accuracy3: 0.9058, loss: 265.1196 ||:  50%|#####     | 2/4 [00:00<00:00,  6.38it/s]
accuracy: 0.8614, accuracy3: 0.9065, loss: 282.1272 ||:  75%|#######5  | 3/4 [00:00<00:00,  5.99it/s]
accuracy: 0.8638, accuracy3: 0.9101, loss: 243.6088 ||: 100%|##########| 4/4 [00:00<00:00,  6.73it/s]

  0%|          | 0/12 [00:00<?, ?it/s]
accuracy: 0.9732, accuracy3: 0.9776, loss: 62.6733 ||:   8%|8         | 1/12 [00:00<00:03,  3.00it/s]
accuracy: 0.9681, accuracy3: 0.9757, loss: 60.5103 ||:  17%|#6        | 2/12 [00:00<00:03,  3.23it/s]
accuracy: 0.9691, accuracy3: 0.9752, loss: 63.3966 ||:  25%|##5       | 3/12 [00:00<00:02,  3.26it/s]
accuracy: 0.9696, accuracy3: 0.9757, loss: 63.1809 ||:  33%|###3      | 4/12 [00:01<00:02,  3.15it/s]
accuracy: 0.9699, accuracy3: 0.9761, loss: 64.1315 ||:  42%|####1     | 5/12 [00:01<00:02,  2.87it/s]
accuracy: 0.9707, accuracy3: 0.9764, loss: 63.0828 ||:  50%|#####     | 6/12 [00:02<00:02,  2.82it/s]
accuracy: 0.9709, accuracy3: 0.9768, loss: 64.3316 ||:  58%|#####8    | 7/12 [00:02<00:01,  2.94it/s]
accuracy: 0.9686, accuracy3: 0.9751, loss: 65.7689 ||:  67%|######6   | 8/12 [00:02<00:01,  3.09it/s]
accuracy: 0.9680, accuracy3: 0.9745, loss: 66.4832 ||:  75%|#######5  | 9/12 [00:02<00:00,  3.18it/s]
accuracy: 0.9676, accuracy3: 0.9742, loss: 66.4067 ||:  83%|########3 | 10/12 [00:03<00:00,  3.06it/s]
accuracy: 0.9675, accuracy3: 0.9736, loss: 66.7363 ||:  92%|#########1| 11/12 [00:03<00:00,  2.98it/s]
accuracy: 0.9675, accuracy3: 0.9740, loss: 65.8209 ||: 100%|##########| 12/12 [00:03<00:00,  3.20it/s]

  0%|          | 0/4 [00:00<?, ?it/s]
accuracy: 0.8562, accuracy3: 0.9013, loss: 296.7498 ||:  25%|##5       | 1/4 [00:00<00:00,  4.64it/s]
accuracy: 0.8622, accuracy3: 0.9032, loss: 266.7418 ||:  50%|#####     | 2/4 [00:00<00:00,  5.10it/s]
accuracy: 0.8597, accuracy3: 0.9037, loss: 284.4950 ||:  75%|#######5  | 3/4 [00:00<00:00,  5.25it/s]
accuracy: 0.8628, accuracy3: 0.9082, loss: 245.0530 ||: 100%|##########| 4/4 [00:00<00:00,  6.26it/s]

  0%|          | 0/12 [00:00<?, ?it/s]
accuracy: 0.9768, accuracy3: 0.9821, loss: 53.6633 ||:   8%|8         | 1/12 [00:00<00:03,  3.18it/s]
accuracy: 0.9694, accuracy3: 0.9746, loss: 62.5252 ||:  17%|#6        | 2/12 [00:00<00:02,  3.34it/s]
accuracy: 0.9687, accuracy3: 0.9744, loss: 62.3266 ||:  25%|##5       | 3/12 [00:00<00:02,  3.38it/s]
accuracy: 0.9663, accuracy3: 0.9738, loss: 67.2131 ||:  33%|###3      | 4/12 [00:01<00:02,  3.38it/s]
accuracy: 0.9688, accuracy3: 0.9754, loss: 62.8814 ||:  42%|####1     | 5/12 [00:01<00:02,  3.34it/s]
accuracy: 0.9680, accuracy3: 0.9748, loss: 63.9533 ||:  50%|#####     | 6/12 [00:01<00:02,  2.95it/s]
accuracy: 0.9690, accuracy3: 0.9757, loss: 62.6510 ||:  58%|#####8    | 7/12 [00:02<00:01,  2.80it/s]
accuracy: 0.9671, accuracy3: 0.9741, loss: 64.0385 ||:  67%|######6   | 8/12 [00:02<00:01,  2.95it/s]
accuracy: 0.9663, accuracy3: 0.9732, loss: 65.6204 ||:  75%|#######5  | 9/12 [00:02<00:00,  3.05it/s]
accuracy: 0.9661, accuracy3: 0.9730, loss: 66.3875 ||:  83%|########3 | 10/12 [00:03<00:00,  2.95it/s]
accuracy: 0.9666, accuracy3: 0.9736, loss: 65.7632 ||:  92%|#########1| 11/12 [00:03<00:00,  3.10it/s]
accuracy: 0.9669, accuracy3: 0.9741, loss: 65.0672 ||: 100%|##########| 12/12 [00:03<00:00,  2.92it/s]

  0%|          | 0/4 [00:00<?, ?it/s]
accuracy: 0.8579, accuracy3: 0.9030, loss: 295.2366 ||:  25%|##5       | 1/4 [00:00<00:00,  6.04it/s]
accuracy: 0.8622, accuracy3: 0.9041, loss: 265.2392 ||:  50%|#####     | 2/4 [00:00<00:00,  6.20it/s]
accuracy: 0.8602, accuracy3: 0.9048, loss: 283.5225 ||:  75%|#######5  | 3/4 [00:00<00:00,  6.02it/s]
accuracy: 0.8638, accuracy3: 0.9096, loss: 244.4141 ||: 100%|##########| 4/4 [00:00<00:00,  6.81it/s]

  0%|          | 0/12 [00:00<?, ?it/s]
accuracy: 0.9734, accuracy3: 0.9801, loss: 59.6433 ||:   8%|8         | 1/12 [00:00<00:04,  2.72it/s]
accuracy: 0.9762, accuracy3: 0.9823, loss: 58.8782 ||:  17%|#6        | 2/12 [00:00<00:03,  2.83it/s]
accuracy: 0.9730, accuracy3: 0.9818, loss: 62.9102 ||:  25%|##5       | 3/12 [00:00<00:03,  2.97it/s]
accuracy: 0.9719, accuracy3: 0.9801, loss: 63.5546 ||:  33%|###3      | 4/12 [00:01<00:02,  2.98it/s]
accuracy: 0.9719, accuracy3: 0.9789, loss: 62.1179 ||:  42%|####1     | 5/12 [00:01<00:02,  2.98it/s]
accuracy: 0.9723, accuracy3: 0.9795, loss: 60.1721 ||:  50%|#####     | 6/12 [00:01<00:01,  3.22it/s]
accuracy: 0.9713, accuracy3: 0.9782, loss: 61.7636 ||:  58%|#####8    | 7/12 [00:02<00:01,  3.04it/s]
accuracy: 0.9706, accuracy3: 0.9771, loss: 62.4069 ||:  67%|######6   | 8/12 [00:02<00:01,  2.94it/s]
accuracy: 0.9690, accuracy3: 0.9758, loss: 64.7553 ||:  75%|#######5  | 9/12 [00:02<00:00,  3.02it/s]
accuracy: 0.9686, accuracy3: 0.9750, loss: 64.9975 ||:  83%|########3 | 10/12 [00:03<00:00,  3.08it/s]
accuracy: 0.9676, accuracy3: 0.9747, loss: 65.8590 ||:  92%|#########1| 11/12 [00:03<00:00,  2.79it/s]
accuracy: 0.9682, accuracy3: 0.9752, loss: 63.6143 ||: 100%|##########| 12/12 [00:03<00:00,  3.08it/s]

  0%|          | 0/4 [00:00<?, ?it/s]
accuracy: 0.8545, accuracy3: 0.9013, loss: 295.0286 ||:  25%|##5       | 1/4 [00:00<00:00,  6.30it/s]
accuracy: 0.8622, accuracy3: 0.9050, loss: 264.4217 ||:  50%|#####     | 2/4 [00:00<00:00,  6.39it/s]
accuracy: 0.8602, accuracy3: 0.9059, loss: 282.1833 ||:  75%|#######5  | 3/4 [00:00<00:00,  6.12it/s]
accuracy: 0.8647, accuracy3: 0.9106, loss: 243.1619 ||: 100%|##########| 4/4 [00:00<00:00,  6.86it/s]

  0%|          | 0/4 [00:00<?, ?it/s]
accuracy: 0.85, accuracy3: 0.90, loss: 296.62 ||:  25%|##5       | 1/4 [00:00<00:00,  5.70it/s]
accuracy: 0.86, accuracy3: 0.90, loss: 265.26 ||:  50%|#####     | 2/4 [00:00<00:00,  5.86it/s]
accuracy: 0.86, accuracy3: 0.90, loss: 282.32 ||:  75%|#######5  | 3/4 [00:00<00:00,  5.72it/s]
accuracy: 0.86, accuracy3: 0.91, loss: 243.13 ||: 100%|##########| 4/4 [00:00<00:00,  6.54it/s]

