2019-06-10 22:17:46,799 - INFO - allennlp.common.params - random_seed = 13370
2019-06-10 22:17:46,799 - INFO - allennlp.common.params - numpy_seed = 1337
2019-06-10 22:17:46,799 - INFO - allennlp.common.params - pytorch_seed = 133
2019-06-10 22:17:46,800 - INFO - allennlp.common.checks - Pytorch version: 1.1.0
2019-06-10 22:17:46,801 - INFO - allennlp.common.params - evaluate_on_test = True
2019-06-10 22:17:46,801 - INFO - allennlp.common.params - validation_dataset_reader = None
2019-06-10 22:17:46,801 - INFO - allennlp.common.from_params - instantiating class <class 'allennlp.data.dataset_readers.dataset_reader.DatasetReader'> from params {'tag_label': 'pos', 'token_indexers': {'token_characters': {'type': 'characters'}, 'tokens': {'lowercase_tokens': True, 'type': 'single_id'}}, 'type': 'conll2003'} and extras set()
2019-06-10 22:17:46,801 - INFO - allennlp.common.params - dataset_reader.type = conll2003
2019-06-10 22:17:46,802 - INFO - allennlp.common.from_params - instantiating class <class 'allennlp.data.dataset_readers.conll2003.Conll2003DatasetReader'> from params {'tag_label': 'pos', 'token_indexers': {'token_characters': {'type': 'characters'}, 'tokens': {'lowercase_tokens': True, 'type': 'single_id'}}} and extras set()
2019-06-10 22:17:46,802 - INFO - allennlp.common.from_params - instantiating class allennlp.data.token_indexers.token_indexer.TokenIndexer from params {'type': 'characters'} and extras set()
2019-06-10 22:17:46,802 - INFO - allennlp.common.params - dataset_reader.token_indexers.token_characters.type = characters
2019-06-10 22:17:46,802 - INFO - allennlp.common.from_params - instantiating class allennlp.data.token_indexers.token_characters_indexer.TokenCharactersIndexer from params {} and extras set()
2019-06-10 22:17:46,802 - INFO - allennlp.common.params - dataset_reader.token_indexers.token_characters.namespace = token_characters
2019-06-10 22:17:46,802 - INFO - allennlp.common.params - dataset_reader.token_indexers.token_characters.start_tokens = None
2019-06-10 22:17:46,802 - INFO - allennlp.common.params - dataset_reader.token_indexers.token_characters.end_tokens = None
2019-06-10 22:17:46,803 - INFO - allennlp.common.params - dataset_reader.token_indexers.token_characters.min_padding_length = 0
2019-06-10 22:17:46,803 - INFO - allennlp.common.params - dataset_reader.token_indexers.token_characters.token_min_padding_length = 0
2019-06-10 22:17:46,804 - INFO - allennlp.common.from_params - instantiating class allennlp.data.token_indexers.token_indexer.TokenIndexer from params {'lowercase_tokens': True, 'type': 'single_id'} and extras set()
2019-06-10 22:17:46,804 - INFO - allennlp.common.params - dataset_reader.token_indexers.tokens.type = single_id
2019-06-10 22:17:46,804 - INFO - allennlp.common.from_params - instantiating class allennlp.data.token_indexers.single_id_token_indexer.SingleIdTokenIndexer from params {'lowercase_tokens': True} and extras set()
2019-06-10 22:17:46,804 - INFO - allennlp.common.params - dataset_reader.token_indexers.tokens.namespace = tokens
2019-06-10 22:17:46,805 - INFO - allennlp.common.params - dataset_reader.token_indexers.tokens.lowercase_tokens = True
2019-06-10 22:17:46,805 - INFO - allennlp.common.params - dataset_reader.token_indexers.tokens.start_tokens = None
2019-06-10 22:17:46,805 - INFO - allennlp.common.params - dataset_reader.token_indexers.tokens.end_tokens = None
2019-06-10 22:17:46,805 - INFO - allennlp.common.params - dataset_reader.token_indexers.tokens.token_min_padding_length = 0
2019-06-10 22:17:46,805 - INFO - allennlp.common.params - dataset_reader.tag_label = pos
2019-06-10 22:17:46,805 - INFO - allennlp.common.params - dataset_reader.feature_labels = ()
2019-06-10 22:17:46,805 - INFO - allennlp.common.params - dataset_reader.lazy = False
2019-06-10 22:17:46,806 - INFO - allennlp.common.params - dataset_reader.coding_scheme = IOB1
2019-06-10 22:17:46,806 - INFO - allennlp.common.params - dataset_reader.label_namespace = labels
2019-06-10 22:17:46,806 - INFO - allennlp.common.params - train_data_path = ./data/twitter_train.pos
2019-06-10 22:17:46,806 - INFO - allennlp.training.util - Reading training data from ./data/twitter_train.pos
2019-06-10 22:17:46,806 - INFO - allennlp.data.dataset_readers.conll2003 - Reading instances from lines in file at: ./data/twitter_train.pos
2019-06-10 22:17:46,827 - INFO - allennlp.common.params - validation_data_path = ./data/twitter_dev.pos
2019-06-10 22:17:46,827 - INFO - allennlp.training.util - Reading validation data from ./data/twitter_dev.pos
2019-06-10 22:17:46,828 - INFO - allennlp.data.dataset_readers.conll2003 - Reading instances from lines in file at: ./data/twitter_dev.pos
2019-06-10 22:17:46,833 - INFO - allennlp.common.params - test_data_path = ./data/twitter_dev.pos
2019-06-10 22:17:46,834 - INFO - allennlp.training.util - Reading test data from ./data/twitter_dev.pos
2019-06-10 22:17:46,834 - INFO - allennlp.data.dataset_readers.conll2003 - Reading instances from lines in file at: ./data/twitter_dev.pos
2019-06-10 22:17:46,840 - INFO - allennlp.training.trainer - From dataset instances, validation, test, train will be considered for vocabulary creation.
2019-06-10 22:17:46,840 - INFO - allennlp.common.params - vocabulary.type = None
2019-06-10 22:17:46,840 - INFO - allennlp.common.params - vocabulary.extend = False
2019-06-10 22:17:46,840 - INFO - allennlp.common.params - vocabulary.directory_path = None
2019-06-10 22:17:46,841 - INFO - allennlp.common.params - vocabulary.min_count = None
2019-06-10 22:17:46,841 - INFO - allennlp.common.params - vocabulary.max_vocab_size = None
2019-06-10 22:17:46,841 - INFO - allennlp.common.params - vocabulary.non_padded_namespaces = ('*tags', '*labels')
2019-06-10 22:17:46,841 - INFO - allennlp.common.params - vocabulary.min_pretrained_embeddings = None
2019-06-10 22:17:46,841 - INFO - allennlp.common.params - vocabulary.only_include_pretrained_words = False
2019-06-10 22:17:46,841 - INFO - allennlp.common.params - vocabulary.tokens_to_add = None
2019-06-10 22:17:46,841 - INFO - allennlp.data.vocabulary - Fitting token dictionary from dataset.
2019-06-10 22:17:46,897 - INFO - allennlp.common.from_params - instantiating class <class 'allennlp.models.model.Model'> from params {'encoder': {'input_dim': 130, 'type': 'pass_through'}, 'regularizer': [['transitions$', {'alpha': 0.01, 'type': 'l2'}]], 'text_field_embedder': {'token_embedders': {'token_characters': {'embedding': {'embedding_dim': 25}, 'encoder': {'dropout': 0.25, 'hidden_size': 80, 'input_size': 25, 'num_layers': 2, 'type': 'rnn'}, 'type': 'character_encoding'}, 'tokens': {'embedding_dim': 50, 'type': 'embedding'}}}, 'type': 'neural_crf'} and extras {'vocab'}
2019-06-10 22:17:46,897 - INFO - allennlp.common.params - model.type = neural_crf
2019-06-10 22:17:46,897 - INFO - allennlp.common.from_params - instantiating class <class 'neural_crf.NeuralCrf'> from params {'encoder': {'input_dim': 130, 'type': 'pass_through'}, 'regularizer': [['transitions$', {'alpha': 0.01, 'type': 'l2'}]], 'text_field_embedder': {'token_embedders': {'token_characters': {'embedding': {'embedding_dim': 25}, 'encoder': {'dropout': 0.25, 'hidden_size': 80, 'input_size': 25, 'num_layers': 2, 'type': 'rnn'}, 'type': 'character_encoding'}, 'tokens': {'embedding_dim': 50, 'type': 'embedding'}}}} and extras {'vocab'}
2019-06-10 22:17:46,897 - INFO - allennlp.common.from_params - instantiating class <class 'allennlp.modules.text_field_embedders.text_field_embedder.TextFieldEmbedder'> from params {'token_embedders': {'token_characters': {'embedding': {'embedding_dim': 25}, 'encoder': {'dropout': 0.25, 'hidden_size': 80, 'input_size': 25, 'num_layers': 2, 'type': 'rnn'}, 'type': 'character_encoding'}, 'tokens': {'embedding_dim': 50, 'type': 'embedding'}}} and extras {'vocab'}
2019-06-10 22:17:46,897 - INFO - allennlp.common.params - model.text_field_embedder.type = basic
2019-06-10 22:17:46,898 - INFO - allennlp.common.params - model.text_field_embedder.embedder_to_indexer_map = None
2019-06-10 22:17:46,898 - INFO - allennlp.common.params - model.text_field_embedder.allow_unmatched_keys = False
2019-06-10 22:17:46,898 - INFO - allennlp.common.from_params - instantiating class <class 'allennlp.modules.token_embedders.token_embedder.TokenEmbedder'> from params {'embedding': {'embedding_dim': 25}, 'encoder': {'dropout': 0.25, 'hidden_size': 80, 'input_size': 25, 'num_layers': 2, 'type': 'rnn'}, 'type': 'character_encoding'} and extras {'vocab'}
2019-06-10 22:17:46,898 - INFO - allennlp.common.params - model.text_field_embedder.token_embedders.token_characters.type = character_encoding
2019-06-10 22:17:46,898 - INFO - allennlp.common.params - model.text_field_embedder.token_embedders.token_characters.embedding.num_embeddings = None
2019-06-10 22:17:46,898 - INFO - allennlp.common.params - model.text_field_embedder.token_embedders.token_characters.embedding.vocab_namespace = token_characters
2019-06-10 22:17:46,898 - INFO - allennlp.common.params - model.text_field_embedder.token_embedders.token_characters.embedding.embedding_dim = 25
2019-06-10 22:17:46,898 - INFO - allennlp.common.params - model.text_field_embedder.token_embedders.token_characters.embedding.pretrained_file = None
2019-06-10 22:17:46,898 - INFO - allennlp.common.params - model.text_field_embedder.token_embedders.token_characters.embedding.projection_dim = None
2019-06-10 22:17:46,898 - INFO - allennlp.common.params - model.text_field_embedder.token_embedders.token_characters.embedding.trainable = True
2019-06-10 22:17:46,898 - INFO - allennlp.common.params - model.text_field_embedder.token_embedders.token_characters.embedding.padding_index = None
2019-06-10 22:17:46,898 - INFO - allennlp.common.params - model.text_field_embedder.token_embedders.token_characters.embedding.max_norm = None
2019-06-10 22:17:46,898 - INFO - allennlp.common.params - model.text_field_embedder.token_embedders.token_characters.embedding.norm_type = 2.0
2019-06-10 22:17:46,898 - INFO - allennlp.common.params - model.text_field_embedder.token_embedders.token_characters.embedding.scale_grad_by_freq = False
2019-06-10 22:17:46,898 - INFO - allennlp.common.params - model.text_field_embedder.token_embedders.token_characters.embedding.sparse = False
2019-06-10 22:17:46,899 - INFO - allennlp.common.from_params - instantiating class <class 'allennlp.modules.seq2vec_encoders.seq2vec_encoder.Seq2VecEncoder'> from params {'dropout': 0.25, 'hidden_size': 80, 'input_size': 25, 'num_layers': 2, 'type': 'rnn'} and extras set()
2019-06-10 22:17:46,899 - INFO - allennlp.common.params - model.text_field_embedder.token_embedders.token_characters.encoder.type = rnn
2019-06-10 22:17:46,899 - INFO - allennlp.common.params - model.text_field_embedder.token_embedders.token_characters.encoder.batch_first = True
2019-06-10 22:17:46,899 - INFO - allennlp.common.params - Converting Params object to dict; logging of default values will not occur when dictionary parameters are used subsequently.
2019-06-10 22:17:46,899 - INFO - allennlp.common.params - CURRENTLY DEFINED PARAMETERS: 
2019-06-10 22:17:46,899 - INFO - allennlp.common.params - model.text_field_embedder.token_embedders.token_characters.encoder.dropout = 0.25
2019-06-10 22:17:46,899 - INFO - allennlp.common.params - model.text_field_embedder.token_embedders.token_characters.encoder.hidden_size = 80
2019-06-10 22:17:46,899 - INFO - allennlp.common.params - model.text_field_embedder.token_embedders.token_characters.encoder.input_size = 25
2019-06-10 22:17:46,899 - INFO - allennlp.common.params - model.text_field_embedder.token_embedders.token_characters.encoder.num_layers = 2
2019-06-10 22:17:46,899 - INFO - allennlp.common.params - model.text_field_embedder.token_embedders.token_characters.encoder.batch_first = True
2019-06-10 22:17:46,900 - INFO - allennlp.common.params - model.text_field_embedder.token_embedders.token_characters.dropout = 0.0
2019-06-10 22:17:46,900 - INFO - allennlp.common.from_params - instantiating class <class 'allennlp.modules.token_embedders.token_embedder.TokenEmbedder'> from params {'embedding_dim': 50, 'type': 'embedding'} and extras {'vocab'}
2019-06-10 22:17:46,900 - INFO - allennlp.common.params - model.text_field_embedder.token_embedders.tokens.type = embedding
2019-06-10 22:17:46,900 - INFO - allennlp.common.params - model.text_field_embedder.token_embedders.tokens.num_embeddings = None
2019-06-10 22:17:46,900 - INFO - allennlp.common.params - model.text_field_embedder.token_embedders.tokens.vocab_namespace = tokens
2019-06-10 22:17:46,900 - INFO - allennlp.common.params - model.text_field_embedder.token_embedders.tokens.embedding_dim = 50
2019-06-10 22:17:46,900 - INFO - allennlp.common.params - model.text_field_embedder.token_embedders.tokens.pretrained_file = None
2019-06-10 22:17:46,900 - INFO - allennlp.common.params - model.text_field_embedder.token_embedders.tokens.projection_dim = None
2019-06-10 22:17:46,900 - INFO - allennlp.common.params - model.text_field_embedder.token_embedders.tokens.trainable = True
2019-06-10 22:17:46,900 - INFO - allennlp.common.params - model.text_field_embedder.token_embedders.tokens.padding_index = None
2019-06-10 22:17:46,900 - INFO - allennlp.common.params - model.text_field_embedder.token_embedders.tokens.max_norm = None
2019-06-10 22:17:46,900 - INFO - allennlp.common.params - model.text_field_embedder.token_embedders.tokens.norm_type = 2.0
2019-06-10 22:17:46,900 - INFO - allennlp.common.params - model.text_field_embedder.token_embedders.tokens.scale_grad_by_freq = False
2019-06-10 22:17:46,900 - INFO - allennlp.common.params - model.text_field_embedder.token_embedders.tokens.sparse = False
2019-06-10 22:17:46,901 - INFO - allennlp.common.from_params - instantiating class <class 'allennlp.modules.seq2seq_encoders.seq2seq_encoder.Seq2SeqEncoder'> from params {'input_dim': 130, 'type': 'pass_through'} and extras {'vocab'}
2019-06-10 22:17:46,901 - INFO - allennlp.common.params - model.encoder.type = pass_through
2019-06-10 22:17:46,902 - INFO - allennlp.common.from_params - instantiating class <class 'allennlp.modules.seq2seq_encoders.pass_through_encoder.PassThroughEncoder'> from params {'input_dim': 130} and extras {'vocab'}
2019-06-10 22:17:46,902 - INFO - allennlp.common.params - model.encoder.input_dim = 130
2019-06-10 22:17:46,902 - INFO - allennlp.common.params - model.label_namespace = labels
2019-06-10 22:17:46,902 - INFO - allennlp.common.params - model.label_encoding = None
2019-06-10 22:17:46,902 - INFO - allennlp.common.params - model.include_start_end_transitions = True
2019-06-10 22:17:46,902 - INFO - allennlp.common.params - model.constrain_crf_decoding = None
2019-06-10 22:17:46,902 - INFO - allennlp.common.params - model.calculate_span_f1 = None
2019-06-10 22:17:46,902 - INFO - allennlp.common.params - model.dropout = None
2019-06-10 22:17:46,902 - INFO - allennlp.common.params - model.verbose_metrics = False
2019-06-10 22:17:46,902 - INFO - allennlp.common.params - model.regularizer = [['transitions$', {'alpha': 0.01, 'type': 'l2'}]]
2019-06-10 22:17:46,902 - INFO - allennlp.common.params - model.regularizer.0.1.type = l2
2019-06-10 22:17:46,903 - INFO - allennlp.nn.initializers - Initializing parameters
2019-06-10 22:17:46,904 - INFO - allennlp.nn.initializers - Done initializing parameters; the following parameters are using their default initialization from their code
2019-06-10 22:17:46,904 - INFO - allennlp.nn.initializers -    crf._constraint_mask
2019-06-10 22:17:46,904 - INFO - allennlp.nn.initializers -    crf.end_transitions
2019-06-10 22:17:46,904 - INFO - allennlp.nn.initializers -    crf.start_transitions
2019-06-10 22:17:46,904 - INFO - allennlp.nn.initializers -    crf.transitions
2019-06-10 22:17:46,904 - INFO - allennlp.nn.initializers -    tag_projection_layer._module.bias
2019-06-10 22:17:46,904 - INFO - allennlp.nn.initializers -    tag_projection_layer._module.weight
2019-06-10 22:17:46,904 - INFO - allennlp.nn.initializers -    text_field_embedder.token_embedder_token_characters._embedding._module.weight
2019-06-10 22:17:46,904 - INFO - allennlp.nn.initializers -    text_field_embedder.token_embedder_token_characters._encoder._module._module.bias_hh_l0
2019-06-10 22:17:46,904 - INFO - allennlp.nn.initializers -    text_field_embedder.token_embedder_token_characters._encoder._module._module.bias_hh_l1
2019-06-10 22:17:46,904 - INFO - allennlp.nn.initializers -    text_field_embedder.token_embedder_token_characters._encoder._module._module.bias_ih_l0
2019-06-10 22:17:46,904 - INFO - allennlp.nn.initializers -    text_field_embedder.token_embedder_token_characters._encoder._module._module.bias_ih_l1
2019-06-10 22:17:46,904 - INFO - allennlp.nn.initializers -    text_field_embedder.token_embedder_token_characters._encoder._module._module.weight_hh_l0
2019-06-10 22:17:46,904 - INFO - allennlp.nn.initializers -    text_field_embedder.token_embedder_token_characters._encoder._module._module.weight_hh_l1
2019-06-10 22:17:46,904 - INFO - allennlp.nn.initializers -    text_field_embedder.token_embedder_token_characters._encoder._module._module.weight_ih_l0
2019-06-10 22:17:46,904 - INFO - allennlp.nn.initializers -    text_field_embedder.token_embedder_token_characters._encoder._module._module.weight_ih_l1
2019-06-10 22:17:46,904 - INFO - allennlp.nn.initializers -    text_field_embedder.token_embedder_tokens.weight
2019-06-10 22:17:46,910 - INFO - allennlp.common.from_params - instantiating class <class 'allennlp.data.iterators.data_iterator.DataIterator'> from params {'batch_size': 32, 'type': 'basic'} and extras set()
2019-06-10 22:17:46,910 - INFO - allennlp.common.params - iterator.type = basic
2019-06-10 22:17:46,911 - INFO - allennlp.common.from_params - instantiating class <class 'allennlp.data.iterators.basic_iterator.BasicIterator'> from params {'batch_size': 32} and extras set()
2019-06-10 22:17:46,911 - INFO - allennlp.common.params - iterator.batch_size = 32
2019-06-10 22:17:46,911 - INFO - allennlp.common.params - iterator.instances_per_epoch = None
2019-06-10 22:17:46,911 - INFO - allennlp.common.params - iterator.max_instances_in_memory = None
2019-06-10 22:17:46,911 - INFO - allennlp.common.params - iterator.cache_instances = False
2019-06-10 22:17:46,911 - INFO - allennlp.common.params - iterator.track_epoch = False
2019-06-10 22:17:46,911 - INFO - allennlp.common.params - iterator.maximum_samples_per_batch = None
2019-06-10 22:17:46,911 - INFO - allennlp.common.params - validation_iterator = None
2019-06-10 22:17:46,911 - INFO - allennlp.common.params - trainer.no_grad = ()
2019-06-10 22:17:46,911 - INFO - allennlp.training.trainer - Following parameters are Frozen  (without gradient):
2019-06-10 22:17:46,911 - INFO - allennlp.training.trainer - crf._constraint_mask
2019-06-10 22:17:46,911 - INFO - allennlp.training.trainer - Following parameters are Tunable (with gradient):
2019-06-10 22:17:46,911 - INFO - allennlp.training.trainer - text_field_embedder.token_embedder_token_characters._embedding._module.weight
2019-06-10 22:17:46,911 - INFO - allennlp.training.trainer - text_field_embedder.token_embedder_token_characters._encoder._module._module.weight_ih_l0
2019-06-10 22:17:46,911 - INFO - allennlp.training.trainer - text_field_embedder.token_embedder_token_characters._encoder._module._module.weight_hh_l0
2019-06-10 22:17:46,911 - INFO - allennlp.training.trainer - text_field_embedder.token_embedder_token_characters._encoder._module._module.bias_ih_l0
2019-06-10 22:17:46,911 - INFO - allennlp.training.trainer - text_field_embedder.token_embedder_token_characters._encoder._module._module.bias_hh_l0
2019-06-10 22:17:46,911 - INFO - allennlp.training.trainer - text_field_embedder.token_embedder_token_characters._encoder._module._module.weight_ih_l1
2019-06-10 22:17:46,912 - INFO - allennlp.training.trainer - text_field_embedder.token_embedder_token_characters._encoder._module._module.weight_hh_l1
2019-06-10 22:17:46,912 - INFO - allennlp.training.trainer - text_field_embedder.token_embedder_token_characters._encoder._module._module.bias_ih_l1
2019-06-10 22:17:46,912 - INFO - allennlp.training.trainer - text_field_embedder.token_embedder_token_characters._encoder._module._module.bias_hh_l1
2019-06-10 22:17:46,912 - INFO - allennlp.training.trainer - text_field_embedder.token_embedder_tokens.weight
2019-06-10 22:17:46,912 - INFO - allennlp.training.trainer - tag_projection_layer._module.weight
2019-06-10 22:17:46,912 - INFO - allennlp.training.trainer - tag_projection_layer._module.bias
2019-06-10 22:17:46,912 - INFO - allennlp.training.trainer - crf.transitions
2019-06-10 22:17:46,912 - INFO - allennlp.training.trainer - crf.start_transitions
2019-06-10 22:17:46,912 - INFO - allennlp.training.trainer - crf.end_transitions
2019-06-10 22:17:46,912 - INFO - allennlp.common.params - trainer.patience = 10
2019-06-10 22:17:46,912 - INFO - allennlp.common.params - trainer.validation_metric = -loss
2019-06-10 22:17:46,912 - INFO - allennlp.common.params - trainer.shuffle = True
2019-06-10 22:17:46,912 - INFO - allennlp.common.params - trainer.num_epochs = 50
2019-06-10 22:17:46,912 - INFO - allennlp.common.params - trainer.cuda_device = -1
2019-06-10 22:17:46,912 - INFO - allennlp.common.params - trainer.grad_norm = None
2019-06-10 22:17:46,912 - INFO - allennlp.common.params - trainer.grad_clipping = None
2019-06-10 22:17:46,912 - INFO - allennlp.common.params - trainer.learning_rate_scheduler = None
2019-06-10 22:17:46,912 - INFO - allennlp.common.params - trainer.momentum_scheduler = None
2019-06-10 22:17:46,912 - INFO - allennlp.common.params - trainer.optimizer = adam
2019-06-10 22:17:46,912 - INFO - allennlp.common.params - parameter_groups = None
2019-06-10 22:17:46,912 - INFO - allennlp.training.optimizers - Number of trainable parameters: 169035
2019-06-10 22:17:46,913 - INFO - allennlp.common.params - infer_type_and_cast = True
2019-06-10 22:17:46,913 - INFO - allennlp.common.params - Converting Params object to dict; logging of default values will not occur when dictionary parameters are used subsequently.
2019-06-10 22:17:46,913 - INFO - allennlp.common.params - CURRENTLY DEFINED PARAMETERS: 
2019-06-10 22:17:46,913 - INFO - allennlp.common.params - trainer.num_serialized_models_to_keep = 20
2019-06-10 22:17:46,913 - INFO - allennlp.common.params - trainer.keep_serialized_model_every_num_seconds = None
2019-06-10 22:17:46,913 - INFO - allennlp.common.params - trainer.model_save_interval = None
2019-06-10 22:17:46,913 - INFO - allennlp.common.params - trainer.summary_interval = 100
2019-06-10 22:17:46,913 - INFO - allennlp.common.params - trainer.histogram_interval = None
2019-06-10 22:17:46,913 - INFO - allennlp.common.params - trainer.should_log_parameter_statistics = True
2019-06-10 22:17:46,913 - INFO - allennlp.common.params - trainer.should_log_learning_rate = False
2019-06-10 22:17:46,913 - INFO - allennlp.common.params - trainer.log_batch_size_period = None
2019-06-10 22:17:46,915 - INFO - allennlp.training.trainer - Beginning training.
2019-06-10 22:17:46,915 - INFO - allennlp.training.trainer - Epoch 0/49
2019-06-10 22:17:46,915 - INFO - allennlp.training.trainer - Peak CPU memory usage MB: 206.536704
2019-06-10 22:17:46,919 - INFO - allennlp.training.trainer - Training
2019-06-10 22:17:50,688 - INFO - allennlp.training.trainer - Validating
2019-06-10 22:17:51,246 - INFO - allennlp.training.tensorboard_writer -                   Training |  Validation
2019-06-10 22:17:51,247 - INFO - allennlp.training.tensorboard_writer - accuracy3     |     0.387  |     0.510
2019-06-10 22:17:51,247 - INFO - allennlp.training.tensorboard_writer - accuracy      |     0.175  |     0.247
2019-06-10 22:17:51,247 - INFO - allennlp.training.tensorboard_writer - loss          |  1490.059  |  1169.563
2019-06-10 22:17:51,248 - INFO - allennlp.training.tensorboard_writer - cpu_memory_MB |   206.537  |       N/A
2019-06-10 22:17:51,251 - INFO - allennlp.training.checkpointer - Best validation performance so far. Copying weights to './model/neural_crf/best.th'.
2019-06-10 22:17:51,252 - INFO - allennlp.training.trainer - Epoch duration: 0:00:04.337507
2019-06-10 22:17:51,253 - INFO - allennlp.training.trainer - Estimated training time remaining: 0:03:32
2019-06-10 22:17:51,254 - INFO - allennlp.training.trainer - Epoch 1/49
2019-06-10 22:17:51,254 - INFO - allennlp.training.trainer - Peak CPU memory usage MB: 251.912192
2019-06-10 22:17:51,259 - INFO - allennlp.training.trainer - Training
2019-06-10 22:17:54,971 - INFO - allennlp.training.trainer - Validating
2019-06-10 22:17:55,510 - INFO - allennlp.training.tensorboard_writer -                   Training |  Validation
2019-06-10 22:17:55,511 - INFO - allennlp.training.tensorboard_writer - accuracy3     |     0.507  |     0.506
2019-06-10 22:17:55,511 - INFO - allennlp.training.tensorboard_writer - accuracy      |     0.254  |     0.291
2019-06-10 22:17:55,511 - INFO - allennlp.training.tensorboard_writer - loss          |  1330.379  |  1107.433
2019-06-10 22:17:55,512 - INFO - allennlp.training.tensorboard_writer - cpu_memory_MB |   251.912  |       N/A
2019-06-10 22:17:55,515 - INFO - allennlp.training.checkpointer - Best validation performance so far. Copying weights to './model/neural_crf/best.th'.
2019-06-10 22:17:55,516 - INFO - allennlp.training.trainer - Epoch duration: 0:00:04.262514
2019-06-10 22:17:55,516 - INFO - allennlp.training.trainer - Estimated training time remaining: 0:03:26
2019-06-10 22:17:55,516 - INFO - allennlp.training.trainer - Epoch 2/49
2019-06-10 22:17:55,516 - INFO - allennlp.training.trainer - Peak CPU memory usage MB: 262.651904
2019-06-10 22:17:55,522 - INFO - allennlp.training.trainer - Training
2019-06-10 22:17:59,275 - INFO - allennlp.training.trainer - Validating
2019-06-10 22:17:59,817 - INFO - allennlp.training.tensorboard_writer -                   Training |  Validation
2019-06-10 22:17:59,817 - INFO - allennlp.training.tensorboard_writer - accuracy3     |     0.547  |     0.617
2019-06-10 22:17:59,818 - INFO - allennlp.training.tensorboard_writer - accuracy      |     0.330  |     0.391
2019-06-10 22:17:59,818 - INFO - allennlp.training.tensorboard_writer - loss          |  1248.548  |  1030.444
2019-06-10 22:17:59,818 - INFO - allennlp.training.tensorboard_writer - cpu_memory_MB |   262.652  |       N/A
2019-06-10 22:17:59,822 - INFO - allennlp.training.checkpointer - Best validation performance so far. Copying weights to './model/neural_crf/best.th'.
2019-06-10 22:17:59,823 - INFO - allennlp.training.trainer - Epoch duration: 0:00:04.306605
2019-06-10 22:17:59,823 - INFO - allennlp.training.trainer - Estimated training time remaining: 0:03:22
2019-06-10 22:17:59,823 - INFO - allennlp.training.trainer - Epoch 3/49
2019-06-10 22:17:59,823 - INFO - allennlp.training.trainer - Peak CPU memory usage MB: 265.728
2019-06-10 22:17:59,829 - INFO - allennlp.training.trainer - Training
2019-06-10 22:18:03,458 - INFO - allennlp.training.trainer - Validating
2019-06-10 22:18:04,001 - INFO - allennlp.training.tensorboard_writer -                   Training |  Validation
2019-06-10 22:18:04,001 - INFO - allennlp.training.tensorboard_writer - accuracy3     |     0.635  |     0.649
2019-06-10 22:18:04,002 - INFO - allennlp.training.tensorboard_writer - accuracy      |     0.428  |     0.465
2019-06-10 22:18:04,002 - INFO - allennlp.training.tensorboard_writer - loss          |  1146.920  |   936.703
2019-06-10 22:18:04,003 - INFO - allennlp.training.tensorboard_writer - cpu_memory_MB |   265.728  |       N/A
2019-06-10 22:18:04,006 - INFO - allennlp.training.checkpointer - Best validation performance so far. Copying weights to './model/neural_crf/best.th'.
2019-06-10 22:18:04,007 - INFO - allennlp.training.trainer - Epoch duration: 0:00:04.183720
2019-06-10 22:18:04,007 - INFO - allennlp.training.trainer - Estimated training time remaining: 0:03:16
2019-06-10 22:18:04,007 - INFO - allennlp.training.trainer - Epoch 4/49
2019-06-10 22:18:04,007 - INFO - allennlp.training.trainer - Peak CPU memory usage MB: 268.460032
2019-06-10 22:18:04,012 - INFO - allennlp.training.trainer - Training
2019-06-10 22:18:07,493 - INFO - allennlp.training.trainer - Validating
2019-06-10 22:18:08,096 - INFO - allennlp.training.tensorboard_writer -                   Training |  Validation
2019-06-10 22:18:08,096 - INFO - allennlp.training.tensorboard_writer - accuracy3     |     0.673  |     0.687
2019-06-10 22:18:08,097 - INFO - allennlp.training.tensorboard_writer - accuracy      |     0.490  |     0.501
2019-06-10 22:18:08,097 - INFO - allennlp.training.tensorboard_writer - loss          |  1035.962  |   847.954
2019-06-10 22:18:08,097 - INFO - allennlp.training.tensorboard_writer - cpu_memory_MB |   268.460  |       N/A
2019-06-10 22:18:08,101 - INFO - allennlp.training.checkpointer - Best validation performance so far. Copying weights to './model/neural_crf/best.th'.
2019-06-10 22:18:08,102 - INFO - allennlp.training.trainer - Epoch duration: 0:00:04.094730
2019-06-10 22:18:08,102 - INFO - allennlp.training.trainer - Estimated training time remaining: 0:03:10
2019-06-10 22:18:08,102 - INFO - allennlp.training.trainer - Epoch 5/49
2019-06-10 22:18:08,102 - INFO - allennlp.training.trainer - Peak CPU memory usage MB: 268.460032
2019-06-10 22:18:08,108 - INFO - allennlp.training.trainer - Training
2019-06-10 22:18:11,797 - INFO - allennlp.training.trainer - Validating
2019-06-10 22:18:12,374 - INFO - allennlp.training.tensorboard_writer -                   Training |  Validation
2019-06-10 22:18:12,375 - INFO - allennlp.training.tensorboard_writer - accuracy3     |     0.716  |     0.720
2019-06-10 22:18:12,375 - INFO - allennlp.training.tensorboard_writer - accuracy      |     0.528  |     0.545
2019-06-10 22:18:12,376 - INFO - allennlp.training.tensorboard_writer - loss          |   936.866  |   774.701
2019-06-10 22:18:12,376 - INFO - allennlp.training.tensorboard_writer - cpu_memory_MB |   268.460  |       N/A
2019-06-10 22:18:12,380 - INFO - allennlp.training.checkpointer - Best validation performance so far. Copying weights to './model/neural_crf/best.th'.
2019-06-10 22:18:12,381 - INFO - allennlp.training.trainer - Epoch duration: 0:00:04.278770
2019-06-10 22:18:12,381 - INFO - allennlp.training.trainer - Estimated training time remaining: 0:03:06
2019-06-10 22:18:12,381 - INFO - allennlp.training.trainer - Epoch 6/49
2019-06-10 22:18:12,381 - INFO - allennlp.training.trainer - Peak CPU memory usage MB: 274.460672
2019-06-10 22:18:12,387 - INFO - allennlp.training.trainer - Training
2019-06-10 22:18:16,109 - INFO - allennlp.training.trainer - Validating
2019-06-10 22:18:16,671 - INFO - allennlp.training.tensorboard_writer -                   Training |  Validation
2019-06-10 22:18:16,672 - INFO - allennlp.training.tensorboard_writer - accuracy3     |     0.751  |     0.759
2019-06-10 22:18:16,672 - INFO - allennlp.training.tensorboard_writer - accuracy      |     0.595  |     0.610
2019-06-10 22:18:16,672 - INFO - allennlp.training.tensorboard_writer - loss          |   846.210  |   700.566
2019-06-10 22:18:16,673 - INFO - allennlp.training.tensorboard_writer - cpu_memory_MB |   274.461  |       N/A
2019-06-10 22:18:16,676 - INFO - allennlp.training.checkpointer - Best validation performance so far. Copying weights to './model/neural_crf/best.th'.
2019-06-10 22:18:16,677 - INFO - allennlp.training.trainer - Epoch duration: 0:00:04.296197
2019-06-10 22:18:16,677 - INFO - allennlp.training.trainer - Estimated training time remaining: 0:03:02
2019-06-10 22:18:16,677 - INFO - allennlp.training.trainer - Epoch 7/49
2019-06-10 22:18:16,677 - INFO - allennlp.training.trainer - Peak CPU memory usage MB: 274.460672
2019-06-10 22:18:16,683 - INFO - allennlp.training.trainer - Training
2019-06-10 22:18:20,330 - INFO - allennlp.training.trainer - Validating
2019-06-10 22:18:20,891 - INFO - allennlp.training.tensorboard_writer -                   Training |  Validation
2019-06-10 22:18:20,891 - INFO - allennlp.training.tensorboard_writer - accuracy3     |     0.787  |     0.793
2019-06-10 22:18:20,892 - INFO - allennlp.training.tensorboard_writer - accuracy      |     0.657  |     0.665
2019-06-10 22:18:20,892 - INFO - allennlp.training.tensorboard_writer - loss          |   751.760  |   625.022
2019-06-10 22:18:20,893 - INFO - allennlp.training.tensorboard_writer - cpu_memory_MB |   274.461  |       N/A
2019-06-10 22:18:20,896 - INFO - allennlp.training.checkpointer - Best validation performance so far. Copying weights to './model/neural_crf/best.th'.
2019-06-10 22:18:20,897 - INFO - allennlp.training.trainer - Epoch duration: 0:00:04.219721
2019-06-10 22:18:20,897 - INFO - allennlp.training.trainer - Estimated training time remaining: 0:02:58
2019-06-10 22:18:20,897 - INFO - allennlp.training.trainer - Epoch 8/49
2019-06-10 22:18:20,897 - INFO - allennlp.training.trainer - Peak CPU memory usage MB: 274.460672
2019-06-10 22:18:20,903 - INFO - allennlp.training.trainer - Training
2019-06-10 22:18:24,712 - INFO - allennlp.training.trainer - Validating
2019-06-10 22:18:25,296 - INFO - allennlp.training.tensorboard_writer -                   Training |  Validation
2019-06-10 22:18:25,297 - INFO - allennlp.training.tensorboard_writer - accuracy3     |     0.814  |     0.811
2019-06-10 22:18:25,297 - INFO - allennlp.training.tensorboard_writer - accuracy      |     0.703  |     0.689
2019-06-10 22:18:25,297 - INFO - allennlp.training.tensorboard_writer - loss          |   658.730  |   555.702
2019-06-10 22:18:25,298 - INFO - allennlp.training.tensorboard_writer - cpu_memory_MB |   274.461  |       N/A
2019-06-10 22:18:25,301 - INFO - allennlp.training.checkpointer - Best validation performance so far. Copying weights to './model/neural_crf/best.th'.
2019-06-10 22:18:25,302 - INFO - allennlp.training.trainer - Epoch duration: 0:00:04.405049
2019-06-10 22:18:25,302 - INFO - allennlp.training.trainer - Estimated training time remaining: 0:02:54
2019-06-10 22:18:25,302 - INFO - allennlp.training.trainer - Epoch 9/49
2019-06-10 22:18:25,303 - INFO - allennlp.training.trainer - Peak CPU memory usage MB: 274.460672
2019-06-10 22:18:25,308 - INFO - allennlp.training.trainer - Training
2019-06-10 22:18:29,077 - INFO - allennlp.training.trainer - Validating
2019-06-10 22:18:29,639 - INFO - allennlp.training.tensorboard_writer -                   Training |  Validation
2019-06-10 22:18:29,640 - INFO - allennlp.training.tensorboard_writer - accuracy3     |     0.833  |     0.828
2019-06-10 22:18:29,640 - INFO - allennlp.training.tensorboard_writer - accuracy      |     0.746  |     0.735
2019-06-10 22:18:29,641 - INFO - allennlp.training.tensorboard_writer - loss          |   574.198  |   495.333
2019-06-10 22:18:29,641 - INFO - allennlp.training.tensorboard_writer - cpu_memory_MB |   274.461  |       N/A
2019-06-10 22:18:29,644 - INFO - allennlp.training.checkpointer - Best validation performance so far. Copying weights to './model/neural_crf/best.th'.
2019-06-10 22:18:29,645 - INFO - allennlp.training.trainer - Epoch duration: 0:00:04.342819
2019-06-10 22:18:29,645 - INFO - allennlp.training.trainer - Estimated training time remaining: 0:02:50
2019-06-10 22:18:29,645 - INFO - allennlp.training.trainer - Epoch 10/49
2019-06-10 22:18:29,646 - INFO - allennlp.training.trainer - Peak CPU memory usage MB: 274.460672
2019-06-10 22:18:29,651 - INFO - allennlp.training.trainer - Training
2019-06-10 22:18:33,563 - INFO - allennlp.training.trainer - Validating
2019-06-10 22:18:34,147 - INFO - allennlp.training.tensorboard_writer -                   Training |  Validation
2019-06-10 22:18:34,148 - INFO - allennlp.training.tensorboard_writer - accuracy3     |     0.851  |     0.842
2019-06-10 22:18:34,148 - INFO - allennlp.training.tensorboard_writer - accuracy      |     0.785  |     0.758
2019-06-10 22:18:34,149 - INFO - allennlp.training.tensorboard_writer - loss          |   502.563  |   453.977
2019-06-10 22:18:34,149 - INFO - allennlp.training.tensorboard_writer - cpu_memory_MB |   274.461  |       N/A
2019-06-10 22:18:34,153 - INFO - allennlp.training.checkpointer - Best validation performance so far. Copying weights to './model/neural_crf/best.th'.
2019-06-10 22:18:34,154 - INFO - allennlp.training.trainer - Epoch duration: 0:00:04.508317
2019-06-10 22:18:34,154 - INFO - allennlp.training.trainer - Estimated training time remaining: 0:02:47
2019-06-10 22:18:34,154 - INFO - allennlp.training.trainer - Epoch 11/49
2019-06-10 22:18:34,154 - INFO - allennlp.training.trainer - Peak CPU memory usage MB: 274.460672
2019-06-10 22:18:34,160 - INFO - allennlp.training.trainer - Training
2019-06-10 22:18:38,009 - INFO - allennlp.training.trainer - Validating
2019-06-10 22:18:38,671 - INFO - allennlp.training.tensorboard_writer -                   Training |  Validation
2019-06-10 22:18:38,672 - INFO - allennlp.training.tensorboard_writer - accuracy3     |     0.870  |     0.854
2019-06-10 22:18:38,672 - INFO - allennlp.training.tensorboard_writer - accuracy      |     0.820  |     0.783
2019-06-10 22:18:38,672 - INFO - allennlp.training.tensorboard_writer - loss          |   442.410  |   414.219
2019-06-10 22:18:38,673 - INFO - allennlp.training.tensorboard_writer - cpu_memory_MB |   274.461  |       N/A
2019-06-10 22:18:38,676 - INFO - allennlp.training.checkpointer - Best validation performance so far. Copying weights to './model/neural_crf/best.th'.
2019-06-10 22:18:38,677 - INFO - allennlp.training.trainer - Epoch duration: 0:00:04.523252
2019-06-10 22:18:38,677 - INFO - allennlp.training.trainer - Estimated training time remaining: 0:02:43
2019-06-10 22:18:38,677 - INFO - allennlp.training.trainer - Epoch 12/49
2019-06-10 22:18:38,678 - INFO - allennlp.training.trainer - Peak CPU memory usage MB: 274.460672
2019-06-10 22:18:38,683 - INFO - allennlp.training.trainer - Training
2019-06-10 22:18:42,674 - INFO - allennlp.training.trainer - Validating
2019-06-10 22:18:43,265 - INFO - allennlp.training.tensorboard_writer -                   Training |  Validation
2019-06-10 22:18:43,265 - INFO - allennlp.training.tensorboard_writer - accuracy3     |     0.884  |     0.861
2019-06-10 22:18:43,266 - INFO - allennlp.training.tensorboard_writer - accuracy      |     0.846  |     0.796
2019-06-10 22:18:43,266 - INFO - allennlp.training.tensorboard_writer - loss          |   389.163  |   382.700
2019-06-10 22:18:43,267 - INFO - allennlp.training.tensorboard_writer - cpu_memory_MB |   274.461  |       N/A
2019-06-10 22:18:43,270 - INFO - allennlp.training.checkpointer - Best validation performance so far. Copying weights to './model/neural_crf/best.th'.
2019-06-10 22:18:43,271 - INFO - allennlp.training.trainer - Epoch duration: 0:00:04.593954
2019-06-10 22:18:43,272 - INFO - allennlp.training.trainer - Estimated training time remaining: 0:02:40
2019-06-10 22:18:43,272 - INFO - allennlp.training.trainer - Epoch 13/49
2019-06-10 22:18:43,272 - INFO - allennlp.training.trainer - Peak CPU memory usage MB: 274.460672
2019-06-10 22:18:43,278 - INFO - allennlp.training.trainer - Training
2019-06-10 22:18:47,228 - INFO - allennlp.training.trainer - Validating
2019-06-10 22:18:47,810 - INFO - allennlp.training.tensorboard_writer -                   Training |  Validation
2019-06-10 22:18:47,811 - INFO - allennlp.training.tensorboard_writer - accuracy3     |     0.897  |     0.875
2019-06-10 22:18:47,811 - INFO - allennlp.training.tensorboard_writer - accuracy      |     0.867  |     0.811
2019-06-10 22:18:47,811 - INFO - allennlp.training.tensorboard_writer - loss          |   345.691  |   359.212
2019-06-10 22:18:47,812 - INFO - allennlp.training.tensorboard_writer - cpu_memory_MB |   274.461  |       N/A
2019-06-10 22:18:47,815 - INFO - allennlp.training.checkpointer - Best validation performance so far. Copying weights to './model/neural_crf/best.th'.
2019-06-10 22:18:47,816 - INFO - allennlp.training.trainer - Epoch duration: 0:00:04.544829
2019-06-10 22:18:47,817 - INFO - allennlp.training.trainer - Estimated training time remaining: 0:02:36
2019-06-10 22:18:47,817 - INFO - allennlp.training.trainer - Epoch 14/49
2019-06-10 22:18:47,817 - INFO - allennlp.training.trainer - Peak CPU memory usage MB: 276.987904
2019-06-10 22:18:47,823 - INFO - allennlp.training.trainer - Training
2019-06-10 22:18:51,792 - INFO - allennlp.training.trainer - Validating
2019-06-10 22:18:52,379 - INFO - allennlp.training.tensorboard_writer -                   Training |  Validation
2019-06-10 22:18:52,380 - INFO - allennlp.training.tensorboard_writer - accuracy3     |     0.910  |     0.880
2019-06-10 22:18:52,380 - INFO - allennlp.training.tensorboard_writer - accuracy      |     0.886  |     0.822
2019-06-10 22:18:52,381 - INFO - allennlp.training.tensorboard_writer - loss          |   310.935  |   340.945
2019-06-10 22:18:52,381 - INFO - allennlp.training.tensorboard_writer - cpu_memory_MB |   276.988  |       N/A
2019-06-10 22:18:52,385 - INFO - allennlp.training.checkpointer - Best validation performance so far. Copying weights to './model/neural_crf/best.th'.
2019-06-10 22:18:52,386 - INFO - allennlp.training.trainer - Epoch duration: 0:00:04.569025
2019-06-10 22:18:52,386 - INFO - allennlp.training.trainer - Estimated training time remaining: 0:02:32
2019-06-10 22:18:52,386 - INFO - allennlp.training.trainer - Epoch 15/49
2019-06-10 22:18:52,386 - INFO - allennlp.training.trainer - Peak CPU memory usage MB: 276.987904
2019-06-10 22:18:52,392 - INFO - allennlp.training.trainer - Training
2019-06-10 22:18:56,361 - INFO - allennlp.training.trainer - Validating
2019-06-10 22:18:56,986 - INFO - allennlp.training.tensorboard_writer -                   Training |  Validation
2019-06-10 22:18:56,986 - INFO - allennlp.training.tensorboard_writer - accuracy3     |     0.920  |     0.885
2019-06-10 22:18:56,986 - INFO - allennlp.training.tensorboard_writer - accuracy      |     0.899  |     0.826
2019-06-10 22:18:56,987 - INFO - allennlp.training.tensorboard_writer - loss          |   281.215  |   324.908
2019-06-10 22:18:56,987 - INFO - allennlp.training.tensorboard_writer - cpu_memory_MB |   276.988  |       N/A
2019-06-10 22:18:56,991 - INFO - allennlp.training.checkpointer - Best validation performance so far. Copying weights to './model/neural_crf/best.th'.
2019-06-10 22:18:56,992 - INFO - allennlp.training.trainer - Epoch duration: 0:00:04.605992
2019-06-10 22:18:56,992 - INFO - allennlp.training.trainer - Estimated training time remaining: 0:02:28
2019-06-10 22:18:56,992 - INFO - allennlp.training.trainer - Epoch 16/49
2019-06-10 22:18:56,992 - INFO - allennlp.training.trainer - Peak CPU memory usage MB: 276.987904
2019-06-10 22:18:56,998 - INFO - allennlp.training.trainer - Training
2019-06-10 22:19:01,073 - INFO - allennlp.training.trainer - Validating
2019-06-10 22:19:01,668 - INFO - allennlp.training.tensorboard_writer -                   Training |  Validation
2019-06-10 22:19:01,668 - INFO - allennlp.training.tensorboard_writer - accuracy3     |     0.930  |     0.890
2019-06-10 22:19:01,668 - INFO - allennlp.training.tensorboard_writer - accuracy      |     0.912  |     0.832
2019-06-10 22:19:01,669 - INFO - allennlp.training.tensorboard_writer - loss          |   254.024  |   313.048
2019-06-10 22:19:01,669 - INFO - allennlp.training.tensorboard_writer - cpu_memory_MB |   276.988  |       N/A
2019-06-10 22:19:01,673 - INFO - allennlp.training.checkpointer - Best validation performance so far. Copying weights to './model/neural_crf/best.th'.
2019-06-10 22:19:01,674 - INFO - allennlp.training.trainer - Epoch duration: 0:00:04.681643
2019-06-10 22:19:01,674 - INFO - allennlp.training.trainer - Estimated training time remaining: 0:02:25
2019-06-10 22:19:01,674 - INFO - allennlp.training.trainer - Epoch 17/49
2019-06-10 22:19:01,674 - INFO - allennlp.training.trainer - Peak CPU memory usage MB: 276.987904
2019-06-10 22:19:01,680 - INFO - allennlp.training.trainer - Training
2019-06-10 22:19:05,747 - INFO - allennlp.training.trainer - Validating
2019-06-10 22:19:06,336 - INFO - allennlp.training.tensorboard_writer -                   Training |  Validation
2019-06-10 22:19:06,336 - INFO - allennlp.training.tensorboard_writer - accuracy3     |     0.938  |     0.894
2019-06-10 22:19:06,337 - INFO - allennlp.training.tensorboard_writer - accuracy      |     0.921  |     0.840
2019-06-10 22:19:06,337 - INFO - allennlp.training.tensorboard_writer - loss          |   231.745  |   303.591
2019-06-10 22:19:06,337 - INFO - allennlp.training.tensorboard_writer - cpu_memory_MB |   276.988  |       N/A
2019-06-10 22:19:06,341 - INFO - allennlp.training.checkpointer - Best validation performance so far. Copying weights to './model/neural_crf/best.th'.
2019-06-10 22:19:06,342 - INFO - allennlp.training.trainer - Epoch duration: 0:00:04.668042
2019-06-10 22:19:06,342 - INFO - allennlp.training.trainer - Estimated training time remaining: 0:02:21
2019-06-10 22:19:06,342 - INFO - allennlp.training.trainer - Epoch 18/49
2019-06-10 22:19:06,342 - INFO - allennlp.training.trainer - Peak CPU memory usage MB: 276.987904
2019-06-10 22:19:06,348 - INFO - allennlp.training.trainer - Training
2019-06-10 22:19:10,277 - INFO - allennlp.training.trainer - Validating
2019-06-10 22:19:10,857 - INFO - allennlp.training.tensorboard_writer -                   Training |  Validation
2019-06-10 22:19:10,858 - INFO - allennlp.training.tensorboard_writer - accuracy3     |     0.947  |     0.897
2019-06-10 22:19:10,858 - INFO - allennlp.training.tensorboard_writer - accuracy      |     0.931  |     0.842
2019-06-10 22:19:10,859 - INFO - allennlp.training.tensorboard_writer - loss          |   211.994  |   292.268
2019-06-10 22:19:10,859 - INFO - allennlp.training.tensorboard_writer - cpu_memory_MB |   276.988  |       N/A
2019-06-10 22:19:10,863 - INFO - allennlp.training.checkpointer - Best validation performance so far. Copying weights to './model/neural_crf/best.th'.
2019-06-10 22:19:10,864 - INFO - allennlp.training.trainer - Epoch duration: 0:00:04.521464
2019-06-10 22:19:10,864 - INFO - allennlp.training.trainer - Estimated training time remaining: 0:02:16
2019-06-10 22:19:10,864 - INFO - allennlp.training.trainer - Epoch 19/49
2019-06-10 22:19:10,864 - INFO - allennlp.training.trainer - Peak CPU memory usage MB: 276.987904
2019-06-10 22:19:10,869 - INFO - allennlp.training.trainer - Training
2019-06-10 22:19:14,765 - INFO - allennlp.training.trainer - Validating
2019-06-10 22:19:15,358 - INFO - allennlp.training.tensorboard_writer -                   Training |  Validation
2019-06-10 22:19:15,359 - INFO - allennlp.training.tensorboard_writer - accuracy3     |     0.950  |     0.896
2019-06-10 22:19:15,359 - INFO - allennlp.training.tensorboard_writer - accuracy      |     0.935  |     0.842
2019-06-10 22:19:15,360 - INFO - allennlp.training.tensorboard_writer - loss          |   194.861  |   287.833
2019-06-10 22:19:15,360 - INFO - allennlp.training.tensorboard_writer - cpu_memory_MB |   276.988  |       N/A
2019-06-10 22:19:15,363 - INFO - allennlp.training.checkpointer - Best validation performance so far. Copying weights to './model/neural_crf/best.th'.
2019-06-10 22:19:15,364 - INFO - allennlp.training.trainer - Epoch duration: 0:00:04.500535
2019-06-10 22:19:15,365 - INFO - allennlp.training.trainer - Estimated training time remaining: 0:02:12
2019-06-10 22:19:15,365 - INFO - allennlp.training.trainer - Epoch 20/49
2019-06-10 22:19:15,365 - INFO - allennlp.training.trainer - Peak CPU memory usage MB: 276.987904
2019-06-10 22:19:15,370 - INFO - allennlp.training.trainer - Training
2019-06-10 22:19:19,195 - INFO - allennlp.training.trainer - Validating
2019-06-10 22:19:19,779 - INFO - allennlp.training.tensorboard_writer -                   Training |  Validation
2019-06-10 22:19:19,779 - INFO - allennlp.training.tensorboard_writer - accuracy3     |     0.954  |     0.901
2019-06-10 22:19:19,780 - INFO - allennlp.training.tensorboard_writer - accuracy      |     0.941  |     0.848
2019-06-10 22:19:19,780 - INFO - allennlp.training.tensorboard_writer - loss          |   179.530  |   278.618
2019-06-10 22:19:19,781 - INFO - allennlp.training.tensorboard_writer - cpu_memory_MB |   276.988  |       N/A
2019-06-10 22:19:19,784 - INFO - allennlp.training.checkpointer - Best validation performance so far. Copying weights to './model/neural_crf/best.th'.
2019-06-10 22:19:19,785 - INFO - allennlp.training.trainer - Epoch duration: 0:00:04.420889
2019-06-10 22:19:19,786 - INFO - allennlp.training.trainer - Estimated training time remaining: 0:02:08
2019-06-10 22:19:19,786 - INFO - allennlp.training.trainer - Epoch 21/49
2019-06-10 22:19:19,786 - INFO - allennlp.training.trainer - Peak CPU memory usage MB: 276.987904
2019-06-10 22:19:19,791 - INFO - allennlp.training.trainer - Training
2019-06-10 22:19:23,600 - INFO - allennlp.training.trainer - Validating
2019-06-10 22:19:24,182 - INFO - allennlp.training.tensorboard_writer -                   Training |  Validation
2019-06-10 22:19:24,183 - INFO - allennlp.training.tensorboard_writer - accuracy3     |     0.961  |     0.903
2019-06-10 22:19:24,183 - INFO - allennlp.training.tensorboard_writer - accuracy      |     0.948  |     0.854
2019-06-10 22:19:24,183 - INFO - allennlp.training.tensorboard_writer - loss          |   166.537  |   273.103
2019-06-10 22:19:24,184 - INFO - allennlp.training.tensorboard_writer - cpu_memory_MB |   276.988  |       N/A
2019-06-10 22:19:24,187 - INFO - allennlp.training.checkpointer - Best validation performance so far. Copying weights to './model/neural_crf/best.th'.
2019-06-10 22:19:24,189 - INFO - allennlp.training.trainer - Epoch duration: 0:00:04.403039
2019-06-10 22:19:24,189 - INFO - allennlp.training.trainer - Estimated training time remaining: 0:02:03
2019-06-10 22:19:24,189 - INFO - allennlp.training.trainer - Epoch 22/49
2019-06-10 22:19:24,189 - INFO - allennlp.training.trainer - Peak CPU memory usage MB: 276.987904
2019-06-10 22:19:24,195 - INFO - allennlp.training.trainer - Training
2019-06-10 22:19:27,970 - INFO - allennlp.training.trainer - Validating
2019-06-10 22:19:28,549 - INFO - allennlp.training.tensorboard_writer -                   Training |  Validation
2019-06-10 22:19:28,549 - INFO - allennlp.training.tensorboard_writer - accuracy3     |     0.961  |     0.905
2019-06-10 22:19:28,550 - INFO - allennlp.training.tensorboard_writer - accuracy      |     0.949  |     0.855
2019-06-10 22:19:28,550 - INFO - allennlp.training.tensorboard_writer - loss          |   155.377  |   268.218
2019-06-10 22:19:28,551 - INFO - allennlp.training.tensorboard_writer - cpu_memory_MB |   276.988  |       N/A
2019-06-10 22:19:28,554 - INFO - allennlp.training.checkpointer - Best validation performance so far. Copying weights to './model/neural_crf/best.th'.
2019-06-10 22:19:28,555 - INFO - allennlp.training.trainer - Epoch duration: 0:00:04.366404
2019-06-10 22:19:28,555 - INFO - allennlp.training.trainer - Estimated training time remaining: 0:01:59
2019-06-10 22:19:28,556 - INFO - allennlp.training.trainer - Epoch 23/49
2019-06-10 22:19:28,556 - INFO - allennlp.training.trainer - Peak CPU memory usage MB: 276.987904
2019-06-10 22:19:28,561 - INFO - allennlp.training.trainer - Training
2019-06-10 22:19:32,310 - INFO - allennlp.training.trainer - Validating
2019-06-10 22:19:32,900 - INFO - allennlp.training.tensorboard_writer -                   Training |  Validation
2019-06-10 22:19:32,900 - INFO - allennlp.training.tensorboard_writer - accuracy3     |     0.962  |     0.905
2019-06-10 22:19:32,901 - INFO - allennlp.training.tensorboard_writer - accuracy      |     0.951  |     0.855
2019-06-10 22:19:32,901 - INFO - allennlp.training.tensorboard_writer - loss          |   145.908  |   265.946
2019-06-10 22:19:32,902 - INFO - allennlp.training.tensorboard_writer - cpu_memory_MB |   276.988  |       N/A
2019-06-10 22:19:32,905 - INFO - allennlp.training.checkpointer - Best validation performance so far. Copying weights to './model/neural_crf/best.th'.
2019-06-10 22:19:32,906 - INFO - allennlp.training.trainer - Epoch duration: 0:00:04.350797
2019-06-10 22:19:32,906 - INFO - allennlp.training.trainer - Estimated training time remaining: 0:01:54
2019-06-10 22:19:32,907 - INFO - allennlp.training.trainer - Epoch 24/49
2019-06-10 22:19:32,907 - INFO - allennlp.training.trainer - Peak CPU memory usage MB: 276.987904
2019-06-10 22:19:32,912 - INFO - allennlp.training.trainer - Training
2019-06-10 22:19:36,636 - INFO - allennlp.training.trainer - Validating
2019-06-10 22:19:37,202 - INFO - allennlp.training.tensorboard_writer -                   Training |  Validation
2019-06-10 22:19:37,202 - INFO - allennlp.training.tensorboard_writer - accuracy3     |     0.966  |     0.908
2019-06-10 22:19:37,203 - INFO - allennlp.training.tensorboard_writer - accuracy      |     0.955  |     0.857
2019-06-10 22:19:37,203 - INFO - allennlp.training.tensorboard_writer - loss          |   137.251  |   259.404
2019-06-10 22:19:37,203 - INFO - allennlp.training.tensorboard_writer - cpu_memory_MB |   276.988  |       N/A
2019-06-10 22:19:37,207 - INFO - allennlp.training.checkpointer - Best validation performance so far. Copying weights to './model/neural_crf/best.th'.
2019-06-10 22:19:37,208 - INFO - allennlp.training.trainer - Epoch duration: 0:00:04.301742
2019-06-10 22:19:37,208 - INFO - allennlp.training.trainer - Estimated training time remaining: 0:01:50
2019-06-10 22:19:37,209 - INFO - allennlp.training.trainer - Epoch 25/49
2019-06-10 22:19:37,209 - INFO - allennlp.training.trainer - Peak CPU memory usage MB: 276.987904
2019-06-10 22:19:37,214 - INFO - allennlp.training.trainer - Training
2019-06-10 22:19:41,011 - INFO - allennlp.training.trainer - Validating
2019-06-10 22:19:41,577 - INFO - allennlp.training.tensorboard_writer -                   Training |  Validation
2019-06-10 22:19:41,577 - INFO - allennlp.training.tensorboard_writer - accuracy3     |     0.966  |     0.904
2019-06-10 22:19:41,578 - INFO - allennlp.training.tensorboard_writer - accuracy      |     0.955  |     0.857
2019-06-10 22:19:41,578 - INFO - allennlp.training.tensorboard_writer - loss          |   128.423  |   259.486
2019-06-10 22:19:41,578 - INFO - allennlp.training.tensorboard_writer - cpu_memory_MB |   276.988  |       N/A
2019-06-10 22:19:41,582 - INFO - allennlp.training.trainer - Epoch duration: 0:00:04.373690
2019-06-10 22:19:41,582 - INFO - allennlp.training.trainer - Estimated training time remaining: 0:01:45
2019-06-10 22:19:41,582 - INFO - allennlp.training.trainer - Epoch 26/49
2019-06-10 22:19:41,583 - INFO - allennlp.training.trainer - Peak CPU memory usage MB: 276.987904
2019-06-10 22:19:41,588 - INFO - allennlp.training.trainer - Training
2019-06-10 22:19:45,366 - INFO - allennlp.training.trainer - Validating
2019-06-10 22:19:45,943 - INFO - allennlp.training.tensorboard_writer -                   Training |  Validation
2019-06-10 22:19:45,944 - INFO - allennlp.training.tensorboard_writer - accuracy3     |     0.969  |     0.907
2019-06-10 22:19:45,944 - INFO - allennlp.training.tensorboard_writer - accuracy      |     0.958  |     0.859
2019-06-10 22:19:45,945 - INFO - allennlp.training.tensorboard_writer - loss          |   122.104  |   256.057
2019-06-10 22:19:45,945 - INFO - allennlp.training.tensorboard_writer - cpu_memory_MB |   276.988  |       N/A
2019-06-10 22:19:45,949 - INFO - allennlp.training.checkpointer - Best validation performance so far. Copying weights to './model/neural_crf/best.th'.
2019-06-10 22:19:45,950 - INFO - allennlp.training.trainer - Epoch duration: 0:00:04.367434
2019-06-10 22:19:45,950 - INFO - allennlp.training.trainer - Estimated training time remaining: 0:01:41
2019-06-10 22:19:45,950 - INFO - allennlp.training.trainer - Epoch 27/49
2019-06-10 22:19:45,950 - INFO - allennlp.training.trainer - Peak CPU memory usage MB: 276.987904
2019-06-10 22:19:45,956 - INFO - allennlp.training.trainer - Training
2019-06-10 22:19:49,799 - INFO - allennlp.training.trainer - Validating
2019-06-10 22:19:50,411 - INFO - allennlp.training.tensorboard_writer -                   Training |  Validation
2019-06-10 22:19:50,412 - INFO - allennlp.training.tensorboard_writer - accuracy3     |     0.969  |     0.908
2019-06-10 22:19:50,412 - INFO - allennlp.training.tensorboard_writer - accuracy      |     0.959  |     0.859
2019-06-10 22:19:50,412 - INFO - allennlp.training.tensorboard_writer - loss          |   115.329  |   252.878
2019-06-10 22:19:50,413 - INFO - allennlp.training.tensorboard_writer - cpu_memory_MB |   276.988  |       N/A
2019-06-10 22:19:50,416 - INFO - allennlp.training.checkpointer - Best validation performance so far. Copying weights to './model/neural_crf/best.th'.
2019-06-10 22:19:50,418 - INFO - allennlp.training.trainer - Epoch duration: 0:00:04.467505
2019-06-10 22:19:50,418 - INFO - allennlp.training.trainer - Estimated training time remaining: 0:01:37
2019-06-10 22:19:50,418 - INFO - allennlp.training.trainer - Epoch 28/49
2019-06-10 22:19:50,418 - INFO - allennlp.training.trainer - Peak CPU memory usage MB: 276.987904
2019-06-10 22:19:50,424 - INFO - allennlp.training.trainer - Training
2019-06-10 22:19:54,418 - INFO - allennlp.training.trainer - Validating
2019-06-10 22:19:55,003 - INFO - allennlp.training.tensorboard_writer -                   Training |  Validation
2019-06-10 22:19:55,004 - INFO - allennlp.training.tensorboard_writer - accuracy3     |     0.971  |     0.908
2019-06-10 22:19:55,004 - INFO - allennlp.training.tensorboard_writer - accuracy      |     0.961  |     0.859
2019-06-10 22:19:55,005 - INFO - allennlp.training.tensorboard_writer - loss          |   109.759  |   251.697
2019-06-10 22:19:55,005 - INFO - allennlp.training.tensorboard_writer - cpu_memory_MB |   276.988  |       N/A
2019-06-10 22:19:55,008 - INFO - allennlp.training.checkpointer - Best validation performance so far. Copying weights to './model/neural_crf/best.th'.
2019-06-10 22:19:55,010 - INFO - allennlp.training.trainer - Epoch duration: 0:00:04.591796
2019-06-10 22:19:55,010 - INFO - allennlp.training.trainer - Estimated training time remaining: 0:01:32
2019-06-10 22:19:55,010 - INFO - allennlp.training.trainer - Epoch 29/49
2019-06-10 22:19:55,010 - INFO - allennlp.training.trainer - Peak CPU memory usage MB: 276.987904
2019-06-10 22:19:55,016 - INFO - allennlp.training.trainer - Training
2019-06-10 22:19:58,847 - INFO - allennlp.training.trainer - Validating
2019-06-10 22:19:59,417 - INFO - allennlp.training.tensorboard_writer -                   Training |  Validation
2019-06-10 22:19:59,418 - INFO - allennlp.training.tensorboard_writer - accuracy3     |     0.971  |     0.907
2019-06-10 22:19:59,418 - INFO - allennlp.training.tensorboard_writer - accuracy      |     0.962  |     0.860
2019-06-10 22:19:59,419 - INFO - allennlp.training.tensorboard_writer - loss          |   104.682  |   250.406
2019-06-10 22:19:59,419 - INFO - allennlp.training.tensorboard_writer - cpu_memory_MB |   276.988  |       N/A
2019-06-10 22:19:59,422 - INFO - allennlp.training.checkpointer - Best validation performance so far. Copying weights to './model/neural_crf/best.th'.
2019-06-10 22:19:59,424 - INFO - allennlp.training.trainer - Epoch duration: 0:00:04.413892
2019-06-10 22:19:59,424 - INFO - allennlp.training.trainer - Estimated training time remaining: 0:01:28
2019-06-10 22:19:59,424 - INFO - allennlp.training.trainer - Epoch 30/49
2019-06-10 22:19:59,424 - INFO - allennlp.training.trainer - Peak CPU memory usage MB: 276.987904
2019-06-10 22:19:59,430 - INFO - allennlp.training.trainer - Training
2019-06-10 22:20:03,378 - INFO - allennlp.training.trainer - Validating
2019-06-10 22:20:03,951 - INFO - allennlp.training.tensorboard_writer -                   Training |  Validation
2019-06-10 22:20:03,951 - INFO - allennlp.training.tensorboard_writer - accuracy3     |     0.972  |     0.908
2019-06-10 22:20:03,952 - INFO - allennlp.training.tensorboard_writer - accuracy      |     0.963  |     0.860
2019-06-10 22:20:03,952 - INFO - allennlp.training.tensorboard_writer - loss          |   100.579  |   249.428
2019-06-10 22:20:03,952 - INFO - allennlp.training.tensorboard_writer - cpu_memory_MB |   276.988  |       N/A
2019-06-10 22:20:03,956 - INFO - allennlp.training.checkpointer - Best validation performance so far. Copying weights to './model/neural_crf/best.th'.
2019-06-10 22:20:03,957 - INFO - allennlp.training.trainer - Epoch duration: 0:00:04.533026
2019-06-10 22:20:03,957 - INFO - allennlp.training.trainer - Estimated training time remaining: 0:01:23
2019-06-10 22:20:03,957 - INFO - allennlp.training.trainer - Epoch 31/49
2019-06-10 22:20:03,957 - INFO - allennlp.training.trainer - Peak CPU memory usage MB: 276.987904
2019-06-10 22:20:03,963 - INFO - allennlp.training.trainer - Training
2019-06-10 22:20:07,813 - INFO - allennlp.training.trainer - Validating
2019-06-10 22:20:08,398 - INFO - allennlp.training.tensorboard_writer -                   Training |  Validation
2019-06-10 22:20:08,399 - INFO - allennlp.training.tensorboard_writer - accuracy3     |     0.972  |     0.910
2019-06-10 22:20:08,399 - INFO - allennlp.training.tensorboard_writer - accuracy      |     0.963  |     0.862
2019-06-10 22:20:08,399 - INFO - allennlp.training.tensorboard_writer - loss          |    96.925  |   248.498
2019-06-10 22:20:08,400 - INFO - allennlp.training.tensorboard_writer - cpu_memory_MB |   276.988  |       N/A
2019-06-10 22:20:08,403 - INFO - allennlp.training.checkpointer - Best validation performance so far. Copying weights to './model/neural_crf/best.th'.
2019-06-10 22:20:08,405 - INFO - allennlp.training.trainer - Epoch duration: 0:00:04.447406
2019-06-10 22:20:08,405 - INFO - allennlp.training.trainer - Estimated training time remaining: 0:01:19
2019-06-10 22:20:08,405 - INFO - allennlp.training.trainer - Epoch 32/49
2019-06-10 22:20:08,405 - INFO - allennlp.training.trainer - Peak CPU memory usage MB: 276.987904
2019-06-10 22:20:08,411 - INFO - allennlp.training.trainer - Training
2019-06-10 22:20:12,396 - INFO - allennlp.training.trainer - Validating
2019-06-10 22:20:12,983 - INFO - allennlp.training.tensorboard_writer -                   Training |  Validation
2019-06-10 22:20:12,984 - INFO - allennlp.training.tensorboard_writer - accuracy3     |     0.972  |     0.908
2019-06-10 22:20:12,984 - INFO - allennlp.training.tensorboard_writer - accuracy      |     0.964  |     0.861
2019-06-10 22:20:12,985 - INFO - allennlp.training.tensorboard_writer - loss          |    92.651  |   248.693
2019-06-10 22:20:12,985 - INFO - allennlp.training.tensorboard_writer - cpu_memory_MB |   276.988  |       N/A
2019-06-10 22:20:12,989 - INFO - allennlp.training.trainer - Epoch duration: 0:00:04.584069
2019-06-10 22:20:12,989 - INFO - allennlp.training.trainer - Estimated training time remaining: 0:01:15
2019-06-10 22:20:12,989 - INFO - allennlp.training.trainer - Epoch 33/49
2019-06-10 22:20:12,989 - INFO - allennlp.training.trainer - Peak CPU memory usage MB: 276.987904
2019-06-10 22:20:12,995 - INFO - allennlp.training.trainer - Training
2019-06-10 22:20:16,801 - INFO - allennlp.training.trainer - Validating
2019-06-10 22:20:17,380 - INFO - allennlp.training.tensorboard_writer -                   Training |  Validation
2019-06-10 22:20:17,381 - INFO - allennlp.training.tensorboard_writer - accuracy3     |     0.973  |     0.909
2019-06-10 22:20:17,381 - INFO - allennlp.training.tensorboard_writer - accuracy      |     0.964  |     0.861
2019-06-10 22:20:17,382 - INFO - allennlp.training.tensorboard_writer - loss          |    90.506  |   246.696
2019-06-10 22:20:17,382 - INFO - allennlp.training.tensorboard_writer - cpu_memory_MB |   276.988  |       N/A
2019-06-10 22:20:17,385 - INFO - allennlp.training.checkpointer - Best validation performance so far. Copying weights to './model/neural_crf/best.th'.
2019-06-10 22:20:17,387 - INFO - allennlp.training.trainer - Epoch duration: 0:00:04.397666
2019-06-10 22:20:17,387 - INFO - allennlp.training.trainer - Estimated training time remaining: 0:01:10
2019-06-10 22:20:17,387 - INFO - allennlp.training.trainer - Epoch 34/49
2019-06-10 22:20:17,387 - INFO - allennlp.training.trainer - Peak CPU memory usage MB: 276.987904
2019-06-10 22:20:17,393 - INFO - allennlp.training.trainer - Training
2019-06-10 22:33:44,474 - INFO - allennlp.training.trainer - Validating
2019-06-10 22:33:45,060 - INFO - allennlp.training.tensorboard_writer -                   Training |  Validation
2019-06-10 22:33:45,060 - INFO - allennlp.training.tensorboard_writer - accuracy3     |     0.973  |     0.912
2019-06-10 22:33:45,061 - INFO - allennlp.training.tensorboard_writer - accuracy      |     0.965  |     0.864
2019-06-10 22:33:45,061 - INFO - allennlp.training.tensorboard_writer - loss          |    87.183  |   244.754
2019-06-10 22:33:45,062 - INFO - allennlp.training.tensorboard_writer - cpu_memory_MB |   276.988  |       N/A
2019-06-10 22:33:45,065 - INFO - allennlp.training.checkpointer - Best validation performance so far. Copying weights to './model/neural_crf/best.th'.
2019-06-10 22:33:45,066 - INFO - allennlp.training.trainer - Epoch duration: 0:13:27.679229
2019-06-10 22:33:45,066 - INFO - allennlp.training.trainer - Estimated training time remaining: 0:06:50
2019-06-10 22:33:45,066 - INFO - allennlp.training.trainer - Epoch 35/49
2019-06-10 22:33:45,066 - INFO - allennlp.training.trainer - Peak CPU memory usage MB: 276.987904
2019-06-10 22:33:45,072 - INFO - allennlp.training.trainer - Training
2019-06-10 22:33:48,935 - INFO - allennlp.training.trainer - Validating
2019-06-10 22:33:49,479 - INFO - allennlp.training.tensorboard_writer -                   Training |  Validation
2019-06-10 22:33:49,480 - INFO - allennlp.training.tensorboard_writer - accuracy3     |     0.974  |     0.908
2019-06-10 22:33:49,480 - INFO - allennlp.training.tensorboard_writer - accuracy      |     0.966  |     0.862
2019-06-10 22:33:49,480 - INFO - allennlp.training.tensorboard_writer - loss          |    84.356  |   246.442
2019-06-10 22:33:49,481 - INFO - allennlp.training.tensorboard_writer - cpu_memory_MB |   276.988  |       N/A
2019-06-10 22:33:49,484 - INFO - allennlp.training.trainer - Epoch duration: 0:00:04.417818
2019-06-10 22:33:49,484 - INFO - allennlp.training.trainer - Estimated training time remaining: 0:06:14
2019-06-10 22:33:49,484 - INFO - allennlp.training.trainer - Epoch 36/49
2019-06-10 22:33:49,485 - INFO - allennlp.training.trainer - Peak CPU memory usage MB: 276.987904
2019-06-10 22:33:49,490 - INFO - allennlp.training.trainer - Training
2019-06-10 22:33:53,114 - INFO - allennlp.training.trainer - Validating
2019-06-10 22:33:53,699 - INFO - allennlp.training.tensorboard_writer -                   Training |  Validation
2019-06-10 22:33:53,699 - INFO - allennlp.training.tensorboard_writer - accuracy3     |     0.973  |     0.907
2019-06-10 22:33:53,700 - INFO - allennlp.training.tensorboard_writer - accuracy      |     0.966  |     0.861
2019-06-10 22:33:53,700 - INFO - allennlp.training.tensorboard_writer - loss          |    82.335  |   244.503
2019-06-10 22:33:53,701 - INFO - allennlp.training.tensorboard_writer - cpu_memory_MB |   276.988  |       N/A
2019-06-10 22:33:53,705 - INFO - allennlp.training.checkpointer - Best validation performance so far. Copying weights to './model/neural_crf/best.th'.
2019-06-10 22:33:53,706 - INFO - allennlp.training.trainer - Epoch duration: 0:00:04.221590
2019-06-10 22:33:53,706 - INFO - allennlp.training.trainer - Estimated training time remaining: 0:05:39
2019-06-10 22:33:53,706 - INFO - allennlp.training.trainer - Epoch 37/49
2019-06-10 22:33:53,706 - INFO - allennlp.training.trainer - Peak CPU memory usage MB: 276.987904
2019-06-10 22:33:53,715 - INFO - allennlp.training.trainer - Training
2019-06-10 22:33:57,491 - INFO - allennlp.training.trainer - Validating
2019-06-10 22:33:58,046 - INFO - allennlp.training.tensorboard_writer -                   Training |  Validation
2019-06-10 22:33:58,047 - INFO - allennlp.training.tensorboard_writer - accuracy3     |     0.973  |     0.911
2019-06-10 22:33:58,047 - INFO - allennlp.training.tensorboard_writer - accuracy      |     0.965  |     0.862
2019-06-10 22:33:58,047 - INFO - allennlp.training.tensorboard_writer - loss          |    79.960  |   244.284
2019-06-10 22:33:58,048 - INFO - allennlp.training.tensorboard_writer - cpu_memory_MB |   276.988  |       N/A
2019-06-10 22:33:58,051 - INFO - allennlp.training.checkpointer - Best validation performance so far. Copying weights to './model/neural_crf/best.th'.
2019-06-10 22:33:58,052 - INFO - allennlp.training.trainer - Epoch duration: 0:00:04.346257
2019-06-10 22:33:58,053 - INFO - allennlp.training.trainer - Estimated training time remaining: 0:05:06
2019-06-10 22:33:58,053 - INFO - allennlp.training.trainer - Epoch 38/49
2019-06-10 22:33:58,053 - INFO - allennlp.training.trainer - Peak CPU memory usage MB: 276.987904
2019-06-10 22:33:58,058 - INFO - allennlp.training.trainer - Training
2019-06-10 22:34:01,812 - INFO - allennlp.training.trainer - Validating
2019-06-10 22:34:02,367 - INFO - allennlp.training.tensorboard_writer -                   Training |  Validation
2019-06-10 22:34:02,367 - INFO - allennlp.training.tensorboard_writer - accuracy3     |     0.973  |     0.907
2019-06-10 22:34:02,368 - INFO - allennlp.training.tensorboard_writer - accuracy      |     0.965  |     0.863
2019-06-10 22:34:02,368 - INFO - allennlp.training.tensorboard_writer - loss          |    78.272  |   246.263
2019-06-10 22:34:02,368 - INFO - allennlp.training.tensorboard_writer - cpu_memory_MB |   276.988  |       N/A
2019-06-10 22:34:02,372 - INFO - allennlp.training.trainer - Epoch duration: 0:00:04.319238
2019-06-10 22:34:02,372 - INFO - allennlp.training.trainer - Estimated training time remaining: 0:04:35
2019-06-10 22:34:02,372 - INFO - allennlp.training.trainer - Epoch 39/49
2019-06-10 22:34:02,372 - INFO - allennlp.training.trainer - Peak CPU memory usage MB: 276.987904
2019-06-10 22:34:02,378 - INFO - allennlp.training.trainer - Training
2019-06-10 22:34:06,169 - INFO - allennlp.training.trainer - Validating
2019-06-10 22:34:06,727 - INFO - allennlp.training.tensorboard_writer -                   Training |  Validation
2019-06-10 22:34:06,727 - INFO - allennlp.training.tensorboard_writer - accuracy3     |     0.973  |     0.909
2019-06-10 22:34:06,727 - INFO - allennlp.training.tensorboard_writer - accuracy      |     0.965  |     0.861
2019-06-10 22:34:06,728 - INFO - allennlp.training.tensorboard_writer - loss          |    76.109  |   244.165
2019-06-10 22:34:06,728 - INFO - allennlp.training.tensorboard_writer - cpu_memory_MB |   276.988  |       N/A
2019-06-10 22:34:06,731 - INFO - allennlp.training.checkpointer - Best validation performance so far. Copying weights to './model/neural_crf/best.th'.
2019-06-10 22:34:06,733 - INFO - allennlp.training.trainer - Epoch duration: 0:00:04.360547
2019-06-10 22:34:06,733 - INFO - allennlp.training.trainer - Estimated training time remaining: 0:04:04
2019-06-10 22:34:06,733 - INFO - allennlp.training.trainer - Epoch 40/49
2019-06-10 22:34:06,733 - INFO - allennlp.training.trainer - Peak CPU memory usage MB: 276.987904
2019-06-10 22:34:06,739 - INFO - allennlp.training.trainer - Training
2019-06-10 22:34:10,435 - INFO - allennlp.training.trainer - Validating
2019-06-10 22:34:11,009 - INFO - allennlp.training.tensorboard_writer -                   Training |  Validation
2019-06-10 22:34:11,009 - INFO - allennlp.training.tensorboard_writer - accuracy3     |     0.973  |     0.911
2019-06-10 22:34:11,010 - INFO - allennlp.training.tensorboard_writer - accuracy      |     0.966  |     0.864
2019-06-10 22:34:11,010 - INFO - allennlp.training.tensorboard_writer - loss          |    74.582  |   245.210
2019-06-10 22:34:11,010 - INFO - allennlp.training.tensorboard_writer - cpu_memory_MB |   276.988  |       N/A
2019-06-10 22:34:11,014 - INFO - allennlp.training.trainer - Epoch duration: 0:00:04.281283
2019-06-10 22:34:11,014 - INFO - allennlp.training.trainer - Estimated training time remaining: 0:03:36
2019-06-10 22:34:11,014 - INFO - allennlp.training.trainer - Epoch 41/49
2019-06-10 22:34:11,015 - INFO - allennlp.training.trainer - Peak CPU memory usage MB: 276.987904
2019-06-10 22:34:11,020 - INFO - allennlp.training.trainer - Training
2019-06-10 22:34:14,962 - INFO - allennlp.training.trainer - Validating
2019-06-10 22:34:15,526 - INFO - allennlp.training.tensorboard_writer -                   Training |  Validation
2019-06-10 22:34:15,526 - INFO - allennlp.training.tensorboard_writer - accuracy3     |     0.973  |     0.908
2019-06-10 22:34:15,526 - INFO - allennlp.training.tensorboard_writer - accuracy      |     0.965  |     0.861
2019-06-10 22:34:15,527 - INFO - allennlp.training.tensorboard_writer - loss          |    73.514  |   243.126
2019-06-10 22:34:15,527 - INFO - allennlp.training.tensorboard_writer - cpu_memory_MB |   276.988  |       N/A
2019-06-10 22:34:15,531 - INFO - allennlp.training.checkpointer - Best validation performance so far. Copying weights to './model/neural_crf/best.th'.
2019-06-10 22:34:15,532 - INFO - allennlp.training.trainer - Epoch duration: 0:00:04.517450
2019-06-10 22:34:15,532 - INFO - allennlp.training.trainer - Estimated training time remaining: 0:03:08
2019-06-10 22:34:15,532 - INFO - allennlp.training.trainer - Epoch 42/49
2019-06-10 22:34:15,532 - INFO - allennlp.training.trainer - Peak CPU memory usage MB: 276.987904
2019-06-10 22:34:15,538 - INFO - allennlp.training.trainer - Training
2019-06-10 22:34:19,216 - INFO - allennlp.training.trainer - Validating
2019-06-10 22:34:19,789 - INFO - allennlp.training.tensorboard_writer -                   Training |  Validation
2019-06-10 22:34:19,790 - INFO - allennlp.training.tensorboard_writer - accuracy3     |     0.974  |     0.907
2019-06-10 22:34:19,790 - INFO - allennlp.training.tensorboard_writer - accuracy      |     0.967  |     0.861
2019-06-10 22:34:19,791 - INFO - allennlp.training.tensorboard_writer - loss          |    72.247  |   243.876
2019-06-10 22:34:19,791 - INFO - allennlp.training.tensorboard_writer - cpu_memory_MB |   276.988  |       N/A
2019-06-10 22:34:19,795 - INFO - allennlp.training.trainer - Epoch duration: 0:00:04.262452
2019-06-10 22:34:19,795 - INFO - allennlp.training.trainer - Estimated training time remaining: 0:02:41
2019-06-10 22:34:19,795 - INFO - allennlp.training.trainer - Epoch 43/49
2019-06-10 22:34:19,795 - INFO - allennlp.training.trainer - Peak CPU memory usage MB: 276.987904
2019-06-10 22:34:19,801 - INFO - allennlp.training.trainer - Training
2019-06-10 22:34:23,713 - INFO - allennlp.training.trainer - Validating
2019-06-10 22:34:24,299 - INFO - allennlp.training.tensorboard_writer -                   Training |  Validation
2019-06-10 22:34:24,300 - INFO - allennlp.training.tensorboard_writer - accuracy3     |     0.974  |     0.909
2019-06-10 22:34:24,300 - INFO - allennlp.training.tensorboard_writer - accuracy      |     0.967  |     0.863
2019-06-10 22:34:24,301 - INFO - allennlp.training.tensorboard_writer - loss          |    70.354  |   243.317
2019-06-10 22:34:24,301 - INFO - allennlp.training.tensorboard_writer - cpu_memory_MB |   276.988  |       N/A
2019-06-10 22:34:24,305 - INFO - allennlp.training.trainer - Epoch duration: 0:00:04.509944
2019-06-10 22:34:24,305 - INFO - allennlp.training.trainer - Estimated training time remaining: 0:02:16
2019-06-10 22:34:24,305 - INFO - allennlp.training.trainer - Epoch 44/49
2019-06-10 22:34:24,305 - INFO - allennlp.training.trainer - Peak CPU memory usage MB: 276.987904
2019-06-10 22:34:24,311 - INFO - allennlp.training.trainer - Training
2019-06-10 22:34:28,230 - INFO - allennlp.training.trainer - Validating
2019-06-10 22:34:28,805 - INFO - allennlp.training.tensorboard_writer -                   Training |  Validation
2019-06-10 22:34:28,805 - INFO - allennlp.training.tensorboard_writer - accuracy3     |     0.974  |     0.908
2019-06-10 22:34:28,806 - INFO - allennlp.training.tensorboard_writer - accuracy      |     0.966  |     0.862
2019-06-10 22:34:28,806 - INFO - allennlp.training.tensorboard_writer - loss          |    68.842  |   244.897
2019-06-10 22:34:28,806 - INFO - allennlp.training.tensorboard_writer - cpu_memory_MB |   276.988  |       N/A
2019-06-10 22:34:28,810 - INFO - allennlp.training.trainer - Epoch duration: 0:00:04.505054
2019-06-10 22:34:28,810 - INFO - allennlp.training.trainer - Estimated training time remaining: 0:01:51
2019-06-10 22:34:28,810 - INFO - allennlp.training.trainer - Epoch 45/49
2019-06-10 22:34:28,810 - INFO - allennlp.training.trainer - Peak CPU memory usage MB: 276.987904
2019-06-10 22:34:28,816 - INFO - allennlp.training.trainer - Training
2019-06-10 22:34:32,793 - INFO - allennlp.training.trainer - Validating
2019-06-10 22:34:33,386 - INFO - allennlp.training.tensorboard_writer -                   Training |  Validation
2019-06-10 22:34:33,386 - INFO - allennlp.training.tensorboard_writer - accuracy3     |     0.974  |     0.908
2019-06-10 22:34:33,387 - INFO - allennlp.training.tensorboard_writer - accuracy      |     0.967  |     0.862
2019-06-10 22:34:33,387 - INFO - allennlp.training.tensorboard_writer - loss          |    68.437  |   244.209
2019-06-10 22:34:33,388 - INFO - allennlp.training.tensorboard_writer - cpu_memory_MB |   276.988  |       N/A
2019-06-10 22:34:33,391 - INFO - allennlp.training.trainer - Epoch duration: 0:00:04.581018
2019-06-10 22:34:33,392 - INFO - allennlp.training.trainer - Estimated training time remaining: 0:01:27
2019-06-10 22:34:33,392 - INFO - allennlp.training.trainer - Epoch 46/49
2019-06-10 22:34:33,392 - INFO - allennlp.training.trainer - Peak CPU memory usage MB: 276.987904
2019-06-10 22:34:33,398 - INFO - allennlp.training.trainer - Training
2019-06-10 22:34:37,272 - INFO - allennlp.training.trainer - Validating
2019-06-10 22:34:37,867 - INFO - allennlp.training.tensorboard_writer -                   Training |  Validation
2019-06-10 22:34:37,868 - INFO - allennlp.training.tensorboard_writer - accuracy3     |     0.973  |     0.910
2019-06-10 22:34:37,868 - INFO - allennlp.training.tensorboard_writer - accuracy      |     0.966  |     0.864
2019-06-10 22:34:37,869 - INFO - allennlp.training.tensorboard_writer - loss          |    66.810  |   243.609
2019-06-10 22:34:37,869 - INFO - allennlp.training.tensorboard_writer - cpu_memory_MB |   276.988  |       N/A
2019-06-10 22:34:37,873 - INFO - allennlp.training.trainer - Epoch duration: 0:00:04.481141
2019-06-10 22:34:37,873 - INFO - allennlp.training.trainer - Estimated training time remaining: 0:01:04
2019-06-10 22:34:37,873 - INFO - allennlp.training.trainer - Epoch 47/49
2019-06-10 22:34:37,873 - INFO - allennlp.training.trainer - Peak CPU memory usage MB: 276.987904
2019-06-10 22:34:37,879 - INFO - allennlp.training.trainer - Training
2019-06-10 22:34:41,755 - INFO - allennlp.training.trainer - Validating
2019-06-10 22:34:42,395 - INFO - allennlp.training.tensorboard_writer -                   Training |  Validation
2019-06-10 22:34:42,395 - INFO - allennlp.training.tensorboard_writer - accuracy3     |     0.974  |     0.908
2019-06-10 22:34:42,396 - INFO - allennlp.training.tensorboard_writer - accuracy      |     0.967  |     0.863
2019-06-10 22:34:42,396 - INFO - allennlp.training.tensorboard_writer - loss          |    65.821  |   245.053
2019-06-10 22:34:42,397 - INFO - allennlp.training.tensorboard_writer - cpu_memory_MB |   276.988  |       N/A
2019-06-10 22:34:42,401 - INFO - allennlp.training.trainer - Epoch duration: 0:00:04.527473
2019-06-10 22:34:42,401 - INFO - allennlp.training.trainer - Estimated training time remaining: 0:00:42
2019-06-10 22:34:42,401 - INFO - allennlp.training.trainer - Epoch 48/49
2019-06-10 22:34:42,401 - INFO - allennlp.training.trainer - Peak CPU memory usage MB: 276.987904
2019-06-10 22:34:42,407 - INFO - allennlp.training.trainer - Training
2019-06-10 22:34:46,345 - INFO - allennlp.training.trainer - Validating
2019-06-10 22:34:46,932 - INFO - allennlp.training.tensorboard_writer -                   Training |  Validation
2019-06-10 22:34:46,933 - INFO - allennlp.training.tensorboard_writer - accuracy3     |     0.974  |     0.910
2019-06-10 22:34:46,933 - INFO - allennlp.training.tensorboard_writer - accuracy      |     0.967  |     0.864
2019-06-10 22:34:46,934 - INFO - allennlp.training.tensorboard_writer - loss          |    65.067  |   244.414
2019-06-10 22:34:46,934 - INFO - allennlp.training.tensorboard_writer - cpu_memory_MB |   276.988  |       N/A
2019-06-10 22:34:46,938 - INFO - allennlp.training.trainer - Epoch duration: 0:00:04.537132
2019-06-10 22:34:46,938 - INFO - allennlp.training.trainer - Estimated training time remaining: 0:00:20
2019-06-10 22:34:46,938 - INFO - allennlp.training.trainer - Epoch 49/49
2019-06-10 22:34:46,938 - INFO - allennlp.training.trainer - Peak CPU memory usage MB: 276.987904
2019-06-10 22:34:46,944 - INFO - allennlp.training.trainer - Training
2019-06-10 22:34:50,894 - INFO - allennlp.training.trainer - Validating
2019-06-10 22:34:51,478 - INFO - allennlp.training.tensorboard_writer -                   Training |  Validation
2019-06-10 22:34:51,478 - INFO - allennlp.training.tensorboard_writer - accuracy3     |     0.975  |     0.911
2019-06-10 22:34:51,478 - INFO - allennlp.training.tensorboard_writer - accuracy      |     0.968  |     0.865
2019-06-10 22:34:51,479 - INFO - allennlp.training.tensorboard_writer - loss          |    63.614  |   243.162
2019-06-10 22:34:51,479 - INFO - allennlp.training.tensorboard_writer - cpu_memory_MB |   276.988  |       N/A
2019-06-10 22:34:51,483 - INFO - allennlp.training.trainer - Epoch duration: 0:00:04.544719
2019-06-10 22:34:51,483 - INFO - allennlp.training.checkpointer - loading best weights
2019-06-10 22:34:51,484 - INFO - allennlp.commands.train - The model will be evaluated using the best epoch weights.
2019-06-10 22:34:51,485 - INFO - allennlp.training.util - Iterating over dataset
