/anaconda2/envs/allennlp/lib/python3.6/site-packages/allennlp/data/token_indexers/token_characters_indexer.py:55: UserWarning: You are using the default value (0) of `min_padding_length`, which can cause some subtle bugs (more info see https://github.com/allenai/allennlp/issues/1954). Strongly recommend to set a value, usually the maximum size of the convolutional layer size when using CnnEncoder.
  UserWarning)
0it [00:00, ?it/s]
300it [00:00, 21010.04it/s]

0it [00:00, ?it/s]
112it [00:00, 20659.78it/s]

0it [00:00, ?it/s]
112it [00:00, 19989.02it/s]

0it [00:00, ?it/s]
524it [00:00, 10440.93it/s]

  0%|          | 0/10 [00:00<?, ?it/s]
accuracy: 0.0468, accuracy3: 0.2617, loss: 1614.3579 ||:  10%|#         | 1/10 [00:00<00:03,  2.77it/s]
accuracy: 0.0545, accuracy3: 0.2620, loss: 1620.8577 ||:  20%|##        | 2/10 [00:00<00:03,  2.56it/s]
accuracy: 0.0562, accuracy3: 0.2672, loss: 1576.8499 ||:  30%|###       | 3/10 [00:01<00:02,  2.80it/s]
accuracy: 0.0542, accuracy3: 0.2696, loss: 1549.6926 ||:  40%|####      | 4/10 [00:01<00:02,  2.91it/s]
accuracy: 0.0552, accuracy3: 0.2733, loss: 1569.2559 ||:  50%|#####     | 5/10 [00:01<00:01,  3.03it/s]
accuracy: 0.0544, accuracy3: 0.2728, loss: 1542.6282 ||:  60%|######    | 6/10 [00:01<00:01,  3.18it/s]
accuracy: 0.0520, accuracy3: 0.2732, loss: 1557.5711 ||:  70%|#######   | 7/10 [00:02<00:00,  3.23it/s]
accuracy: 0.0662, accuracy3: 0.2849, loss: 1558.1681 ||:  80%|########  | 8/10 [00:02<00:00,  3.31it/s]
accuracy: 0.0778, accuracy3: 0.2946, loss: 1538.0530 ||:  90%|######### | 9/10 [00:02<00:00,  3.00it/s]
accuracy: 0.0850, accuracy3: 0.2998, loss: 1441.9689 ||: 100%|##########| 10/10 [00:03<00:00,  3.67it/s]

  0%|          | 0/4 [00:00<?, ?it/s]
accuracy: 0.1990, accuracy3: 0.3913, loss: 1349.6140 ||:  25%|##5       | 1/4 [00:00<00:00,  6.22it/s]
accuracy: 0.1935, accuracy3: 0.3871, loss: 1287.9940 ||:  50%|#####     | 2/4 [00:00<00:00,  6.38it/s]
accuracy: 0.1977, accuracy3: 0.3964, loss: 1346.5589 ||:  75%|#######5  | 3/4 [00:00<00:00,  6.19it/s]
accuracy: 0.2029, accuracy3: 0.3959, loss: 1187.2723 ||: 100%|##########| 4/4 [00:00<00:00,  7.01it/s]

  0%|          | 0/10 [00:00<?, ?it/s]
accuracy: 0.2270, accuracy3: 0.4021, loss: 1501.7190 ||:  10%|#         | 1/10 [00:00<00:03,  2.71it/s]
accuracy: 0.2223, accuracy3: 0.4125, loss: 1385.6157 ||:  20%|##        | 2/10 [00:00<00:02,  2.96it/s]
accuracy: 0.2197, accuracy3: 0.4162, loss: 1373.0351 ||:  30%|###       | 3/10 [00:00<00:02,  3.09it/s]
accuracy: 0.2164, accuracy3: 0.4148, loss: 1379.5768 ||:  40%|####      | 4/10 [00:01<00:02,  2.87it/s]
accuracy: 0.2119, accuracy3: 0.4171, loss: 1352.0900 ||:  50%|#####     | 5/10 [00:01<00:01,  3.11it/s]
accuracy: 0.2123, accuracy3: 0.4159, loss: 1354.5223 ||:  60%|######    | 6/10 [00:01<00:01,  3.28it/s]
accuracy: 0.2160, accuracy3: 0.4208, loss: 1356.0988 ||:  70%|#######   | 7/10 [00:02<00:00,  3.04it/s]
accuracy: 0.2186, accuracy3: 0.4232, loss: 1351.7241 ||:  80%|########  | 8/10 [00:02<00:00,  3.15it/s]
accuracy: 0.2184, accuracy3: 0.4227, loss: 1344.4476 ||:  90%|######### | 9/10 [00:02<00:00,  3.20it/s]
accuracy: 0.2175, accuracy3: 0.4202, loss: 1276.8451 ||: 100%|##########| 10/10 [00:02<00:00,  3.88it/s]

  0%|          | 0/4 [00:00<?, ?it/s]
accuracy: 0.2174, accuracy3: 0.4348, loss: 1285.7766 ||:  25%|##5       | 1/4 [00:00<00:00,  6.61it/s]
accuracy: 0.2241, accuracy3: 0.4342, loss: 1229.0558 ||:  50%|#####     | 2/4 [00:00<00:00,  6.75it/s]
accuracy: 0.2233, accuracy3: 0.4432, loss: 1288.3877 ||:  75%|#######5  | 3/4 [00:00<00:00,  6.58it/s]
accuracy: 0.2289, accuracy3: 0.4418, loss: 1135.2299 ||: 100%|##########| 4/4 [00:00<00:00,  7.40it/s]

  0%|          | 0/10 [00:00<?, ?it/s]
accuracy: 0.2230, accuracy3: 0.4589, loss: 1154.0676 ||:  10%|#         | 1/10 [00:00<00:03,  2.85it/s]
accuracy: 0.2085, accuracy3: 0.4275, loss: 1229.8622 ||:  20%|##        | 2/10 [00:00<00:02,  3.04it/s]
accuracy: 0.2140, accuracy3: 0.4309, loss: 1261.6671 ||:  30%|###       | 3/10 [00:00<00:02,  2.97it/s]
accuracy: 0.2251, accuracy3: 0.4336, loss: 1268.6880 ||:  40%|####      | 4/10 [00:01<00:01,  3.12it/s]
accuracy: 0.2241, accuracy3: 0.4332, loss: 1295.9539 ||:  50%|#####     | 5/10 [00:01<00:01,  3.18it/s]
accuracy: 0.2245, accuracy3: 0.4329, loss: 1307.4329 ||:  60%|######    | 6/10 [00:01<00:01,  3.26it/s]
accuracy: 0.2278, accuracy3: 0.4367, loss: 1297.4433 ||:  70%|#######   | 7/10 [00:02<00:00,  3.09it/s]
accuracy: 0.2316, accuracy3: 0.4400, loss: 1293.9567 ||:  80%|########  | 8/10 [00:02<00:00,  3.23it/s]
accuracy: 0.2344, accuracy3: 0.4425, loss: 1285.7430 ||:  90%|######### | 9/10 [00:02<00:00,  3.41it/s]
accuracy: 0.2355, accuracy3: 0.4428, loss: 1213.3912 ||: 100%|##########| 10/10 [00:02<00:00,  4.09it/s]

  0%|          | 0/4 [00:00<?, ?it/s]
accuracy: 0.3027, accuracy3: 0.5050, loss: 1208.4570 ||:  25%|##5       | 1/4 [00:00<00:00,  6.62it/s]
accuracy: 0.2895, accuracy3: 0.4865, loss: 1154.2470 ||:  50%|#####     | 2/4 [00:00<00:00,  6.76it/s]
accuracy: 0.2795, accuracy3: 0.4861, loss: 1211.9114 ||:  75%|#######5  | 3/4 [00:00<00:00,  6.53it/s]
accuracy: 0.2815, accuracy3: 0.4830, loss: 1067.9133 ||: 100%|##########| 4/4 [00:00<00:00,  7.35it/s]

  0%|          | 0/10 [00:00<?, ?it/s]
accuracy: 0.3003, accuracy3: 0.4868, loss: 1193.0688 ||:  10%|#         | 1/10 [00:00<00:02,  3.33it/s]
accuracy: 0.2720, accuracy3: 0.4784, loss: 1203.5443 ||:  20%|##        | 2/10 [00:00<00:02,  3.43it/s]
accuracy: 0.2786, accuracy3: 0.4739, loss: 1236.1569 ||:  30%|###       | 3/10 [00:01<00:02,  2.91it/s]
accuracy: 0.2960, accuracy3: 0.4880, loss: 1226.8809 ||:  40%|####      | 4/10 [00:01<00:01,  3.11it/s]
accuracy: 0.2975, accuracy3: 0.4928, loss: 1217.9789 ||:  50%|#####     | 5/10 [00:01<00:01,  3.07it/s]
accuracy: 0.3013, accuracy3: 0.4976, loss: 1198.4280 ||:  60%|######    | 6/10 [00:01<00:01,  3.25it/s]
accuracy: 0.3077, accuracy3: 0.5050, loss: 1206.8973 ||:  70%|#######   | 7/10 [00:02<00:00,  3.31it/s]
accuracy: 0.3084, accuracy3: 0.5099, loss: 1216.5157 ||:  80%|########  | 8/10 [00:02<00:00,  3.36it/s]
accuracy: 0.3152, accuracy3: 0.5150, loss: 1209.1180 ||:  90%|######### | 9/10 [00:02<00:00,  3.20it/s]
accuracy: 0.3179, accuracy3: 0.5170, loss: 1133.8212 ||: 100%|##########| 10/10 [00:03<00:00,  3.24it/s]

  0%|          | 0/4 [00:00<?, ?it/s]
accuracy: 0.3880, accuracy3: 0.6020, loss: 1117.3967 ||:  25%|##5       | 1/4 [00:00<00:00,  6.31it/s]
accuracy: 0.3679, accuracy3: 0.5719, loss: 1067.0862 ||:  50%|#####     | 2/4 [00:00<00:00,  6.52it/s]
accuracy: 0.3552, accuracy3: 0.5646, loss: 1121.6320 ||:  75%|#######5  | 3/4 [00:00<00:00,  6.35it/s]
accuracy: 0.3600, accuracy3: 0.5648, loss: 986.8658 ||: 100%|##########| 4/4 [00:00<00:00,  7.21it/s] 

  0%|          | 0/10 [00:00<?, ?it/s]
accuracy: 0.3829, accuracy3: 0.5823, loss: 1146.3601 ||:  10%|#         | 1/10 [00:00<00:02,  3.15it/s]
accuracy: 0.3887, accuracy3: 0.5818, loss: 1135.1556 ||:  20%|##        | 2/10 [00:00<00:02,  3.16it/s]
accuracy: 0.3818, accuracy3: 0.5753, loss: 1138.2812 ||:  30%|###       | 3/10 [00:00<00:02,  3.18it/s]
accuracy: 0.3811, accuracy3: 0.5781, loss: 1127.4944 ||:  40%|####      | 4/10 [00:01<00:01,  3.23it/s]
accuracy: 0.3788, accuracy3: 0.5862, loss: 1086.8316 ||:  50%|#####     | 5/10 [00:01<00:01,  3.05it/s]
accuracy: 0.3845, accuracy3: 0.5893, loss: 1088.0141 ||:  60%|######    | 6/10 [00:01<00:01,  3.19it/s]
accuracy: 0.3859, accuracy3: 0.5886, loss: 1110.5786 ||:  70%|#######   | 7/10 [00:02<00:00,  3.22it/s]
accuracy: 0.3925, accuracy3: 0.5936, loss: 1109.5351 ||:  80%|########  | 8/10 [00:02<00:00,  3.13it/s]
accuracy: 0.3957, accuracy3: 0.5968, loss: 1106.1560 ||:  90%|######### | 9/10 [00:02<00:00,  3.25it/s]
accuracy: 0.3963, accuracy3: 0.5976, loss: 1039.2234 ||: 100%|##########| 10/10 [00:02<00:00,  3.75it/s]

  0%|          | 0/4 [00:00<?, ?it/s]
accuracy: 0.4247, accuracy3: 0.6304, loss: 1029.7383 ||:  25%|##5       | 1/4 [00:00<00:00,  6.47it/s]
accuracy: 0.4106, accuracy3: 0.6059, loss: 980.8689 ||:  50%|#####     | 2/4 [00:00<00:00,  6.57it/s] 
accuracy: 0.4020, accuracy3: 0.6002, loss: 1032.4699 ||:  75%|#######5  | 3/4 [00:00<00:00,  6.29it/s]
accuracy: 0.4068, accuracy3: 0.6031, loss: 905.7982 ||: 100%|##########| 4/4 [00:00<00:00,  7.04it/s] 

  0%|          | 0/10 [00:00<?, ?it/s]
accuracy: 0.3910, accuracy3: 0.5872, loss: 1116.6433 ||:  10%|#         | 1/10 [00:00<00:03,  2.95it/s]
accuracy: 0.4176, accuracy3: 0.6048, loss: 1142.6611 ||:  20%|##        | 2/10 [00:00<00:02,  2.84it/s]
accuracy: 0.4127, accuracy3: 0.6086, loss: 1126.8757 ||:  30%|###       | 3/10 [00:01<00:02,  2.97it/s]
accuracy: 0.4219, accuracy3: 0.6136, loss: 1109.8046 ||:  40%|####      | 4/10 [00:01<00:01,  3.09it/s]
accuracy: 0.4348, accuracy3: 0.6243, loss: 1092.7742 ||:  50%|#####     | 5/10 [00:01<00:01,  3.19it/s]
accuracy: 0.4385, accuracy3: 0.6276, loss: 1055.5646 ||:  60%|######    | 6/10 [00:01<00:01,  3.22it/s]
accuracy: 0.4399, accuracy3: 0.6301, loss: 1042.2457 ||:  70%|#######   | 7/10 [00:02<00:01,  2.90it/s]
accuracy: 0.4434, accuracy3: 0.6330, loss: 1030.5119 ||:  80%|########  | 8/10 [00:02<00:00,  3.04it/s]
accuracy: 0.4487, accuracy3: 0.6399, loss: 1013.4928 ||:  90%|######### | 9/10 [00:02<00:00,  2.94it/s]
accuracy: 0.4501, accuracy3: 0.6408, loss: 947.3980 ||: 100%|##########| 10/10 [00:03<00:00,  3.64it/s]

  0%|          | 0/4 [00:00<?, ?it/s]
accuracy: 0.4582, accuracy3: 0.6622, loss: 951.1722 ||:  25%|##5       | 1/4 [00:00<00:00,  6.18it/s]
accuracy: 0.4647, accuracy3: 0.6513, loss: 902.4724 ||:  50%|#####     | 2/4 [00:00<00:00,  6.31it/s]
accuracy: 0.4543, accuracy3: 0.6481, loss: 951.9411 ||:  75%|#######5  | 3/4 [00:00<00:00,  6.13it/s]
accuracy: 0.4607, accuracy3: 0.6528, loss: 833.7603 ||: 100%|##########| 4/4 [00:00<00:00,  6.86it/s]

  0%|          | 0/10 [00:00<?, ?it/s]
accuracy: 0.4864, accuracy3: 0.6950, loss: 962.2849 ||:  10%|#         | 1/10 [00:00<00:03,  2.65it/s]
accuracy: 0.4861, accuracy3: 0.6726, loss: 1004.2838 ||:  20%|##        | 2/10 [00:00<00:03,  2.52it/s]
accuracy: 0.4888, accuracy3: 0.6770, loss: 951.9835 ||:  30%|###       | 3/10 [00:01<00:02,  2.68it/s] 
accuracy: 0.4871, accuracy3: 0.6778, loss: 941.9864 ||:  40%|####      | 4/10 [00:01<00:02,  2.84it/s]
accuracy: 0.4935, accuracy3: 0.6819, loss: 930.3401 ||:  50%|#####     | 5/10 [00:01<00:01,  3.06it/s]
accuracy: 0.4963, accuracy3: 0.6815, loss: 923.9515 ||:  60%|######    | 6/10 [00:02<00:01,  3.10it/s]
accuracy: 0.5036, accuracy3: 0.6873, loss: 927.1300 ||:  70%|#######   | 7/10 [00:02<00:01,  2.80it/s]
accuracy: 0.5077, accuracy3: 0.6881, loss: 926.3382 ||:  80%|########  | 8/10 [00:02<00:00,  2.89it/s]
accuracy: 0.5114, accuracy3: 0.6895, loss: 921.4102 ||:  90%|######### | 9/10 [00:03<00:00,  2.92it/s]
accuracy: 0.5107, accuracy3: 0.6882, loss: 865.4923 ||: 100%|##########| 10/10 [00:03<00:00,  3.58it/s]

  0%|          | 0/4 [00:00<?, ?it/s]
accuracy: 0.5067, accuracy3: 0.7007, loss: 887.9995 ||:  25%|##5       | 1/4 [00:00<00:00,  6.28it/s]
accuracy: 0.5248, accuracy3: 0.7018, loss: 838.7097 ||:  50%|#####     | 2/4 [00:00<00:00,  6.39it/s]
accuracy: 0.5134, accuracy3: 0.6999, loss: 885.3467 ||:  75%|#######5  | 3/4 [00:00<00:00,  6.18it/s]
accuracy: 0.5227, accuracy3: 0.7048, loss: 774.3738 ||: 100%|##########| 4/4 [00:00<00:00,  6.91it/s]

  0%|          | 0/10 [00:00<?, ?it/s]
accuracy: 0.5386, accuracy3: 0.6914, loss: 932.6414 ||:  10%|#         | 1/10 [00:00<00:02,  3.03it/s]
accuracy: 0.5348, accuracy3: 0.7008, loss: 864.1249 ||:  20%|##        | 2/10 [00:00<00:02,  3.12it/s]
accuracy: 0.5467, accuracy3: 0.7136, loss: 844.2988 ||:  30%|###       | 3/10 [00:01<00:02,  2.91it/s]
accuracy: 0.5472, accuracy3: 0.7084, loss: 854.0482 ||:  40%|####      | 4/10 [00:01<00:02,  2.69it/s]
accuracy: 0.5445, accuracy3: 0.7110, loss: 873.2150 ||:  50%|#####     | 5/10 [00:01<00:01,  2.75it/s]
accuracy: 0.5519, accuracy3: 0.7155, loss: 870.2650 ||:  60%|######    | 6/10 [00:02<00:01,  2.93it/s]
accuracy: 0.5581, accuracy3: 0.7174, loss: 869.9773 ||:  70%|#######   | 7/10 [00:02<00:00,  3.01it/s]
accuracy: 0.5566, accuracy3: 0.7177, loss: 858.7255 ||:  80%|########  | 8/10 [00:02<00:00,  3.07it/s]
accuracy: 0.5628, accuracy3: 0.7208, loss: 852.9958 ||:  90%|######### | 9/10 [00:02<00:00,  3.24it/s]
accuracy: 0.5654, accuracy3: 0.7219, loss: 798.1515 ||: 100%|##########| 10/10 [00:03<00:00,  3.92it/s]

  0%|          | 0/4 [00:00<?, ?it/s]
accuracy: 0.5736, accuracy3: 0.7274, loss: 831.2727 ||:  25%|##5       | 1/4 [00:00<00:00,  6.18it/s]
accuracy: 0.5833, accuracy3: 0.7228, loss: 781.7834 ||:  50%|#####     | 2/4 [00:00<00:00,  6.30it/s]
accuracy: 0.5746, accuracy3: 0.7233, loss: 825.0369 ||:  75%|#######5  | 3/4 [00:00<00:00,  5.99it/s]
accuracy: 0.5847, accuracy3: 0.7294, loss: 721.0155 ||: 100%|##########| 4/4 [00:00<00:00,  6.74it/s]

  0%|          | 0/10 [00:00<?, ?it/s]
accuracy: 0.6552, accuracy3: 0.7602, loss: 793.8439 ||:  10%|#         | 1/10 [00:00<00:02,  3.22it/s]
accuracy: 0.6315, accuracy3: 0.7572, loss: 822.6677 ||:  20%|##        | 2/10 [00:00<00:02,  3.19it/s]
accuracy: 0.6222, accuracy3: 0.7460, loss: 799.4526 ||:  30%|###       | 3/10 [00:00<00:02,  3.04it/s]
accuracy: 0.6160, accuracy3: 0.7506, loss: 792.5916 ||:  40%|####      | 4/10 [00:01<00:01,  3.14it/s]
accuracy: 0.6204, accuracy3: 0.7509, loss: 797.6846 ||:  50%|#####     | 5/10 [00:01<00:01,  3.14it/s]
accuracy: 0.6183, accuracy3: 0.7466, loss: 793.6211 ||:  60%|######    | 6/10 [00:02<00:01,  2.94it/s]
accuracy: 0.6224, accuracy3: 0.7478, loss: 786.1354 ||:  70%|#######   | 7/10 [00:02<00:00,  3.05it/s]
accuracy: 0.6211, accuracy3: 0.7447, loss: 785.8835 ||:  80%|########  | 8/10 [00:02<00:00,  3.18it/s]
accuracy: 0.6193, accuracy3: 0.7415, loss: 785.5826 ||:  90%|######### | 9/10 [00:02<00:00,  3.20it/s]
accuracy: 0.6219, accuracy3: 0.7440, loss: 729.0888 ||: 100%|##########| 10/10 [00:03<00:00,  3.97it/s]

  0%|          | 0/4 [00:00<?, ?it/s]
accuracy: 0.6003, accuracy3: 0.7458, loss: 767.0438 ||:  25%|##5       | 1/4 [00:00<00:00,  6.33it/s]
accuracy: 0.6112, accuracy3: 0.7393, loss: 716.9137 ||:  50%|#####     | 2/4 [00:00<00:00,  6.45it/s]
accuracy: 0.6063, accuracy3: 0.7433, loss: 756.5403 ||:  75%|#######5  | 3/4 [00:00<00:00,  6.22it/s]
accuracy: 0.6159, accuracy3: 0.7493, loss: 660.4506 ||: 100%|##########| 4/4 [00:00<00:00,  7.00it/s]

  0%|          | 0/10 [00:00<?, ?it/s]
accuracy: 0.6587, accuracy3: 0.7612, loss: 721.7143 ||:  10%|#         | 1/10 [00:00<00:02,  3.33it/s]
accuracy: 0.6436, accuracy3: 0.7554, loss: 720.7349 ||:  20%|##        | 2/10 [00:00<00:02,  3.11it/s]
accuracy: 0.6391, accuracy3: 0.7515, loss: 745.7690 ||:  30%|###       | 3/10 [00:00<00:02,  3.18it/s]
accuracy: 0.6386, accuracy3: 0.7533, loss: 726.3289 ||:  40%|####      | 4/10 [00:01<00:01,  3.23it/s]
accuracy: 0.6484, accuracy3: 0.7596, loss: 723.6353 ||:  50%|#####     | 5/10 [00:01<00:01,  3.23it/s]
accuracy: 0.6602, accuracy3: 0.7669, loss: 711.9836 ||:  60%|######    | 6/10 [00:01<00:01,  2.92it/s]
accuracy: 0.6611, accuracy3: 0.7673, loss: 706.6539 ||:  70%|#######   | 7/10 [00:02<00:01,  2.97it/s]
accuracy: 0.6573, accuracy3: 0.7653, loss: 706.9268 ||:  80%|########  | 8/10 [00:02<00:00,  2.70it/s]
accuracy: 0.6566, accuracy3: 0.7646, loss: 710.8363 ||:  90%|######### | 9/10 [00:03<00:00,  2.83it/s]
accuracy: 0.6576, accuracy3: 0.7645, loss: 660.9248 ||: 100%|##########| 10/10 [00:03<00:00,  3.44it/s]

  0%|          | 0/4 [00:00<?, ?it/s]
accuracy: 0.6288, accuracy3: 0.7609, loss: 709.6027 ||:  25%|##5       | 1/4 [00:00<00:00,  6.14it/s]
accuracy: 0.6321, accuracy3: 0.7489, loss: 660.6076 ||:  50%|#####     | 2/4 [00:00<00:00,  6.26it/s]
accuracy: 0.6297, accuracy3: 0.7533, loss: 697.2840 ||:  75%|#######5  | 3/4 [00:00<00:00,  6.05it/s]
accuracy: 0.6391, accuracy3: 0.7583, loss: 608.2549 ||: 100%|##########| 4/4 [00:00<00:00,  6.80it/s]

  0%|          | 0/10 [00:00<?, ?it/s]
accuracy: 0.6429, accuracy3: 0.7500, loss: 721.2715 ||:  10%|#         | 1/10 [00:00<00:03,  2.39it/s]
accuracy: 0.6664, accuracy3: 0.7710, loss: 647.6485 ||:  20%|##        | 2/10 [00:00<00:03,  2.65it/s]
accuracy: 0.6677, accuracy3: 0.7714, loss: 676.8545 ||:  30%|###       | 3/10 [00:01<00:02,  2.59it/s]
accuracy: 0.6703, accuracy3: 0.7756, loss: 671.7867 ||:  40%|####      | 4/10 [00:01<00:02,  2.78it/s]
accuracy: 0.6777, accuracy3: 0.7803, loss: 655.1351 ||:  50%|#####     | 5/10 [00:01<00:01,  3.01it/s]
accuracy: 0.6823, accuracy3: 0.7785, loss: 651.1093 ||:  60%|######    | 6/10 [00:01<00:01,  3.12it/s]
accuracy: 0.6830, accuracy3: 0.7770, loss: 654.1338 ||:  70%|#######   | 7/10 [00:02<00:00,  3.00it/s]
accuracy: 0.6856, accuracy3: 0.7793, loss: 643.7510 ||:  80%|########  | 8/10 [00:02<00:00,  3.08it/s]
accuracy: 0.6864, accuracy3: 0.7799, loss: 636.8255 ||:  90%|######### | 9/10 [00:02<00:00,  3.15it/s]
accuracy: 0.6863, accuracy3: 0.7794, loss: 601.4992 ||: 100%|##########| 10/10 [00:03<00:00,  3.84it/s]

  0%|          | 0/4 [00:00<?, ?it/s]
accuracy: 0.6555, accuracy3: 0.7793, loss: 660.5057 ||:  25%|##5       | 1/4 [00:00<00:00,  3.96it/s]
accuracy: 0.6635, accuracy3: 0.7707, loss: 611.8011 ||:  50%|#####     | 2/4 [00:00<00:00,  4.52it/s]
accuracy: 0.6604, accuracy3: 0.7751, loss: 645.2461 ||:  75%|#######5  | 3/4 [00:00<00:00,  4.81it/s]
accuracy: 0.6689, accuracy3: 0.7800, loss: 562.5232 ||: 100%|##########| 4/4 [00:00<00:00,  5.95it/s]

  0%|          | 0/10 [00:00<?, ?it/s]
accuracy: 0.7121, accuracy3: 0.8021, loss: 635.1287 ||:  10%|#         | 1/10 [00:00<00:03,  2.94it/s]
accuracy: 0.7150, accuracy3: 0.8050, loss: 588.4752 ||:  20%|##        | 2/10 [00:00<00:02,  3.07it/s]
accuracy: 0.7045, accuracy3: 0.7971, loss: 591.4576 ||:  30%|###       | 3/10 [00:00<00:02,  3.18it/s]
accuracy: 0.7117, accuracy3: 0.7970, loss: 590.0507 ||:  40%|####      | 4/10 [00:01<00:01,  3.24it/s]
accuracy: 0.7076, accuracy3: 0.7945, loss: 589.4445 ||:  50%|#####     | 5/10 [00:01<00:01,  2.89it/s]
accuracy: 0.7035, accuracy3: 0.7905, loss: 605.7638 ||:  60%|######    | 6/10 [00:01<00:01,  2.95it/s]
accuracy: 0.7065, accuracy3: 0.7932, loss: 603.9353 ||:  70%|#######   | 7/10 [00:02<00:01,  2.99it/s]
accuracy: 0.7086, accuracy3: 0.7945, loss: 591.3704 ||:  80%|########  | 8/10 [00:02<00:00,  3.23it/s]
accuracy: 0.7122, accuracy3: 0.7964, loss: 584.5712 ||:  90%|######### | 9/10 [00:02<00:00,  3.33it/s]
accuracy: 0.7128, accuracy3: 0.7966, loss: 545.9893 ||: 100%|##########| 10/10 [00:02<00:00,  3.85it/s]

  0%|          | 0/4 [00:00<?, ?it/s]
accuracy: 0.6823, accuracy3: 0.7926, loss: 614.6687 ||:  25%|##5       | 1/4 [00:00<00:00,  6.17it/s]
accuracy: 0.6914, accuracy3: 0.7794, loss: 566.9875 ||:  50%|#####     | 2/4 [00:00<00:00,  6.28it/s]
accuracy: 0.6843, accuracy3: 0.7829, loss: 599.0706 ||:  75%|#######5  | 3/4 [00:00<00:00,  6.07it/s]
accuracy: 0.6925, accuracy3: 0.7871, loss: 521.9615 ||: 100%|##########| 4/4 [00:00<00:00,  6.82it/s]

  0%|          | 0/10 [00:00<?, ?it/s]
accuracy: 0.7451, accuracy3: 0.8273, loss: 515.4199 ||:  10%|#         | 1/10 [00:00<00:03,  2.63it/s]
accuracy: 0.7450, accuracy3: 0.8200, loss: 510.9777 ||:  20%|##        | 2/10 [00:00<00:02,  2.84it/s]
accuracy: 0.7470, accuracy3: 0.8159, loss: 506.1867 ||:  30%|###       | 3/10 [00:00<00:02,  2.95it/s]
accuracy: 0.7473, accuracy3: 0.8179, loss: 507.7375 ||:  40%|####      | 4/10 [00:01<00:01,  3.04it/s]
accuracy: 0.7453, accuracy3: 0.8149, loss: 519.2968 ||:  50%|#####     | 5/10 [00:01<00:01,  3.13it/s]
accuracy: 0.7402, accuracy3: 0.8081, loss: 534.4132 ||:  60%|######    | 6/10 [00:01<00:01,  2.87it/s]
accuracy: 0.7420, accuracy3: 0.8076, loss: 536.9603 ||:  70%|#######   | 7/10 [00:02<00:01,  2.67it/s]
accuracy: 0.7469, accuracy3: 0.8116, loss: 541.3364 ||:  80%|########  | 8/10 [00:02<00:00,  2.63it/s]
accuracy: 0.7461, accuracy3: 0.8113, loss: 532.8546 ||:  90%|######### | 9/10 [00:03<00:00,  2.84it/s]
accuracy: 0.7447, accuracy3: 0.8117, loss: 495.5254 ||: 100%|##########| 10/10 [00:03<00:00,  3.11it/s]

  0%|          | 0/4 [00:00<?, ?it/s]
accuracy: 0.7023, accuracy3: 0.8077, loss: 576.8265 ||:  25%|##5       | 1/4 [00:00<00:00,  6.12it/s]
accuracy: 0.7062, accuracy3: 0.7916, loss: 528.6432 ||:  50%|#####     | 2/4 [00:00<00:00,  6.22it/s]
accuracy: 0.7016, accuracy3: 0.7984, loss: 558.7000 ||:  75%|#######5  | 3/4 [00:00<00:00,  6.02it/s]
accuracy: 0.7086, accuracy3: 0.8032, loss: 486.7250 ||: 100%|##########| 4/4 [00:00<00:00,  6.83it/s]

  0%|          | 0/10 [00:00<?, ?it/s]
accuracy: 0.7676, accuracy3: 0.8272, loss: 520.4791 ||:  10%|#         | 1/10 [00:00<00:02,  3.12it/s]
accuracy: 0.7660, accuracy3: 0.8284, loss: 488.7800 ||:  20%|##        | 2/10 [00:00<00:02,  3.30it/s]
accuracy: 0.7728, accuracy3: 0.8342, loss: 473.3347 ||:  30%|###       | 3/10 [00:01<00:02,  2.88it/s]
accuracy: 0.7790, accuracy3: 0.8383, loss: 478.3863 ||:  40%|####      | 4/10 [00:01<00:02,  2.99it/s]
accuracy: 0.7805, accuracy3: 0.8391, loss: 470.9545 ||:  50%|#####     | 5/10 [00:01<00:01,  3.11it/s]
accuracy: 0.7775, accuracy3: 0.8337, loss: 490.2903 ||:  60%|######    | 6/10 [00:01<00:01,  3.08it/s]
accuracy: 0.7784, accuracy3: 0.8331, loss: 489.3029 ||:  70%|#######   | 7/10 [00:02<00:00,  3.03it/s]
accuracy: 0.7751, accuracy3: 0.8317, loss: 490.7038 ||:  80%|########  | 8/10 [00:02<00:00,  3.14it/s]
accuracy: 0.7781, accuracy3: 0.8339, loss: 484.6028 ||:  90%|######### | 9/10 [00:03<00:00,  2.88it/s]
accuracy: 0.7806, accuracy3: 0.8362, loss: 450.1269 ||: 100%|##########| 10/10 [00:03<00:00,  3.57it/s]

  0%|          | 0/4 [00:00<?, ?it/s]
accuracy: 0.7291, accuracy3: 0.8211, loss: 539.2674 ||:  25%|##5       | 1/4 [00:00<00:00,  6.04it/s]
accuracy: 0.7341, accuracy3: 0.8117, loss: 495.5375 ||:  50%|#####     | 2/4 [00:00<00:00,  6.17it/s]
accuracy: 0.7316, accuracy3: 0.8179, loss: 524.0419 ||:  75%|#######5  | 3/4 [00:00<00:00,  5.89it/s]
accuracy: 0.7370, accuracy3: 0.8202, loss: 456.0850 ||: 100%|##########| 4/4 [00:00<00:00,  6.68it/s]

  0%|          | 0/10 [00:00<?, ?it/s]
accuracy: 0.8223, accuracy3: 0.8588, loss: 422.5671 ||:  10%|#         | 1/10 [00:00<00:02,  3.18it/s]
accuracy: 0.8000, accuracy3: 0.8426, loss: 461.7180 ||:  20%|##        | 2/10 [00:00<00:02,  3.27it/s]
accuracy: 0.7993, accuracy3: 0.8438, loss: 469.9300 ||:  30%|###       | 3/10 [00:00<00:02,  3.24it/s]
accuracy: 0.7956, accuracy3: 0.8401, loss: 457.0911 ||:  40%|####      | 4/10 [00:01<00:02,  2.90it/s]
accuracy: 0.7949, accuracy3: 0.8410, loss: 450.3635 ||:  50%|#####     | 5/10 [00:01<00:01,  3.03it/s]
accuracy: 0.8009, accuracy3: 0.8451, loss: 443.6089 ||:  60%|######    | 6/10 [00:01<00:01,  3.11it/s]
accuracy: 0.8014, accuracy3: 0.8479, loss: 434.8921 ||:  70%|#######   | 7/10 [00:02<00:00,  3.20it/s]
accuracy: 0.8015, accuracy3: 0.8482, loss: 431.2511 ||:  80%|########  | 8/10 [00:02<00:00,  2.97it/s]
accuracy: 0.8031, accuracy3: 0.8501, loss: 437.1128 ||:  90%|######### | 9/10 [00:02<00:00,  2.98it/s]
accuracy: 0.8030, accuracy3: 0.8493, loss: 409.4272 ||: 100%|##########| 10/10 [00:03<00:00,  3.68it/s]

  0%|          | 0/4 [00:00<?, ?it/s]
accuracy: 0.7508, accuracy3: 0.8361, loss: 509.2413 ||:  25%|##5       | 1/4 [00:00<00:00,  6.15it/s]
accuracy: 0.7498, accuracy3: 0.8230, loss: 467.9551 ||:  50%|#####     | 2/4 [00:00<00:00,  6.24it/s]
accuracy: 0.7444, accuracy3: 0.8274, loss: 496.8076 ||:  75%|#######5  | 3/4 [00:00<00:00,  6.09it/s]
accuracy: 0.7493, accuracy3: 0.8288, loss: 431.3019 ||: 100%|##########| 4/4 [00:00<00:00,  6.86it/s]

  0%|          | 0/10 [00:00<?, ?it/s]
accuracy: 0.8200, accuracy3: 0.8766, loss: 438.8412 ||:  10%|#         | 1/10 [00:00<00:03,  2.50it/s]
accuracy: 0.7996, accuracy3: 0.8542, loss: 468.8783 ||:  20%|##        | 2/10 [00:00<00:03,  2.65it/s]
accuracy: 0.8037, accuracy3: 0.8573, loss: 454.6276 ||:  30%|###       | 3/10 [00:01<00:02,  2.73it/s]
accuracy: 0.8116, accuracy3: 0.8612, loss: 423.0405 ||:  40%|####      | 4/10 [00:01<00:02,  2.97it/s]
accuracy: 0.8144, accuracy3: 0.8631, loss: 422.6093 ||:  50%|#####     | 5/10 [00:01<00:01,  3.05it/s]
accuracy: 0.8183, accuracy3: 0.8660, loss: 421.9706 ||:  60%|######    | 6/10 [00:02<00:01,  2.76it/s]
accuracy: 0.8183, accuracy3: 0.8655, loss: 424.9862 ||:  70%|#######   | 7/10 [00:02<00:01,  2.80it/s]
accuracy: 0.8239, accuracy3: 0.8704, loss: 410.9616 ||:  80%|########  | 8/10 [00:02<00:00,  3.01it/s]
accuracy: 0.8266, accuracy3: 0.8730, loss: 400.6166 ||:  90%|######### | 9/10 [00:02<00:00,  3.18it/s]
accuracy: 0.8276, accuracy3: 0.8736, loss: 374.3093 ||: 100%|##########| 10/10 [00:03<00:00,  3.91it/s]

  0%|          | 0/4 [00:00<?, ?it/s]
accuracy: 0.7492, accuracy3: 0.8278, loss: 488.9766 ||:  25%|##5       | 1/4 [00:00<00:00,  6.08it/s]
accuracy: 0.7576, accuracy3: 0.8239, loss: 449.1980 ||:  50%|#####     | 2/4 [00:00<00:00,  6.20it/s]
accuracy: 0.7545, accuracy3: 0.8307, loss: 476.0190 ||:  75%|#######5  | 3/4 [00:00<00:00,  5.95it/s]
accuracy: 0.7597, accuracy3: 0.8335, loss: 412.6004 ||: 100%|##########| 4/4 [00:00<00:00,  6.68it/s]

  0%|          | 0/10 [00:00<?, ?it/s]
accuracy: 0.8439, accuracy3: 0.8772, loss: 338.4474 ||:  10%|#         | 1/10 [00:00<00:02,  3.22it/s]
accuracy: 0.8192, accuracy3: 0.8638, loss: 366.6244 ||:  20%|##        | 2/10 [00:00<00:02,  3.07it/s]
accuracy: 0.8332, accuracy3: 0.8770, loss: 359.7512 ||:  30%|###       | 3/10 [00:00<00:02,  3.22it/s]
accuracy: 0.8335, accuracy3: 0.8795, loss: 361.9424 ||:  40%|####      | 4/10 [00:01<00:01,  3.13it/s]
accuracy: 0.8398, accuracy3: 0.8797, loss: 363.1805 ||:  50%|#####     | 5/10 [00:01<00:01,  2.93it/s]
accuracy: 0.8449, accuracy3: 0.8844, loss: 366.8860 ||:  60%|######    | 6/10 [00:01<00:01,  3.00it/s]
accuracy: 0.8489, accuracy3: 0.8874, loss: 367.7602 ||:  70%|#######   | 7/10 [00:02<00:00,  3.04it/s]
accuracy: 0.8515, accuracy3: 0.8884, loss: 363.6082 ||:  80%|########  | 8/10 [00:02<00:00,  2.75it/s]
accuracy: 0.8523, accuracy3: 0.8881, loss: 363.0262 ||:  90%|######### | 9/10 [00:03<00:00,  2.95it/s]
accuracy: 0.8526, accuracy3: 0.8887, loss: 340.5940 ||: 100%|##########| 10/10 [00:03<00:00,  3.60it/s]

  0%|          | 0/4 [00:00<?, ?it/s]
accuracy: 0.7575, accuracy3: 0.8395, loss: 459.7540 ||:  25%|##5       | 1/4 [00:00<00:00,  6.21it/s]
accuracy: 0.7707, accuracy3: 0.8387, loss: 418.5245 ||:  50%|#####     | 2/4 [00:00<00:00,  6.31it/s]
accuracy: 0.7712, accuracy3: 0.8469, loss: 443.7461 ||:  75%|#######5  | 3/4 [00:00<00:00,  6.09it/s]
accuracy: 0.7744, accuracy3: 0.8482, loss: 385.4572 ||: 100%|##########| 4/4 [00:00<00:00,  6.83it/s]

  0%|          | 0/10 [00:00<?, ?it/s]
accuracy: 0.8578, accuracy3: 0.8906, loss: 337.1852 ||:  10%|#         | 1/10 [00:00<00:02,  3.13it/s]
accuracy: 0.8499, accuracy3: 0.8827, loss: 346.1837 ||:  20%|##        | 2/10 [00:00<00:02,  2.84it/s]
accuracy: 0.8513, accuracy3: 0.8867, loss: 358.3131 ||:  30%|###       | 3/10 [00:01<00:02,  2.53it/s]
accuracy: 0.8464, accuracy3: 0.8836, loss: 355.5099 ||:  40%|####      | 4/10 [00:01<00:02,  2.75it/s]
accuracy: 0.8502, accuracy3: 0.8883, loss: 348.7523 ||:  50%|#####     | 5/10 [00:01<00:01,  2.86it/s]
accuracy: 0.8495, accuracy3: 0.8886, loss: 342.5613 ||:  60%|######    | 6/10 [00:02<00:01,  2.99it/s]
accuracy: 0.8531, accuracy3: 0.8899, loss: 335.8314 ||:  70%|#######   | 7/10 [00:02<00:00,  3.21it/s]
accuracy: 0.8559, accuracy3: 0.8927, loss: 338.4106 ||:  80%|########  | 8/10 [00:02<00:00,  3.21it/s]
accuracy: 0.8577, accuracy3: 0.8943, loss: 333.7839 ||:  90%|######### | 9/10 [00:03<00:00,  3.29it/s]
accuracy: 0.8591, accuracy3: 0.8952, loss: 310.8743 ||: 100%|##########| 10/10 [00:03<00:00,  3.98it/s]

  0%|          | 0/4 [00:00<?, ?it/s]
accuracy: 0.7709, accuracy3: 0.8344, loss: 439.7718 ||:  25%|##5       | 1/4 [00:00<00:01,  2.90it/s]
accuracy: 0.7881, accuracy3: 0.8457, loss: 398.9806 ||:  50%|#####     | 2/4 [00:00<00:00,  3.48it/s]
accuracy: 0.7829, accuracy3: 0.8480, loss: 422.9931 ||:  75%|#######5  | 3/4 [00:00<00:00,  3.93it/s]
accuracy: 0.7857, accuracy3: 0.8505, loss: 368.0069 ||: 100%|##########| 4/4 [00:00<00:00,  5.20it/s]

  0%|          | 0/10 [00:00<?, ?it/s]
accuracy: 0.8913, accuracy3: 0.9061, loss: 300.0124 ||:  10%|#         | 1/10 [00:00<00:03,  2.43it/s]
accuracy: 0.8814, accuracy3: 0.9061, loss: 301.5167 ||:  20%|##        | 2/10 [00:00<00:03,  2.65it/s]
accuracy: 0.8828, accuracy3: 0.9121, loss: 305.9860 ||:  30%|###       | 3/10 [00:01<00:02,  2.80it/s]
accuracy: 0.8836, accuracy3: 0.9138, loss: 305.3349 ||:  40%|####      | 4/10 [00:01<00:02,  2.82it/s]
accuracy: 0.8836, accuracy3: 0.9137, loss: 304.6396 ||:  50%|#####     | 5/10 [00:01<00:01,  2.83it/s]
accuracy: 0.8833, accuracy3: 0.9115, loss: 313.7119 ||:  60%|######    | 6/10 [00:02<00:01,  2.98it/s]
accuracy: 0.8851, accuracy3: 0.9109, loss: 313.3905 ||:  70%|#######   | 7/10 [00:02<00:00,  3.02it/s]
accuracy: 0.8856, accuracy3: 0.9101, loss: 312.6864 ||:  80%|########  | 8/10 [00:02<00:00,  3.16it/s]
accuracy: 0.8868, accuracy3: 0.9100, loss: 307.3969 ||:  90%|######### | 9/10 [00:02<00:00,  3.24it/s]
accuracy: 0.8883, accuracy3: 0.9112, loss: 284.6952 ||: 100%|##########| 10/10 [00:03<00:00,  3.99it/s]

  0%|          | 0/4 [00:00<?, ?it/s]
accuracy: 0.7843, accuracy3: 0.8545, loss: 422.2191 ||:  25%|##5       | 1/4 [00:00<00:00,  6.15it/s]
accuracy: 0.8003, accuracy3: 0.8605, loss: 381.6031 ||:  50%|#####     | 2/4 [00:00<00:00,  6.25it/s]
accuracy: 0.7945, accuracy3: 0.8636, loss: 406.3387 ||:  75%|#######5  | 3/4 [00:00<00:00,  6.03it/s]
accuracy: 0.7956, accuracy3: 0.8652, loss: 353.6147 ||: 100%|##########| 4/4 [00:00<00:00,  6.80it/s]

  0%|          | 0/10 [00:00<?, ?it/s]
accuracy: 0.8809, accuracy3: 0.9099, loss: 311.6642 ||:  10%|#         | 1/10 [00:00<00:03,  2.55it/s]
accuracy: 0.8838, accuracy3: 0.9079, loss: 300.8997 ||:  20%|##        | 2/10 [00:00<00:02,  2.74it/s]
accuracy: 0.8944, accuracy3: 0.9216, loss: 283.5573 ||:  30%|###       | 3/10 [00:01<00:02,  2.71it/s]
accuracy: 0.8995, accuracy3: 0.9245, loss: 264.0422 ||:  40%|####      | 4/10 [00:01<00:02,  2.94it/s]
accuracy: 0.9031, accuracy3: 0.9269, loss: 266.7716 ||:  50%|#####     | 5/10 [00:01<00:01,  3.05it/s]
accuracy: 0.9048, accuracy3: 0.9270, loss: 267.5607 ||:  60%|######    | 6/10 [00:01<00:01,  3.10it/s]
accuracy: 0.9029, accuracy3: 0.9269, loss: 267.6216 ||:  70%|#######   | 7/10 [00:02<00:01,  2.76it/s]
accuracy: 0.9013, accuracy3: 0.9247, loss: 273.2425 ||:  80%|########  | 8/10 [00:02<00:00,  2.77it/s]
accuracy: 0.9005, accuracy3: 0.9250, loss: 273.6838 ||:  90%|######### | 9/10 [00:03<00:00,  2.93it/s]
accuracy: 0.8996, accuracy3: 0.9244, loss: 261.1197 ||: 100%|##########| 10/10 [00:03<00:00,  3.47it/s]

  0%|          | 0/4 [00:00<?, ?it/s]
accuracy: 0.7826, accuracy3: 0.8462, loss: 409.3160 ||:  25%|##5       | 1/4 [00:00<00:00,  6.18it/s]
accuracy: 0.8047, accuracy3: 0.8570, loss: 368.4189 ||:  50%|#####     | 2/4 [00:00<00:00,  6.28it/s]
accuracy: 0.7979, accuracy3: 0.8575, loss: 391.4610 ||:  75%|#######5  | 3/4 [00:00<00:00,  6.06it/s]
accuracy: 0.7994, accuracy3: 0.8590, loss: 340.4012 ||: 100%|##########| 4/4 [00:00<00:00,  6.78it/s]

  0%|          | 0/10 [00:00<?, ?it/s]
accuracy: 0.9181, accuracy3: 0.9350, loss: 280.5990 ||:  10%|#         | 1/10 [00:00<00:04,  2.24it/s]
accuracy: 0.9091, accuracy3: 0.9250, loss: 265.9090 ||:  20%|##        | 2/10 [00:00<00:03,  2.48it/s]
accuracy: 0.9126, accuracy3: 0.9290, loss: 277.2738 ||:  30%|###       | 3/10 [00:01<00:02,  2.65it/s]
accuracy: 0.9177, accuracy3: 0.9354, loss: 260.1776 ||:  40%|####      | 4/10 [00:01<00:02,  2.69it/s]
accuracy: 0.9156, accuracy3: 0.9308, loss: 264.1765 ||:  50%|#####     | 5/10 [00:01<00:01,  2.84it/s]
accuracy: 0.9157, accuracy3: 0.9313, loss: 262.3572 ||:  60%|######    | 6/10 [00:02<00:01,  3.05it/s]
accuracy: 0.9171, accuracy3: 0.9330, loss: 254.8766 ||:  70%|#######   | 7/10 [00:02<00:00,  3.18it/s]
accuracy: 0.9192, accuracy3: 0.9350, loss: 254.4932 ||:  80%|########  | 8/10 [00:02<00:00,  3.24it/s]
accuracy: 0.9182, accuracy3: 0.9338, loss: 257.3599 ||:  90%|######### | 9/10 [00:02<00:00,  3.03it/s]
accuracy: 0.9188, accuracy3: 0.9347, loss: 239.7848 ||: 100%|##########| 10/10 [00:03<00:00,  3.71it/s]

  0%|          | 0/4 [00:00<?, ?it/s]
accuracy: 0.7843, accuracy3: 0.8528, loss: 394.8592 ||:  25%|##5       | 1/4 [00:00<00:00,  6.10it/s]
accuracy: 0.8056, accuracy3: 0.8631, loss: 355.5766 ||:  50%|#####     | 2/4 [00:00<00:00,  6.17it/s]
accuracy: 0.8040, accuracy3: 0.8669, loss: 379.1303 ||:  75%|#######5  | 3/4 [00:00<00:00,  5.99it/s]
accuracy: 0.8056, accuracy3: 0.8685, loss: 329.3260 ||: 100%|##########| 4/4 [00:00<00:00,  6.74it/s]

  0%|          | 0/10 [00:00<?, ?it/s]
accuracy: 0.9077, accuracy3: 0.9292, loss: 232.8875 ||:  10%|#         | 1/10 [00:00<00:02,  3.51it/s]
accuracy: 0.9163, accuracy3: 0.9333, loss: 247.8564 ||:  20%|##        | 2/10 [00:00<00:02,  3.23it/s]
accuracy: 0.9202, accuracy3: 0.9345, loss: 248.0545 ||:  30%|###       | 3/10 [00:00<00:02,  3.12it/s]
accuracy: 0.9202, accuracy3: 0.9355, loss: 242.6186 ||:  40%|####      | 4/10 [00:01<00:02,  2.98it/s]
accuracy: 0.9243, accuracy3: 0.9382, loss: 238.4954 ||:  50%|#####     | 5/10 [00:01<00:01,  3.08it/s]
accuracy: 0.9261, accuracy3: 0.9404, loss: 235.2026 ||:  60%|######    | 6/10 [00:01<00:01,  3.18it/s]
accuracy: 0.9256, accuracy3: 0.9410, loss: 230.9321 ||:  70%|#######   | 7/10 [00:02<00:00,  3.01it/s]
accuracy: 0.9256, accuracy3: 0.9419, loss: 233.8971 ||:  80%|########  | 8/10 [00:02<00:00,  3.07it/s]
accuracy: 0.9246, accuracy3: 0.9416, loss: 235.3195 ||:  90%|######### | 9/10 [00:02<00:00,  3.14it/s]
accuracy: 0.9242, accuracy3: 0.9410, loss: 221.8828 ||: 100%|##########| 10/10 [00:03<00:00,  3.85it/s]

  0%|          | 0/4 [00:00<?, ?it/s]
accuracy: 0.7876, accuracy3: 0.8579, loss: 385.5572 ||:  25%|##5       | 1/4 [00:00<00:00,  6.06it/s]
accuracy: 0.8082, accuracy3: 0.8657, loss: 344.8227 ||:  50%|#####     | 2/4 [00:00<00:00,  6.14it/s]
accuracy: 0.8073, accuracy3: 0.8703, loss: 367.4207 ||:  75%|#######5  | 3/4 [00:00<00:00,  5.82it/s]
accuracy: 0.8103, accuracy3: 0.8728, loss: 319.6468 ||: 100%|##########| 4/4 [00:00<00:00,  6.58it/s]

  0%|          | 0/10 [00:00<?, ?it/s]
accuracy: 0.8993, accuracy3: 0.9198, loss: 246.7046 ||:  10%|#         | 1/10 [00:00<00:02,  3.41it/s]
accuracy: 0.9083, accuracy3: 0.9292, loss: 271.0284 ||:  20%|##        | 2/10 [00:00<00:02,  3.24it/s]
accuracy: 0.9166, accuracy3: 0.9333, loss: 252.3249 ||:  30%|###       | 3/10 [00:00<00:02,  3.35it/s]
accuracy: 0.9214, accuracy3: 0.9365, loss: 244.1836 ||:  40%|####      | 4/10 [00:01<00:01,  3.30it/s]
accuracy: 0.9238, accuracy3: 0.9388, loss: 233.8820 ||:  50%|#####     | 5/10 [00:01<00:01,  3.33it/s]
accuracy: 0.9267, accuracy3: 0.9396, loss: 231.3893 ||:  60%|######    | 6/10 [00:01<00:01,  2.94it/s]
accuracy: 0.9286, accuracy3: 0.9415, loss: 228.4303 ||:  70%|#######   | 7/10 [00:02<00:01,  2.84it/s]
accuracy: 0.9295, accuracy3: 0.9426, loss: 224.1988 ||:  80%|########  | 8/10 [00:02<00:00,  3.05it/s]
accuracy: 0.9308, accuracy3: 0.9440, loss: 218.0012 ||:  90%|######### | 9/10 [00:02<00:00,  3.12it/s]
accuracy: 0.9299, accuracy3: 0.9436, loss: 203.8456 ||: 100%|##########| 10/10 [00:03<00:00,  3.65it/s]

  0%|          | 0/4 [00:00<?, ?it/s]
accuracy: 0.7960, accuracy3: 0.8629, loss: 373.1687 ||:  25%|##5       | 1/4 [00:00<00:00,  6.17it/s]
accuracy: 0.8152, accuracy3: 0.8718, loss: 333.7683 ||:  50%|#####     | 2/4 [00:00<00:00,  6.25it/s]
accuracy: 0.8174, accuracy3: 0.8786, loss: 356.8947 ||:  75%|#######5  | 3/4 [00:00<00:00,  6.04it/s]
accuracy: 0.8193, accuracy3: 0.8808, loss: 310.2383 ||: 100%|##########| 4/4 [00:00<00:00,  6.78it/s]

  0%|          | 0/10 [00:00<?, ?it/s]
accuracy: 0.9349, accuracy3: 0.9525, loss: 171.5544 ||:  10%|#         | 1/10 [00:00<00:03,  2.33it/s]
accuracy: 0.9300, accuracy3: 0.9481, loss: 202.7236 ||:  20%|##        | 2/10 [00:00<00:03,  2.50it/s]
accuracy: 0.9277, accuracy3: 0.9452, loss: 215.2670 ||:  30%|###       | 3/10 [00:01<00:02,  2.73it/s]
accuracy: 0.9265, accuracy3: 0.9428, loss: 215.7594 ||:  40%|####      | 4/10 [00:01<00:02,  2.93it/s]
accuracy: 0.9311, accuracy3: 0.9463, loss: 203.6824 ||:  50%|#####     | 5/10 [00:01<00:01,  3.15it/s]
accuracy: 0.9305, accuracy3: 0.9447, loss: 206.9101 ||:  60%|######    | 6/10 [00:01<00:01,  2.96it/s]
accuracy: 0.9333, accuracy3: 0.9470, loss: 206.5224 ||:  70%|#######   | 7/10 [00:02<00:01,  2.98it/s]
accuracy: 0.9346, accuracy3: 0.9486, loss: 202.1991 ||:  80%|########  | 8/10 [00:02<00:00,  2.76it/s]
accuracy: 0.9348, accuracy3: 0.9491, loss: 202.6910 ||:  90%|######### | 9/10 [00:03<00:00,  2.89it/s]
accuracy: 0.9357, accuracy3: 0.9499, loss: 189.7025 ||: 100%|##########| 10/10 [00:03<00:00,  3.56it/s]

  0%|          | 0/4 [00:00<?, ?it/s]
accuracy: 0.7977, accuracy3: 0.8629, loss: 367.0380 ||:  25%|##5       | 1/4 [00:00<00:00,  6.11it/s]
accuracy: 0.8178, accuracy3: 0.8727, loss: 326.6121 ||:  50%|#####     | 2/4 [00:00<00:00,  6.22it/s]
accuracy: 0.8174, accuracy3: 0.8775, loss: 349.1414 ||:  75%|#######5  | 3/4 [00:00<00:00,  6.01it/s]
accuracy: 0.8207, accuracy3: 0.8813, loss: 304.1834 ||: 100%|##########| 4/4 [00:00<00:00,  6.76it/s]

  0%|          | 0/10 [00:00<?, ?it/s]
accuracy: 0.9463, accuracy3: 0.9606, loss: 151.2390 ||:  10%|#         | 1/10 [00:00<00:02,  3.43it/s]
accuracy: 0.9488, accuracy3: 0.9570, loss: 174.9446 ||:  20%|##        | 2/10 [00:00<00:02,  3.38it/s]
accuracy: 0.9442, accuracy3: 0.9520, loss: 184.5402 ||:  30%|###       | 3/10 [00:01<00:02,  2.99it/s]
accuracy: 0.9475, accuracy3: 0.9578, loss: 172.5610 ||:  40%|####      | 4/10 [00:01<00:01,  3.08it/s]
accuracy: 0.9458, accuracy3: 0.9563, loss: 182.1586 ||:  50%|#####     | 5/10 [00:01<00:01,  3.07it/s]
accuracy: 0.9447, accuracy3: 0.9561, loss: 178.6010 ||:  60%|######    | 6/10 [00:01<00:01,  3.28it/s]
accuracy: 0.9438, accuracy3: 0.9554, loss: 182.6941 ||:  70%|#######   | 7/10 [00:02<00:00,  3.24it/s]
accuracy: 0.9426, accuracy3: 0.9554, loss: 182.0543 ||:  80%|########  | 8/10 [00:02<00:00,  3.30it/s]
accuracy: 0.9416, accuracy3: 0.9538, loss: 187.3678 ||:  90%|######### | 9/10 [00:02<00:00,  3.11it/s]
accuracy: 0.9417, accuracy3: 0.9540, loss: 176.1969 ||: 100%|##########| 10/10 [00:03<00:00,  3.81it/s]

  0%|          | 0/4 [00:00<?, ?it/s]
accuracy: 0.8027, accuracy3: 0.8645, loss: 356.5935 ||:  25%|##5       | 1/4 [00:00<00:00,  4.29it/s]
accuracy: 0.8248, accuracy3: 0.8771, loss: 318.2329 ||:  50%|#####     | 2/4 [00:00<00:00,  4.81it/s]
accuracy: 0.8246, accuracy3: 0.8820, loss: 340.6789 ||:  75%|#######5  | 3/4 [00:00<00:00,  5.01it/s]
accuracy: 0.8259, accuracy3: 0.8841, loss: 296.3875 ||: 100%|##########| 4/4 [00:00<00:00,  6.09it/s]

  0%|          | 0/10 [00:00<?, ?it/s]
accuracy: 0.9493, accuracy3: 0.9575, loss: 192.7159 ||:  10%|#         | 1/10 [00:00<00:02,  3.18it/s]
accuracy: 0.9446, accuracy3: 0.9565, loss: 187.6730 ||:  20%|##        | 2/10 [00:00<00:02,  3.17it/s]
accuracy: 0.9478, accuracy3: 0.9587, loss: 185.5793 ||:  30%|###       | 3/10 [00:00<00:02,  3.13it/s]
accuracy: 0.9462, accuracy3: 0.9574, loss: 179.8191 ||:  40%|####      | 4/10 [00:01<00:01,  3.30it/s]
accuracy: 0.9500, accuracy3: 0.9614, loss: 174.8424 ||:  50%|#####     | 5/10 [00:01<00:01,  3.28it/s]
accuracy: 0.9497, accuracy3: 0.9610, loss: 171.8438 ||:  60%|######    | 6/10 [00:01<00:01,  3.02it/s]
accuracy: 0.9473, accuracy3: 0.9582, loss: 175.5821 ||:  70%|#######   | 7/10 [00:02<00:01,  2.88it/s]
accuracy: 0.9446, accuracy3: 0.9564, loss: 176.0914 ||:  80%|########  | 8/10 [00:02<00:00,  2.77it/s]
accuracy: 0.9454, accuracy3: 0.9570, loss: 173.8375 ||:  90%|######### | 9/10 [00:03<00:00,  2.93it/s]
accuracy: 0.9453, accuracy3: 0.9571, loss: 164.8295 ||: 100%|##########| 10/10 [00:03<00:00,  3.59it/s]

  0%|          | 0/4 [00:00<?, ?it/s]
accuracy: 0.8110, accuracy3: 0.8696, loss: 347.7574 ||:  25%|##5       | 1/4 [00:00<00:00,  5.99it/s]
accuracy: 0.8274, accuracy3: 0.8779, loss: 312.0304 ||:  50%|#####     | 2/4 [00:00<00:00,  6.13it/s]
accuracy: 0.8268, accuracy3: 0.8831, loss: 334.9820 ||:  75%|#######5  | 3/4 [00:00<00:00,  5.89it/s]
accuracy: 0.8302, accuracy3: 0.8869, loss: 291.3541 ||: 100%|##########| 4/4 [00:00<00:00,  6.66it/s]

  0%|          | 0/10 [00:00<?, ?it/s]
accuracy: 0.9510, accuracy3: 0.9561, loss: 158.2861 ||:  10%|#         | 1/10 [00:00<00:03,  2.73it/s]
accuracy: 0.9509, accuracy3: 0.9589, loss: 160.7167 ||:  20%|##        | 2/10 [00:00<00:02,  2.85it/s]
accuracy: 0.9498, accuracy3: 0.9587, loss: 165.8588 ||:  30%|###       | 3/10 [00:00<00:02,  2.95it/s]
accuracy: 0.9492, accuracy3: 0.9595, loss: 161.6810 ||:  40%|####      | 4/10 [00:01<00:01,  3.01it/s]
accuracy: 0.9506, accuracy3: 0.9615, loss: 159.1157 ||:  50%|#####     | 5/10 [00:01<00:01,  2.96it/s]
accuracy: 0.9494, accuracy3: 0.9597, loss: 163.8581 ||:  60%|######    | 6/10 [00:01<00:01,  3.05it/s]
accuracy: 0.9498, accuracy3: 0.9600, loss: 160.9804 ||:  70%|#######   | 7/10 [00:02<00:01,  2.90it/s]
accuracy: 0.9475, accuracy3: 0.9589, loss: 161.9186 ||:  80%|########  | 8/10 [00:02<00:00,  2.82it/s]
accuracy: 0.9477, accuracy3: 0.9591, loss: 164.8645 ||:  90%|######### | 9/10 [00:03<00:00,  2.91it/s]
accuracy: 0.9485, accuracy3: 0.9600, loss: 154.5563 ||: 100%|##########| 10/10 [00:03<00:00,  3.53it/s]

  0%|          | 0/4 [00:00<?, ?it/s]
accuracy: 0.7977, accuracy3: 0.8528, loss: 348.1718 ||:  25%|##5       | 1/4 [00:00<00:00,  6.16it/s]
accuracy: 0.8239, accuracy3: 0.8710, loss: 308.2296 ||:  50%|#####     | 2/4 [00:00<00:00,  6.27it/s]
accuracy: 0.8246, accuracy3: 0.8769, loss: 329.3680 ||:  75%|#######5  | 3/4 [00:00<00:00,  6.03it/s]
accuracy: 0.8278, accuracy3: 0.8813, loss: 286.9810 ||: 100%|##########| 4/4 [00:00<00:00,  6.77it/s]

  0%|          | 0/10 [00:00<?, ?it/s]
accuracy: 0.9526, accuracy3: 0.9556, loss: 163.5776 ||:  10%|#         | 1/10 [00:00<00:03,  2.54it/s]
accuracy: 0.9518, accuracy3: 0.9599, loss: 170.4680 ||:  20%|##        | 2/10 [00:00<00:03,  2.49it/s]
accuracy: 0.9506, accuracy3: 0.9610, loss: 160.4545 ||:  30%|###       | 3/10 [00:01<00:02,  2.72it/s]
accuracy: 0.9503, accuracy3: 0.9596, loss: 161.2027 ||:  40%|####      | 4/10 [00:01<00:02,  2.84it/s]
accuracy: 0.9485, accuracy3: 0.9587, loss: 159.6806 ||:  50%|#####     | 5/10 [00:01<00:01,  3.05it/s]
accuracy: 0.9502, accuracy3: 0.9610, loss: 158.2905 ||:  60%|######    | 6/10 [00:01<00:01,  3.12it/s]
accuracy: 0.9508, accuracy3: 0.9614, loss: 155.1454 ||:  70%|#######   | 7/10 [00:02<00:00,  3.25it/s]
accuracy: 0.9514, accuracy3: 0.9610, loss: 157.7201 ||:  80%|########  | 8/10 [00:02<00:00,  3.24it/s]
accuracy: 0.9514, accuracy3: 0.9612, loss: 154.4073 ||:  90%|######### | 9/10 [00:03<00:00,  2.76it/s]
accuracy: 0.9516, accuracy3: 0.9612, loss: 143.9887 ||: 100%|##########| 10/10 [00:03<00:00,  3.43it/s]

  0%|          | 0/4 [00:00<?, ?it/s]
accuracy: 0.8077, accuracy3: 0.8645, loss: 340.6161 ||:  25%|##5       | 1/4 [00:00<00:00,  6.05it/s]
accuracy: 0.8291, accuracy3: 0.8788, loss: 302.4611 ||:  50%|#####     | 2/4 [00:00<00:00,  6.13it/s]
accuracy: 0.8268, accuracy3: 0.8831, loss: 324.8216 ||:  75%|#######5  | 3/4 [00:00<00:00,  5.97it/s]
accuracy: 0.8302, accuracy3: 0.8869, loss: 283.1401 ||: 100%|##########| 4/4 [00:00<00:00,  6.72it/s]

  0%|          | 0/10 [00:00<?, ?it/s]
accuracy: 0.9629, accuracy3: 0.9660, loss: 145.5343 ||:  10%|#         | 1/10 [00:00<00:02,  3.02it/s]
accuracy: 0.9571, accuracy3: 0.9652, loss: 143.7640 ||:  20%|##        | 2/10 [00:00<00:02,  3.16it/s]
accuracy: 0.9583, accuracy3: 0.9674, loss: 146.7725 ||:  30%|###       | 3/10 [00:00<00:02,  3.24it/s]
accuracy: 0.9556, accuracy3: 0.9644, loss: 148.0656 ||:  40%|####      | 4/10 [00:01<00:02,  2.82it/s]
accuracy: 0.9545, accuracy3: 0.9629, loss: 148.0739 ||:  50%|#####     | 5/10 [00:01<00:01,  3.00it/s]
accuracy: 0.9544, accuracy3: 0.9629, loss: 144.6532 ||:  60%|######    | 6/10 [00:02<00:01,  2.90it/s]
accuracy: 0.9529, accuracy3: 0.9617, loss: 148.7802 ||:  70%|#######   | 7/10 [00:02<00:01,  2.98it/s]
accuracy: 0.9543, accuracy3: 0.9627, loss: 146.8567 ||:  80%|########  | 8/10 [00:02<00:00,  2.86it/s]
accuracy: 0.9552, accuracy3: 0.9639, loss: 144.7918 ||:  90%|######### | 9/10 [00:03<00:00,  2.93it/s]
accuracy: 0.9559, accuracy3: 0.9649, loss: 135.0114 ||: 100%|##########| 10/10 [00:03<00:00,  3.57it/s]

  0%|          | 0/4 [00:00<?, ?it/s]
accuracy: 0.8060, accuracy3: 0.8595, loss: 335.5192 ||:  25%|##5       | 1/4 [00:00<00:00,  4.72it/s]
accuracy: 0.8282, accuracy3: 0.8762, loss: 297.8302 ||:  50%|#####     | 2/4 [00:00<00:00,  5.20it/s]
accuracy: 0.8291, accuracy3: 0.8820, loss: 319.7019 ||:  75%|#######5  | 3/4 [00:00<00:00,  5.33it/s]
accuracy: 0.8321, accuracy3: 0.8855, loss: 278.3189 ||: 100%|##########| 4/4 [00:00<00:00,  6.36it/s]

  0%|          | 0/10 [00:00<?, ?it/s]
accuracy: 0.9657, accuracy3: 0.9788, loss: 140.7087 ||:  10%|#         | 1/10 [00:00<00:02,  3.09it/s]
accuracy: 0.9640, accuracy3: 0.9734, loss: 133.6540 ||:  20%|##        | 2/10 [00:00<00:02,  3.14it/s]
accuracy: 0.9617, accuracy3: 0.9701, loss: 142.0296 ||:  30%|###       | 3/10 [00:01<00:02,  2.91it/s]
accuracy: 0.9579, accuracy3: 0.9666, loss: 143.0671 ||:  40%|####      | 4/10 [00:01<00:02,  2.99it/s]
accuracy: 0.9584, accuracy3: 0.9669, loss: 140.2954 ||:  50%|#####     | 5/10 [00:01<00:01,  2.77it/s]
accuracy: 0.9576, accuracy3: 0.9661, loss: 137.7487 ||:  60%|######    | 6/10 [00:02<00:01,  2.84it/s]
accuracy: 0.9574, accuracy3: 0.9662, loss: 138.1579 ||:  70%|#######   | 7/10 [00:02<00:01,  2.99it/s]
accuracy: 0.9586, accuracy3: 0.9671, loss: 136.8593 ||:  80%|########  | 8/10 [00:02<00:00,  2.95it/s]
accuracy: 0.9581, accuracy3: 0.9670, loss: 136.3653 ||:  90%|######### | 9/10 [00:03<00:00,  3.05it/s]
accuracy: 0.9574, accuracy3: 0.9665, loss: 127.6814 ||: 100%|##########| 10/10 [00:03<00:00,  3.76it/s]

  0%|          | 0/4 [00:00<?, ?it/s]
accuracy: 0.8043, accuracy3: 0.8612, loss: 333.5685 ||:  25%|##5       | 1/4 [00:00<00:00,  6.14it/s]
accuracy: 0.8282, accuracy3: 0.8771, loss: 294.9523 ||:  50%|#####     | 2/4 [00:00<00:00,  6.31it/s]
accuracy: 0.8285, accuracy3: 0.8820, loss: 316.2750 ||:  75%|#######5  | 3/4 [00:00<00:00,  6.08it/s]
accuracy: 0.8316, accuracy3: 0.8855, loss: 275.9062 ||: 100%|##########| 4/4 [00:00<00:00,  6.85it/s]

  0%|          | 0/10 [00:00<?, ?it/s]
accuracy: 0.9723, accuracy3: 0.9772, loss: 116.7546 ||:  10%|#         | 1/10 [00:00<00:02,  3.08it/s]
accuracy: 0.9586, accuracy3: 0.9655, loss: 135.3753 ||:  20%|##        | 2/10 [00:00<00:02,  2.80it/s]
accuracy: 0.9575, accuracy3: 0.9661, loss: 139.7451 ||:  30%|###       | 3/10 [00:01<00:02,  2.94it/s]
accuracy: 0.9575, accuracy3: 0.9664, loss: 134.8553 ||:  40%|####      | 4/10 [00:01<00:01,  3.04it/s]
accuracy: 0.9588, accuracy3: 0.9676, loss: 134.2621 ||:  50%|#####     | 5/10 [00:01<00:01,  3.13it/s]
accuracy: 0.9582, accuracy3: 0.9664, loss: 133.4833 ||:  60%|######    | 6/10 [00:02<00:01,  3.04it/s]
accuracy: 0.9573, accuracy3: 0.9658, loss: 134.0119 ||:  70%|#######   | 7/10 [00:02<00:01,  2.84it/s]
accuracy: 0.9576, accuracy3: 0.9665, loss: 131.6180 ||:  80%|########  | 8/10 [00:02<00:00,  3.01it/s]
accuracy: 0.9585, accuracy3: 0.9672, loss: 128.7948 ||:  90%|######### | 9/10 [00:02<00:00,  3.14it/s]
accuracy: 0.9584, accuracy3: 0.9668, loss: 121.0754 ||: 100%|##########| 10/10 [00:03<00:00,  3.80it/s]

  0%|          | 0/4 [00:00<?, ?it/s]
accuracy: 0.8077, accuracy3: 0.8645, loss: 328.2931 ||:  25%|##5       | 1/4 [00:00<00:00,  6.18it/s]
accuracy: 0.8317, accuracy3: 0.8814, loss: 291.0180 ||:  50%|#####     | 2/4 [00:00<00:00,  6.25it/s]
accuracy: 0.8318, accuracy3: 0.8853, loss: 311.8242 ||:  75%|#######5  | 3/4 [00:00<00:00,  6.04it/s]
accuracy: 0.8344, accuracy3: 0.8884, loss: 271.7980 ||: 100%|##########| 4/4 [00:00<00:00,  6.78it/s]

  0%|          | 0/10 [00:00<?, ?it/s]
accuracy: 0.9548, accuracy3: 0.9600, loss: 117.3440 ||:  10%|#         | 1/10 [00:00<00:02,  3.43it/s]
accuracy: 0.9565, accuracy3: 0.9628, loss: 129.7868 ||:  20%|##        | 2/10 [00:00<00:02,  3.35it/s]
accuracy: 0.9570, accuracy3: 0.9628, loss: 127.1283 ||:  30%|###       | 3/10 [00:00<00:02,  3.12it/s]
accuracy: 0.9559, accuracy3: 0.9630, loss: 133.4612 ||:  40%|####      | 4/10 [00:01<00:01,  3.01it/s]
accuracy: 0.9551, accuracy3: 0.9624, loss: 132.9334 ||:  50%|#####     | 5/10 [00:01<00:01,  3.12it/s]
accuracy: 0.9555, accuracy3: 0.9645, loss: 129.9195 ||:  60%|######    | 6/10 [00:01<00:01,  3.21it/s]
accuracy: 0.9549, accuracy3: 0.9640, loss: 126.7945 ||:  70%|#######   | 7/10 [00:02<00:00,  3.36it/s]
accuracy: 0.9576, accuracy3: 0.9659, loss: 122.8665 ||:  80%|########  | 8/10 [00:02<00:00,  3.43it/s]
accuracy: 0.9574, accuracy3: 0.9661, loss: 123.3115 ||:  90%|######### | 9/10 [00:02<00:00,  3.37it/s]
accuracy: 0.9581, accuracy3: 0.9668, loss: 115.0116 ||: 100%|##########| 10/10 [00:03<00:00,  3.26it/s]

  0%|          | 0/4 [00:00<?, ?it/s]
accuracy: 0.8094, accuracy3: 0.8679, loss: 326.4550 ||:  25%|##5       | 1/4 [00:00<00:00,  6.36it/s]
accuracy: 0.8300, accuracy3: 0.8806, loss: 289.2392 ||:  50%|#####     | 2/4 [00:00<00:00,  6.37it/s]
accuracy: 0.8302, accuracy3: 0.8847, loss: 310.4912 ||:  75%|#######5  | 3/4 [00:00<00:00,  6.18it/s]
accuracy: 0.8330, accuracy3: 0.8879, loss: 270.8885 ||: 100%|##########| 4/4 [00:00<00:00,  6.91it/s]

  0%|          | 0/10 [00:00<?, ?it/s]
accuracy: 0.9644, accuracy3: 0.9725, loss: 118.4832 ||:  10%|#         | 1/10 [00:00<00:02,  3.28it/s]
accuracy: 0.9625, accuracy3: 0.9703, loss: 126.1228 ||:  20%|##        | 2/10 [00:00<00:02,  3.23it/s]
accuracy: 0.9608, accuracy3: 0.9690, loss: 117.7576 ||:  30%|###       | 3/10 [00:01<00:02,  3.02it/s]
accuracy: 0.9578, accuracy3: 0.9671, loss: 123.1506 ||:  40%|####      | 4/10 [00:01<00:02,  2.74it/s]
accuracy: 0.9601, accuracy3: 0.9689, loss: 120.7277 ||:  50%|#####     | 5/10 [00:01<00:01,  2.80it/s]
accuracy: 0.9621, accuracy3: 0.9711, loss: 118.3543 ||:  60%|######    | 6/10 [00:02<00:01,  3.00it/s]
accuracy: 0.9621, accuracy3: 0.9704, loss: 116.9912 ||:  70%|#######   | 7/10 [00:02<00:00,  3.12it/s]
accuracy: 0.9609, accuracy3: 0.9695, loss: 118.9413 ||:  80%|########  | 8/10 [00:02<00:00,  3.15it/s]
accuracy: 0.9618, accuracy3: 0.9702, loss: 116.2735 ||:  90%|######### | 9/10 [00:02<00:00,  3.23it/s]
accuracy: 0.9624, accuracy3: 0.9704, loss: 109.1395 ||: 100%|##########| 10/10 [00:03<00:00,  3.92it/s]

  0%|          | 0/4 [00:00<?, ?it/s]
accuracy: 0.8110, accuracy3: 0.8662, loss: 323.6343 ||:  25%|##5       | 1/4 [00:00<00:00,  6.11it/s]
accuracy: 0.8317, accuracy3: 0.8797, loss: 286.7379 ||:  50%|#####     | 2/4 [00:00<00:00,  6.23it/s]
accuracy: 0.8324, accuracy3: 0.8842, loss: 307.5137 ||:  75%|#######5  | 3/4 [00:00<00:00,  6.07it/s]
accuracy: 0.8349, accuracy3: 0.8879, loss: 268.0871 ||: 100%|##########| 4/4 [00:00<00:00,  6.87it/s]

  0%|          | 0/10 [00:00<?, ?it/s]
accuracy: 0.9497, accuracy3: 0.9578, loss: 113.6635 ||:  10%|#         | 1/10 [00:00<00:02,  3.22it/s]
accuracy: 0.9555, accuracy3: 0.9644, loss: 115.5848 ||:  20%|##        | 2/10 [00:00<00:02,  3.02it/s]
accuracy: 0.9576, accuracy3: 0.9662, loss: 113.0763 ||:  30%|###       | 3/10 [00:01<00:02,  3.06it/s]
accuracy: 0.9628, accuracy3: 0.9697, loss: 106.0680 ||:  40%|####      | 4/10 [00:01<00:02,  2.96it/s]
accuracy: 0.9618, accuracy3: 0.9693, loss: 108.2683 ||:  50%|#####     | 5/10 [00:01<00:01,  3.04it/s]
accuracy: 0.9621, accuracy3: 0.9693, loss: 108.3815 ||:  60%|######    | 6/10 [00:02<00:01,  2.81it/s]
accuracy: 0.9624, accuracy3: 0.9693, loss: 110.4173 ||:  70%|#######   | 7/10 [00:02<00:01,  2.77it/s]
accuracy: 0.9613, accuracy3: 0.9681, loss: 113.1407 ||:  80%|########  | 8/10 [00:02<00:00,  2.97it/s]
accuracy: 0.9622, accuracy3: 0.9691, loss: 111.8950 ||:  90%|######### | 9/10 [00:03<00:00,  3.11it/s]
accuracy: 0.9625, accuracy3: 0.9696, loss: 103.7343 ||: 100%|##########| 10/10 [00:03<00:00,  3.87it/s]

  0%|          | 0/4 [00:00<?, ?it/s]
accuracy: 0.8110, accuracy3: 0.8679, loss: 320.8871 ||:  25%|##5       | 1/4 [00:00<00:00,  6.14it/s]
accuracy: 0.8317, accuracy3: 0.8814, loss: 284.5562 ||:  50%|#####     | 2/4 [00:00<00:00,  6.24it/s]
accuracy: 0.8335, accuracy3: 0.8864, loss: 305.0013 ||:  75%|#######5  | 3/4 [00:00<00:00,  5.97it/s]
accuracy: 0.8363, accuracy3: 0.8903, loss: 266.0813 ||: 100%|##########| 4/4 [00:00<00:00,  6.72it/s]

  0%|          | 0/10 [00:00<?, ?it/s]
accuracy: 0.9758, accuracy3: 0.9790, loss: 96.2011 ||:  10%|#         | 1/10 [00:00<00:02,  3.18it/s]
accuracy: 0.9739, accuracy3: 0.9804, loss: 102.2090 ||:  20%|##        | 2/10 [00:00<00:02,  2.99it/s]
accuracy: 0.9711, accuracy3: 0.9762, loss: 102.9906 ||:  30%|###       | 3/10 [00:00<00:02,  3.25it/s]
accuracy: 0.9703, accuracy3: 0.9773, loss: 102.6938 ||:  40%|####      | 4/10 [00:01<00:01,  3.26it/s]
accuracy: 0.9699, accuracy3: 0.9768, loss: 100.9009 ||:  50%|#####     | 5/10 [00:01<00:01,  3.00it/s]
accuracy: 0.9669, accuracy3: 0.9745, loss: 104.3582 ||:  60%|######    | 6/10 [00:01<00:01,  3.07it/s]
accuracy: 0.9651, accuracy3: 0.9724, loss: 106.8945 ||:  70%|#######   | 7/10 [00:02<00:00,  3.08it/s]
accuracy: 0.9657, accuracy3: 0.9727, loss: 105.7917 ||:  80%|########  | 8/10 [00:02<00:00,  3.21it/s]
accuracy: 0.9646, accuracy3: 0.9720, loss: 107.1907 ||:  90%|######### | 9/10 [00:02<00:00,  2.96it/s]
accuracy: 0.9643, accuracy3: 0.9718, loss: 99.4780 ||: 100%|##########| 10/10 [00:03<00:00,  3.62it/s]

  0%|          | 0/4 [00:00<?, ?it/s]
accuracy: 0.8144, accuracy3: 0.8712, loss: 318.4120 ||:  25%|##5       | 1/4 [00:00<00:00,  6.24it/s]
accuracy: 0.8361, accuracy3: 0.8858, loss: 282.8398 ||:  50%|#####     | 2/4 [00:00<00:00,  6.35it/s]
accuracy: 0.8357, accuracy3: 0.8886, loss: 302.8381 ||:  75%|#######5  | 3/4 [00:00<00:00,  6.07it/s]
accuracy: 0.8382, accuracy3: 0.8921, loss: 264.1795 ||: 100%|##########| 4/4 [00:00<00:00,  6.83it/s]

  0%|          | 0/10 [00:00<?, ?it/s]
accuracy: 0.9529, accuracy3: 0.9630, loss: 107.5963 ||:  10%|#         | 1/10 [00:00<00:03,  2.69it/s]
accuracy: 0.9535, accuracy3: 0.9617, loss: 109.3832 ||:  20%|##        | 2/10 [00:00<00:03,  2.58it/s]
accuracy: 0.9563, accuracy3: 0.9647, loss: 117.6279 ||:  30%|###       | 3/10 [00:01<00:02,  2.46it/s]
accuracy: 0.9589, accuracy3: 0.9684, loss: 114.0999 ||:  40%|####      | 4/10 [00:01<00:02,  2.60it/s]
accuracy: 0.9617, accuracy3: 0.9698, loss: 108.9453 ||:  50%|#####     | 5/10 [00:01<00:01,  2.78it/s]
accuracy: 0.9620, accuracy3: 0.9704, loss: 103.4617 ||:  60%|######    | 6/10 [00:02<00:01,  3.00it/s]
accuracy: 0.9634, accuracy3: 0.9715, loss: 100.7571 ||:  70%|#######   | 7/10 [00:02<00:00,  3.12it/s]
accuracy: 0.9632, accuracy3: 0.9712, loss: 102.0068 ||:  80%|########  | 8/10 [00:02<00:00,  3.24it/s]
accuracy: 0.9630, accuracy3: 0.9705, loss: 102.7949 ||:  90%|######### | 9/10 [00:03<00:00,  3.24it/s]
accuracy: 0.9634, accuracy3: 0.9709, loss: 95.6897 ||: 100%|##########| 10/10 [00:03<00:00,  3.92it/s]

  0%|          | 0/4 [00:00<?, ?it/s]
accuracy: 0.8127, accuracy3: 0.8679, loss: 318.4847 ||:  25%|##5       | 1/4 [00:00<00:00,  4.02it/s]
accuracy: 0.8370, accuracy3: 0.8840, loss: 281.5275 ||:  50%|#####     | 2/4 [00:00<00:00,  4.48it/s]
accuracy: 0.8363, accuracy3: 0.8881, loss: 301.3006 ||:  75%|#######5  | 3/4 [00:00<00:00,  4.79it/s]
accuracy: 0.8377, accuracy3: 0.8907, loss: 263.1017 ||: 100%|##########| 4/4 [00:00<00:00,  5.88it/s]

  0%|          | 0/10 [00:00<?, ?it/s]
accuracy: 0.9713, accuracy3: 0.9745, loss: 92.4946 ||:  10%|#         | 1/10 [00:00<00:02,  3.02it/s]
accuracy: 0.9632, accuracy3: 0.9681, loss: 94.8406 ||:  20%|##        | 2/10 [00:00<00:02,  3.15it/s]
accuracy: 0.9615, accuracy3: 0.9663, loss: 98.5143 ||:  30%|###       | 3/10 [00:01<00:02,  2.95it/s]
accuracy: 0.9547, accuracy3: 0.9625, loss: 106.9412 ||:  40%|####      | 4/10 [00:01<00:01,  3.07it/s]
accuracy: 0.9578, accuracy3: 0.9647, loss: 102.6582 ||:  50%|#####     | 5/10 [00:01<00:01,  2.81it/s]
accuracy: 0.9601, accuracy3: 0.9665, loss: 103.2361 ||:  60%|######    | 6/10 [00:02<00:01,  2.84it/s]
accuracy: 0.9632, accuracy3: 0.9691, loss: 99.9191 ||:  70%|#######   | 7/10 [00:02<00:01,  2.94it/s] 
accuracy: 0.9636, accuracy3: 0.9704, loss: 99.0318 ||:  80%|########  | 8/10 [00:02<00:00,  2.87it/s]
accuracy: 0.9641, accuracy3: 0.9712, loss: 97.6873 ||:  90%|######### | 9/10 [00:03<00:00,  3.03it/s]
accuracy: 0.9639, accuracy3: 0.9711, loss: 91.2535 ||: 100%|##########| 10/10 [00:03<00:00,  3.80it/s]

  0%|          | 0/4 [00:00<?, ?it/s]
accuracy: 0.8161, accuracy3: 0.8712, loss: 314.6712 ||:  25%|##5       | 1/4 [00:00<00:00,  6.03it/s]
accuracy: 0.8387, accuracy3: 0.8867, loss: 279.9384 ||:  50%|#####     | 2/4 [00:00<00:00,  6.15it/s]
accuracy: 0.8369, accuracy3: 0.8903, loss: 299.6387 ||:  75%|#######5  | 3/4 [00:00<00:00,  5.96it/s]
accuracy: 0.8401, accuracy3: 0.8945, loss: 260.9280 ||: 100%|##########| 4/4 [00:00<00:00,  6.73it/s]

  0%|          | 0/10 [00:00<?, ?it/s]
accuracy: 0.9647, accuracy3: 0.9662, loss: 106.3817 ||:  10%|#         | 1/10 [00:00<00:04,  1.93it/s]
accuracy: 0.9600, accuracy3: 0.9685, loss: 106.2877 ||:  20%|##        | 2/10 [00:00<00:03,  2.23it/s]
accuracy: 0.9610, accuracy3: 0.9688, loss: 103.3314 ||:  30%|###       | 3/10 [00:01<00:02,  2.39it/s]
accuracy: 0.9644, accuracy3: 0.9725, loss: 97.8310 ||:  40%|####      | 4/10 [00:01<00:02,  2.61it/s] 
accuracy: 0.9645, accuracy3: 0.9723, loss: 95.9004 ||:  50%|#####     | 5/10 [00:01<00:01,  2.83it/s]
accuracy: 0.9636, accuracy3: 0.9715, loss: 98.0544 ||:  60%|######    | 6/10 [00:02<00:01,  2.92it/s]
accuracy: 0.9645, accuracy3: 0.9719, loss: 95.6065 ||:  70%|#######   | 7/10 [00:02<00:01,  2.92it/s]
accuracy: 0.9643, accuracy3: 0.9716, loss: 94.1488 ||:  80%|########  | 8/10 [00:02<00:00,  3.07it/s]
accuracy: 0.9654, accuracy3: 0.9724, loss: 94.0115 ||:  90%|######### | 9/10 [00:02<00:00,  3.11it/s]
accuracy: 0.9661, accuracy3: 0.9730, loss: 88.2880 ||: 100%|##########| 10/10 [00:03<00:00,  3.81it/s]

  0%|          | 0/4 [00:00<?, ?it/s]
accuracy: 0.8094, accuracy3: 0.8662, loss: 317.7705 ||:  25%|##5       | 1/4 [00:00<00:00,  5.94it/s]
accuracy: 0.8352, accuracy3: 0.8832, loss: 280.8549 ||:  50%|#####     | 2/4 [00:00<00:00,  6.04it/s]
accuracy: 0.8363, accuracy3: 0.8886, loss: 299.4036 ||:  75%|#######5  | 3/4 [00:00<00:00,  5.88it/s]
accuracy: 0.8382, accuracy3: 0.8917, loss: 261.5194 ||: 100%|##########| 4/4 [00:00<00:00,  6.64it/s]

  0%|          | 0/10 [00:00<?, ?it/s]
accuracy: 0.9594, accuracy3: 0.9735, loss: 80.4903 ||:  10%|#         | 1/10 [00:00<00:02,  3.48it/s]
accuracy: 0.9575, accuracy3: 0.9683, loss: 93.3612 ||:  20%|##        | 2/10 [00:00<00:02,  3.43it/s]
accuracy: 0.9613, accuracy3: 0.9718, loss: 89.0792 ||:  30%|###       | 3/10 [00:01<00:02,  3.02it/s]
accuracy: 0.9631, accuracy3: 0.9720, loss: 89.2269 ||:  40%|####      | 4/10 [00:01<00:01,  3.09it/s]
accuracy: 0.9656, accuracy3: 0.9741, loss: 85.7538 ||:  50%|#####     | 5/10 [00:01<00:01,  3.23it/s]
accuracy: 0.9665, accuracy3: 0.9744, loss: 83.5793 ||:  60%|######    | 6/10 [00:01<00:01,  3.20it/s]
accuracy: 0.9662, accuracy3: 0.9741, loss: 83.8354 ||:  70%|#######   | 7/10 [00:02<00:00,  3.28it/s]
accuracy: 0.9661, accuracy3: 0.9736, loss: 86.6189 ||:  80%|########  | 8/10 [00:02<00:00,  2.96it/s]
accuracy: 0.9646, accuracy3: 0.9724, loss: 90.8708 ||:  90%|######### | 9/10 [00:03<00:00,  2.82it/s]
accuracy: 0.9636, accuracy3: 0.9711, loss: 86.1791 ||: 100%|##########| 10/10 [00:03<00:00,  3.41it/s]

  0%|          | 0/4 [00:00<?, ?it/s]
accuracy: 0.8144, accuracy3: 0.8679, loss: 314.0008 ||:  25%|##5       | 1/4 [00:00<00:00,  6.06it/s]
accuracy: 0.8361, accuracy3: 0.8840, loss: 279.0459 ||:  50%|#####     | 2/4 [00:00<00:00,  6.19it/s]
accuracy: 0.8363, accuracy3: 0.8881, loss: 298.0711 ||:  75%|#######5  | 3/4 [00:00<00:00,  5.98it/s]
accuracy: 0.8382, accuracy3: 0.8912, loss: 259.8689 ||: 100%|##########| 4/4 [00:00<00:00,  6.73it/s]

  0%|          | 0/10 [00:00<?, ?it/s]
accuracy: 0.9755, accuracy3: 0.9755, loss: 79.2133 ||:  10%|#         | 1/10 [00:00<00:03,  2.89it/s]
accuracy: 0.9679, accuracy3: 0.9702, loss: 86.3803 ||:  20%|##        | 2/10 [00:00<00:02,  2.97it/s]
accuracy: 0.9672, accuracy3: 0.9713, loss: 88.3743 ||:  30%|###       | 3/10 [00:01<00:02,  2.88it/s]
accuracy: 0.9645, accuracy3: 0.9720, loss: 89.5967 ||:  40%|####      | 4/10 [00:01<00:02,  2.80it/s]
accuracy: 0.9629, accuracy3: 0.9704, loss: 93.3583 ||:  50%|#####     | 5/10 [00:01<00:01,  2.91it/s]
accuracy: 0.9625, accuracy3: 0.9712, loss: 93.6383 ||:  60%|######    | 6/10 [00:02<00:01,  2.79it/s]
accuracy: 0.9631, accuracy3: 0.9713, loss: 93.0458 ||:  70%|#######   | 7/10 [00:02<00:01,  2.95it/s]
accuracy: 0.9646, accuracy3: 0.9729, loss: 90.1988 ||:  80%|########  | 8/10 [00:02<00:00,  3.13it/s]
accuracy: 0.9646, accuracy3: 0.9720, loss: 90.0948 ||:  90%|######### | 9/10 [00:02<00:00,  3.21it/s]
accuracy: 0.9651, accuracy3: 0.9726, loss: 82.9738 ||: 100%|##########| 10/10 [00:03<00:00,  3.85it/s]

  0%|          | 0/4 [00:00<?, ?it/s]
accuracy: 0.8194, accuracy3: 0.8746, loss: 311.8422 ||:  25%|##5       | 1/4 [00:00<00:00,  6.10it/s]
accuracy: 0.8405, accuracy3: 0.8884, loss: 276.9124 ||:  50%|#####     | 2/4 [00:00<00:00,  6.29it/s]
accuracy: 0.8385, accuracy3: 0.8909, loss: 296.7726 ||:  75%|#######5  | 3/4 [00:00<00:00,  5.68it/s]
accuracy: 0.8411, accuracy3: 0.8945, loss: 258.8598 ||: 100%|##########| 4/4 [00:00<00:00,  6.44it/s]

  0%|          | 0/10 [00:00<?, ?it/s]
accuracy: 0.9559, accuracy3: 0.9657, loss: 99.3484 ||:  10%|#         | 1/10 [00:00<00:02,  3.20it/s]
accuracy: 0.9636, accuracy3: 0.9712, loss: 88.5141 ||:  20%|##        | 2/10 [00:00<00:02,  3.36it/s]
accuracy: 0.9648, accuracy3: 0.9725, loss: 88.4016 ||:  30%|###       | 3/10 [00:00<00:02,  3.15it/s]
accuracy: 0.9663, accuracy3: 0.9746, loss: 81.4108 ||:  40%|####      | 4/10 [00:01<00:01,  3.28it/s]
accuracy: 0.9654, accuracy3: 0.9733, loss: 83.8000 ||:  50%|#####     | 5/10 [00:01<00:01,  3.03it/s]
accuracy: 0.9668, accuracy3: 0.9748, loss: 82.5255 ||:  60%|######    | 6/10 [00:02<00:01,  2.82it/s]
accuracy: 0.9668, accuracy3: 0.9744, loss: 84.5974 ||:  70%|#######   | 7/10 [00:02<00:01,  2.97it/s]
accuracy: 0.9658, accuracy3: 0.9732, loss: 85.5439 ||:  80%|########  | 8/10 [00:02<00:00,  3.09it/s]
accuracy: 0.9657, accuracy3: 0.9726, loss: 85.5026 ||:  90%|######### | 9/10 [00:02<00:00,  3.22it/s]
accuracy: 0.9656, accuracy3: 0.9728, loss: 80.2608 ||: 100%|##########| 10/10 [00:03<00:00,  3.91it/s]

  0%|          | 0/4 [00:00<?, ?it/s]
accuracy: 0.8194, accuracy3: 0.8729, loss: 313.0756 ||:  25%|##5       | 1/4 [00:00<00:00,  6.03it/s]
accuracy: 0.8396, accuracy3: 0.8875, loss: 277.3513 ||:  50%|#####     | 2/4 [00:00<00:00,  6.17it/s]
accuracy: 0.8380, accuracy3: 0.8903, loss: 296.9320 ||:  75%|#######5  | 3/4 [00:00<00:00,  5.97it/s]
accuracy: 0.8401, accuracy3: 0.8936, loss: 259.1826 ||: 100%|##########| 4/4 [00:00<00:00,  6.74it/s]

  0%|          | 0/10 [00:00<?, ?it/s]
accuracy: 0.9597, accuracy3: 0.9629, loss: 92.0650 ||:  10%|#         | 1/10 [00:00<00:04,  2.16it/s]
accuracy: 0.9620, accuracy3: 0.9668, loss: 86.2939 ||:  20%|##        | 2/10 [00:00<00:03,  2.34it/s]
accuracy: 0.9599, accuracy3: 0.9667, loss: 93.2916 ||:  30%|###       | 3/10 [00:01<00:02,  2.53it/s]
accuracy: 0.9603, accuracy3: 0.9685, loss: 91.3506 ||:  40%|####      | 4/10 [00:01<00:02,  2.70it/s]
accuracy: 0.9622, accuracy3: 0.9700, loss: 88.3263 ||:  50%|#####     | 5/10 [00:01<00:01,  2.87it/s]
accuracy: 0.9628, accuracy3: 0.9702, loss: 85.5222 ||:  60%|######    | 6/10 [00:02<00:01,  3.08it/s]
accuracy: 0.9640, accuracy3: 0.9711, loss: 83.3186 ||:  70%|#######   | 7/10 [00:02<00:00,  3.16it/s]
accuracy: 0.9642, accuracy3: 0.9721, loss: 84.4925 ||:  80%|########  | 8/10 [00:02<00:00,  2.89it/s]
accuracy: 0.9644, accuracy3: 0.9721, loss: 83.8974 ||:  90%|######### | 9/10 [00:03<00:00,  2.90it/s]
accuracy: 0.9648, accuracy3: 0.9721, loss: 78.0466 ||: 100%|##########| 10/10 [00:03<00:00,  3.57it/s]

  0%|          | 0/4 [00:00<?, ?it/s]
accuracy: 0.8211, accuracy3: 0.8763, loss: 311.5116 ||:  25%|##5       | 1/4 [00:00<00:00,  6.18it/s]
accuracy: 0.8405, accuracy3: 0.8893, loss: 276.3144 ||:  50%|#####     | 2/4 [00:00<00:00,  6.28it/s]
accuracy: 0.8380, accuracy3: 0.8909, loss: 295.5909 ||:  75%|#######5  | 3/4 [00:00<00:00,  6.06it/s]
accuracy: 0.8401, accuracy3: 0.8940, loss: 257.7700 ||: 100%|##########| 4/4 [00:00<00:00,  6.81it/s]

  0%|          | 0/10 [00:00<?, ?it/s]
accuracy: 0.9731, accuracy3: 0.9791, loss: 73.5575 ||:  10%|#         | 1/10 [00:00<00:02,  3.12it/s]
accuracy: 0.9694, accuracy3: 0.9780, loss: 79.7455 ||:  20%|##        | 2/10 [00:00<00:02,  3.30it/s]
accuracy: 0.9694, accuracy3: 0.9782, loss: 80.4332 ||:  30%|###       | 3/10 [00:01<00:02,  2.92it/s]
accuracy: 0.9691, accuracy3: 0.9778, loss: 77.1526 ||:  40%|####      | 4/10 [00:01<00:01,  3.03it/s]
accuracy: 0.9710, accuracy3: 0.9787, loss: 75.9895 ||:  50%|#####     | 5/10 [00:01<00:01,  3.11it/s]
accuracy: 0.9695, accuracy3: 0.9770, loss: 78.3291 ||:  60%|######    | 6/10 [00:01<00:01,  3.25it/s]
accuracy: 0.9664, accuracy3: 0.9742, loss: 80.2043 ||:  70%|#######   | 7/10 [00:02<00:00,  3.22it/s]
accuracy: 0.9668, accuracy3: 0.9744, loss: 77.8342 ||:  80%|########  | 8/10 [00:02<00:00,  3.15it/s]
accuracy: 0.9668, accuracy3: 0.9743, loss: 78.4285 ||:  90%|######### | 9/10 [00:02<00:00,  3.13it/s]
accuracy: 0.9658, accuracy3: 0.9730, loss: 75.6922 ||: 100%|##########| 10/10 [00:03<00:00,  3.74it/s]

  0%|          | 0/4 [00:00<?, ?it/s]
accuracy: 0.8177, accuracy3: 0.8712, loss: 311.6465 ||:  25%|##5       | 1/4 [00:00<00:00,  4.34it/s]
accuracy: 0.8405, accuracy3: 0.8884, loss: 277.4414 ||:  50%|#####     | 2/4 [00:00<00:00,  4.83it/s]
accuracy: 0.8396, accuracy3: 0.8914, loss: 296.5208 ||:  75%|#######5  | 3/4 [00:00<00:00,  5.02it/s]
accuracy: 0.8406, accuracy3: 0.8940, loss: 258.6789 ||: 100%|##########| 4/4 [00:00<00:00,  6.08it/s]

  0%|          | 0/10 [00:00<?, ?it/s]
accuracy: 0.9694, accuracy3: 0.9776, loss: 56.4944 ||:  10%|#         | 1/10 [00:00<00:02,  3.60it/s]
accuracy: 0.9737, accuracy3: 0.9828, loss: 61.5982 ||:  20%|##        | 2/10 [00:00<00:02,  3.32it/s]
accuracy: 0.9708, accuracy3: 0.9805, loss: 66.9242 ||:  30%|###       | 3/10 [00:00<00:02,  3.23it/s]
accuracy: 0.9692, accuracy3: 0.9776, loss: 68.8541 ||:  40%|####      | 4/10 [00:01<00:01,  3.35it/s]
accuracy: 0.9693, accuracy3: 0.9776, loss: 72.0753 ||:  50%|#####     | 5/10 [00:01<00:01,  3.33it/s]
accuracy: 0.9701, accuracy3: 0.9772, loss: 71.3972 ||:  60%|######    | 6/10 [00:01<00:01,  3.13it/s]
accuracy: 0.9680, accuracy3: 0.9764, loss: 71.8128 ||:  70%|#######   | 7/10 [00:02<00:00,  3.28it/s]
accuracy: 0.9664, accuracy3: 0.9740, loss: 76.2473 ||:  80%|########  | 8/10 [00:02<00:00,  3.01it/s]
accuracy: 0.9664, accuracy3: 0.9736, loss: 78.0232 ||:  90%|######### | 9/10 [00:02<00:00,  3.04it/s]
accuracy: 0.9665, accuracy3: 0.9737, loss: 74.0153 ||: 100%|##########| 10/10 [00:03<00:00,  3.63it/s]

  0%|          | 0/4 [00:00<?, ?it/s]
accuracy: 0.8194, accuracy3: 0.8746, loss: 311.7591 ||:  25%|##5       | 1/4 [00:00<00:00,  6.08it/s]
accuracy: 0.8413, accuracy3: 0.8901, loss: 276.2298 ||:  50%|#####     | 2/4 [00:00<00:00,  6.21it/s]
accuracy: 0.8402, accuracy3: 0.8931, loss: 295.1188 ||:  75%|#######5  | 3/4 [00:00<00:00,  6.02it/s]
accuracy: 0.8420, accuracy3: 0.8959, loss: 257.4132 ||: 100%|##########| 4/4 [00:00<00:00,  6.79it/s]

  0%|          | 0/10 [00:00<?, ?it/s]
accuracy: 0.9733, accuracy3: 0.9747, loss: 83.8651 ||:  10%|#         | 1/10 [00:00<00:04,  1.98it/s]
accuracy: 0.9718, accuracy3: 0.9742, loss: 73.4902 ||:  20%|##        | 2/10 [00:00<00:03,  2.26it/s]
accuracy: 0.9713, accuracy3: 0.9750, loss: 69.5701 ||:  30%|###       | 3/10 [00:01<00:02,  2.39it/s]
accuracy: 0.9708, accuracy3: 0.9768, loss: 70.5999 ||:  40%|####      | 4/10 [00:01<00:02,  2.61it/s]
accuracy: 0.9699, accuracy3: 0.9766, loss: 74.1793 ||:  50%|#####     | 5/10 [00:01<00:01,  2.73it/s]
accuracy: 0.9700, accuracy3: 0.9768, loss: 74.9020 ||:  60%|######    | 6/10 [00:02<00:01,  2.87it/s]
accuracy: 0.9687, accuracy3: 0.9753, loss: 76.5528 ||:  70%|#######   | 7/10 [00:02<00:01,  2.80it/s]
accuracy: 0.9660, accuracy3: 0.9729, loss: 78.5623 ||:  80%|########  | 8/10 [00:02<00:00,  2.94it/s]
accuracy: 0.9663, accuracy3: 0.9738, loss: 77.1055 ||:  90%|######### | 9/10 [00:03<00:00,  3.09it/s]
accuracy: 0.9665, accuracy3: 0.9738, loss: 72.3089 ||: 100%|##########| 10/10 [00:03<00:00,  3.73it/s]

  0%|          | 0/4 [00:00<?, ?it/s]
accuracy: 0.8244, accuracy3: 0.8779, loss: 308.0539 ||:  25%|##5       | 1/4 [00:00<00:00,  6.06it/s]
accuracy: 0.8431, accuracy3: 0.8910, loss: 274.2349 ||:  50%|#####     | 2/4 [00:00<00:00,  6.20it/s]
accuracy: 0.8408, accuracy3: 0.8931, loss: 293.2805 ||:  75%|#######5  | 3/4 [00:00<00:00,  5.95it/s]
accuracy: 0.8430, accuracy3: 0.8964, loss: 255.4535 ||: 100%|##########| 4/4 [00:00<00:00,  6.71it/s]

  0%|          | 0/10 [00:00<?, ?it/s]
accuracy: 0.9739, accuracy3: 0.9788, loss: 74.7058 ||:  10%|#         | 1/10 [00:00<00:02,  3.13it/s]
accuracy: 0.9693, accuracy3: 0.9769, loss: 72.3518 ||:  20%|##        | 2/10 [00:00<00:02,  3.20it/s]
accuracy: 0.9654, accuracy3: 0.9733, loss: 74.9464 ||:  30%|###       | 3/10 [00:01<00:02,  2.98it/s]
accuracy: 0.9678, accuracy3: 0.9753, loss: 74.2927 ||:  40%|####      | 4/10 [00:01<00:01,  3.02it/s]
accuracy: 0.9672, accuracy3: 0.9738, loss: 77.0648 ||:  50%|#####     | 5/10 [00:01<00:01,  2.79it/s]
accuracy: 0.9653, accuracy3: 0.9720, loss: 79.6832 ||:  60%|######    | 6/10 [00:02<00:01,  2.88it/s]
accuracy: 0.9658, accuracy3: 0.9725, loss: 78.5991 ||:  70%|#######   | 7/10 [00:02<00:00,  3.01it/s]
accuracy: 0.9660, accuracy3: 0.9726, loss: 77.2482 ||:  80%|########  | 8/10 [00:02<00:00,  2.90it/s]
accuracy: 0.9659, accuracy3: 0.9728, loss: 75.8626 ||:  90%|######### | 9/10 [00:03<00:00,  2.95it/s]
accuracy: 0.9656, accuracy3: 0.9726, loss: 71.0061 ||: 100%|##########| 10/10 [00:03<00:00,  3.69it/s]

  0%|          | 0/4 [00:00<?, ?it/s]
accuracy: 0.8194, accuracy3: 0.8746, loss: 312.4805 ||:  25%|##5       | 1/4 [00:00<00:00,  6.18it/s]
accuracy: 0.8413, accuracy3: 0.8901, loss: 276.2182 ||:  50%|#####     | 2/4 [00:00<00:00,  6.28it/s]
accuracy: 0.8419, accuracy3: 0.8948, loss: 295.2495 ||:  75%|#######5  | 3/4 [00:00<00:00,  6.07it/s]
accuracy: 0.8444, accuracy3: 0.8983, loss: 258.1235 ||: 100%|##########| 4/4 [00:00<00:00,  6.81it/s]

  0%|          | 0/10 [00:00<?, ?it/s]
accuracy: 0.9491, accuracy3: 0.9578, loss: 103.4979 ||:  10%|#         | 1/10 [00:00<00:03,  2.88it/s]
accuracy: 0.9590, accuracy3: 0.9650, loss: 88.8423 ||:  20%|##        | 2/10 [00:00<00:02,  2.69it/s] 
accuracy: 0.9602, accuracy3: 0.9657, loss: 86.2415 ||:  30%|###       | 3/10 [00:01<00:02,  2.78it/s]
accuracy: 0.9617, accuracy3: 0.9677, loss: 79.1296 ||:  40%|####      | 4/10 [00:01<00:02,  2.77it/s]
accuracy: 0.9638, accuracy3: 0.9701, loss: 77.5417 ||:  50%|#####     | 5/10 [00:01<00:01,  2.91it/s]
accuracy: 0.9639, accuracy3: 0.9710, loss: 76.3003 ||:  60%|######    | 6/10 [00:02<00:01,  3.00it/s]
accuracy: 0.9642, accuracy3: 0.9711, loss: 73.8610 ||:  70%|#######   | 7/10 [00:02<00:00,  3.08it/s]
accuracy: 0.9637, accuracy3: 0.9714, loss: 74.1234 ||:  80%|########  | 8/10 [00:02<00:00,  3.24it/s]
accuracy: 0.9650, accuracy3: 0.9725, loss: 73.0512 ||:  90%|######### | 9/10 [00:03<00:00,  3.09it/s]
accuracy: 0.9649, accuracy3: 0.9721, loss: 69.3527 ||: 100%|##########| 10/10 [00:03<00:00,  3.77it/s]

  0%|          | 0/4 [00:00<?, ?it/s]
accuracy: 0.8211, accuracy3: 0.8779, loss: 305.2881 ||:  25%|##5       | 1/4 [00:00<00:00,  6.16it/s]
accuracy: 0.8422, accuracy3: 0.8919, loss: 273.7289 ||:  50%|#####     | 2/4 [00:00<00:00,  6.30it/s]
accuracy: 0.8380, accuracy3: 0.8937, loss: 294.1741 ||:  75%|#######5  | 3/4 [00:00<00:00,  6.10it/s]
accuracy: 0.8406, accuracy3: 0.8969, loss: 256.6346 ||: 100%|##########| 4/4 [00:00<00:00,  6.87it/s]

  0%|          | 0/10 [00:00<?, ?it/s]
accuracy: 0.9699, accuracy3: 0.9732, loss: 66.5382 ||:  10%|#         | 1/10 [00:00<00:02,  3.32it/s]
accuracy: 0.9705, accuracy3: 0.9748, loss: 64.4866 ||:  20%|##        | 2/10 [00:00<00:02,  3.14it/s]
accuracy: 0.9726, accuracy3: 0.9778, loss: 62.2361 ||:  30%|###       | 3/10 [00:00<00:02,  3.20it/s]
accuracy: 0.9720, accuracy3: 0.9779, loss: 60.4969 ||:  40%|####      | 4/10 [00:01<00:01,  3.26it/s]
accuracy: 0.9717, accuracy3: 0.9771, loss: 63.9542 ||:  50%|#####     | 5/10 [00:01<00:01,  3.33it/s]
accuracy: 0.9683, accuracy3: 0.9752, loss: 68.7503 ||:  60%|######    | 6/10 [00:01<00:01,  2.93it/s]
accuracy: 0.9678, accuracy3: 0.9741, loss: 69.7180 ||:  70%|#######   | 7/10 [00:02<00:01,  2.95it/s]
accuracy: 0.9677, accuracy3: 0.9745, loss: 69.7457 ||:  80%|########  | 8/10 [00:02<00:00,  2.76it/s]
accuracy: 0.9668, accuracy3: 0.9740, loss: 71.7898 ||:  90%|######### | 9/10 [00:03<00:00,  2.89it/s]
accuracy: 0.9670, accuracy3: 0.9740, loss: 68.0788 ||: 100%|##########| 10/10 [00:03<00:00,  3.53it/s]

  0%|          | 0/4 [00:00<?, ?it/s]
accuracy: 0.8211, accuracy3: 0.8729, loss: 309.7874 ||:  25%|##5       | 1/4 [00:00<00:00,  6.12it/s]
accuracy: 0.8448, accuracy3: 0.8893, loss: 274.7570 ||:  50%|#####     | 2/4 [00:00<00:00,  6.23it/s]
accuracy: 0.8435, accuracy3: 0.8931, loss: 293.8540 ||:  75%|#######5  | 3/4 [00:00<00:00,  5.97it/s]
accuracy: 0.8458, accuracy3: 0.8964, loss: 256.8931 ||: 100%|##########| 4/4 [00:00<00:00,  6.70it/s]

  0%|          | 0/10 [00:00<?, ?it/s]
accuracy: 0.9588, accuracy3: 0.9606, loss: 77.8712 ||:  10%|#         | 1/10 [00:00<00:03,  2.43it/s]
accuracy: 0.9610, accuracy3: 0.9661, loss: 77.2512 ||:  20%|##        | 2/10 [00:00<00:03,  2.66it/s]
accuracy: 0.9638, accuracy3: 0.9696, loss: 78.0613 ||:  30%|###       | 3/10 [00:01<00:02,  2.76it/s]
accuracy: 0.9663, accuracy3: 0.9710, loss: 76.5637 ||:  40%|####      | 4/10 [00:01<00:02,  2.85it/s]
accuracy: 0.9630, accuracy3: 0.9705, loss: 81.4503 ||:  50%|#####     | 5/10 [00:01<00:01,  3.00it/s]
accuracy: 0.9646, accuracy3: 0.9715, loss: 78.8240 ||:  60%|######    | 6/10 [00:01<00:01,  3.05it/s]
accuracy: 0.9657, accuracy3: 0.9724, loss: 77.2027 ||:  70%|#######   | 7/10 [00:02<00:00,  3.06it/s]
accuracy: 0.9658, accuracy3: 0.9724, loss: 73.7981 ||:  80%|########  | 8/10 [00:02<00:00,  2.67it/s]
accuracy: 0.9669, accuracy3: 0.9733, loss: 71.3006 ||:  90%|######### | 9/10 [00:03<00:00,  2.75it/s]
accuracy: 0.9670, accuracy3: 0.9742, loss: 66.7197 ||: 100%|##########| 10/10 [00:03<00:00,  3.41it/s]

  0%|          | 0/4 [00:00<?, ?it/s]
accuracy: 0.8227, accuracy3: 0.8763, loss: 306.6693 ||:  25%|##5       | 1/4 [00:00<00:00,  6.03it/s]
accuracy: 0.8439, accuracy3: 0.8910, loss: 274.4125 ||:  50%|#####     | 2/4 [00:00<00:00,  6.12it/s]
accuracy: 0.8419, accuracy3: 0.8937, loss: 293.4660 ||:  75%|#######5  | 3/4 [00:00<00:00,  5.88it/s]
accuracy: 0.8444, accuracy3: 0.8969, loss: 255.5051 ||: 100%|##########| 4/4 [00:00<00:00,  6.61it/s]

  0%|          | 0/10 [00:00<?, ?it/s]
accuracy: 0.9573, accuracy3: 0.9634, loss: 83.7370 ||:  10%|#         | 1/10 [00:00<00:03,  2.99it/s]
accuracy: 0.9636, accuracy3: 0.9703, loss: 79.6084 ||:  20%|##        | 2/10 [00:00<00:02,  3.03it/s]
accuracy: 0.9664, accuracy3: 0.9720, loss: 74.6380 ||:  30%|###       | 3/10 [00:01<00:02,  2.93it/s]
accuracy: 0.9675, accuracy3: 0.9726, loss: 68.4400 ||:  40%|####      | 4/10 [00:01<00:02,  2.80it/s]
accuracy: 0.9670, accuracy3: 0.9729, loss: 69.0981 ||:  50%|#####     | 5/10 [00:01<00:01,  2.90it/s]
accuracy: 0.9685, accuracy3: 0.9747, loss: 66.6573 ||:  60%|######    | 6/10 [00:02<00:01,  2.99it/s]
accuracy: 0.9676, accuracy3: 0.9743, loss: 68.7153 ||:  70%|#######   | 7/10 [00:02<00:00,  3.06it/s]
accuracy: 0.9677, accuracy3: 0.9740, loss: 68.2957 ||:  80%|########  | 8/10 [00:02<00:00,  2.99it/s]
accuracy: 0.9670, accuracy3: 0.9739, loss: 69.4112 ||:  90%|######### | 9/10 [00:03<00:00,  2.71it/s]
accuracy: 0.9673, accuracy3: 0.9742, loss: 64.6953 ||: 100%|##########| 10/10 [00:03<00:00,  3.36it/s]

  0%|          | 0/4 [00:00<?, ?it/s]
accuracy: 0.8211, accuracy3: 0.8763, loss: 310.4011 ||:  25%|##5       | 1/4 [00:00<00:00,  6.07it/s]
accuracy: 0.8431, accuracy3: 0.8919, loss: 275.5148 ||:  50%|#####     | 2/4 [00:00<00:00,  6.19it/s]
accuracy: 0.8430, accuracy3: 0.8959, loss: 294.3628 ||:  75%|#######5  | 3/4 [00:00<00:00,  5.98it/s]
accuracy: 0.8448, accuracy3: 0.8992, loss: 256.9652 ||: 100%|##########| 4/4 [00:00<00:00,  6.69it/s]

  0%|          | 0/4 [00:00<?, ?it/s]
accuracy: 0.82, accuracy3: 0.88, loss: 308.05 ||:  25%|##5       | 1/4 [00:00<00:00,  5.45it/s]
accuracy: 0.84, accuracy3: 0.89, loss: 274.23 ||:  50%|#####     | 2/4 [00:00<00:00,  5.64it/s]
accuracy: 0.84, accuracy3: 0.89, loss: 293.28 ||:  75%|#######5  | 3/4 [00:00<00:00,  5.51it/s]
accuracy: 0.84, accuracy3: 0.90, loss: 255.45 ||: 100%|##########| 4/4 [00:00<00:00,  6.28it/s]

