2019-06-11 15:33:49,840 - INFO - allennlp.common.params - random_seed = 13370
2019-06-11 15:33:49,841 - INFO - allennlp.common.params - numpy_seed = 1337
2019-06-11 15:33:49,841 - INFO - allennlp.common.params - pytorch_seed = 133
2019-06-11 15:33:49,841 - INFO - allennlp.common.checks - Pytorch version: 1.1.0
2019-06-11 15:33:49,842 - INFO - allennlp.common.params - evaluate_on_test = True
2019-06-11 15:33:49,842 - INFO - allennlp.common.params - validation_dataset_reader = None
2019-06-11 15:33:49,842 - INFO - allennlp.common.from_params - instantiating class <class 'allennlp.data.dataset_readers.dataset_reader.DatasetReader'> from params {'tag_label': 'pos', 'token_indexers': {'token_characters': {'type': 'characters'}, 'tokens': {'lowercase_tokens': True, 'type': 'single_id'}}, 'type': 'conll2003'} and extras set()
2019-06-11 15:33:49,843 - INFO - allennlp.common.params - dataset_reader.type = conll2003
2019-06-11 15:33:49,843 - INFO - allennlp.common.from_params - instantiating class <class 'allennlp.data.dataset_readers.conll2003.Conll2003DatasetReader'> from params {'tag_label': 'pos', 'token_indexers': {'token_characters': {'type': 'characters'}, 'tokens': {'lowercase_tokens': True, 'type': 'single_id'}}} and extras set()
2019-06-11 15:33:49,843 - INFO - allennlp.common.from_params - instantiating class allennlp.data.token_indexers.token_indexer.TokenIndexer from params {'type': 'characters'} and extras set()
2019-06-11 15:33:49,843 - INFO - allennlp.common.params - dataset_reader.token_indexers.token_characters.type = characters
2019-06-11 15:33:49,843 - INFO - allennlp.common.from_params - instantiating class allennlp.data.token_indexers.token_characters_indexer.TokenCharactersIndexer from params {} and extras set()
2019-06-11 15:33:49,843 - INFO - allennlp.common.params - dataset_reader.token_indexers.token_characters.namespace = token_characters
2019-06-11 15:33:49,843 - INFO - allennlp.common.params - dataset_reader.token_indexers.token_characters.start_tokens = None
2019-06-11 15:33:49,844 - INFO - allennlp.common.params - dataset_reader.token_indexers.token_characters.end_tokens = None
2019-06-11 15:33:49,844 - INFO - allennlp.common.params - dataset_reader.token_indexers.token_characters.min_padding_length = 0
2019-06-11 15:33:49,844 - INFO - allennlp.common.params - dataset_reader.token_indexers.token_characters.token_min_padding_length = 0
2019-06-11 15:33:49,844 - INFO - allennlp.common.from_params - instantiating class allennlp.data.token_indexers.token_indexer.TokenIndexer from params {'lowercase_tokens': True, 'type': 'single_id'} and extras set()
2019-06-11 15:33:49,844 - INFO - allennlp.common.params - dataset_reader.token_indexers.tokens.type = single_id
2019-06-11 15:33:49,844 - INFO - allennlp.common.from_params - instantiating class allennlp.data.token_indexers.single_id_token_indexer.SingleIdTokenIndexer from params {'lowercase_tokens': True} and extras set()
2019-06-11 15:33:49,844 - INFO - allennlp.common.params - dataset_reader.token_indexers.tokens.namespace = tokens
2019-06-11 15:33:49,844 - INFO - allennlp.common.params - dataset_reader.token_indexers.tokens.lowercase_tokens = True
2019-06-11 15:33:49,845 - INFO - allennlp.common.params - dataset_reader.token_indexers.tokens.start_tokens = None
2019-06-11 15:33:49,845 - INFO - allennlp.common.params - dataset_reader.token_indexers.tokens.end_tokens = None
2019-06-11 15:33:49,845 - INFO - allennlp.common.params - dataset_reader.token_indexers.tokens.token_min_padding_length = 0
2019-06-11 15:33:49,845 - INFO - allennlp.common.params - dataset_reader.tag_label = pos
2019-06-11 15:33:49,845 - INFO - allennlp.common.params - dataset_reader.feature_labels = ()
2019-06-11 15:33:49,845 - INFO - allennlp.common.params - dataset_reader.lazy = False
2019-06-11 15:33:49,845 - INFO - allennlp.common.params - dataset_reader.coding_scheme = IOB1
2019-06-11 15:33:49,845 - INFO - allennlp.common.params - dataset_reader.label_namespace = labels
2019-06-11 15:33:49,845 - INFO - allennlp.common.params - train_data_path = ./data/twitter_train_training_subset300.pos
2019-06-11 15:33:49,845 - INFO - allennlp.training.util - Reading training data from ./data/twitter_train_training_subset300.pos
2019-06-11 15:33:49,845 - INFO - allennlp.data.dataset_readers.conll2003 - Reading instances from lines in file at: ./data/twitter_train_training_subset300.pos
2019-06-11 15:33:49,860 - INFO - allennlp.common.params - validation_data_path = ./data/twitter_dev.pos
2019-06-11 15:33:49,860 - INFO - allennlp.training.util - Reading validation data from ./data/twitter_dev.pos
2019-06-11 15:33:49,860 - INFO - allennlp.data.dataset_readers.conll2003 - Reading instances from lines in file at: ./data/twitter_dev.pos
2019-06-11 15:33:49,866 - INFO - allennlp.common.params - test_data_path = ./data/twitter_dev.pos
2019-06-11 15:33:49,866 - INFO - allennlp.training.util - Reading test data from ./data/twitter_dev.pos
2019-06-11 15:33:49,866 - INFO - allennlp.data.dataset_readers.conll2003 - Reading instances from lines in file at: ./data/twitter_dev.pos
2019-06-11 15:33:49,872 - INFO - allennlp.training.trainer - From dataset instances, test, validation, train will be considered for vocabulary creation.
2019-06-11 15:33:49,872 - INFO - allennlp.common.params - vocabulary.type = None
2019-06-11 15:33:49,872 - INFO - allennlp.common.params - vocabulary.extend = False
2019-06-11 15:33:49,872 - INFO - allennlp.common.params - vocabulary.directory_path = None
2019-06-11 15:33:49,873 - INFO - allennlp.common.params - vocabulary.min_count = None
2019-06-11 15:33:49,873 - INFO - allennlp.common.params - vocabulary.max_vocab_size = None
2019-06-11 15:33:49,873 - INFO - allennlp.common.params - vocabulary.non_padded_namespaces = ('*tags', '*labels')
2019-06-11 15:33:49,873 - INFO - allennlp.common.params - vocabulary.min_pretrained_embeddings = None
2019-06-11 15:33:49,873 - INFO - allennlp.common.params - vocabulary.only_include_pretrained_words = False
2019-06-11 15:33:49,873 - INFO - allennlp.common.params - vocabulary.tokens_to_add = None
2019-06-11 15:33:49,873 - INFO - allennlp.data.vocabulary - Fitting token dictionary from dataset.
2019-06-11 15:33:49,927 - INFO - allennlp.common.from_params - instantiating class <class 'allennlp.models.model.Model'> from params {'encoder': {'input_dim': 130, 'type': 'pass_through'}, 'regularizer': [['transitions$', {'alpha': 0.01, 'type': 'l2'}]], 'text_field_embedder': {'token_embedders': {'token_characters': {'embedding': {'embedding_dim': 25}, 'encoder': {'dropout': 0.25, 'hidden_size': 80, 'input_size': 25, 'num_layers': 2, 'type': 'rnn'}, 'type': 'character_encoding'}, 'tokens': {'embedding_dim': 50, 'type': 'embedding'}}}, 'type': 'neural_crf'} and extras {'vocab'}
2019-06-11 15:33:49,927 - INFO - allennlp.common.params - model.type = neural_crf
2019-06-11 15:33:49,927 - INFO - allennlp.common.from_params - instantiating class <class 'neural_crf.NeuralCrf'> from params {'encoder': {'input_dim': 130, 'type': 'pass_through'}, 'regularizer': [['transitions$', {'alpha': 0.01, 'type': 'l2'}]], 'text_field_embedder': {'token_embedders': {'token_characters': {'embedding': {'embedding_dim': 25}, 'encoder': {'dropout': 0.25, 'hidden_size': 80, 'input_size': 25, 'num_layers': 2, 'type': 'rnn'}, 'type': 'character_encoding'}, 'tokens': {'embedding_dim': 50, 'type': 'embedding'}}}} and extras {'vocab'}
2019-06-11 15:33:49,927 - INFO - allennlp.common.from_params - instantiating class <class 'allennlp.modules.text_field_embedders.text_field_embedder.TextFieldEmbedder'> from params {'token_embedders': {'token_characters': {'embedding': {'embedding_dim': 25}, 'encoder': {'dropout': 0.25, 'hidden_size': 80, 'input_size': 25, 'num_layers': 2, 'type': 'rnn'}, 'type': 'character_encoding'}, 'tokens': {'embedding_dim': 50, 'type': 'embedding'}}} and extras {'vocab'}
2019-06-11 15:33:49,927 - INFO - allennlp.common.params - model.text_field_embedder.type = basic
2019-06-11 15:33:49,927 - INFO - allennlp.common.params - model.text_field_embedder.embedder_to_indexer_map = None
2019-06-11 15:33:49,927 - INFO - allennlp.common.params - model.text_field_embedder.allow_unmatched_keys = False
2019-06-11 15:33:49,927 - INFO - allennlp.common.from_params - instantiating class <class 'allennlp.modules.token_embedders.token_embedder.TokenEmbedder'> from params {'embedding': {'embedding_dim': 25}, 'encoder': {'dropout': 0.25, 'hidden_size': 80, 'input_size': 25, 'num_layers': 2, 'type': 'rnn'}, 'type': 'character_encoding'} and extras {'vocab'}
2019-06-11 15:33:49,928 - INFO - allennlp.common.params - model.text_field_embedder.token_embedders.token_characters.type = character_encoding
2019-06-11 15:33:49,928 - INFO - allennlp.common.params - model.text_field_embedder.token_embedders.token_characters.embedding.num_embeddings = None
2019-06-11 15:33:49,928 - INFO - allennlp.common.params - model.text_field_embedder.token_embedders.token_characters.embedding.vocab_namespace = token_characters
2019-06-11 15:33:49,928 - INFO - allennlp.common.params - model.text_field_embedder.token_embedders.token_characters.embedding.embedding_dim = 25
2019-06-11 15:33:49,928 - INFO - allennlp.common.params - model.text_field_embedder.token_embedders.token_characters.embedding.pretrained_file = None
2019-06-11 15:33:49,928 - INFO - allennlp.common.params - model.text_field_embedder.token_embedders.token_characters.embedding.projection_dim = None
2019-06-11 15:33:49,928 - INFO - allennlp.common.params - model.text_field_embedder.token_embedders.token_characters.embedding.trainable = True
2019-06-11 15:33:49,928 - INFO - allennlp.common.params - model.text_field_embedder.token_embedders.token_characters.embedding.padding_index = None
2019-06-11 15:33:49,928 - INFO - allennlp.common.params - model.text_field_embedder.token_embedders.token_characters.embedding.max_norm = None
2019-06-11 15:33:49,928 - INFO - allennlp.common.params - model.text_field_embedder.token_embedders.token_characters.embedding.norm_type = 2.0
2019-06-11 15:33:49,928 - INFO - allennlp.common.params - model.text_field_embedder.token_embedders.token_characters.embedding.scale_grad_by_freq = False
2019-06-11 15:33:49,928 - INFO - allennlp.common.params - model.text_field_embedder.token_embedders.token_characters.embedding.sparse = False
2019-06-11 15:33:49,929 - INFO - allennlp.common.from_params - instantiating class <class 'allennlp.modules.seq2vec_encoders.seq2vec_encoder.Seq2VecEncoder'> from params {'dropout': 0.25, 'hidden_size': 80, 'input_size': 25, 'num_layers': 2, 'type': 'rnn'} and extras set()
2019-06-11 15:33:49,929 - INFO - allennlp.common.params - model.text_field_embedder.token_embedders.token_characters.encoder.type = rnn
2019-06-11 15:33:49,929 - INFO - allennlp.common.params - model.text_field_embedder.token_embedders.token_characters.encoder.batch_first = True
2019-06-11 15:33:49,929 - INFO - allennlp.common.params - Converting Params object to dict; logging of default values will not occur when dictionary parameters are used subsequently.
2019-06-11 15:33:49,929 - INFO - allennlp.common.params - CURRENTLY DEFINED PARAMETERS: 
2019-06-11 15:33:49,929 - INFO - allennlp.common.params - model.text_field_embedder.token_embedders.token_characters.encoder.dropout = 0.25
2019-06-11 15:33:49,929 - INFO - allennlp.common.params - model.text_field_embedder.token_embedders.token_characters.encoder.hidden_size = 80
2019-06-11 15:33:49,929 - INFO - allennlp.common.params - model.text_field_embedder.token_embedders.token_characters.encoder.input_size = 25
2019-06-11 15:33:49,929 - INFO - allennlp.common.params - model.text_field_embedder.token_embedders.token_characters.encoder.num_layers = 2
2019-06-11 15:33:49,929 - INFO - allennlp.common.params - model.text_field_embedder.token_embedders.token_characters.encoder.batch_first = True
2019-06-11 15:33:49,930 - INFO - allennlp.common.params - model.text_field_embedder.token_embedders.token_characters.dropout = 0.0
2019-06-11 15:33:49,930 - INFO - allennlp.common.from_params - instantiating class <class 'allennlp.modules.token_embedders.token_embedder.TokenEmbedder'> from params {'embedding_dim': 50, 'type': 'embedding'} and extras {'vocab'}
2019-06-11 15:33:49,930 - INFO - allennlp.common.params - model.text_field_embedder.token_embedders.tokens.type = embedding
2019-06-11 15:33:49,930 - INFO - allennlp.common.params - model.text_field_embedder.token_embedders.tokens.num_embeddings = None
2019-06-11 15:33:49,930 - INFO - allennlp.common.params - model.text_field_embedder.token_embedders.tokens.vocab_namespace = tokens
2019-06-11 15:33:49,930 - INFO - allennlp.common.params - model.text_field_embedder.token_embedders.tokens.embedding_dim = 50
2019-06-11 15:33:49,930 - INFO - allennlp.common.params - model.text_field_embedder.token_embedders.tokens.pretrained_file = None
2019-06-11 15:33:49,930 - INFO - allennlp.common.params - model.text_field_embedder.token_embedders.tokens.projection_dim = None
2019-06-11 15:33:49,930 - INFO - allennlp.common.params - model.text_field_embedder.token_embedders.tokens.trainable = True
2019-06-11 15:33:49,930 - INFO - allennlp.common.params - model.text_field_embedder.token_embedders.tokens.padding_index = None
2019-06-11 15:33:49,930 - INFO - allennlp.common.params - model.text_field_embedder.token_embedders.tokens.max_norm = None
2019-06-11 15:33:49,930 - INFO - allennlp.common.params - model.text_field_embedder.token_embedders.tokens.norm_type = 2.0
2019-06-11 15:33:49,931 - INFO - allennlp.common.params - model.text_field_embedder.token_embedders.tokens.scale_grad_by_freq = False
2019-06-11 15:33:49,931 - INFO - allennlp.common.params - model.text_field_embedder.token_embedders.tokens.sparse = False
2019-06-11 15:33:49,931 - INFO - allennlp.common.from_params - instantiating class <class 'allennlp.modules.seq2seq_encoders.seq2seq_encoder.Seq2SeqEncoder'> from params {'input_dim': 130, 'type': 'pass_through'} and extras {'vocab'}
2019-06-11 15:33:49,931 - INFO - allennlp.common.params - model.encoder.type = pass_through
2019-06-11 15:33:49,932 - INFO - allennlp.common.from_params - instantiating class <class 'allennlp.modules.seq2seq_encoders.pass_through_encoder.PassThroughEncoder'> from params {'input_dim': 130} and extras {'vocab'}
2019-06-11 15:33:49,932 - INFO - allennlp.common.params - model.encoder.input_dim = 130
2019-06-11 15:33:49,932 - INFO - allennlp.common.params - model.label_namespace = labels
2019-06-11 15:33:49,932 - INFO - allennlp.common.params - model.label_encoding = None
2019-06-11 15:33:49,932 - INFO - allennlp.common.params - model.include_start_end_transitions = True
2019-06-11 15:33:49,932 - INFO - allennlp.common.params - model.constrain_crf_decoding = None
2019-06-11 15:33:49,932 - INFO - allennlp.common.params - model.calculate_span_f1 = None
2019-06-11 15:33:49,932 - INFO - allennlp.common.params - model.dropout = None
2019-06-11 15:33:49,932 - INFO - allennlp.common.params - model.verbose_metrics = False
2019-06-11 15:33:49,932 - INFO - allennlp.common.params - model.regularizer = [['transitions$', {'alpha': 0.01, 'type': 'l2'}]]
2019-06-11 15:33:49,932 - INFO - allennlp.common.params - model.regularizer.0.1.type = l2
2019-06-11 15:33:49,934 - INFO - allennlp.nn.initializers - Initializing parameters
2019-06-11 15:33:49,934 - INFO - allennlp.nn.initializers - Done initializing parameters; the following parameters are using their default initialization from their code
2019-06-11 15:33:49,934 - INFO - allennlp.nn.initializers -    crf._constraint_mask
2019-06-11 15:33:49,934 - INFO - allennlp.nn.initializers -    crf.end_transitions
2019-06-11 15:33:49,934 - INFO - allennlp.nn.initializers -    crf.start_transitions
2019-06-11 15:33:49,934 - INFO - allennlp.nn.initializers -    crf.transitions
2019-06-11 15:33:49,934 - INFO - allennlp.nn.initializers -    tag_projection_layer._module.bias
2019-06-11 15:33:49,934 - INFO - allennlp.nn.initializers -    tag_projection_layer._module.weight
2019-06-11 15:33:49,934 - INFO - allennlp.nn.initializers -    text_field_embedder.token_embedder_token_characters._embedding._module.weight
2019-06-11 15:33:49,935 - INFO - allennlp.nn.initializers -    text_field_embedder.token_embedder_token_characters._encoder._module._module.bias_hh_l0
2019-06-11 15:33:49,935 - INFO - allennlp.nn.initializers -    text_field_embedder.token_embedder_token_characters._encoder._module._module.bias_hh_l1
2019-06-11 15:33:49,935 - INFO - allennlp.nn.initializers -    text_field_embedder.token_embedder_token_characters._encoder._module._module.bias_ih_l0
2019-06-11 15:33:49,935 - INFO - allennlp.nn.initializers -    text_field_embedder.token_embedder_token_characters._encoder._module._module.bias_ih_l1
2019-06-11 15:33:49,935 - INFO - allennlp.nn.initializers -    text_field_embedder.token_embedder_token_characters._encoder._module._module.weight_hh_l0
2019-06-11 15:33:49,935 - INFO - allennlp.nn.initializers -    text_field_embedder.token_embedder_token_characters._encoder._module._module.weight_hh_l1
2019-06-11 15:33:49,935 - INFO - allennlp.nn.initializers -    text_field_embedder.token_embedder_token_characters._encoder._module._module.weight_ih_l0
2019-06-11 15:33:49,935 - INFO - allennlp.nn.initializers -    text_field_embedder.token_embedder_token_characters._encoder._module._module.weight_ih_l1
2019-06-11 15:33:49,935 - INFO - allennlp.nn.initializers -    text_field_embedder.token_embedder_tokens.weight
2019-06-11 15:33:49,941 - INFO - allennlp.common.from_params - instantiating class <class 'allennlp.data.iterators.data_iterator.DataIterator'> from params {'batch_size': 32, 'type': 'basic'} and extras set()
2019-06-11 15:33:49,941 - INFO - allennlp.common.params - iterator.type = basic
2019-06-11 15:33:49,941 - INFO - allennlp.common.from_params - instantiating class <class 'allennlp.data.iterators.basic_iterator.BasicIterator'> from params {'batch_size': 32} and extras set()
2019-06-11 15:33:49,941 - INFO - allennlp.common.params - iterator.batch_size = 32
2019-06-11 15:33:49,941 - INFO - allennlp.common.params - iterator.instances_per_epoch = None
2019-06-11 15:33:49,941 - INFO - allennlp.common.params - iterator.max_instances_in_memory = None
2019-06-11 15:33:49,941 - INFO - allennlp.common.params - iterator.cache_instances = False
2019-06-11 15:33:49,941 - INFO - allennlp.common.params - iterator.track_epoch = False
2019-06-11 15:33:49,941 - INFO - allennlp.common.params - iterator.maximum_samples_per_batch = None
2019-06-11 15:33:49,941 - INFO - allennlp.common.params - validation_iterator = None
2019-06-11 15:33:49,941 - INFO - allennlp.common.params - trainer.no_grad = ()
2019-06-11 15:33:49,941 - INFO - allennlp.training.trainer - Following parameters are Frozen  (without gradient):
2019-06-11 15:33:49,941 - INFO - allennlp.training.trainer - crf._constraint_mask
2019-06-11 15:33:49,942 - INFO - allennlp.training.trainer - Following parameters are Tunable (with gradient):
2019-06-11 15:33:49,942 - INFO - allennlp.training.trainer - text_field_embedder.token_embedder_token_characters._embedding._module.weight
2019-06-11 15:33:49,942 - INFO - allennlp.training.trainer - text_field_embedder.token_embedder_token_characters._encoder._module._module.weight_ih_l0
2019-06-11 15:33:49,942 - INFO - allennlp.training.trainer - text_field_embedder.token_embedder_token_characters._encoder._module._module.weight_hh_l0
2019-06-11 15:33:49,942 - INFO - allennlp.training.trainer - text_field_embedder.token_embedder_token_characters._encoder._module._module.bias_ih_l0
2019-06-11 15:33:49,942 - INFO - allennlp.training.trainer - text_field_embedder.token_embedder_token_characters._encoder._module._module.bias_hh_l0
2019-06-11 15:33:49,942 - INFO - allennlp.training.trainer - text_field_embedder.token_embedder_token_characters._encoder._module._module.weight_ih_l1
2019-06-11 15:33:49,942 - INFO - allennlp.training.trainer - text_field_embedder.token_embedder_token_characters._encoder._module._module.weight_hh_l1
2019-06-11 15:33:49,942 - INFO - allennlp.training.trainer - text_field_embedder.token_embedder_token_characters._encoder._module._module.bias_ih_l1
2019-06-11 15:33:49,942 - INFO - allennlp.training.trainer - text_field_embedder.token_embedder_token_characters._encoder._module._module.bias_hh_l1
2019-06-11 15:33:49,942 - INFO - allennlp.training.trainer - text_field_embedder.token_embedder_tokens.weight
2019-06-11 15:33:49,942 - INFO - allennlp.training.trainer - tag_projection_layer._module.weight
2019-06-11 15:33:49,942 - INFO - allennlp.training.trainer - tag_projection_layer._module.bias
2019-06-11 15:33:49,942 - INFO - allennlp.training.trainer - crf.transitions
2019-06-11 15:33:49,942 - INFO - allennlp.training.trainer - crf.start_transitions
2019-06-11 15:33:49,942 - INFO - allennlp.training.trainer - crf.end_transitions
2019-06-11 15:33:49,942 - INFO - allennlp.common.params - trainer.patience = 10
2019-06-11 15:33:49,942 - INFO - allennlp.common.params - trainer.validation_metric = -loss
2019-06-11 15:33:49,942 - INFO - allennlp.common.params - trainer.shuffle = True
2019-06-11 15:33:49,942 - INFO - allennlp.common.params - trainer.num_epochs = 50
2019-06-11 15:33:49,942 - INFO - allennlp.common.params - trainer.cuda_device = -1
2019-06-11 15:33:49,942 - INFO - allennlp.common.params - trainer.grad_norm = None
2019-06-11 15:33:49,943 - INFO - allennlp.common.params - trainer.grad_clipping = None
2019-06-11 15:33:49,943 - INFO - allennlp.common.params - trainer.learning_rate_scheduler = None
2019-06-11 15:33:49,943 - INFO - allennlp.common.params - trainer.momentum_scheduler = None
2019-06-11 15:33:49,943 - INFO - allennlp.common.params - trainer.optimizer = adam
2019-06-11 15:33:49,943 - INFO - allennlp.common.params - parameter_groups = None
2019-06-11 15:33:49,943 - INFO - allennlp.training.optimizers - Number of trainable parameters: 152710
2019-06-11 15:33:49,943 - INFO - allennlp.common.params - infer_type_and_cast = True
2019-06-11 15:33:49,943 - INFO - allennlp.common.params - Converting Params object to dict; logging of default values will not occur when dictionary parameters are used subsequently.
2019-06-11 15:33:49,943 - INFO - allennlp.common.params - CURRENTLY DEFINED PARAMETERS: 
2019-06-11 15:33:49,944 - INFO - allennlp.common.params - trainer.num_serialized_models_to_keep = 20
2019-06-11 15:33:49,944 - INFO - allennlp.common.params - trainer.keep_serialized_model_every_num_seconds = None
2019-06-11 15:33:49,944 - INFO - allennlp.common.params - trainer.model_save_interval = None
2019-06-11 15:33:49,944 - INFO - allennlp.common.params - trainer.summary_interval = 100
2019-06-11 15:33:49,944 - INFO - allennlp.common.params - trainer.histogram_interval = None
2019-06-11 15:33:49,944 - INFO - allennlp.common.params - trainer.should_log_parameter_statistics = True
2019-06-11 15:33:49,944 - INFO - allennlp.common.params - trainer.should_log_learning_rate = False
2019-06-11 15:33:49,944 - INFO - allennlp.common.params - trainer.log_batch_size_period = None
2019-06-11 15:33:49,945 - INFO - allennlp.training.trainer - Beginning training.
2019-06-11 15:33:49,945 - INFO - allennlp.training.trainer - Epoch 0/49
2019-06-11 15:33:49,945 - INFO - allennlp.training.trainer - Peak CPU memory usage MB: 205.684736
2019-06-11 15:33:49,949 - INFO - allennlp.training.trainer - Training
2019-06-11 15:33:53,056 - INFO - allennlp.training.trainer - Validating
2019-06-11 15:33:53,628 - INFO - allennlp.training.tensorboard_writer -                   Training |  Validation
2019-06-11 15:33:53,628 - INFO - allennlp.training.tensorboard_writer - cpu_memory_MB |   205.685  |       N/A
2019-06-11 15:33:53,629 - INFO - allennlp.training.tensorboard_writer - accuracy      |     0.085  |     0.203
2019-06-11 15:33:53,629 - INFO - allennlp.training.tensorboard_writer - accuracy3     |     0.300  |     0.396
2019-06-11 15:33:53,629 - INFO - allennlp.training.tensorboard_writer - loss          |  1441.969  |  1187.272
2019-06-11 15:33:53,633 - INFO - allennlp.training.checkpointer - Best validation performance so far. Copying weights to './model/train300/best.th'.
2019-06-11 15:33:53,634 - INFO - allennlp.training.trainer - Epoch duration: 0:00:03.688838
2019-06-11 15:33:53,635 - INFO - allennlp.training.trainer - Estimated training time remaining: 0:03:00
2019-06-11 15:33:53,635 - INFO - allennlp.training.trainer - Epoch 1/49
2019-06-11 15:33:53,635 - INFO - allennlp.training.trainer - Peak CPU memory usage MB: 247.02976
2019-06-11 15:33:53,641 - INFO - allennlp.training.trainer - Training
2019-06-11 15:33:56,603 - INFO - allennlp.training.trainer - Validating
2019-06-11 15:33:57,144 - INFO - allennlp.training.tensorboard_writer -                   Training |  Validation
2019-06-11 15:33:57,144 - INFO - allennlp.training.tensorboard_writer - cpu_memory_MB |   247.030  |       N/A
2019-06-11 15:33:57,145 - INFO - allennlp.training.tensorboard_writer - accuracy      |     0.218  |     0.229
2019-06-11 15:33:57,145 - INFO - allennlp.training.tensorboard_writer - accuracy3     |     0.420  |     0.442
2019-06-11 15:33:57,145 - INFO - allennlp.training.tensorboard_writer - loss          |  1276.845  |  1135.230
2019-06-11 15:33:57,149 - INFO - allennlp.training.checkpointer - Best validation performance so far. Copying weights to './model/train300/best.th'.
2019-06-11 15:33:57,150 - INFO - allennlp.training.trainer - Epoch duration: 0:00:03.514451
2019-06-11 15:33:57,150 - INFO - allennlp.training.trainer - Estimated training time remaining: 0:02:52
2019-06-11 15:33:57,150 - INFO - allennlp.training.trainer - Epoch 2/49
2019-06-11 15:33:57,150 - INFO - allennlp.training.trainer - Peak CPU memory usage MB: 255.873024
2019-06-11 15:33:57,155 - INFO - allennlp.training.trainer - Training
2019-06-11 15:34:00,037 - INFO - allennlp.training.trainer - Validating
2019-06-11 15:34:00,582 - INFO - allennlp.training.tensorboard_writer -                   Training |  Validation
2019-06-11 15:34:00,582 - INFO - allennlp.training.tensorboard_writer - cpu_memory_MB |   255.873  |       N/A
2019-06-11 15:34:00,583 - INFO - allennlp.training.tensorboard_writer - accuracy      |     0.236  |     0.281
2019-06-11 15:34:00,583 - INFO - allennlp.training.tensorboard_writer - accuracy3     |     0.443  |     0.483
2019-06-11 15:34:00,583 - INFO - allennlp.training.tensorboard_writer - loss          |  1213.391  |  1067.913
2019-06-11 15:34:00,587 - INFO - allennlp.training.checkpointer - Best validation performance so far. Copying weights to './model/train300/best.th'.
2019-06-11 15:34:00,588 - INFO - allennlp.training.trainer - Epoch duration: 0:00:03.437832
2019-06-11 15:34:00,588 - INFO - allennlp.training.trainer - Estimated training time remaining: 0:02:46
2019-06-11 15:34:00,588 - INFO - allennlp.training.trainer - Epoch 3/49
2019-06-11 15:34:00,588 - INFO - allennlp.training.trainer - Peak CPU memory usage MB: 258.551808
2019-06-11 15:34:00,593 - INFO - allennlp.training.trainer - Training
2019-06-11 15:34:03,725 - INFO - allennlp.training.trainer - Validating
2019-06-11 15:34:04,281 - INFO - allennlp.training.tensorboard_writer -                   Training |  Validation
2019-06-11 15:34:04,281 - INFO - allennlp.training.tensorboard_writer - cpu_memory_MB |   258.552  |       N/A
2019-06-11 15:34:04,281 - INFO - allennlp.training.tensorboard_writer - accuracy      |     0.318  |     0.360
2019-06-11 15:34:04,282 - INFO - allennlp.training.tensorboard_writer - accuracy3     |     0.517  |     0.565
2019-06-11 15:34:04,282 - INFO - allennlp.training.tensorboard_writer - loss          |  1133.821  |   986.866
2019-06-11 15:34:04,286 - INFO - allennlp.training.checkpointer - Best validation performance so far. Copying weights to './model/train300/best.th'.
2019-06-11 15:34:04,287 - INFO - allennlp.training.trainer - Epoch duration: 0:00:03.699440
2019-06-11 15:34:04,288 - INFO - allennlp.training.trainer - Estimated training time remaining: 0:02:44
2019-06-11 15:34:04,288 - INFO - allennlp.training.trainer - Epoch 4/49
2019-06-11 15:34:04,288 - INFO - allennlp.training.trainer - Peak CPU memory usage MB: 261.07904
2019-06-11 15:34:04,293 - INFO - allennlp.training.trainer - Training
2019-06-11 15:34:07,280 - INFO - allennlp.training.trainer - Validating
2019-06-11 15:34:07,849 - INFO - allennlp.training.tensorboard_writer -                   Training |  Validation
2019-06-11 15:34:07,849 - INFO - allennlp.training.tensorboard_writer - cpu_memory_MB |   261.079  |       N/A
2019-06-11 15:34:07,850 - INFO - allennlp.training.tensorboard_writer - accuracy      |     0.396  |     0.407
2019-06-11 15:34:07,850 - INFO - allennlp.training.tensorboard_writer - accuracy3     |     0.598  |     0.603
2019-06-11 15:34:07,850 - INFO - allennlp.training.tensorboard_writer - loss          |  1039.223  |   905.798
2019-06-11 15:34:07,854 - INFO - allennlp.training.checkpointer - Best validation performance so far. Copying weights to './model/train300/best.th'.
2019-06-11 15:34:07,855 - INFO - allennlp.training.trainer - Epoch duration: 0:00:03.567265
2019-06-11 15:34:07,855 - INFO - allennlp.training.trainer - Estimated training time remaining: 0:02:41
2019-06-11 15:34:07,855 - INFO - allennlp.training.trainer - Epoch 5/49
2019-06-11 15:34:07,855 - INFO - allennlp.training.trainer - Peak CPU memory usage MB: 261.943296
2019-06-11 15:34:07,861 - INFO - allennlp.training.trainer - Training
2019-06-11 15:34:10,975 - INFO - allennlp.training.trainer - Validating
2019-06-11 15:34:11,559 - INFO - allennlp.training.tensorboard_writer -                   Training |  Validation
2019-06-11 15:34:11,559 - INFO - allennlp.training.tensorboard_writer - cpu_memory_MB |   261.943  |       N/A
2019-06-11 15:34:11,560 - INFO - allennlp.training.tensorboard_writer - accuracy      |     0.450  |     0.461
2019-06-11 15:34:11,560 - INFO - allennlp.training.tensorboard_writer - accuracy3     |     0.641  |     0.653
2019-06-11 15:34:11,561 - INFO - allennlp.training.tensorboard_writer - loss          |   947.398  |   833.760
2019-06-11 15:34:11,564 - INFO - allennlp.training.checkpointer - Best validation performance so far. Copying weights to './model/train300/best.th'.
2019-06-11 15:34:11,565 - INFO - allennlp.training.trainer - Epoch duration: 0:00:03.710290
2019-06-11 15:34:11,566 - INFO - allennlp.training.trainer - Estimated training time remaining: 0:02:38
2019-06-11 15:34:11,566 - INFO - allennlp.training.trainer - Epoch 6/49
2019-06-11 15:34:11,566 - INFO - allennlp.training.trainer - Peak CPU memory usage MB: 261.943296
2019-06-11 15:34:11,571 - INFO - allennlp.training.trainer - Training
2019-06-11 15:34:14,821 - INFO - allennlp.training.trainer - Validating
2019-06-11 15:34:15,400 - INFO - allennlp.training.tensorboard_writer -                   Training |  Validation
2019-06-11 15:34:15,400 - INFO - allennlp.training.tensorboard_writer - cpu_memory_MB |   261.943  |       N/A
2019-06-11 15:34:15,401 - INFO - allennlp.training.tensorboard_writer - accuracy      |     0.511  |     0.523
2019-06-11 15:34:15,401 - INFO - allennlp.training.tensorboard_writer - accuracy3     |     0.688  |     0.705
2019-06-11 15:34:15,401 - INFO - allennlp.training.tensorboard_writer - loss          |   865.492  |   774.374
2019-06-11 15:34:15,405 - INFO - allennlp.training.checkpointer - Best validation performance so far. Copying weights to './model/train300/best.th'.
2019-06-11 15:34:15,406 - INFO - allennlp.training.trainer - Epoch duration: 0:00:03.840267
2019-06-11 15:34:15,406 - INFO - allennlp.training.trainer - Estimated training time remaining: 0:02:36
2019-06-11 15:34:15,406 - INFO - allennlp.training.trainer - Epoch 7/49
2019-06-11 15:34:15,406 - INFO - allennlp.training.trainer - Peak CPU memory usage MB: 269.676544
2019-06-11 15:34:15,412 - INFO - allennlp.training.trainer - Training
2019-06-11 15:34:18,529 - INFO - allennlp.training.trainer - Validating
2019-06-11 15:34:19,123 - INFO - allennlp.training.tensorboard_writer -                   Training |  Validation
2019-06-11 15:34:19,123 - INFO - allennlp.training.tensorboard_writer - cpu_memory_MB |   269.677  |       N/A
2019-06-11 15:34:19,124 - INFO - allennlp.training.tensorboard_writer - accuracy      |     0.565  |     0.585
2019-06-11 15:34:19,124 - INFO - allennlp.training.tensorboard_writer - accuracy3     |     0.722  |     0.729
2019-06-11 15:34:19,125 - INFO - allennlp.training.tensorboard_writer - loss          |   798.152  |   721.016
2019-06-11 15:34:19,128 - INFO - allennlp.training.checkpointer - Best validation performance so far. Copying weights to './model/train300/best.th'.
2019-06-11 15:34:19,129 - INFO - allennlp.training.trainer - Epoch duration: 0:00:03.723216
2019-06-11 15:34:19,129 - INFO - allennlp.training.trainer - Estimated training time remaining: 0:02:33
2019-06-11 15:34:19,130 - INFO - allennlp.training.trainer - Epoch 8/49
2019-06-11 15:34:19,130 - INFO - allennlp.training.trainer - Peak CPU memory usage MB: 269.676544
2019-06-11 15:34:19,135 - INFO - allennlp.training.trainer - Training
2019-06-11 15:34:22,138 - INFO - allennlp.training.trainer - Validating
2019-06-11 15:34:22,710 - INFO - allennlp.training.tensorboard_writer -                   Training |  Validation
2019-06-11 15:34:22,711 - INFO - allennlp.training.tensorboard_writer - cpu_memory_MB |   269.677  |       N/A
2019-06-11 15:34:22,711 - INFO - allennlp.training.tensorboard_writer - accuracy      |     0.622  |     0.616
2019-06-11 15:34:22,712 - INFO - allennlp.training.tensorboard_writer - accuracy3     |     0.744  |     0.749
2019-06-11 15:34:22,712 - INFO - allennlp.training.tensorboard_writer - loss          |   729.089  |   660.451
2019-06-11 15:34:22,715 - INFO - allennlp.training.checkpointer - Best validation performance so far. Copying weights to './model/train300/best.th'.
2019-06-11 15:34:22,716 - INFO - allennlp.training.trainer - Epoch duration: 0:00:03.586959
2019-06-11 15:34:22,717 - INFO - allennlp.training.trainer - Estimated training time remaining: 0:02:29
2019-06-11 15:34:22,717 - INFO - allennlp.training.trainer - Epoch 9/49
2019-06-11 15:34:22,717 - INFO - allennlp.training.trainer - Peak CPU memory usage MB: 269.676544
2019-06-11 15:34:22,722 - INFO - allennlp.training.trainer - Training
2019-06-11 15:34:25,951 - INFO - allennlp.training.trainer - Validating
2019-06-11 15:34:26,539 - INFO - allennlp.training.tensorboard_writer -                   Training |  Validation
2019-06-11 15:34:26,540 - INFO - allennlp.training.tensorboard_writer - cpu_memory_MB |   269.677  |       N/A
2019-06-11 15:34:26,540 - INFO - allennlp.training.tensorboard_writer - accuracy      |     0.658  |     0.639
2019-06-11 15:34:26,540 - INFO - allennlp.training.tensorboard_writer - accuracy3     |     0.764  |     0.758
2019-06-11 15:34:26,541 - INFO - allennlp.training.tensorboard_writer - loss          |   660.925  |   608.255
2019-06-11 15:34:26,544 - INFO - allennlp.training.checkpointer - Best validation performance so far. Copying weights to './model/train300/best.th'.
2019-06-11 15:34:26,545 - INFO - allennlp.training.trainer - Epoch duration: 0:00:03.828816
2019-06-11 15:34:26,546 - INFO - allennlp.training.trainer - Estimated training time remaining: 0:02:26
2019-06-11 15:34:26,546 - INFO - allennlp.training.trainer - Epoch 10/49
2019-06-11 15:34:26,546 - INFO - allennlp.training.trainer - Peak CPU memory usage MB: 269.676544
2019-06-11 15:34:26,551 - INFO - allennlp.training.trainer - Training
2019-06-11 15:34:29,613 - INFO - allennlp.training.trainer - Validating
2019-06-11 15:34:30,286 - INFO - allennlp.training.tensorboard_writer -                   Training |  Validation
2019-06-11 15:34:30,286 - INFO - allennlp.training.tensorboard_writer - cpu_memory_MB |   269.677  |       N/A
2019-06-11 15:34:30,287 - INFO - allennlp.training.tensorboard_writer - accuracy      |     0.686  |     0.669
2019-06-11 15:34:30,287 - INFO - allennlp.training.tensorboard_writer - accuracy3     |     0.779  |     0.780
2019-06-11 15:34:30,287 - INFO - allennlp.training.tensorboard_writer - loss          |   601.499  |   562.523
2019-06-11 15:34:30,291 - INFO - allennlp.training.checkpointer - Best validation performance so far. Copying weights to './model/train300/best.th'.
2019-06-11 15:34:30,292 - INFO - allennlp.training.trainer - Epoch duration: 0:00:03.746287
2019-06-11 15:34:30,292 - INFO - allennlp.training.trainer - Estimated training time remaining: 0:02:23
2019-06-11 15:34:30,292 - INFO - allennlp.training.trainer - Epoch 11/49
2019-06-11 15:34:30,292 - INFO - allennlp.training.trainer - Peak CPU memory usage MB: 269.676544
2019-06-11 15:34:30,298 - INFO - allennlp.training.trainer - Training
2019-06-11 15:34:33,294 - INFO - allennlp.training.trainer - Validating
2019-06-11 15:34:33,881 - INFO - allennlp.training.tensorboard_writer -                   Training |  Validation
2019-06-11 15:34:33,881 - INFO - allennlp.training.tensorboard_writer - cpu_memory_MB |   269.677  |       N/A
2019-06-11 15:34:33,882 - INFO - allennlp.training.tensorboard_writer - accuracy      |     0.713  |     0.693
2019-06-11 15:34:33,882 - INFO - allennlp.training.tensorboard_writer - accuracy3     |     0.797  |     0.787
2019-06-11 15:34:33,883 - INFO - allennlp.training.tensorboard_writer - loss          |   545.989  |   521.961
2019-06-11 15:34:33,886 - INFO - allennlp.training.checkpointer - Best validation performance so far. Copying weights to './model/train300/best.th'.
2019-06-11 15:34:33,887 - INFO - allennlp.training.trainer - Epoch duration: 0:00:03.594878
2019-06-11 15:34:33,887 - INFO - allennlp.training.trainer - Estimated training time remaining: 0:02:19
2019-06-11 15:34:33,887 - INFO - allennlp.training.trainer - Epoch 12/49
2019-06-11 15:34:33,887 - INFO - allennlp.training.trainer - Peak CPU memory usage MB: 269.676544
2019-06-11 15:34:33,893 - INFO - allennlp.training.trainer - Training
2019-06-11 15:34:37,106 - INFO - allennlp.training.trainer - Validating
2019-06-11 15:34:37,704 - INFO - allennlp.training.tensorboard_writer -                   Training |  Validation
2019-06-11 15:34:37,704 - INFO - allennlp.training.tensorboard_writer - cpu_memory_MB |   269.677  |       N/A
2019-06-11 15:34:37,705 - INFO - allennlp.training.tensorboard_writer - accuracy      |     0.745  |     0.709
2019-06-11 15:34:37,705 - INFO - allennlp.training.tensorboard_writer - accuracy3     |     0.812  |     0.803
2019-06-11 15:34:37,706 - INFO - allennlp.training.tensorboard_writer - loss          |   495.525  |   486.725
2019-06-11 15:34:37,709 - INFO - allennlp.training.checkpointer - Best validation performance so far. Copying weights to './model/train300/best.th'.
2019-06-11 15:34:37,710 - INFO - allennlp.training.trainer - Epoch duration: 0:00:03.823085
2019-06-11 15:34:37,710 - INFO - allennlp.training.trainer - Estimated training time remaining: 0:02:15
2019-06-11 15:34:37,711 - INFO - allennlp.training.trainer - Epoch 13/49
2019-06-11 15:34:37,711 - INFO - allennlp.training.trainer - Peak CPU memory usage MB: 269.676544
2019-06-11 15:34:37,716 - INFO - allennlp.training.trainer - Training
2019-06-11 15:34:40,850 - INFO - allennlp.training.trainer - Validating
2019-06-11 15:34:41,450 - INFO - allennlp.training.tensorboard_writer -                   Training |  Validation
2019-06-11 15:34:41,450 - INFO - allennlp.training.tensorboard_writer - cpu_memory_MB |   269.677  |       N/A
2019-06-11 15:34:41,450 - INFO - allennlp.training.tensorboard_writer - accuracy      |     0.781  |     0.737
2019-06-11 15:34:41,451 - INFO - allennlp.training.tensorboard_writer - accuracy3     |     0.836  |     0.820
2019-06-11 15:34:41,451 - INFO - allennlp.training.tensorboard_writer - loss          |   450.127  |   456.085
2019-06-11 15:34:41,455 - INFO - allennlp.training.checkpointer - Best validation performance so far. Copying weights to './model/train300/best.th'.
2019-06-11 15:34:41,456 - INFO - allennlp.training.trainer - Epoch duration: 0:00:03.745029
2019-06-11 15:34:41,456 - INFO - allennlp.training.trainer - Estimated training time remaining: 0:02:12
2019-06-11 15:34:41,456 - INFO - allennlp.training.trainer - Epoch 14/49
2019-06-11 15:34:41,456 - INFO - allennlp.training.trainer - Peak CPU memory usage MB: 269.676544
2019-06-11 15:34:41,461 - INFO - allennlp.training.trainer - Training
2019-06-11 15:34:44,545 - INFO - allennlp.training.trainer - Validating
2019-06-11 15:34:45,129 - INFO - allennlp.training.tensorboard_writer -                   Training |  Validation
2019-06-11 15:34:45,130 - INFO - allennlp.training.tensorboard_writer - cpu_memory_MB |   269.677  |       N/A
2019-06-11 15:34:45,130 - INFO - allennlp.training.tensorboard_writer - accuracy      |     0.803  |     0.749
2019-06-11 15:34:45,130 - INFO - allennlp.training.tensorboard_writer - accuracy3     |     0.849  |     0.829
2019-06-11 15:34:45,131 - INFO - allennlp.training.tensorboard_writer - loss          |   409.427  |   431.302
2019-06-11 15:34:45,134 - INFO - allennlp.training.checkpointer - Best validation performance so far. Copying weights to './model/train300/best.th'.
2019-06-11 15:34:45,135 - INFO - allennlp.training.trainer - Epoch duration: 0:00:03.679523
2019-06-11 15:34:45,135 - INFO - allennlp.training.trainer - Estimated training time remaining: 0:02:08
2019-06-11 15:34:45,136 - INFO - allennlp.training.trainer - Epoch 15/49
2019-06-11 15:34:45,136 - INFO - allennlp.training.trainer - Peak CPU memory usage MB: 269.676544
2019-06-11 15:34:45,141 - INFO - allennlp.training.trainer - Training
2019-06-11 15:34:48,238 - INFO - allennlp.training.trainer - Validating
2019-06-11 15:34:48,837 - INFO - allennlp.training.tensorboard_writer -                   Training |  Validation
2019-06-11 15:34:48,837 - INFO - allennlp.training.tensorboard_writer - cpu_memory_MB |   269.677  |       N/A
2019-06-11 15:34:48,838 - INFO - allennlp.training.tensorboard_writer - accuracy      |     0.828  |     0.760
2019-06-11 15:34:48,838 - INFO - allennlp.training.tensorboard_writer - accuracy3     |     0.874  |     0.833
2019-06-11 15:34:48,839 - INFO - allennlp.training.tensorboard_writer - loss          |   374.309  |   412.600
2019-06-11 15:34:48,842 - INFO - allennlp.training.checkpointer - Best validation performance so far. Copying weights to './model/train300/best.th'.
2019-06-11 15:34:48,843 - INFO - allennlp.training.trainer - Epoch duration: 0:00:03.707831
2019-06-11 15:34:48,844 - INFO - allennlp.training.trainer - Estimated training time remaining: 0:02:05
2019-06-11 15:34:48,844 - INFO - allennlp.training.trainer - Epoch 16/49
2019-06-11 15:34:48,844 - INFO - allennlp.training.trainer - Peak CPU memory usage MB: 269.676544
2019-06-11 15:34:48,850 - INFO - allennlp.training.trainer - Training
2019-06-11 15:34:52,022 - INFO - allennlp.training.trainer - Validating
2019-06-11 15:34:52,609 - INFO - allennlp.training.tensorboard_writer -                   Training |  Validation
2019-06-11 15:34:52,609 - INFO - allennlp.training.tensorboard_writer - cpu_memory_MB |   269.677  |       N/A
2019-06-11 15:34:52,609 - INFO - allennlp.training.tensorboard_writer - accuracy      |     0.853  |     0.774
2019-06-11 15:34:52,610 - INFO - allennlp.training.tensorboard_writer - accuracy3     |     0.889  |     0.848
2019-06-11 15:34:52,610 - INFO - allennlp.training.tensorboard_writer - loss          |   340.594  |   385.457
2019-06-11 15:34:52,614 - INFO - allennlp.training.checkpointer - Best validation performance so far. Copying weights to './model/train300/best.th'.
2019-06-11 15:34:52,615 - INFO - allennlp.training.trainer - Epoch duration: 0:00:03.770992
2019-06-11 15:34:52,615 - INFO - allennlp.training.trainer - Estimated training time remaining: 0:02:01
2019-06-11 15:34:52,615 - INFO - allennlp.training.trainer - Epoch 17/49
2019-06-11 15:34:52,615 - INFO - allennlp.training.trainer - Peak CPU memory usage MB: 272.699392
2019-06-11 15:34:52,621 - INFO - allennlp.training.trainer - Training
2019-06-11 15:34:55,755 - INFO - allennlp.training.trainer - Validating
2019-06-11 15:34:56,526 - INFO - allennlp.training.tensorboard_writer -                   Training |  Validation
2019-06-11 15:34:56,526 - INFO - allennlp.training.tensorboard_writer - cpu_memory_MB |   272.699  |       N/A
2019-06-11 15:34:56,527 - INFO - allennlp.training.tensorboard_writer - accuracy      |     0.859  |     0.786
2019-06-11 15:34:56,527 - INFO - allennlp.training.tensorboard_writer - accuracy3     |     0.895  |     0.851
2019-06-11 15:34:56,527 - INFO - allennlp.training.tensorboard_writer - loss          |   310.874  |   368.007
2019-06-11 15:34:56,531 - INFO - allennlp.training.checkpointer - Best validation performance so far. Copying weights to './model/train300/best.th'.
2019-06-11 15:34:56,532 - INFO - allennlp.training.trainer - Epoch duration: 0:00:03.917181
2019-06-11 15:34:56,532 - INFO - allennlp.training.trainer - Estimated training time remaining: 0:01:58
2019-06-11 15:34:56,532 - INFO - allennlp.training.trainer - Epoch 18/49
2019-06-11 15:34:56,532 - INFO - allennlp.training.trainer - Peak CPU memory usage MB: 272.699392
2019-06-11 15:34:56,538 - INFO - allennlp.training.trainer - Training
2019-06-11 15:34:59,559 - INFO - allennlp.training.trainer - Validating
2019-06-11 15:35:00,148 - INFO - allennlp.training.tensorboard_writer -                   Training |  Validation
2019-06-11 15:35:00,148 - INFO - allennlp.training.tensorboard_writer - cpu_memory_MB |   272.699  |       N/A
2019-06-11 15:35:00,148 - INFO - allennlp.training.tensorboard_writer - accuracy      |     0.888  |     0.796
2019-06-11 15:35:00,149 - INFO - allennlp.training.tensorboard_writer - accuracy3     |     0.911  |     0.865
2019-06-11 15:35:00,149 - INFO - allennlp.training.tensorboard_writer - loss          |   284.695  |   353.615
2019-06-11 15:35:00,153 - INFO - allennlp.training.checkpointer - Best validation performance so far. Copying weights to './model/train300/best.th'.
2019-06-11 15:35:00,154 - INFO - allennlp.training.trainer - Epoch duration: 0:00:03.621683
2019-06-11 15:35:00,154 - INFO - allennlp.training.trainer - Estimated training time remaining: 0:01:54
2019-06-11 15:35:00,154 - INFO - allennlp.training.trainer - Epoch 19/49
2019-06-11 15:35:00,154 - INFO - allennlp.training.trainer - Peak CPU memory usage MB: 272.699392
2019-06-11 15:35:00,160 - INFO - allennlp.training.trainer - Training
2019-06-11 15:35:03,388 - INFO - allennlp.training.trainer - Validating
2019-06-11 15:35:03,978 - INFO - allennlp.training.tensorboard_writer -                   Training |  Validation
2019-06-11 15:35:03,978 - INFO - allennlp.training.tensorboard_writer - cpu_memory_MB |   272.699  |       N/A
2019-06-11 15:35:03,979 - INFO - allennlp.training.tensorboard_writer - accuracy      |     0.900  |     0.799
2019-06-11 15:35:03,979 - INFO - allennlp.training.tensorboard_writer - accuracy3     |     0.924  |     0.859
2019-06-11 15:35:03,980 - INFO - allennlp.training.tensorboard_writer - loss          |   261.120  |   340.401
2019-06-11 15:35:03,984 - INFO - allennlp.training.checkpointer - Best validation performance so far. Copying weights to './model/train300/best.th'.
2019-06-11 15:35:03,985 - INFO - allennlp.training.trainer - Epoch duration: 0:00:03.830516
2019-06-11 15:35:03,985 - INFO - allennlp.training.trainer - Estimated training time remaining: 0:01:51
2019-06-11 15:35:03,985 - INFO - allennlp.training.trainer - Epoch 20/49
2019-06-11 15:35:03,985 - INFO - allennlp.training.trainer - Peak CPU memory usage MB: 272.699392
2019-06-11 15:35:03,991 - INFO - allennlp.training.trainer - Training
2019-06-11 15:35:07,081 - INFO - allennlp.training.trainer - Validating
2019-06-11 15:35:07,676 - INFO - allennlp.training.tensorboard_writer -                   Training |  Validation
2019-06-11 15:35:07,676 - INFO - allennlp.training.tensorboard_writer - cpu_memory_MB |   272.699  |       N/A
2019-06-11 15:35:07,677 - INFO - allennlp.training.tensorboard_writer - accuracy      |     0.919  |     0.806
2019-06-11 15:35:07,677 - INFO - allennlp.training.tensorboard_writer - accuracy3     |     0.935  |     0.868
2019-06-11 15:35:07,677 - INFO - allennlp.training.tensorboard_writer - loss          |   239.785  |   329.326
2019-06-11 15:35:07,681 - INFO - allennlp.training.checkpointer - Best validation performance so far. Copying weights to './model/train300/best.th'.
2019-06-11 15:35:07,682 - INFO - allennlp.training.trainer - Epoch duration: 0:00:03.697621
2019-06-11 15:35:07,683 - INFO - allennlp.training.trainer - Estimated training time remaining: 0:01:47
2019-06-11 15:35:07,683 - INFO - allennlp.training.trainer - Epoch 21/49
2019-06-11 15:35:07,683 - INFO - allennlp.training.trainer - Peak CPU memory usage MB: 272.699392
2019-06-11 15:35:07,688 - INFO - allennlp.training.trainer - Training
2019-06-11 15:35:10,758 - INFO - allennlp.training.trainer - Validating
2019-06-11 15:35:11,367 - INFO - allennlp.training.tensorboard_writer -                   Training |  Validation
2019-06-11 15:35:11,368 - INFO - allennlp.training.tensorboard_writer - cpu_memory_MB |   272.699  |       N/A
2019-06-11 15:35:11,368 - INFO - allennlp.training.tensorboard_writer - accuracy      |     0.924  |     0.810
2019-06-11 15:35:11,369 - INFO - allennlp.training.tensorboard_writer - accuracy3     |     0.941  |     0.873
2019-06-11 15:35:11,369 - INFO - allennlp.training.tensorboard_writer - loss          |   221.883  |   319.647
2019-06-11 15:35:11,372 - INFO - allennlp.training.checkpointer - Best validation performance so far. Copying weights to './model/train300/best.th'.
2019-06-11 15:35:11,374 - INFO - allennlp.training.trainer - Epoch duration: 0:00:03.691142
2019-06-11 15:35:11,374 - INFO - allennlp.training.trainer - Estimated training time remaining: 0:01:43
2019-06-11 15:35:11,374 - INFO - allennlp.training.trainer - Epoch 22/49
2019-06-11 15:35:11,374 - INFO - allennlp.training.trainer - Peak CPU memory usage MB: 272.699392
2019-06-11 15:35:11,380 - INFO - allennlp.training.trainer - Training
2019-06-11 15:35:14,455 - INFO - allennlp.training.trainer - Validating
2019-06-11 15:35:15,046 - INFO - allennlp.training.tensorboard_writer -                   Training |  Validation
2019-06-11 15:35:15,046 - INFO - allennlp.training.tensorboard_writer - cpu_memory_MB |   272.699  |       N/A
2019-06-11 15:35:15,047 - INFO - allennlp.training.tensorboard_writer - accuracy      |     0.930  |     0.819
2019-06-11 15:35:15,047 - INFO - allennlp.training.tensorboard_writer - accuracy3     |     0.944  |     0.881
2019-06-11 15:35:15,047 - INFO - allennlp.training.tensorboard_writer - loss          |   203.846  |   310.238
2019-06-11 15:35:15,051 - INFO - allennlp.training.checkpointer - Best validation performance so far. Copying weights to './model/train300/best.th'.
2019-06-11 15:35:15,052 - INFO - allennlp.training.trainer - Epoch duration: 0:00:03.678240
2019-06-11 15:35:15,052 - INFO - allennlp.training.trainer - Estimated training time remaining: 0:01:39
2019-06-11 15:35:15,052 - INFO - allennlp.training.trainer - Epoch 23/49
2019-06-11 15:35:15,053 - INFO - allennlp.training.trainer - Peak CPU memory usage MB: 272.699392
2019-06-11 15:35:15,058 - INFO - allennlp.training.trainer - Training
2019-06-11 15:35:18,230 - INFO - allennlp.training.trainer - Validating
2019-06-11 15:35:18,822 - INFO - allennlp.training.tensorboard_writer -                   Training |  Validation
2019-06-11 15:35:18,822 - INFO - allennlp.training.tensorboard_writer - cpu_memory_MB |   272.699  |       N/A
2019-06-11 15:35:18,823 - INFO - allennlp.training.tensorboard_writer - accuracy      |     0.936  |     0.821
2019-06-11 15:35:18,823 - INFO - allennlp.training.tensorboard_writer - accuracy3     |     0.950  |     0.881
2019-06-11 15:35:18,824 - INFO - allennlp.training.tensorboard_writer - loss          |   189.703  |   304.183
2019-06-11 15:35:18,827 - INFO - allennlp.training.checkpointer - Best validation performance so far. Copying weights to './model/train300/best.th'.
2019-06-11 15:35:18,828 - INFO - allennlp.training.trainer - Epoch duration: 0:00:03.775963
2019-06-11 15:35:18,829 - INFO - allennlp.training.trainer - Estimated training time remaining: 0:01:36
2019-06-11 15:35:18,829 - INFO - allennlp.training.trainer - Epoch 24/49
2019-06-11 15:35:18,829 - INFO - allennlp.training.trainer - Peak CPU memory usage MB: 272.699392
2019-06-11 15:35:18,835 - INFO - allennlp.training.trainer - Training
2019-06-11 15:35:21,842 - INFO - allennlp.training.trainer - Validating
2019-06-11 15:35:22,499 - INFO - allennlp.training.tensorboard_writer -                   Training |  Validation
2019-06-11 15:35:22,500 - INFO - allennlp.training.tensorboard_writer - cpu_memory_MB |   272.699  |       N/A
2019-06-11 15:35:22,500 - INFO - allennlp.training.tensorboard_writer - accuracy      |     0.942  |     0.826
2019-06-11 15:35:22,501 - INFO - allennlp.training.tensorboard_writer - accuracy3     |     0.954  |     0.884
2019-06-11 15:35:22,501 - INFO - allennlp.training.tensorboard_writer - loss          |   176.197  |   296.387
2019-06-11 15:35:22,505 - INFO - allennlp.training.checkpointer - Best validation performance so far. Copying weights to './model/train300/best.th'.
2019-06-11 15:35:22,506 - INFO - allennlp.training.trainer - Epoch duration: 0:00:03.677133
2019-06-11 15:35:22,506 - INFO - allennlp.training.trainer - Estimated training time remaining: 0:01:32
2019-06-11 15:35:22,506 - INFO - allennlp.training.trainer - Epoch 25/49
2019-06-11 15:35:22,506 - INFO - allennlp.training.trainer - Peak CPU memory usage MB: 272.699392
2019-06-11 15:35:22,512 - INFO - allennlp.training.trainer - Training
2019-06-11 15:35:25,647 - INFO - allennlp.training.trainer - Validating
2019-06-11 15:35:26,248 - INFO - allennlp.training.tensorboard_writer -                   Training |  Validation
2019-06-11 15:35:26,248 - INFO - allennlp.training.tensorboard_writer - cpu_memory_MB |   272.699  |       N/A
2019-06-11 15:35:26,248 - INFO - allennlp.training.tensorboard_writer - accuracy      |     0.945  |     0.830
2019-06-11 15:35:26,249 - INFO - allennlp.training.tensorboard_writer - accuracy3     |     0.957  |     0.887
2019-06-11 15:35:26,249 - INFO - allennlp.training.tensorboard_writer - loss          |   164.830  |   291.354
2019-06-11 15:35:26,253 - INFO - allennlp.training.checkpointer - Best validation performance so far. Copying weights to './model/train300/best.th'.
2019-06-11 15:35:26,254 - INFO - allennlp.training.trainer - Epoch duration: 0:00:03.747950
2019-06-11 15:35:26,254 - INFO - allennlp.training.trainer - Estimated training time remaining: 0:01:28
2019-06-11 15:35:26,254 - INFO - allennlp.training.trainer - Epoch 26/49
2019-06-11 15:35:26,255 - INFO - allennlp.training.trainer - Peak CPU memory usage MB: 275.84512
2019-06-11 15:35:26,260 - INFO - allennlp.training.trainer - Training
2019-06-11 15:35:29,450 - INFO - allennlp.training.trainer - Validating
2019-06-11 15:35:30,042 - INFO - allennlp.training.tensorboard_writer -                   Training |  Validation
2019-06-11 15:35:30,042 - INFO - allennlp.training.tensorboard_writer - cpu_memory_MB |   275.845  |       N/A
2019-06-11 15:35:30,043 - INFO - allennlp.training.tensorboard_writer - accuracy      |     0.949  |     0.828
2019-06-11 15:35:30,043 - INFO - allennlp.training.tensorboard_writer - accuracy3     |     0.960  |     0.881
2019-06-11 15:35:30,043 - INFO - allennlp.training.tensorboard_writer - loss          |   154.556  |   286.981
2019-06-11 15:35:30,047 - INFO - allennlp.training.checkpointer - Best validation performance so far. Copying weights to './model/train300/best.th'.
2019-06-11 15:35:30,048 - INFO - allennlp.training.trainer - Epoch duration: 0:00:03.794101
2019-06-11 15:35:30,048 - INFO - allennlp.training.trainer - Estimated training time remaining: 0:01:25
2019-06-11 15:35:30,049 - INFO - allennlp.training.trainer - Epoch 27/49
2019-06-11 15:35:30,049 - INFO - allennlp.training.trainer - Peak CPU memory usage MB: 275.84512
2019-06-11 15:35:30,054 - INFO - allennlp.training.trainer - Training
2019-06-11 15:35:33,251 - INFO - allennlp.training.trainer - Validating
2019-06-11 15:35:33,847 - INFO - allennlp.training.tensorboard_writer -                   Training |  Validation
2019-06-11 15:35:33,847 - INFO - allennlp.training.tensorboard_writer - cpu_memory_MB |   275.845  |       N/A
2019-06-11 15:35:33,848 - INFO - allennlp.training.tensorboard_writer - accuracy      |     0.952  |     0.830
2019-06-11 15:35:33,848 - INFO - allennlp.training.tensorboard_writer - accuracy3     |     0.961  |     0.887
2019-06-11 15:35:33,849 - INFO - allennlp.training.tensorboard_writer - loss          |   143.989  |   283.140
2019-06-11 15:35:33,852 - INFO - allennlp.training.checkpointer - Best validation performance so far. Copying weights to './model/train300/best.th'.
2019-06-11 15:35:33,853 - INFO - allennlp.training.trainer - Epoch duration: 0:00:03.804901
2019-06-11 15:35:33,854 - INFO - allennlp.training.trainer - Estimated training time remaining: 0:01:21
2019-06-11 15:35:33,854 - INFO - allennlp.training.trainer - Epoch 28/49
2019-06-11 15:35:33,854 - INFO - allennlp.training.trainer - Peak CPU memory usage MB: 275.84512
2019-06-11 15:35:33,859 - INFO - allennlp.training.trainer - Training
2019-06-11 15:35:37,038 - INFO - allennlp.training.trainer - Validating
2019-06-11 15:35:37,667 - INFO - allennlp.training.tensorboard_writer -                   Training |  Validation
2019-06-11 15:35:37,667 - INFO - allennlp.training.tensorboard_writer - cpu_memory_MB |   275.845  |       N/A
2019-06-11 15:35:37,668 - INFO - allennlp.training.tensorboard_writer - accuracy      |     0.956  |     0.832
2019-06-11 15:35:37,668 - INFO - allennlp.training.tensorboard_writer - accuracy3     |     0.965  |     0.886
2019-06-11 15:35:37,668 - INFO - allennlp.training.tensorboard_writer - loss          |   135.011  |   278.319
2019-06-11 15:35:37,672 - INFO - allennlp.training.checkpointer - Best validation performance so far. Copying weights to './model/train300/best.th'.
2019-06-11 15:35:37,673 - INFO - allennlp.training.trainer - Epoch duration: 0:00:03.819565
2019-06-11 15:35:37,673 - INFO - allennlp.training.trainer - Estimated training time remaining: 0:01:18
2019-06-11 15:35:37,673 - INFO - allennlp.training.trainer - Epoch 29/49
2019-06-11 15:35:37,674 - INFO - allennlp.training.trainer - Peak CPU memory usage MB: 275.84512
2019-06-11 15:35:37,679 - INFO - allennlp.training.trainer - Training
2019-06-11 15:35:40,847 - INFO - allennlp.training.trainer - Validating
2019-06-11 15:35:41,432 - INFO - allennlp.training.tensorboard_writer -                   Training |  Validation
2019-06-11 15:35:41,432 - INFO - allennlp.training.tensorboard_writer - cpu_memory_MB |   275.845  |       N/A
2019-06-11 15:35:41,432 - INFO - allennlp.training.tensorboard_writer - accuracy      |     0.957  |     0.832
2019-06-11 15:35:41,433 - INFO - allennlp.training.tensorboard_writer - accuracy3     |     0.966  |     0.886
2019-06-11 15:35:41,433 - INFO - allennlp.training.tensorboard_writer - loss          |   127.681  |   275.906
2019-06-11 15:35:41,437 - INFO - allennlp.training.checkpointer - Best validation performance so far. Copying weights to './model/train300/best.th'.
2019-06-11 15:35:41,438 - INFO - allennlp.training.trainer - Epoch duration: 0:00:03.764395
2019-06-11 15:35:41,438 - INFO - allennlp.training.trainer - Estimated training time remaining: 0:01:14
2019-06-11 15:35:41,438 - INFO - allennlp.training.trainer - Epoch 30/49
2019-06-11 15:35:41,438 - INFO - allennlp.training.trainer - Peak CPU memory usage MB: 275.84512
2019-06-11 15:35:41,444 - INFO - allennlp.training.trainer - Training
2019-06-11 15:35:44,568 - INFO - allennlp.training.trainer - Validating
2019-06-11 15:35:45,159 - INFO - allennlp.training.tensorboard_writer -                   Training |  Validation
2019-06-11 15:35:45,159 - INFO - allennlp.training.tensorboard_writer - cpu_memory_MB |   275.845  |       N/A
2019-06-11 15:35:45,160 - INFO - allennlp.training.tensorboard_writer - accuracy      |     0.958  |     0.834
2019-06-11 15:35:45,160 - INFO - allennlp.training.tensorboard_writer - accuracy3     |     0.967  |     0.888
2019-06-11 15:35:45,161 - INFO - allennlp.training.tensorboard_writer - loss          |   121.075  |   271.798
2019-06-11 15:35:45,164 - INFO - allennlp.training.checkpointer - Best validation performance so far. Copying weights to './model/train300/best.th'.
2019-06-11 15:35:45,165 - INFO - allennlp.training.trainer - Epoch duration: 0:00:03.727335
2019-06-11 15:35:45,166 - INFO - allennlp.training.trainer - Estimated training time remaining: 0:01:10
2019-06-11 15:35:45,166 - INFO - allennlp.training.trainer - Epoch 31/49
2019-06-11 15:35:45,166 - INFO - allennlp.training.trainer - Peak CPU memory usage MB: 275.84512
2019-06-11 15:35:45,172 - INFO - allennlp.training.trainer - Training
2019-06-11 15:35:48,276 - INFO - allennlp.training.trainer - Validating
2019-06-11 15:35:48,855 - INFO - allennlp.training.tensorboard_writer -                   Training |  Validation
2019-06-11 15:35:48,856 - INFO - allennlp.training.tensorboard_writer - cpu_memory_MB |   275.845  |       N/A
2019-06-11 15:35:48,856 - INFO - allennlp.training.tensorboard_writer - accuracy      |     0.958  |     0.833
2019-06-11 15:35:48,856 - INFO - allennlp.training.tensorboard_writer - accuracy3     |     0.967  |     0.888
2019-06-11 15:35:48,857 - INFO - allennlp.training.tensorboard_writer - loss          |   115.012  |   270.889
2019-06-11 15:35:48,860 - INFO - allennlp.training.checkpointer - Best validation performance so far. Copying weights to './model/train300/best.th'.
2019-06-11 15:35:48,862 - INFO - allennlp.training.trainer - Epoch duration: 0:00:03.695971
2019-06-11 15:35:48,862 - INFO - allennlp.training.trainer - Estimated training time remaining: 0:01:06
2019-06-11 15:35:48,862 - INFO - allennlp.training.trainer - Epoch 32/49
2019-06-11 15:35:48,862 - INFO - allennlp.training.trainer - Peak CPU memory usage MB: 275.84512
2019-06-11 15:35:48,867 - INFO - allennlp.training.trainer - Training
2019-06-11 15:35:51,958 - INFO - allennlp.training.trainer - Validating
2019-06-11 15:35:52,541 - INFO - allennlp.training.tensorboard_writer -                   Training |  Validation
2019-06-11 15:35:52,541 - INFO - allennlp.training.tensorboard_writer - cpu_memory_MB |   275.845  |       N/A
2019-06-11 15:35:52,541 - INFO - allennlp.training.tensorboard_writer - accuracy      |     0.962  |     0.835
2019-06-11 15:35:52,542 - INFO - allennlp.training.tensorboard_writer - accuracy3     |     0.970  |     0.888
2019-06-11 15:35:52,542 - INFO - allennlp.training.tensorboard_writer - loss          |   109.140  |   268.087
2019-06-11 15:35:52,546 - INFO - allennlp.training.checkpointer - Best validation performance so far. Copying weights to './model/train300/best.th'.
2019-06-11 15:35:52,547 - INFO - allennlp.training.trainer - Epoch duration: 0:00:03.685145
2019-06-11 15:35:52,547 - INFO - allennlp.training.trainer - Estimated training time remaining: 0:01:03
2019-06-11 15:35:52,547 - INFO - allennlp.training.trainer - Epoch 33/49
2019-06-11 15:35:52,548 - INFO - allennlp.training.trainer - Peak CPU memory usage MB: 275.84512
2019-06-11 15:35:52,554 - INFO - allennlp.training.trainer - Training
2019-06-11 15:35:55,701 - INFO - allennlp.training.trainer - Validating
2019-06-11 15:35:56,297 - INFO - allennlp.training.tensorboard_writer -                   Training |  Validation
2019-06-11 15:35:56,298 - INFO - allennlp.training.tensorboard_writer - cpu_memory_MB |   275.845  |       N/A
2019-06-11 15:35:56,298 - INFO - allennlp.training.tensorboard_writer - accuracy      |     0.963  |     0.836
2019-06-11 15:35:56,299 - INFO - allennlp.training.tensorboard_writer - accuracy3     |     0.970  |     0.890
2019-06-11 15:35:56,299 - INFO - allennlp.training.tensorboard_writer - loss          |   103.734  |   266.081
2019-06-11 15:35:56,303 - INFO - allennlp.training.checkpointer - Best validation performance so far. Copying weights to './model/train300/best.th'.
2019-06-11 15:35:56,304 - INFO - allennlp.training.trainer - Epoch duration: 0:00:03.756534
2019-06-11 15:35:56,304 - INFO - allennlp.training.trainer - Estimated training time remaining: 0:00:59
2019-06-11 15:35:56,304 - INFO - allennlp.training.trainer - Epoch 34/49
2019-06-11 15:35:56,304 - INFO - allennlp.training.trainer - Peak CPU memory usage MB: 275.84512
2019-06-11 15:35:56,310 - INFO - allennlp.training.trainer - Training
2019-06-11 15:35:59,396 - INFO - allennlp.training.trainer - Validating
2019-06-11 15:35:59,982 - INFO - allennlp.training.tensorboard_writer -                   Training |  Validation
2019-06-11 15:35:59,982 - INFO - allennlp.training.tensorboard_writer - cpu_memory_MB |   275.845  |       N/A
2019-06-11 15:35:59,982 - INFO - allennlp.training.tensorboard_writer - accuracy      |     0.964  |     0.838
2019-06-11 15:35:59,983 - INFO - allennlp.training.tensorboard_writer - accuracy3     |     0.972  |     0.892
2019-06-11 15:35:59,983 - INFO - allennlp.training.tensorboard_writer - loss          |    99.478  |   264.179
2019-06-11 15:35:59,987 - INFO - allennlp.training.checkpointer - Best validation performance so far. Copying weights to './model/train300/best.th'.
2019-06-11 15:35:59,988 - INFO - allennlp.training.trainer - Epoch duration: 0:00:03.683845
2019-06-11 15:35:59,988 - INFO - allennlp.training.trainer - Estimated training time remaining: 0:00:55
2019-06-11 15:35:59,988 - INFO - allennlp.training.trainer - Epoch 35/49
2019-06-11 15:35:59,988 - INFO - allennlp.training.trainer - Peak CPU memory usage MB: 275.84512
2019-06-11 15:35:59,994 - INFO - allennlp.training.trainer - Training
2019-06-11 15:36:03,160 - INFO - allennlp.training.trainer - Validating
2019-06-11 15:36:03,840 - INFO - allennlp.training.tensorboard_writer -                   Training |  Validation
2019-06-11 15:36:03,840 - INFO - allennlp.training.tensorboard_writer - cpu_memory_MB |   275.845  |       N/A
2019-06-11 15:36:03,841 - INFO - allennlp.training.tensorboard_writer - accuracy      |     0.963  |     0.838
2019-06-11 15:36:03,841 - INFO - allennlp.training.tensorboard_writer - accuracy3     |     0.971  |     0.891
2019-06-11 15:36:03,842 - INFO - allennlp.training.tensorboard_writer - loss          |    95.690  |   263.102
2019-06-11 15:36:03,845 - INFO - allennlp.training.checkpointer - Best validation performance so far. Copying weights to './model/train300/best.th'.
2019-06-11 15:36:03,847 - INFO - allennlp.training.trainer - Epoch duration: 0:00:03.858307
2019-06-11 15:36:03,847 - INFO - allennlp.training.trainer - Estimated training time remaining: 0:00:52
2019-06-11 15:36:03,847 - INFO - allennlp.training.trainer - Epoch 36/49
2019-06-11 15:36:03,847 - INFO - allennlp.training.trainer - Peak CPU memory usage MB: 275.84512
2019-06-11 15:36:03,853 - INFO - allennlp.training.trainer - Training
2019-06-11 15:36:06,999 - INFO - allennlp.training.trainer - Validating
2019-06-11 15:36:07,594 - INFO - allennlp.training.tensorboard_writer -                   Training |  Validation
2019-06-11 15:36:07,594 - INFO - allennlp.training.tensorboard_writer - cpu_memory_MB |   275.845  |       N/A
2019-06-11 15:36:07,594 - INFO - allennlp.training.tensorboard_writer - accuracy      |     0.964  |     0.840
2019-06-11 15:36:07,595 - INFO - allennlp.training.tensorboard_writer - accuracy3     |     0.971  |     0.895
2019-06-11 15:36:07,595 - INFO - allennlp.training.tensorboard_writer - loss          |    91.254  |   260.928
2019-06-11 15:36:07,598 - INFO - allennlp.training.checkpointer - Best validation performance so far. Copying weights to './model/train300/best.th'.
2019-06-11 15:36:07,600 - INFO - allennlp.training.trainer - Epoch duration: 0:00:03.752988
2019-06-11 15:36:07,600 - INFO - allennlp.training.trainer - Estimated training time remaining: 0:00:48
2019-06-11 15:36:07,600 - INFO - allennlp.training.trainer - Epoch 37/49
2019-06-11 15:36:07,600 - INFO - allennlp.training.trainer - Peak CPU memory usage MB: 275.84512
2019-06-11 15:36:07,605 - INFO - allennlp.training.trainer - Training
2019-06-11 15:36:10,725 - INFO - allennlp.training.trainer - Validating
2019-06-11 15:36:11,328 - INFO - allennlp.training.tensorboard_writer -                   Training |  Validation
2019-06-11 15:36:11,328 - INFO - allennlp.training.tensorboard_writer - cpu_memory_MB |   275.845  |       N/A
2019-06-11 15:36:11,328 - INFO - allennlp.training.tensorboard_writer - accuracy      |     0.966  |     0.838
2019-06-11 15:36:11,329 - INFO - allennlp.training.tensorboard_writer - accuracy3     |     0.973  |     0.892
2019-06-11 15:36:11,329 - INFO - allennlp.training.tensorboard_writer - loss          |    88.288  |   261.519
2019-06-11 15:36:11,333 - INFO - allennlp.training.trainer - Epoch duration: 0:00:03.733224
2019-06-11 15:36:11,333 - INFO - allennlp.training.trainer - Estimated training time remaining: 0:00:44
2019-06-11 15:36:11,333 - INFO - allennlp.training.trainer - Epoch 38/49
2019-06-11 15:36:11,333 - INFO - allennlp.training.trainer - Peak CPU memory usage MB: 275.84512
2019-06-11 15:36:11,339 - INFO - allennlp.training.trainer - Training
2019-06-11 15:36:14,499 - INFO - allennlp.training.trainer - Validating
2019-06-11 15:36:15,094 - INFO - allennlp.training.tensorboard_writer -                   Training |  Validation
2019-06-11 15:36:15,094 - INFO - allennlp.training.tensorboard_writer - cpu_memory_MB |   275.845  |       N/A
2019-06-11 15:36:15,094 - INFO - allennlp.training.tensorboard_writer - accuracy      |     0.964  |     0.838
2019-06-11 15:36:15,095 - INFO - allennlp.training.tensorboard_writer - accuracy3     |     0.971  |     0.891
2019-06-11 15:36:15,095 - INFO - allennlp.training.tensorboard_writer - loss          |    86.179  |   259.869
2019-06-11 15:36:15,099 - INFO - allennlp.training.checkpointer - Best validation performance so far. Copying weights to './model/train300/best.th'.
2019-06-11 15:36:15,100 - INFO - allennlp.training.trainer - Epoch duration: 0:00:03.766589
2019-06-11 15:36:15,100 - INFO - allennlp.training.trainer - Estimated training time remaining: 0:00:40
2019-06-11 15:36:15,100 - INFO - allennlp.training.trainer - Epoch 39/49
2019-06-11 15:36:15,100 - INFO - allennlp.training.trainer - Peak CPU memory usage MB: 275.84512
2019-06-11 15:36:15,106 - INFO - allennlp.training.trainer - Training
2019-06-11 15:36:18,228 - INFO - allennlp.training.trainer - Validating
2019-06-11 15:36:18,850 - INFO - allennlp.training.tensorboard_writer -                   Training |  Validation
2019-06-11 15:36:18,850 - INFO - allennlp.training.tensorboard_writer - cpu_memory_MB |   275.845  |       N/A
2019-06-11 15:36:18,850 - INFO - allennlp.training.tensorboard_writer - accuracy      |     0.965  |     0.841
2019-06-11 15:36:18,851 - INFO - allennlp.training.tensorboard_writer - accuracy3     |     0.973  |     0.895
2019-06-11 15:36:18,851 - INFO - allennlp.training.tensorboard_writer - loss          |    82.974  |   258.860
2019-06-11 15:36:18,855 - INFO - allennlp.training.checkpointer - Best validation performance so far. Copying weights to './model/train300/best.th'.
2019-06-11 15:36:18,856 - INFO - allennlp.training.trainer - Epoch duration: 0:00:03.755873
2019-06-11 15:36:18,856 - INFO - allennlp.training.trainer - Estimated training time remaining: 0:00:37
2019-06-11 15:36:18,856 - INFO - allennlp.training.trainer - Epoch 40/49
2019-06-11 15:36:18,856 - INFO - allennlp.training.trainer - Peak CPU memory usage MB: 275.84512
2019-06-11 15:36:18,862 - INFO - allennlp.training.trainer - Training
2019-06-11 15:36:21,876 - INFO - allennlp.training.trainer - Validating
2019-06-11 15:36:22,470 - INFO - allennlp.training.tensorboard_writer -                   Training |  Validation
2019-06-11 15:36:22,470 - INFO - allennlp.training.tensorboard_writer - cpu_memory_MB |   275.845  |       N/A
2019-06-11 15:36:22,471 - INFO - allennlp.training.tensorboard_writer - accuracy      |     0.966  |     0.840
2019-06-11 15:36:22,471 - INFO - allennlp.training.tensorboard_writer - accuracy3     |     0.973  |     0.894
2019-06-11 15:36:22,471 - INFO - allennlp.training.tensorboard_writer - loss          |    80.261  |   259.183
2019-06-11 15:36:22,475 - INFO - allennlp.training.trainer - Epoch duration: 0:00:03.619054
2019-06-11 15:36:22,475 - INFO - allennlp.training.trainer - Estimated training time remaining: 0:00:33
2019-06-11 15:36:22,476 - INFO - allennlp.training.trainer - Epoch 41/49
2019-06-11 15:36:22,476 - INFO - allennlp.training.trainer - Peak CPU memory usage MB: 275.84512
2019-06-11 15:36:22,481 - INFO - allennlp.training.trainer - Training
2019-06-11 15:36:25,674 - INFO - allennlp.training.trainer - Validating
2019-06-11 15:36:26,262 - INFO - allennlp.training.tensorboard_writer -                   Training |  Validation
2019-06-11 15:36:26,262 - INFO - allennlp.training.tensorboard_writer - cpu_memory_MB |   275.845  |       N/A
2019-06-11 15:36:26,263 - INFO - allennlp.training.tensorboard_writer - accuracy      |     0.965  |     0.840
2019-06-11 15:36:26,263 - INFO - allennlp.training.tensorboard_writer - accuracy3     |     0.972  |     0.894
2019-06-11 15:36:26,263 - INFO - allennlp.training.tensorboard_writer - loss          |    78.047  |   257.770
2019-06-11 15:36:26,267 - INFO - allennlp.training.checkpointer - Best validation performance so far. Copying weights to './model/train300/best.th'.
2019-06-11 15:36:26,268 - INFO - allennlp.training.trainer - Epoch duration: 0:00:03.792815
2019-06-11 15:36:26,268 - INFO - allennlp.training.trainer - Estimated training time remaining: 0:00:29
2019-06-11 15:36:26,269 - INFO - allennlp.training.trainer - Epoch 42/49
2019-06-11 15:36:26,269 - INFO - allennlp.training.trainer - Peak CPU memory usage MB: 275.84512
2019-06-11 15:36:26,274 - INFO - allennlp.training.trainer - Training
2019-06-11 15:36:29,292 - INFO - allennlp.training.trainer - Validating
2019-06-11 15:36:29,950 - INFO - allennlp.training.tensorboard_writer -                   Training |  Validation
2019-06-11 15:36:29,951 - INFO - allennlp.training.tensorboard_writer - cpu_memory_MB |   275.845  |       N/A
2019-06-11 15:36:29,951 - INFO - allennlp.training.tensorboard_writer - accuracy      |     0.966  |     0.841
2019-06-11 15:36:29,952 - INFO - allennlp.training.tensorboard_writer - accuracy3     |     0.973  |     0.894
2019-06-11 15:36:29,952 - INFO - allennlp.training.tensorboard_writer - loss          |    75.692  |   258.679
2019-06-11 15:36:29,956 - INFO - allennlp.training.trainer - Epoch duration: 0:00:03.687217
2019-06-11 15:36:29,956 - INFO - allennlp.training.trainer - Estimated training time remaining: 0:00:26
2019-06-11 15:36:29,956 - INFO - allennlp.training.trainer - Epoch 43/49
2019-06-11 15:36:29,956 - INFO - allennlp.training.trainer - Peak CPU memory usage MB: 275.84512
2019-06-11 15:36:29,962 - INFO - allennlp.training.trainer - Training
2019-06-11 15:36:33,008 - INFO - allennlp.training.trainer - Validating
2019-06-11 15:36:33,597 - INFO - allennlp.training.tensorboard_writer -                   Training |  Validation
2019-06-11 15:36:33,598 - INFO - allennlp.training.tensorboard_writer - cpu_memory_MB |   275.845  |       N/A
2019-06-11 15:36:33,598 - INFO - allennlp.training.tensorboard_writer - accuracy      |     0.966  |     0.842
2019-06-11 15:36:33,599 - INFO - allennlp.training.tensorboard_writer - accuracy3     |     0.974  |     0.896
2019-06-11 15:36:33,599 - INFO - allennlp.training.tensorboard_writer - loss          |    74.015  |   257.413
2019-06-11 15:36:33,603 - INFO - allennlp.training.checkpointer - Best validation performance so far. Copying weights to './model/train300/best.th'.
2019-06-11 15:36:33,604 - INFO - allennlp.training.trainer - Epoch duration: 0:00:03.647838
2019-06-11 15:36:33,604 - INFO - allennlp.training.trainer - Estimated training time remaining: 0:00:22
2019-06-11 15:36:33,604 - INFO - allennlp.training.trainer - Epoch 44/49
2019-06-11 15:36:33,604 - INFO - allennlp.training.trainer - Peak CPU memory usage MB: 275.84512
2019-06-11 15:36:33,610 - INFO - allennlp.training.trainer - Training
2019-06-11 15:36:36,809 - INFO - allennlp.training.trainer - Validating
2019-06-11 15:36:37,405 - INFO - allennlp.training.tensorboard_writer -                   Training |  Validation
2019-06-11 15:36:37,405 - INFO - allennlp.training.tensorboard_writer - cpu_memory_MB |   275.845  |       N/A
2019-06-11 15:36:37,406 - INFO - allennlp.training.tensorboard_writer - accuracy      |     0.966  |     0.843
2019-06-11 15:36:37,406 - INFO - allennlp.training.tensorboard_writer - accuracy3     |     0.974  |     0.896
2019-06-11 15:36:37,407 - INFO - allennlp.training.tensorboard_writer - loss          |    72.309  |   255.453
2019-06-11 15:36:37,410 - INFO - allennlp.training.checkpointer - Best validation performance so far. Copying weights to './model/train300/best.th'.
2019-06-11 15:36:37,412 - INFO - allennlp.training.trainer - Epoch duration: 0:00:03.807391
2019-06-11 15:36:37,412 - INFO - allennlp.training.trainer - Estimated training time remaining: 0:00:18
2019-06-11 15:36:37,412 - INFO - allennlp.training.trainer - Epoch 45/49
2019-06-11 15:36:37,412 - INFO - allennlp.training.trainer - Peak CPU memory usage MB: 275.84512
2019-06-11 15:36:37,418 - INFO - allennlp.training.trainer - Training
2019-06-11 15:36:40,599 - INFO - allennlp.training.trainer - Validating
2019-06-11 15:36:41,186 - INFO - allennlp.training.tensorboard_writer -                   Training |  Validation
2019-06-11 15:36:41,187 - INFO - allennlp.training.tensorboard_writer - cpu_memory_MB |   275.845  |       N/A
2019-06-11 15:36:41,187 - INFO - allennlp.training.tensorboard_writer - accuracy      |     0.966  |     0.844
2019-06-11 15:36:41,187 - INFO - allennlp.training.tensorboard_writer - accuracy3     |     0.973  |     0.898
2019-06-11 15:36:41,188 - INFO - allennlp.training.tensorboard_writer - loss          |    71.006  |   258.123
2019-06-11 15:36:41,192 - INFO - allennlp.training.trainer - Epoch duration: 0:00:03.780143
2019-06-11 15:36:41,192 - INFO - allennlp.training.trainer - Estimated training time remaining: 0:00:14
2019-06-11 15:36:41,192 - INFO - allennlp.training.trainer - Epoch 46/49
2019-06-11 15:36:41,192 - INFO - allennlp.training.trainer - Peak CPU memory usage MB: 275.84512
2019-06-11 15:36:41,198 - INFO - allennlp.training.trainer - Training
2019-06-11 15:36:44,350 - INFO - allennlp.training.trainer - Validating
2019-06-11 15:36:44,932 - INFO - allennlp.training.tensorboard_writer -                   Training |  Validation
2019-06-11 15:36:44,933 - INFO - allennlp.training.tensorboard_writer - cpu_memory_MB |   275.845  |       N/A
2019-06-11 15:36:44,933 - INFO - allennlp.training.tensorboard_writer - accuracy      |     0.965  |     0.841
2019-06-11 15:36:44,933 - INFO - allennlp.training.tensorboard_writer - accuracy3     |     0.972  |     0.897
2019-06-11 15:36:44,934 - INFO - allennlp.training.tensorboard_writer - loss          |    69.353  |   256.635
2019-06-11 15:36:44,938 - INFO - allennlp.training.trainer - Epoch duration: 0:00:03.745429
2019-06-11 15:36:44,938 - INFO - allennlp.training.trainer - Estimated training time remaining: 0:00:11
2019-06-11 15:36:44,938 - INFO - allennlp.training.trainer - Epoch 47/49
2019-06-11 15:36:44,938 - INFO - allennlp.training.trainer - Peak CPU memory usage MB: 275.84512
2019-06-11 15:36:44,944 - INFO - allennlp.training.trainer - Training
2019-06-11 15:36:48,113 - INFO - allennlp.training.trainer - Validating
2019-06-11 15:36:48,711 - INFO - allennlp.training.tensorboard_writer -                   Training |  Validation
2019-06-11 15:36:48,712 - INFO - allennlp.training.tensorboard_writer - cpu_memory_MB |   275.845  |       N/A
2019-06-11 15:36:48,712 - INFO - allennlp.training.tensorboard_writer - accuracy      |     0.967  |     0.846
2019-06-11 15:36:48,713 - INFO - allennlp.training.tensorboard_writer - accuracy3     |     0.974  |     0.896
2019-06-11 15:36:48,713 - INFO - allennlp.training.tensorboard_writer - loss          |    68.079  |   256.893
2019-06-11 15:36:48,717 - INFO - allennlp.training.trainer - Epoch duration: 0:00:03.778991
2019-06-11 15:36:48,717 - INFO - allennlp.training.trainer - Estimated training time remaining: 0:00:07
2019-06-11 15:36:48,717 - INFO - allennlp.training.trainer - Epoch 48/49
2019-06-11 15:36:48,717 - INFO - allennlp.training.trainer - Peak CPU memory usage MB: 275.84512
2019-06-11 15:36:48,723 - INFO - allennlp.training.trainer - Training
2019-06-11 15:36:51,969 - INFO - allennlp.training.trainer - Validating
2019-06-11 15:36:52,575 - INFO - allennlp.training.tensorboard_writer -                   Training |  Validation
2019-06-11 15:36:52,575 - INFO - allennlp.training.tensorboard_writer - cpu_memory_MB |   275.845  |       N/A
2019-06-11 15:36:52,576 - INFO - allennlp.training.tensorboard_writer - accuracy      |     0.967  |     0.844
2019-06-11 15:36:52,576 - INFO - allennlp.training.tensorboard_writer - accuracy3     |     0.974  |     0.897
2019-06-11 15:36:52,577 - INFO - allennlp.training.tensorboard_writer - loss          |    66.720  |   255.505
2019-06-11 15:36:52,581 - INFO - allennlp.training.trainer - Epoch duration: 0:00:03.863684
2019-06-11 15:36:52,581 - INFO - allennlp.training.trainer - Estimated training time remaining: 0:00:03
2019-06-11 15:36:52,581 - INFO - allennlp.training.trainer - Epoch 49/49
2019-06-11 15:36:52,581 - INFO - allennlp.training.trainer - Peak CPU memory usage MB: 275.84512
2019-06-11 15:36:52,587 - INFO - allennlp.training.trainer - Training
2019-06-11 15:36:55,874 - INFO - allennlp.training.trainer - Validating
2019-06-11 15:36:56,473 - INFO - allennlp.training.tensorboard_writer -                   Training |  Validation
2019-06-11 15:36:56,473 - INFO - allennlp.training.tensorboard_writer - cpu_memory_MB |   275.845  |       N/A
2019-06-11 15:36:56,474 - INFO - allennlp.training.tensorboard_writer - accuracy      |     0.967  |     0.845
2019-06-11 15:36:56,474 - INFO - allennlp.training.tensorboard_writer - accuracy3     |     0.974  |     0.899
2019-06-11 15:36:56,474 - INFO - allennlp.training.tensorboard_writer - loss          |    64.695  |   256.965
2019-06-11 15:36:56,478 - INFO - allennlp.training.trainer - Epoch duration: 0:00:03.897321
2019-06-11 15:36:56,479 - INFO - allennlp.training.checkpointer - loading best weights
2019-06-11 15:36:56,480 - INFO - allennlp.commands.train - The model will be evaluated using the best epoch weights.
2019-06-11 15:36:56,480 - INFO - allennlp.training.util - Iterating over dataset
